 line   address	contents
    1                      ; Linked by DLX-LD.
    2                      ; MemSize 20480
    3                      ; Data size: 195
    4                      ; Text size: 4036
    5                      ; Stack size: 8192
    6  00000000          	.text 0x1000
    7  00001000          	.data 0x2000
    8                      ; Compiled by GCC
   10  00002000          	.align 2
   11  00002000          	LC0_LF0:
   12  00002000  0a2d2d2d	.ascii "\n--------------------------------------------------------------------"
   12  00002004  2d2d2d2d	
   12  00002008  2d2d2d2d	
   12  0000200c  2d2d2d2d	
   12  00002010  2d2d2d2d	
   12  00002014  2d2d2d2d	
   12  00002018  2d2d2d2d	
   12  0000201c  2d2d2d2d	
   12  00002020  2d2d2d2d	
   12  00002024  2d2d2d2d	
   12  00002028  2d2d2d2d	
   12  0000202c  2d2d2d2d	
   12  00002030  2d2d2d2d	
   12  00002034  2d2d2d2d	
   12  00002038  2d2d2d2d	
   12  0000203c  2d2d2d2d	
   12  00002040  2d2d2d2d	
   12  00002044  2d      	
   13  00002045  2d2d2d2d	.ascii "-----------------\n\000"
   13  00002049  2d2d2d2d	
   13  0000204d  2d2d2d2d	
   13  00002051  2d2d2d2d	
   13  00002055  2d0a00  	
   14  00002058          	.align 2
   15  00002058          	LC1_LF0:
   16  00002058  65786365	.ascii "excess_pages (%d): TEST #7: Attempt to use more than 32 physical pages"
   16  0000205c  73735f70	
   16  00002060  61676573	
   16  00002064  20282564	
   16  00002068  293a2054	
   16  0000206c  45535420	
   16  00002070  23373a20	
   16  00002074  41747465	
   16  00002078  6d707420	
   16  0000207c  746f2075	
   16  00002080  7365206d	
   16  00002084  6f726520	
   16  00002088  7468616e	
   16  0000208c  20333220	
   16  00002090  70687973	
   16  00002094  6963616c	
   16  00002098  20706167	
   16  0000209c  6573    	
   17  0000209e  20666f72	.ascii " for process\n\000"
   17  000020a2  2070726f	
   17  000020a6  63657373	
   17  000020aa  0a00    	
   18  000020ac          	.align 2
   19  000020ac          	LC2_LF0:
   20  000020ac  49207368	.ascii "I shouldn\'t get here!\n\000"
   20  000020b0  6f756c64	
   20  000020b4  6e277420	
   20  000020b8  67657420	
   20  000020bc  68657265	
   20  000020c0  210a00  	
   21  000020c3          	.text
   22  00001000          	.align 2
   23  00001000          	.proc _main
   24  00001000          	.global _main
   25  00001000          	_main:
   26                      ;  Function 'main'; 120000 bytes of locals, 0 regs to save.
   27  00001000  afbefffc	sw	-4(r29),r30; push fp
   28  00001004  001df020	add	r30,r0,r29; fp = sp
   29  00001008  afbffff8	sw	-8(r29),r31; push ret addr
   30  0000100c  3c010001	lhi	r1,#1; alloc local storage = 120008
   31  00001010  2421d4c8	addui	r1,r1,#0xd4c8
   32  00001014  03a1e823	subu	r29,r29,r1
   33  00001018  0c000fa0	jal	___main
   34  0000101c  54000000	nop; not filled.
   35  00001020  23bdfff8	addi	r29,r29,#-8
   36  00001024  3c040000	lhi	r4,((LC0_LF0)>>16)&0xffff
   37  00001028  24842000	addui	r4,r4,(LC0_LF0)&0xffff
   38  0000102c  afa40000	sw	(r29),r4
   39  00001030  0c0000c8	jal	_Printf
   40  00001034  54000000	nop; not filled.
   41  00001038  0c0000cc	jal	_getpid
   42  0000103c  54000000	nop; not filled.
   43  00001040  3c040000	lhi	r4,((LC1_LF0)>>16)&0xffff
   44  00001044  24842058	addui	r4,r4,(LC1_LF0)&0xffff
   45  00001048  afa40000	sw	(r29),r4
   46  0000104c  afa10004	sw	4(r29),r1
   47  00001050  0c0000a8	jal	_Printf
   48  00001054  54000000	nop; not filled.
   49  00001058  20020000	addi	r2,r0,#0
   50  0000105c  23bd0008	addi	r29,r29,#8
   51  00001060  3c030001	lhi	r3,#1
   52  00001064  2463d4bf	addui	r3,r3,#54463
   53  00001068  3c04fffe	lhi	r4,#-2
   54  0000106c  24842b38	addui	r4,r4,#11064
   55  00001070  03c4f820	add	r31,r30,r4
   56  00001074          	L11_LF0:
   57  00001074  20040000	addi	r4,r0,(#0x0)&0xff
   58  00001078  a3e40000	sb	(r31),r4
   59  0000107c  23ff0001	addi	r31,r31,#1
   60  00001080  20420001	addi	r2,r2,#1
   61  00001084  0043082c	sle	r1,r2,r3
   62  00001088  1420ffe8	bnez	r1,L11_LF0
   63  0000108c  54000000	nop; not filled.
   64  00001090  23bdfff8	addi	r29,r29,#-8
   65  00001094  3c040000	lhi	r4,((LC2_LF0)>>16)&0xffff
   66  00001098  248420ac	addui	r4,r4,(LC2_LF0)&0xffff
   67  0000109c  afa40000	sw	(r29),r4
   68  000010a0  0c000058	jal	_Printf
   69  000010a4  54000000	nop; not filled.
   70  000010a8  23bd0008	addi	r29,r29,#8
   71  000010ac  0c000f00	jal	_exit
   72  000010b0  54000000	nop
   73  000010b4          	.endproc _main
   74                      ;;;
   75                      ;;; Stub functions for DLX traps.
   76                      ;;;
   77                      ;;; Ethan L. Miller, 1999.  Released to the public domain.
   78                      ;;;
   79                      ;;; The traps such as Open and Close
   80                      ;;; (note the capital letters) are for use by user programs.  The traps
   81                      ;;; with names such as open and close (lower case) are for use by the OS.
   82                      ;;;
   85  000010b4          	.align 2
   87                      ;;; The following are the traps to be used by user-level programs
   88                      ;;;
   90  000010b4          	.align 2
   91  000010b4          	.proc _Open
   92  000010b4          	.global _Open
   93  000010b4          	_Open:
   94                      ;;; Note that trap #0x213 actually causes a trap vector in the OS of
   95                      ;;; 0x1213.  The same is true for other user traps.  Thus, a user trap
   96                      ;;; with trap #0x240 will result in a trap vector of 0x1240 in the OS.
   97  000010b4  44000213	trap	#0x213
   98  000010b8  4be00000	jr	r31
   99  000010bc  54000000	nop
  100  000010c0          	.endproc _Open
  102  000010c0          	.proc _Close
  103  000010c0          	.global _Close
  104  000010c0          	_Close:
  105  000010c0  44000214	trap	#0x214
  106  000010c4  4be00000	jr	r31
  107  000010c8  54000000	nop
  108  000010cc          	.endproc _Close
  110  000010cc          	.proc _Read
  111  000010cc          	.global _Read
  112  000010cc          	_Read:
  113  000010cc  44000210	trap	#0x210
  114  000010d0  4be00000	jr	r31
  115  000010d4  54000000	nop
  116  000010d8          	.endproc _Read
  118  000010d8          	.proc _Write
  119  000010d8          	.global _Write
  120  000010d8          	_Write:
  121  000010d8  44000211	trap	#0x211
  122  000010dc  4be00000	jr	r31
  123  000010e0  54000000	nop
  124  000010e4          	.endproc _Write
  126  000010e4          	.proc _Lseek
  127  000010e4          	.global _Lseek
  128  000010e4          	_Lseek:
  129  000010e4  44000212	trap	#0x212
  130  000010e8  4be00000	jr	r31
  131  000010ec  54000000	nop
  132  000010f0          	.endproc _Lseek
  134  000010f0          	.proc _Putchar
  135  000010f0          	.global _Putchar
  136  000010f0          	_Putchar:
  137  000010f0  44000280	trap	#0x280
  138  000010f4  4be00000	jr	r31
  139  000010f8  54000000	nop
  140  000010fc          	.endproc _Putchar
  142  000010fc          	.proc _Printf
  143  000010fc          	.global _Printf
  144  000010fc          	_Printf:
  145  000010fc  44000201	trap	#0x201
  146  00001100  4be00000	jr	r31
  147  00001104  54000000	nop
  148  00001108          	.endproc _Printf
  150  00001108          	.proc _getpid
  151  00001108          	.global _getpid
  152  00001108          	_getpid:
  153  00001108  44000431	trap	#0x431
  154  0000110c  4be00000	jr	r31
  155  00001110  54000000	nop
  156  00001114          	.endproc _getpid
  158  00001114          	.proc _process_create
  159  00001114          	.global _process_create
  160  00001114          	_process_create:
  161  00001114  44000432	trap	#0x432
  162  00001118  4be00000	jr	r31
  163  0000111c  54000000	nop
  164  00001120          	.endproc _process_create
  166  00001120          	.proc _shmget
  167  00001120          	.global _shmget
  168  00001120          	_shmget:
  169  00001120  44000440	trap	#0x440
  170  00001124  4be00000	jr	r31
  171  00001128  54000000	nop
  172  0000112c          	.endproc _shmget
  174  0000112c          	.proc _shmat
  175  0000112c          	.global _shmat
  176  0000112c          	_shmat:
  177  0000112c  44000441	trap	#0x441
  178  00001130  4be00000	jr	r31
  179  00001134  54000000	nop
  180  00001138          	.endproc _shmat
  182  00001138          	.proc _sem_create
  183  00001138          	.global _sem_create
  184  00001138          	_sem_create:
  185  00001138  44000450	trap	#0x450
  186  0000113c  4be00000	jr	r31
  187  00001140  54000000	nop
  188  00001144          	.endproc _sem_create
  190  00001144          	.proc _sem_wait
  191  00001144          	.global _sem_wait
  192  00001144          	_sem_wait:
  193  00001144  44000451	trap	#0x451
  194  00001148  4be00000	jr	r31
  195  0000114c  54000000	nop
  196  00001150          	.endproc _sem_wait
  198  00001150          	.proc _sem_signal
  199  00001150          	.global _sem_signal
  200  00001150          	_sem_signal:
  201  00001150  44000452	trap	#0x452
  202  00001154  4be00000	jr	r31
  203  00001158  54000000	nop
  204  0000115c          	.endproc _sem_signal
  206  0000115c          	.proc _lock_create
  207  0000115c          	.global _lock_create
  208  0000115c          	_lock_create:
  209  0000115c  44000453	trap	#0x453
  210  00001160  4be00000	jr	r31
  211  00001164  54000000	nop
  212  00001168          	.endproc _lock_create
  214  00001168          	.proc _lock_acquire
  215  00001168          	.global _lock_acquire
  216  00001168          	_lock_acquire:
  217  00001168  44000454	trap	#0x454
  218  0000116c  4be00000	jr	r31
  219  00001170  54000000	nop
  220  00001174          	.endproc _lock_acquire
  222  00001174          	.proc _lock_release
  223  00001174          	.global _lock_release
  224  00001174          	_lock_release:
  225  00001174  44000455	trap	#0x455
  226  00001178  4be00000	jr	r31
  227  0000117c  54000000	nop
  228  00001180          	.endproc _lock_release
  230  00001180          	.proc _cond_create
  231  00001180          	.global _cond_create
  232  00001180          	_cond_create:
  233  00001180  44000456	trap	#0x456
  234  00001184  4be00000	jr	r31
  235  00001188  54000000	nop
  236  0000118c          	.endproc _cond_create
  238  0000118c          	.proc _cond_wait
  239  0000118c          	.global _cond_wait
  240  0000118c          	_cond_wait:
  241  0000118c  44000457	trap	#0x457
  242  00001190  4be00000	jr	r31
  243  00001194  54000000	nop
  244  00001198          	.endproc _cond_wait
  246  00001198          	.proc _cond_signal
  247  00001198          	.global _cond_signal
  248  00001198          	_cond_signal:
  249  00001198  44000458	trap	#0x458
  250  0000119c  4be00000	jr	r31
  251  000011a0  54000000	nop
  252  000011a4          	.endproc _cond_signal
  254  000011a4          	.proc _cond_broadcast
  255  000011a4          	.global _cond_broadcast
  256  000011a4          	_cond_broadcast:
  257  000011a4  44000459	trap	#0x459
  258  000011a8  4be00000	jr	r31
  259  000011ac  54000000	nop
  260  000011b0          	.endproc _cond_broadcast
  262  000011b0          	.proc _mbox_create
  263  000011b0          	.global _mbox_create
  264  000011b0          	_mbox_create:
  265  000011b0  44000460	trap	#0x460
  266  000011b4  4be00000	jr	r31
  267  000011b8  54000000	nop
  268  000011bc          	.endproc _mbox_create
  270  000011bc          	.proc _mbox_open
  271  000011bc          	.global _mbox_open
  272  000011bc          	_mbox_open:
  273  000011bc  44000461	trap	#0x461
  274  000011c0  4be00000	jr	r31
  275  000011c4  54000000	nop
  276  000011c8          	.endproc _mbox_open
  278  000011c8          	.proc _mbox_close
  279  000011c8          	.global _mbox_close
  280  000011c8          	_mbox_close:
  281  000011c8  44000462	trap	#0x462
  282  000011cc  4be00000	jr	r31
  283  000011d0  54000000	nop
  284  000011d4          	.endproc _mbox_close
  286  000011d4          	.proc _mbox_send
  287  000011d4          	.global _mbox_send
  288  000011d4          	_mbox_send:
  289  000011d4  44000463	trap	#0x463
  290  000011d8  4be00000	jr	r31
  291  000011dc  54000000	nop
  292  000011e0          	.endproc _mbox_send
  294  000011e0          	.proc _mbox_recv
  295  000011e0          	.global _mbox_recv
  296  000011e0          	_mbox_recv:
  297  000011e0  44000464	trap	#0x464
  298  000011e4  4be00000	jr	r31
  299  000011e8  54000000	nop
  300  000011ec          	.endproc _mbox_recv
  302  000011ec          	.proc _sleep
  303  000011ec          	.global _sleep
  304  000011ec          	_sleep:
  305  000011ec  44000465	trap	#0x465
  306  000011f0  4be00000	jr	r31
  307  000011f4  54000000	nop
  308  000011f8          	.endproc _sleep
  310  000011f8          	.proc _yield
  311  000011f8          	.global _yield
  312  000011f8          	_yield:
  313  000011f8  44000466	trap	#0x466
  314  000011fc  4be00000	jr	r31
  315  00001200  54000000	nop
  316  00001204          	.endproc _yield
  319  00001204          	.proc _Exit
  320  00001204          	.global _Exit
  321  00001204          	_Exit:
  322  00001204  44000500	trap	#0x500
  323  00001208  4be00000	jr	r31
  324  0000120c  54000000	nop
  325  00001210          	.endproc _Exit
  328  00001210          	.proc _malloc
  329  00001210          	.global _malloc
  330  00001210          	_malloc:
  331  00001210  44000467	trap	#0x467
  332  00001214  4be00000	jr	r31
  333  00001218          	.endproc _malloc
  336  00001218          	.proc _mfree
  337  00001218          	.global _mfree
  338  00001218          	_mfree:
  339  00001218  44000468	trap	#0x468
  340  0000121c  4be00000	jr	r31
  341  00001220          	.endproc _mfree
  342                      ; Compiled by GCC
  344  00001220          	.align 2
  345  00001220          	.proc _isspace
  346  00001220          	.global _isspace
  347  00001220          	_isspace:
  348                      ;  Function 'isspace'; 0 bytes of locals, 3 regs to save.
  349  00001220  afbefffc	sw	-4(r29),r30; push fp
  350  00001224  001df020	add	r30,r0,r29; fp = sp
  351  00001228  afbffff8	sw	-8(r29),r31; push ret addr
  352  0000122c  2fbd0018	subui	r29,r29,#24; alloc local storage
  353  00001230  afa20000	sw	0(r29),r2
  354  00001234  afa30004	sw	4(r29),r3
  355  00001238  afa40008	sw	8(r29),r4
  356  0000123c  83c20003	lb	r2,3(r30)
  357  00001240  20010000	addi	r1,r0,#0
  358  00001244  304300ff	andi	r3,r2,#0x00ff
  359  00001248  60640020	seqi	r4,r3,#32
  360  0000124c  1480002c	bnez	r4,L3_LF2
  361  00001250  54000000	nop; delay slot nop
  362  00001254  304300ff	andi	r3,r2,#0x00ff
  363  00001258  60640009	seqi	r4,r3,#9
  364  0000125c  1480001c	bnez	r4,L3_LF2
  365  00001260  54000000	nop; delay slot nop
  366  00001264  304300ff	andi	r3,r2,#0x00ff
  367  00001268  6064000a	seqi	r4,r3,#10
  368  0000126c  1480000c	bnez	r4,L3_LF2
  369  00001270  54000000	nop; delay slot nop
  370  00001274  08000008	j	L2_LF2
  371  00001278  54000000	nop; delay slot nop
  372  0000127c          	L3_LF2:
  373  0000127c  20010001	addi	r1,r0,#1
  374  00001280          	L2_LF2:
  375  00001280  08000004	j	L1_LF2
  376  00001284  54000000	nop; delay slot nop
  377  00001288          	L1_LF2:
  378  00001288  8fa20000	lw	r2,0(r29)
  379  0000128c  8fa30004	lw	r3,4(r29)
  380  00001290  8fa40008	lw	r4,8(r29)
  381  00001294  8fdffff8	lw	r31,-8(r30)
  382  00001298  001ee820	add	r29,r0,r30
  383  0000129c  8fdefffc	lw	r30,-4(r30)
  384  000012a0  4be00000	jr	r31
  385  000012a4  54000000	nop
  386  000012a8          	.endproc _isspace
  387  000012a8          	.align 2
  388  000012a8          	.proc _isxdigit
  389  000012a8          	.global _isxdigit
  390  000012a8          	_isxdigit:
  391                      ;  Function 'isxdigit'; 0 bytes of locals, 3 regs to save.
  392  000012a8  afbefffc	sw	-4(r29),r30; push fp
  393  000012ac  001df020	add	r30,r0,r29; fp = sp
  394  000012b0  afbffff8	sw	-8(r29),r31; push ret addr
  395  000012b4  2fbd0018	subui	r29,r29,#24; alloc local storage
  396  000012b8  afa20000	sw	0(r29),r2
  397  000012bc  afa30004	sw	4(r29),r3
  398  000012c0  afa40008	sw	8(r29),r4
  399  000012c4  83c20003	lb	r2,3(r30)
  400  000012c8  20010000	addi	r1,r0,#0
  401  000012cc  304300ff	andi	r3,r2,#0x00ff
  402  000012d0  6c64002f	sgtui	r4,r3,#47
  403  000012d4  1080001c	beqz	r4,L7_LF2
  404  000012d8  54000000	nop; delay slot nop
  405  000012dc  304300ff	andi	r3,r2,#0x00ff
  406  000012e0  70640039	sleui	r4,r3,#57
  407  000012e4  1480005c	bnez	r4,L6_LF2
  408  000012e8  54000000	nop; delay slot nop
  409  000012ec  08000004	j	L7_LF2
  410  000012f0  54000000	nop; delay slot nop
  411  000012f4          	L7_LF2:
  412  000012f4  304300ff	andi	r3,r2,#0x00ff
  413  000012f8  6c640060	sgtui	r4,r3,#96
  414  000012fc  1080001c	beqz	r4,L8_LF2
  415  00001300  54000000	nop; delay slot nop
  416  00001304  304300ff	andi	r3,r2,#0x00ff
  417  00001308  70640066	sleui	r4,r3,#102
  418  0000130c  14800034	bnez	r4,L6_LF2
  419  00001310  54000000	nop; delay slot nop
  420  00001314  08000004	j	L8_LF2
  421  00001318  54000000	nop; delay slot nop
  422  0000131c          	L8_LF2:
  423  0000131c  304300ff	andi	r3,r2,#0x00ff
  424  00001320  6c640040	sgtui	r4,r3,#64
  425  00001324  10800020	beqz	r4,L5_LF2
  426  00001328  54000000	nop; delay slot nop
  427  0000132c  304300ff	andi	r3,r2,#0x00ff
  428  00001330  70640041	sleui	r4,r3,#65
  429  00001334  1480000c	bnez	r4,L6_LF2
  430  00001338  54000000	nop; delay slot nop
  431  0000133c  08000008	j	L5_LF2
  432  00001340  54000000	nop; delay slot nop
  433  00001344          	L6_LF2:
  434  00001344  20010001	addi	r1,r0,#1
  435  00001348          	L5_LF2:
  436  00001348  08000004	j	L4_LF2
  437  0000134c  54000000	nop; delay slot nop
  438  00001350          	L4_LF2:
  439  00001350  8fa20000	lw	r2,0(r29)
  440  00001354  8fa30004	lw	r3,4(r29)
  441  00001358  8fa40008	lw	r4,8(r29)
  442  0000135c  8fdffff8	lw	r31,-8(r30)
  443  00001360  001ee820	add	r29,r0,r30
  444  00001364  8fdefffc	lw	r30,-4(r30)
  445  00001368  4be00000	jr	r31
  446  0000136c  54000000	nop
  447  00001370          	.endproc _isxdigit
  448  00001370          	.align 2
  449  00001370          	.proc _dstrcpy
  450  00001370          	.global _dstrcpy
  451  00001370          	_dstrcpy:
  452                      ;  Function 'dstrcpy'; 8 bytes of locals, 2 regs to save.
  453  00001370  afbefffc	sw	-4(r29),r30; push fp
  454  00001374  001df020	add	r30,r0,r29; fp = sp
  455  00001378  afbffff8	sw	-8(r29),r31; push ret addr
  456  0000137c  2fbd0018	subui	r29,r29,#24; alloc local storage
  457  00001380  afa20000	sw	0(r29),r2
  458  00001384  afa30004	sw	4(r29),r3
  459  00001388  8fc10000	lw	r1,(r30)
  460  0000138c  afc1fff4	sw	-12(r30),r1
  461  00001390          	L10_LF2:
  462  00001390  8fc10000	lw	r1,(r30)
  463  00001394  20220001	addi	r2,r1,#1
  464  00001398  afc20000	sw	(r30),r2
  465  0000139c  8fc20004	lw	r2,4(r30)
  466  000013a0  20430001	addi	r3,r2,#1
  467  000013a4  afc30004	sw	4(r30),r3
  468  000013a8  80420000	lb	r2,(r2)
  469  000013ac  a0220000	sb	(r1),r2
  470  000013b0  a3c2fff3	sb	-13(r30),r2
  471  000013b4          	L12_LF2:
  472  000013b4  93c1fff3	lbu	r1,-13(r30)
  473  000013b8  64220000	snei	r2,r1,#0
  474  000013bc  1440000c	bnez	r2,L13_LF2
  475  000013c0  54000000	nop; delay slot nop
  476  000013c4  0800000c	j	L11_LF2
  477  000013c8  54000000	nop; delay slot nop
  478  000013cc          	L13_LF2:
  479  000013cc  0bffffc0	j	L10_LF2
  480  000013d0  54000000	nop; delay slot nop
  481  000013d4          	L11_LF2:
  482  000013d4  8fc1fff4	lw	r1,-12(r30)
  483  000013d8  08000004	j	L9_LF2
  484  000013dc  54000000	nop; delay slot nop
  485  000013e0          	L9_LF2:
  486  000013e0  8fa20000	lw	r2,0(r29)
  487  000013e4  8fa30004	lw	r3,4(r29)
  488  000013e8  8fdffff8	lw	r31,-8(r30)
  489  000013ec  001ee820	add	r29,r0,r30
  490  000013f0  8fdefffc	lw	r30,-4(r30)
  491  000013f4  4be00000	jr	r31
  492  000013f8  54000000	nop
  493  000013fc          	.endproc _dstrcpy
  494  000013fc          	.align 2
  495  000013fc          	.proc _dstrncpy
  496  000013fc          	.global _dstrncpy
  497  000013fc          	_dstrncpy:
  498                      ;  Function 'dstrncpy'; 8 bytes of locals, 2 regs to save.
  499  000013fc  afbefffc	sw	-4(r29),r30; push fp
  500  00001400  001df020	add	r30,r0,r29; fp = sp
  501  00001404  afbffff8	sw	-8(r29),r31; push ret addr
  502  00001408  2fbd0018	subui	r29,r29,#24; alloc local storage
  503  0000140c  afa20000	sw	0(r29),r2
  504  00001410  afa30004	sw	4(r29),r3
  505  00001414  8fc10000	lw	r1,(r30)
  506  00001418  afc1fff4	sw	-12(r30),r1
  507  0000141c          	L15_LF2:
  508  0000141c  8fc10008	lw	r1,8(r30)
  509  00001420  2022ffff	addi	r2,r1,#-1
  510  00001424  afc20008	sw	8(r30),r2
  511  00001428  70210000	slei	r1,r1,#0
  512  0000142c  1020000c	beqz	r1,L18_LF2
  513  00001430  54000000	nop; delay slot nop
  514  00001434  08000048	j	L16_LF2
  515  00001438  54000000	nop; delay slot nop
  516  0000143c          	L18_LF2:
  517  0000143c  8fc10000	lw	r1,(r30)
  518  00001440  20220001	addi	r2,r1,#1
  519  00001444  afc20000	sw	(r30),r2
  520  00001448  8fc20004	lw	r2,4(r30)
  521  0000144c  20430001	addi	r3,r2,#1
  522  00001450  afc30004	sw	4(r30),r3
  523  00001454  80420000	lb	r2,(r2)
  524  00001458  a0220000	sb	(r1),r2
  525  0000145c  a3c2fff3	sb	-13(r30),r2
  526  00001460          	L17_LF2:
  527  00001460  93c1fff3	lbu	r1,-13(r30)
  528  00001464  64220000	snei	r2,r1,#0
  529  00001468  1440000c	bnez	r2,L19_LF2
  530  0000146c  54000000	nop; delay slot nop
  531  00001470  0800000c	j	L16_LF2
  532  00001474  54000000	nop; delay slot nop
  533  00001478          	L19_LF2:
  534  00001478  0bffffa0	j	L15_LF2
  535  0000147c  54000000	nop; delay slot nop
  536  00001480          	L16_LF2:
  537  00001480  8fc1fff4	lw	r1,-12(r30)
  538  00001484  08000004	j	L14_LF2
  539  00001488  54000000	nop; delay slot nop
  540  0000148c          	L14_LF2:
  541  0000148c  8fa20000	lw	r2,0(r29)
  542  00001490  8fa30004	lw	r3,4(r29)
  543  00001494  8fdffff8	lw	r31,-8(r30)
  544  00001498  001ee820	add	r29,r0,r30
  545  0000149c  8fdefffc	lw	r30,-4(r30)
  546  000014a0  4be00000	jr	r31
  547  000014a4  54000000	nop
  548  000014a8          	.endproc _dstrncpy
  549  000014a8          	.align 2
  550  000014a8          	.proc _dstrcat
  551  000014a8          	.global _dstrcat
  552  000014a8          	_dstrcat:
  553                      ;  Function 'dstrcat'; 8 bytes of locals, 1 regs to save.
  554  000014a8  afbefffc	sw	-4(r29),r30; push fp
  555  000014ac  001df020	add	r30,r0,r29; fp = sp
  556  000014b0  afbffff8	sw	-8(r29),r31; push ret addr
  557  000014b4  2fbd0018	subui	r29,r29,#24; alloc local storage
  558  000014b8  afa20000	sw	0(r29),r2
  559  000014bc  8fc10000	lw	r1,(r30)
  560  000014c0  afc1fff4	sw	-12(r30),r1
  561  000014c4          	L21_LF2:
  562  000014c4  8fc10000	lw	r1,(r30)
  563  000014c8  90220000	lbu	r2,(r1)
  564  000014cc  64410000	snei	r1,r2,#0
  565  000014d0  1420000c	bnez	r1,L23_LF2
  566  000014d4  54000000	nop; delay slot nop
  567  000014d8  0800001c	j	L22_LF2
  568  000014dc  54000000	nop; delay slot nop
  569  000014e0          	L23_LF2:
  570  000014e0  8fc20000	lw	r2,(r30)
  571  000014e4  20410001	addi	r1,r2,#1
  572  000014e8  00011020	add	r2,r0,r1
  573  000014ec  afc20000	sw	(r30),r2
  574  000014f0  0bffffd0	j	L21_LF2
  575  000014f4  54000000	nop; delay slot nop
  576  000014f8          	L22_LF2:
  577  000014f8  23bdfff8	addi	r29,r29,#-8
  578  000014fc  001d0820	add	r1,r0,r29
  579  00001500  8fc20000	lw	r2,(r30)
  580  00001504  ac220000	sw	(r1),r2
  581  00001508  8fc20004	lw	r2,4(r30)
  582  0000150c  ac220004	sw	4(r1),r2
  583  00001510  0ffffe5c	jal	_dstrcpy
  584  00001514  54000000	nop; delay slot nop
  585  00001518  23bd0008	addi	r29,r29,#8
  586  0000151c  8fc1fff4	lw	r1,-12(r30)
  587  00001520  08000004	j	L20_LF2
  588  00001524  54000000	nop; delay slot nop
  589  00001528          	L20_LF2:
  590  00001528  8fa20000	lw	r2,0(r29)
  591  0000152c  8fdffff8	lw	r31,-8(r30)
  592  00001530  001ee820	add	r29,r0,r30
  593  00001534  8fdefffc	lw	r30,-4(r30)
  594  00001538  4be00000	jr	r31
  595  0000153c  54000000	nop
  596  00001540          	.endproc _dstrcat
  597  00001540          	.align 2
  598  00001540          	.proc _dstrncmp
  599  00001540          	.global _dstrncmp
  600  00001540          	_dstrncmp:
  601                      ;  Function 'dstrncmp'; 8 bytes of locals, 2 regs to save.
  602  00001540  afbefffc	sw	-4(r29),r30; push fp
  603  00001544  001df020	add	r30,r0,r29; fp = sp
  604  00001548  afbffff8	sw	-8(r29),r31; push ret addr
  605  0000154c  2fbd0018	subui	r29,r29,#24; alloc local storage
  606  00001550  afa20000	sw	0(r29),r2
  607  00001554  afa30004	sw	4(r29),r3
  608  00001558  54000000	nop
  609  0000155c  20010000	addi	r1,r0,#0
  610  00001560  afc1fff4	sw	-12(r30),r1
  611  00001564          	L25_LF2:
  612  00001564  8fc1fff4	lw	r1,-12(r30)
  613  00001568  8fc20008	lw	r2,8(r30)
  614  0000156c  0022082a	slt	r1,r1,r2
  615  00001570  1420000c	bnez	r1,L28_LF2
  616  00001574  54000000	nop; delay slot nop
  617  00001578  08000088	j	L26_LF2
  618  0000157c  54000000	nop; delay slot nop
  619  00001580          	L28_LF2:
  620  00001580  8fc10004	lw	r1,4(r30)
  621  00001584  90220000	lbu	r2,(r1)
  622  00001588  64410000	snei	r1,r2,#0
  623  0000158c  14200018	bnez	r1,L29_LF2
  624  00001590  54000000	nop; delay slot nop
  625  00001594  20010000	addi	r1,r0,#0
  626  00001598  080000d8	j	L24_LF2
  627  0000159c  54000000	nop; delay slot nop
  628  000015a0  08000028	j	L30_LF2
  629  000015a4  54000000	nop; delay slot nop
  630  000015a8          	L29_LF2:
  631  000015a8  8fc10000	lw	r1,(r30)
  632  000015ac  8fc20004	lw	r2,4(r30)
  633  000015b0  90210000	lbu	r1,(r1)
  634  000015b4  90420000	lbu	r2,(r2)
  635  000015b8  00220829	sne	r1,r1,r2
  636  000015bc  1020000c	beqz	r1,L30_LF2
  637  000015c0  54000000	nop; delay slot nop
  638  000015c4  0800003c	j	L26_LF2
  639  000015c8  54000000	nop; delay slot nop
  640  000015cc          	L31_LF2:
  641  000015cc          	L30_LF2:
  642  000015cc  8fc20000	lw	r2,(r30)
  643  000015d0  20410001	addi	r1,r2,#1
  644  000015d4  00011020	add	r2,r0,r1
  645  000015d8  afc20000	sw	(r30),r2
  646  000015dc  8fc20004	lw	r2,4(r30)
  647  000015e0  20410001	addi	r1,r2,#1
  648  000015e4  00011020	add	r2,r0,r1
  649  000015e8  afc20004	sw	4(r30),r2
  650  000015ec          	L27_LF2:
  651  000015ec  8fc2fff4	lw	r2,-12(r30)
  652  000015f0  20410001	addi	r1,r2,#1
  653  000015f4  00011020	add	r2,r0,r1
  654  000015f8  afc2fff4	sw	-12(r30),r2
  655  000015fc  0bffff64	j	L25_LF2
  656  00001600  54000000	nop; delay slot nop
  657  00001604          	L26_LF2:
  658  00001604  8fc1fff4	lw	r1,-12(r30)
  659  00001608  8fc20008	lw	r2,8(r30)
  660  0000160c  00220828	seq	r1,r1,r2
  661  00001610  10200018	beqz	r1,L32_LF2
  662  00001614  54000000	nop; delay slot nop
  663  00001618  20010000	addi	r1,r0,#0
  664  0000161c  08000054	j	L24_LF2
  665  00001620  54000000	nop; delay slot nop
  666  00001624  0800004c	j	L33_LF2
  667  00001628  54000000	nop; delay slot nop
  668  0000162c          	L32_LF2:
  669  0000162c  8fc20000	lw	r2,(r30)
  670  00001630  90410000	lbu	r1,(r2)
  671  00001634  8fc20004	lw	r2,4(r30)
  672  00001638  90430000	lbu	r3,(r2)
  673  0000163c  00230822	sub	r1,r1,r3
  674  00001640  74220000	sgei	r2,r1,#0
  675  00001644  10400020	beqz	r2,L34_LF2
  676  00001648  54000000	nop; delay slot nop
  677  0000164c  8fc10000	lw	r1,(r30)
  678  00001650  8fc20004	lw	r2,4(r30)
  679  00001654  90210000	lbu	r1,(r1)
  680  00001658  90420000	lbu	r2,(r2)
  681  0000165c  00220829	sne	r1,r1,r2
  682  00001660  08000008	j	L35_LF2
  683  00001664  54000000	nop; delay slot nop
  684  00001668          	L34_LF2:
  685  00001668  2001ffff	addi	r1,r0,#-1
  686  0000166c          	L35_LF2:
  687  0000166c  08000004	j	L24_LF2
  688  00001670  54000000	nop; delay slot nop
  689  00001674          	L33_LF2:
  690  00001674          	L24_LF2:
  691  00001674  8fa20000	lw	r2,0(r29)
  692  00001678  8fa30004	lw	r3,4(r29)
  693  0000167c  8fdffff8	lw	r31,-8(r30)
  694  00001680  001ee820	add	r29,r0,r30
  695  00001684  8fdefffc	lw	r30,-4(r30)
  696  00001688  4be00000	jr	r31
  697  0000168c  54000000	nop
  698  00001690          	.endproc _dstrncmp
  699  00001690          	.align 2
  700  00001690          	.proc _dstrlen
  701  00001690          	.global _dstrlen
  702  00001690          	_dstrlen:
  703                      ;  Function 'dstrlen'; 8 bytes of locals, 1 regs to save.
  704  00001690  afbefffc	sw	-4(r29),r30; push fp
  705  00001694  001df020	add	r30,r0,r29; fp = sp
  706  00001698  afbffff8	sw	-8(r29),r31; push ret addr
  707  0000169c  2fbd0018	subui	r29,r29,#24; alloc local storage
  708  000016a0  afa20000	sw	0(r29),r2
  709  000016a4  20010000	addi	r1,r0,#0
  710  000016a8  afc1fff4	sw	-12(r30),r1
  711  000016ac          	L37_LF2:
  712  000016ac  8fc10000	lw	r1,(r30)
  713  000016b0  20220001	addi	r2,r1,#1
  714  000016b4  afc20000	sw	(r30),r2
  715  000016b8  90210000	lbu	r1,(r1)
  716  000016bc  64220000	snei	r2,r1,#0
  717  000016c0  1440000c	bnez	r2,L39_LF2
  718  000016c4  54000000	nop; delay slot nop
  719  000016c8  0800001c	j	L38_LF2
  720  000016cc  54000000	nop; delay slot nop
  721  000016d0          	L39_LF2:
  722  000016d0  8fc2fff4	lw	r2,-12(r30)
  723  000016d4  20410001	addi	r1,r2,#1
  724  000016d8  00011020	add	r2,r0,r1
  725  000016dc  afc2fff4	sw	-12(r30),r2
  726  000016e0  0bffffc8	j	L37_LF2
  727  000016e4  54000000	nop; delay slot nop
  728  000016e8          	L38_LF2:
  729  000016e8  8fc1fff4	lw	r1,-12(r30)
  730  000016ec  08000004	j	L36_LF2
  731  000016f0  54000000	nop; delay slot nop
  732  000016f4          	L36_LF2:
  733  000016f4  8fa20000	lw	r2,0(r29)
  734  000016f8  8fdffff8	lw	r31,-8(r30)
  735  000016fc  001ee820	add	r29,r0,r30
  736  00001700  8fdefffc	lw	r30,-4(r30)
  737  00001704  4be00000	jr	r31
  738  00001708  54000000	nop
  739  0000170c          	.endproc _dstrlen
  740  0000170c          	.align 2
  741  0000170c          	.proc _dstrstr
  742  0000170c          	.global _dstrstr
  743  0000170c          	_dstrstr:
  744                      ;  Function 'dstrstr'; 8 bytes of locals, 1 regs to save.
  745  0000170c  afbefffc	sw	-4(r29),r30; push fp
  746  00001710  001df020	add	r30,r0,r29; fp = sp
  747  00001714  afbffff8	sw	-8(r29),r31; push ret addr
  748  00001718  2fbd0018	subui	r29,r29,#24; alloc local storage
  749  0000171c  afa20000	sw	0(r29),r2
  750  00001720  23bdfff8	addi	r29,r29,#-8
  751  00001724  001d0820	add	r1,r0,r29
  752  00001728  8fc20004	lw	r2,4(r30)
  753  0000172c  ac220000	sw	(r1),r2
  754  00001730  0fffff5c	jal	_dstrlen
  755  00001734  54000000	nop; delay slot nop
  756  00001738  23bd0008	addi	r29,r29,#8
  757  0000173c  afc1fff4	sw	-12(r30),r1
  758  00001740          	L41_LF2:
  759  00001740  8fc10000	lw	r1,(r30)
  760  00001744  90220000	lbu	r2,(r1)
  761  00001748  64410000	snei	r1,r2,#0
  762  0000174c  1420000c	bnez	r1,L43_LF2
  763  00001750  54000000	nop; delay slot nop
  764  00001754  08000060	j	L42_LF2
  765  00001758  54000000	nop; delay slot nop
  766  0000175c          	L43_LF2:
  767  0000175c  23bdfff0	addi	r29,r29,#-16
  768  00001760  001d0820	add	r1,r0,r29
  769  00001764  8fc20000	lw	r2,(r30)
  770  00001768  ac220000	sw	(r1),r2
  771  0000176c  8fc20004	lw	r2,4(r30)
  772  00001770  ac220004	sw	4(r1),r2
  773  00001774  8fc2fff4	lw	r2,-12(r30)
  774  00001778  ac220008	sw	8(r1),r2
  775  0000177c  0ffffdc0	jal	_dstrncmp
  776  00001780  54000000	nop; delay slot nop
  777  00001784  23bd0010	addi	r29,r29,#16
  778  00001788  64220000	snei	r2,r1,#0
  779  0000178c  14400010	bnez	r2,L44_LF2
  780  00001790  54000000	nop; delay slot nop
  781  00001794  8fc10000	lw	r1,(r30)
  782  00001798  08000028	j	L40_LF2
  783  0000179c  54000000	nop; delay slot nop
  784  000017a0          	L44_LF2:
  785  000017a0  8fc20000	lw	r2,(r30)
  786  000017a4  20410001	addi	r1,r2,#1
  787  000017a8  00011020	add	r2,r0,r1
  788  000017ac  afc20000	sw	(r30),r2
  789  000017b0  0bffff8c	j	L41_LF2
  790  000017b4  54000000	nop; delay slot nop
  791  000017b8          	L42_LF2:
  792  000017b8  20010000	addi	r1,r0,#0
  793  000017bc  08000004	j	L40_LF2
  794  000017c0  54000000	nop; delay slot nop
  795  000017c4          	L40_LF2:
  796  000017c4  8fa20000	lw	r2,0(r29)
  797  000017c8  8fdffff8	lw	r31,-8(r30)
  798  000017cc  001ee820	add	r29,r0,r30
  799  000017d0  8fdefffc	lw	r30,-4(r30)
  800  000017d4  4be00000	jr	r31
  801  000017d8  54000000	nop
  802  000017dc          	.endproc _dstrstr
  803  000017dc          	.align 2
  804  000017dc          	.proc _dmindex
  805  000017dc          	.global _dmindex
  806  000017dc          	_dmindex:
  807                      ;  Function 'dmindex'; 8 bytes of locals, 1 regs to save.
  808  000017dc  afbefffc	sw	-4(r29),r30; push fp
  809  000017e0  001df020	add	r30,r0,r29; fp = sp
  810  000017e4  afbffff8	sw	-8(r29),r31; push ret addr
  811  000017e8  2fbd0018	subui	r29,r29,#24; alloc local storage
  812  000017ec  afa20000	sw	0(r29),r2
  813  000017f0  54000000	nop
  814  000017f4          	L46_LF2:
  815  000017f4  8fc10000	lw	r1,(r30)
  816  000017f8  90220000	lbu	r2,(r1)
  817  000017fc  64410000	snei	r1,r2,#0
  818  00001800  1420000c	bnez	r1,L48_LF2
  819  00001804  54000000	nop; delay slot nop
  820  00001808  08000070	j	L47_LF2
  821  0000180c  54000000	nop; delay slot nop
  822  00001810          	L48_LF2:
  823  00001810  8fc10004	lw	r1,4(r30)
  824  00001814  afc1fff4	sw	-12(r30),r1
  825  00001818          	L49_LF2:
  826  00001818  8fc1fff4	lw	r1,-12(r30)
  827  0000181c  90220000	lbu	r2,(r1)
  828  00001820  64410000	snei	r1,r2,#0
  829  00001824  1420000c	bnez	r1,L52_LF2
  830  00001828  54000000	nop; delay slot nop
  831  0000182c  08000044	j	L50_LF2
  832  00001830  54000000	nop; delay slot nop
  833  00001834          	L52_LF2:
  834  00001834  8fc10000	lw	r1,(r30)
  835  00001838  8fc2fff4	lw	r2,-12(r30)
  836  0000183c  90210000	lbu	r1,(r1)
  837  00001840  90420000	lbu	r2,(r2)
  838  00001844  00220828	seq	r1,r1,r2
  839  00001848  10200010	beqz	r1,L51_LF2
  840  0000184c  54000000	nop; delay slot nop
  841  00001850  8fc10000	lw	r1,(r30)
  842  00001854  08000030	j	L45_LF2
  843  00001858  54000000	nop; delay slot nop
  844  0000185c          	L53_LF2:
  845  0000185c          	L51_LF2:
  846  0000185c  8fc2fff4	lw	r2,-12(r30)
  847  00001860  20410001	addi	r1,r2,#1
  848  00001864  00011020	add	r2,r0,r1
  849  00001868  afc2fff4	sw	-12(r30),r2
  850  0000186c  0bffffa8	j	L49_LF2
  851  00001870  54000000	nop; delay slot nop
  852  00001874          	L50_LF2:
  853  00001874  0bffff7c	j	L46_LF2
  854  00001878  54000000	nop; delay slot nop
  855  0000187c          	L47_LF2:
  856  0000187c  20010000	addi	r1,r0,#0
  857  00001880  08000004	j	L45_LF2
  858  00001884  54000000	nop; delay slot nop
  859  00001888          	L45_LF2:
  860  00001888  8fa20000	lw	r2,0(r29)
  861  0000188c  8fdffff8	lw	r31,-8(r30)
  862  00001890  001ee820	add	r29,r0,r30
  863  00001894  8fdefffc	lw	r30,-4(r30)
  864  00001898  4be00000	jr	r31
  865  0000189c  54000000	nop
  866  000018a0          	.endproc _dmindex
  867  000018a0          	.align 2
  868  000018a0          	.proc _dindex
  869  000018a0          	.global _dindex
  870  000018a0          	_dindex:
  871                      ;  Function 'dindex'; 0 bytes of locals, 1 regs to save.
  872  000018a0  afbefffc	sw	-4(r29),r30; push fp
  873  000018a4  001df020	add	r30,r0,r29; fp = sp
  874  000018a8  afbffff8	sw	-8(r29),r31; push ret addr
  875  000018ac  2fbd0010	subui	r29,r29,#16; alloc local storage
  876  000018b0  afa20000	sw	0(r29),r2
  877  000018b4  54000000	nop
  878  000018b8          	L55_LF2:
  879  000018b8  8fc10000	lw	r1,(r30)
  880  000018bc  90220000	lbu	r2,(r1)
  881  000018c0  64410000	snei	r1,r2,#0
  882  000018c4  1420000c	bnez	r1,L57_LF2
  883  000018c8  54000000	nop; delay slot nop
  884  000018cc  08000040	j	L56_LF2
  885  000018d0  54000000	nop; delay slot nop
  886  000018d4          	L57_LF2:
  887  000018d4  8fc10000	lw	r1,(r30)
  888  000018d8  90220000	lbu	r2,(r1)
  889  000018dc  8fc10004	lw	r1,4(r30)
  890  000018e0  00411028	seq	r2,r2,r1
  891  000018e4  10400010	beqz	r2,L58_LF2
  892  000018e8  54000000	nop; delay slot nop
  893  000018ec  8fc10000	lw	r1,(r30)
  894  000018f0  08000028	j	L54_LF2
  895  000018f4  54000000	nop; delay slot nop
  896  000018f8          	L58_LF2:
  897  000018f8  8fc20000	lw	r2,(r30)
  898  000018fc  20410001	addi	r1,r2,#1
  899  00001900  00011020	add	r2,r0,r1
  900  00001904  afc20000	sw	(r30),r2
  901  00001908  0bffffac	j	L55_LF2
  902  0000190c  54000000	nop; delay slot nop
  903  00001910          	L56_LF2:
  904  00001910  20010000	addi	r1,r0,#0
  905  00001914  08000004	j	L54_LF2
  906  00001918  54000000	nop; delay slot nop
  907  0000191c          	L54_LF2:
  908  0000191c  8fa20000	lw	r2,0(r29)
  909  00001920  8fdffff8	lw	r31,-8(r30)
  910  00001924  001ee820	add	r29,r0,r30
  911  00001928  8fdefffc	lw	r30,-4(r30)
  912  0000192c  4be00000	jr	r31
  913  00001930  54000000	nop
  914  00001934          	.endproc _dindex
  915  00001934          	.align 2
  916  00001934          	.proc _ditoa
  917  00001934          	.global _ditoa
  918  00001934          	_ditoa:
  919                      ;  Function 'ditoa'; 8 bytes of locals, 2 regs to save.
  920  00001934  afbefffc	sw	-4(r29),r30; push fp
  921  00001938  001df020	add	r30,r0,r29; fp = sp
  922  0000193c  afbffff8	sw	-8(r29),r31; push ret addr
  923  00001940  2fbd0018	subui	r29,r29,#24; alloc local storage
  924  00001944  afa20000	sw	0(r29),r2
  925  00001948  afa30004	sw	4(r29),r3
  926  0000194c  8fc10000	lw	r1,(r30)
  927  00001950  68220000	slti	r2,r1,#0
  928  00001954  1040002c	beqz	r2,L60_LF2
  929  00001958  54000000	nop; delay slot nop
  930  0000195c  8fc10004	lw	r1,4(r30)
  931  00001960  20220001	addi	r2,r1,#1
  932  00001964  afc20004	sw	4(r30),r2
  933  00001968  2002002d	addi	r2,r0,(#0x2d)&0xff
  934  0000196c  a0220000	sb	(r1),r2
  935  00001970  8fc10000	lw	r1,(r30)
  936  00001974  00011022	sub	r2,r0,r1
  937  00001978  afc20000	sw	(r30),r2
  938  0000197c  08000118	j	L61_LF2
  939  00001980  54000000	nop; delay slot nop
  940  00001984          	L60_LF2:
  941  00001984  8fc10000	lw	r1,(r30)
  942  00001988  64220000	snei	r2,r1,#0
  943  0000198c  14400020	bnez	r2,L62_LF2
  944  00001990  54000000	nop; delay slot nop
  945  00001994  8fc10004	lw	r1,4(r30)
  946  00001998  20220001	addi	r2,r1,#1
  947  0000199c  afc20004	sw	4(r30),r2
  948  000019a0  20020030	addi	r2,r0,(#0x30)&0xff
  949  000019a4  a0220000	sb	(r1),r2
  950  000019a8  080000ec	j	L61_LF2
  951  000019ac  54000000	nop; delay slot nop
  952  000019b0          	L62_LF2:
  953  000019b0  20010001	addi	r1,r0,#1
  954  000019b4  afc1fff4	sw	-12(r30),r1
  955  000019b8          	L64_LF2:
  956  000019b8  8fc1fff4	lw	r1,-12(r30)
  957  000019bc  8fc20000	lw	r2,(r30)
  958  000019c0  0022082c	sle	r1,r1,r2
  959  000019c4  1420000c	bnez	r1,L66_LF2
  960  000019c8  54000000	nop; delay slot nop
  961  000019cc  08000024	j	L65_LF2
  962  000019d0  54000000	nop; delay slot nop
  963  000019d4          	L67_LF2:
  964  000019d4          	L66_LF2:
  965  000019d4  8fc1fff4	lw	r1,-12(r30)
  966  000019d8  00011820	add	r3,r0,r1
  967  000019dc  50620002	slli	r2,r3,#0x2
  968  000019e0  00411020	add	r2,r2,r1
  969  000019e4  50410001	slli	r1,r2,#0x1
  970  000019e8  afc1fff4	sw	-12(r30),r1
  971  000019ec  0bffffc8	j	L64_LF2
  972  000019f0  54000000	nop; delay slot nop
  973  000019f4          	L65_LF2:
  974  000019f4  54000000	nop
  975  000019f8          	L68_LF2:
  976  000019f8  8fc1fff4	lw	r1,-12(r30)
  977  000019fc  2002000a	addi	r2,r0,#10
  978  00001a00  00200035	movi2fp	f0,r1
  979  00001a04  00400835	movi2fp	f1,r2
  980  00001a08  0401000f	div	f0,f0,f1
  981  00001a0c  00000834	movfp2i	r1,f0
  982  00001a10  afc1fff4	sw	-12(r30),r1
  983  00001a14  8fc10004	lw	r1,4(r30)
  984  00001a18  20220001	addi	r2,r1,#1
  985  00001a1c  afc20004	sw	4(r30),r2
  986  00001a20  8fc20000	lw	r2,(r30)
  987  00001a24  8fc3fff4	lw	r3,-12(r30)
  988  00001a28  00400035	movi2fp	f0,r2
  989  00001a2c  00600835	movi2fp	f1,r3
  990  00001a30  0401000f	div	f0,f0,f1
  991  00001a34  00001034	movfp2i	r2,f0
  992  00001a38  00021820	add	r3,r0,r2
  993  00001a3c  20620030	addi	r2,r3,#48
  994  00001a40  a0220000	sb	(r1),r2
  995  00001a44  8fc10000	lw	r1,(r30)
  996  00001a48  8fc3fff4	lw	r3,-12(r30)
  997  00001a4c  00200035	movi2fp	f0,r1
  998  00001a50  00600835	movi2fp	f1,r3
  999  00001a54  0401000f	div	f0,f0,f1
 1000  00001a58  00001034	movfp2i	r2,f0
 1001  00001a5c  8fc3fff4	lw	r3,-12(r30)
 1002  00001a60  00400035	movi2fp	f0,r2
 1003  00001a64  00600835	movi2fp	f1,r3
 1004  00001a68  0401000e	mult	f0,f0,f1
 1005  00001a6c  00001034	movfp2i	r2,f0
 1006  00001a70  00220822	sub	r1,r1,r2
 1007  00001a74  afc10000	sw	(r30),r1
 1008  00001a78          	L70_LF2:
 1009  00001a78  8fc1fff4	lw	r1,-12(r30)
 1010  00001a7c  6c220001	sgti	r2,r1,#1
 1011  00001a80  1440000c	bnez	r2,L71_LF2
 1012  00001a84  54000000	nop; delay slot nop
 1013  00001a88  0800000c	j	L61_LF2
 1014  00001a8c  54000000	nop; delay slot nop
 1015  00001a90          	L71_LF2:
 1016  00001a90  0bffff64	j	L68_LF2
 1017  00001a94  54000000	nop; delay slot nop
 1018  00001a98          	L69_LF2:
 1019  00001a98          	L63_LF2:
 1020  00001a98          	L61_LF2:
 1021  00001a98  8fc10004	lw	r1,4(r30)
 1022  00001a9c  20020000	addi	r2,r0,(#0x0)&0xff
 1023  00001aa0  a0220000	sb	(r1),r2
 1024  00001aa4          	L59_LF2:
 1025  00001aa4  8fa20000	lw	r2,0(r29)
 1026  00001aa8  8fa30004	lw	r3,4(r29)
 1027  00001aac  8fdffff8	lw	r31,-8(r30)
 1028  00001ab0  001ee820	add	r29,r0,r30
 1029  00001ab4  8fdefffc	lw	r30,-4(r30)
 1030  00001ab8  4be00000	jr	r31
 1031  00001abc  54000000	nop
 1032  00001ac0          	.endproc _ditoa
 1033  00001ac0          	.align 2
 1034  00001ac0          	.proc _dstrtol
 1035  00001ac0          	.global _dstrtol
 1036  00001ac0          	_dstrtol:
 1037                      ;  Function 'dstrtol'; 16 bytes of locals, 1 regs to save.
 1038  00001ac0  afbefffc	sw	-4(r29),r30; push fp
 1039  00001ac4  001df020	add	r30,r0,r29; fp = sp
 1040  00001ac8  afbffff8	sw	-8(r29),r31; push ret addr
 1041  00001acc  2fbd0020	subui	r29,r29,#32; alloc local storage
 1042  00001ad0  afa20000	sw	0(r29),r2
 1043  00001ad4  20010000	addi	r1,r0,#0
 1044  00001ad8  afc1fff4	sw	-12(r30),r1
 1045  00001adc          	L73_LF2:
 1046  00001adc  8fc10000	lw	r1,(r30)
 1047  00001ae0  90220000	lbu	r2,(r1)
 1048  00001ae4  60410020	seqi	r1,r2,#32
 1049  00001ae8  14200034	bnez	r1,L75_LF2
 1050  00001aec  54000000	nop; delay slot nop
 1051  00001af0  8fc10000	lw	r1,(r30)
 1052  00001af4  90220000	lbu	r2,(r1)
 1053  00001af8  60410009	seqi	r1,r2,#9
 1054  00001afc  14200020	bnez	r1,L75_LF2
 1055  00001b00  54000000	nop; delay slot nop
 1056  00001b04  8fc10000	lw	r1,(r30)
 1057  00001b08  90220000	lbu	r2,(r1)
 1058  00001b0c  6041000a	seqi	r1,r2,#10
 1059  00001b10  1420000c	bnez	r1,L75_LF2
 1060  00001b14  54000000	nop; delay slot nop
 1061  00001b18  0800001c	j	L74_LF2
 1062  00001b1c  54000000	nop; delay slot nop
 1063  00001b20          	L75_LF2:
 1064  00001b20  8fc20000	lw	r2,(r30)
 1065  00001b24  20410001	addi	r1,r2,#1
 1066  00001b28  00011020	add	r2,r0,r1
 1067  00001b2c  afc20000	sw	(r30),r2
 1068  00001b30  0bffffa8	j	L73_LF2
 1069  00001b34  54000000	nop; delay slot nop
 1070  00001b38          	L74_LF2:
 1071  00001b38  8fc10004	lw	r1,4(r30)
 1072  00001b3c  64220000	snei	r2,r1,#0
 1073  00001b40  10400010	beqz	r2,L76_LF2
 1074  00001b44  54000000	nop; delay slot nop
 1075  00001b48  8fc10004	lw	r1,4(r30)
 1076  00001b4c  8fc20000	lw	r2,(r30)
 1077  00001b50  ac220000	sw	(r1),r2
 1078  00001b54          	L76_LF2:
 1079  00001b54  8fc10000	lw	r1,(r30)
 1080  00001b58  90220000	lbu	r2,(r1)
 1081  00001b5c  64410000	snei	r1,r2,#0
 1082  00001b60  14200010	bnez	r1,L77_LF2
 1083  00001b64  54000000	nop; delay slot nop
 1084  00001b68  8fc1fff4	lw	r1,-12(r30)
 1085  00001b6c  08000294	j	L72_LF2
 1086  00001b70  54000000	nop; delay slot nop
 1087  00001b74          	L77_LF2:
 1088  00001b74  8fc10000	lw	r1,(r30)
 1089  00001b78  90220000	lbu	r2,(r1)
 1090  00001b7c  6041002d	seqi	r1,r2,#45
 1091  00001b80  10200024	beqz	r1,L78_LF2
 1092  00001b84  54000000	nop; delay slot nop
 1093  00001b88  2001ffff	addi	r1,r0,#-1
 1094  00001b8c  afc1ffec	sw	-20(r30),r1
 1095  00001b90  8fc20000	lw	r2,(r30)
 1096  00001b94  20410001	addi	r1,r2,#1
 1097  00001b98  00011020	add	r2,r0,r1
 1098  00001b9c  afc20000	sw	(r30),r2
 1099  00001ba0  0800000c	j	L79_LF2
 1100  00001ba4  54000000	nop; delay slot nop
 1101  00001ba8          	L78_LF2:
 1102  00001ba8  20010001	addi	r1,r0,#1
 1103  00001bac  afc1ffec	sw	-20(r30),r1
 1104  00001bb0          	L79_LF2:
 1105  00001bb0  8fc10008	lw	r1,8(r30)
 1106  00001bb4  64220000	snei	r2,r1,#0
 1107  00001bb8  14400090	bnez	r2,L80_LF2
 1108  00001bbc  54000000	nop; delay slot nop
 1109  00001bc0  8fc10000	lw	r1,(r30)
 1110  00001bc4  90220000	lbu	r2,(r1)
 1111  00001bc8  60410030	seqi	r1,r2,#48
 1112  00001bcc  10200074	beqz	r1,L81_LF2
 1113  00001bd0  54000000	nop; delay slot nop
 1114  00001bd4  8fc20000	lw	r2,(r30)
 1115  00001bd8  20410001	addi	r1,r2,#1
 1116  00001bdc  00011020	add	r2,r0,r1
 1117  00001be0  afc20000	sw	(r30),r2
 1118  00001be4  8fc10000	lw	r1,(r30)
 1119  00001be8  90220000	lbu	r2,(r1)
 1120  00001bec  60410078	seqi	r1,r2,#120
 1121  00001bf0  14200020	bnez	r1,L83_LF2
 1122  00001bf4  54000000	nop; delay slot nop
 1123  00001bf8  8fc10000	lw	r1,(r30)
 1124  00001bfc  90220000	lbu	r2,(r1)
 1125  00001c00  60410058	seqi	r1,r2,#88
 1126  00001c04  1420000c	bnez	r1,L83_LF2
 1127  00001c08  54000000	nop; delay slot nop
 1128  00001c0c  08000024	j	L82_LF2
 1129  00001c10  54000000	nop; delay slot nop
 1130  00001c14          	L83_LF2:
 1131  00001c14  20010010	addi	r1,r0,#16
 1132  00001c18  afc10008	sw	8(r30),r1
 1133  00001c1c  8fc20000	lw	r2,(r30)
 1134  00001c20  20410001	addi	r1,r2,#1
 1135  00001c24  00011020	add	r2,r0,r1
 1136  00001c28  afc20000	sw	(r30),r2
 1137  00001c2c  0800000c	j	L84_LF2
 1138  00001c30  54000000	nop; delay slot nop
 1139  00001c34          	L82_LF2:
 1140  00001c34  20010008	addi	r1,r0,#8
 1141  00001c38  afc10008	sw	8(r30),r1
 1142  00001c3c          	L84_LF2:
 1143  00001c3c  0800000c	j	L80_LF2
 1144  00001c40  54000000	nop; delay slot nop
 1145  00001c44          	L81_LF2:
 1146  00001c44  2001000a	addi	r1,r0,#10
 1147  00001c48  afc10008	sw	8(r30),r1
 1148  00001c4c          	L85_LF2:
 1149  00001c4c          	L80_LF2:
 1150  00001c4c  8fc10008	lw	r1,8(r30)
 1151  00001c50  70220000	slei	r2,r1,#0
 1152  00001c54  1440001c	bnez	r2,L87_LF2
 1153  00001c58  54000000	nop; delay slot nop
 1154  00001c5c  8fc10008	lw	r1,8(r30)
 1155  00001c60  6c220010	sgti	r2,r1,#16
 1156  00001c64  1440000c	bnez	r2,L87_LF2
 1157  00001c68  54000000	nop; delay slot nop
 1158  00001c6c  08000010	j	L86_LF2
 1159  00001c70  54000000	nop; delay slot nop
 1160  00001c74          	L87_LF2:
 1161  00001c74  8fc1fff4	lw	r1,-12(r30)
 1162  00001c78  08000188	j	L72_LF2
 1163  00001c7c  54000000	nop; delay slot nop
 1164  00001c80          	L86_LF2:
 1165  00001c80  54000000	nop
 1166  00001c84          	L88_LF2:
 1167  00001c84  8fc10000	lw	r1,(r30)
 1168  00001c88  90220000	lbu	r2,(r1)
 1169  00001c8c  6c41002f	sgtui	r1,r2,#47
 1170  00001c90  10200030	beqz	r1,L91_LF2
 1171  00001c94  54000000	nop; delay slot nop
 1172  00001c98  8fc10000	lw	r1,(r30)
 1173  00001c9c  90220000	lbu	r2,(r1)
 1174  00001ca0  70410039	sleui	r1,r2,#57
 1175  00001ca4  1020001c	beqz	r1,L91_LF2
 1176  00001ca8  54000000	nop; delay slot nop
 1177  00001cac  8fc10000	lw	r1,(r30)
 1178  00001cb0  90220000	lbu	r2,(r1)
 1179  00001cb4  2041ffd0	addi	r1,r2,#-48
 1180  00001cb8  afc1fff0	sw	-16(r30),r1
 1181  00001cbc  0800008c	j	L92_LF2
 1182  00001cc0  54000000	nop; delay slot nop
 1183  00001cc4          	L91_LF2:
 1184  00001cc4  8fc10000	lw	r1,(r30)
 1185  00001cc8  90220000	lbu	r2,(r1)
 1186  00001ccc  6c410060	sgtui	r1,r2,#96
 1187  00001cd0  10200030	beqz	r1,L93_LF2
 1188  00001cd4  54000000	nop; delay slot nop
 1189  00001cd8  8fc10000	lw	r1,(r30)
 1190  00001cdc  90220000	lbu	r2,(r1)
 1191  00001ce0  7041007a	sleui	r1,r2,#122
 1192  00001ce4  1020001c	beqz	r1,L93_LF2
 1193  00001ce8  54000000	nop; delay slot nop
 1194  00001cec  8fc10000	lw	r1,(r30)
 1195  00001cf0  90220000	lbu	r2,(r1)
 1196  00001cf4  2041ffa9	addi	r1,r2,#-87
 1197  00001cf8  afc1fff0	sw	-16(r30),r1
 1198  00001cfc  0800004c	j	L92_LF2
 1199  00001d00  54000000	nop; delay slot nop
 1200  00001d04          	L93_LF2:
 1201  00001d04  8fc10000	lw	r1,(r30)
 1202  00001d08  90220000	lbu	r2,(r1)
 1203  00001d0c  6c410040	sgtui	r1,r2,#64
 1204  00001d10  10200030	beqz	r1,L95_LF2
 1205  00001d14  54000000	nop; delay slot nop
 1206  00001d18  8fc10000	lw	r1,(r30)
 1207  00001d1c  90220000	lbu	r2,(r1)
 1208  00001d20  7041005a	sleui	r1,r2,#90
 1209  00001d24  1020001c	beqz	r1,L95_LF2
 1210  00001d28  54000000	nop; delay slot nop
 1211  00001d2c  8fc10000	lw	r1,(r30)
 1212  00001d30  90220000	lbu	r2,(r1)
 1213  00001d34  2041ffc9	addi	r1,r2,#-55
 1214  00001d38  afc1fff0	sw	-16(r30),r1
 1215  00001d3c  0800000c	j	L92_LF2
 1216  00001d40  54000000	nop; delay slot nop
 1217  00001d44          	L95_LF2:
 1218  00001d44  200103e8	addi	r1,r0,#1000
 1219  00001d48  afc1fff0	sw	-16(r30),r1
 1220  00001d4c          	L96_LF2:
 1221  00001d4c          	L94_LF2:
 1222  00001d4c          	L92_LF2:
 1223  00001d4c  8fc1fff0	lw	r1,-16(r30)
 1224  00001d50  8fc20008	lw	r2,8(r30)
 1225  00001d54  0022082a	slt	r1,r1,r2
 1226  00001d58  10200040	beqz	r1,L90_LF2
 1227  00001d5c  54000000	nop; delay slot nop
 1228  00001d60  8fc1fff4	lw	r1,-12(r30)
 1229  00001d64  8fc20008	lw	r2,8(r30)
 1230  00001d68  00200035	movi2fp	f0,r1
 1231  00001d6c  00400835	movi2fp	f1,r2
 1232  00001d70  0401000e	mult	f0,f0,f1
 1233  00001d74  00000834	movfp2i	r1,f0
 1234  00001d78  afc1fff4	sw	-12(r30),r1
 1235  00001d7c  8fc1fff4	lw	r1,-12(r30)
 1236  00001d80  8fc2fff0	lw	r2,-16(r30)
 1237  00001d84  00220820	add	r1,r1,r2
 1238  00001d88  afc1fff4	sw	-12(r30),r1
 1239  00001d8c  8fc20000	lw	r2,(r30)
 1240  00001d90  20410001	addi	r1,r2,#1
 1241  00001d94  00011020	add	r2,r0,r1
 1242  00001d98  afc20000	sw	(r30),r2
 1243  00001d9c          	L97_LF2:
 1244  00001d9c          	L90_LF2:
 1245  00001d9c  8fc1fff0	lw	r1,-16(r30)
 1246  00001da0  8fc20008	lw	r2,8(r30)
 1247  00001da4  0022082a	slt	r1,r1,r2
 1248  00001da8  1420000c	bnez	r1,L98_LF2
 1249  00001dac  54000000	nop; delay slot nop
 1250  00001db0  0800000c	j	L89_LF2
 1251  00001db4  54000000	nop; delay slot nop
 1252  00001db8          	L98_LF2:
 1253  00001db8  0bfffec8	j	L88_LF2
 1254  00001dbc  54000000	nop; delay slot nop
 1255  00001dc0          	L89_LF2:
 1256  00001dc0  8fc10004	lw	r1,4(r30)
 1257  00001dc4  64220000	snei	r2,r1,#0
 1258  00001dc8  10400010	beqz	r2,L99_LF2
 1259  00001dcc  54000000	nop; delay slot nop
 1260  00001dd0  8fc10004	lw	r1,4(r30)
 1261  00001dd4  8fc20000	lw	r2,(r30)
 1262  00001dd8  ac220000	sw	(r1),r2
 1263  00001ddc          	L99_LF2:
 1264  00001ddc  8fc1fff4	lw	r1,-12(r30)
 1265  00001de0  8fc2ffec	lw	r2,-20(r30)
 1266  00001de4  00200035	movi2fp	f0,r1
 1267  00001de8  00400835	movi2fp	f1,r2
 1268  00001dec  0401000e	mult	f0,f0,f1
 1269  00001df0  00000834	movfp2i	r1,f0
 1270  00001df4  afc1fff4	sw	-12(r30),r1
 1271  00001df8  8fc1fff4	lw	r1,-12(r30)
 1272  00001dfc  08000004	j	L72_LF2
 1273  00001e00  54000000	nop; delay slot nop
 1274  00001e04          	L72_LF2:
 1275  00001e04  8fa20000	lw	r2,0(r29)
 1276  00001e08  8fdffff8	lw	r31,-8(r30)
 1277  00001e0c  001ee820	add	r29,r0,r30
 1278  00001e10  8fdefffc	lw	r30,-4(r30)
 1279  00001e14  4be00000	jr	r31
 1280  00001e18  54000000	nop
 1281  00001e1c          	.endproc _dstrtol
 1282  00001e1c          	.align 2
 1283  00001e1c          	.proc _bcopy
 1284  00001e1c          	.global _bcopy
 1285  00001e1c          	_bcopy:
 1286                      ;  Function 'bcopy'; 0 bytes of locals, 2 regs to save.
 1287  00001e1c  afbefffc	sw	-4(r29),r30; push fp
 1288  00001e20  001df020	add	r30,r0,r29; fp = sp
 1289  00001e24  afbffff8	sw	-8(r29),r31; push ret addr
 1290  00001e28  2fbd0010	subui	r29,r29,#16; alloc local storage
 1291  00001e2c  afa20000	sw	0(r29),r2
 1292  00001e30  afa30004	sw	4(r29),r3
 1293  00001e34  54000000	nop
 1294  00001e38          	L101_LF2:
 1295  00001e38  8fc10008	lw	r1,8(r30)
 1296  00001e3c  2022ffff	addi	r2,r1,#-1
 1297  00001e40  afc20008	sw	8(r30),r2
 1298  00001e44  6c210000	sgti	r1,r1,#0
 1299  00001e48  1420000c	bnez	r1,L103_LF2
 1300  00001e4c  54000000	nop; delay slot nop
 1301  00001e50  0800002c	j	L102_LF2
 1302  00001e54  54000000	nop; delay slot nop
 1303  00001e58          	L103_LF2:
 1304  00001e58  8fc10004	lw	r1,4(r30)
 1305  00001e5c  20220001	addi	r2,r1,#1
 1306  00001e60  afc20004	sw	4(r30),r2
 1307  00001e64  8fc20000	lw	r2,(r30)
 1308  00001e68  20430001	addi	r3,r2,#1
 1309  00001e6c  afc30000	sw	(r30),r3
 1310  00001e70  80420000	lb	r2,(r2)
 1311  00001e74  a0220000	sb	(r1),r2
 1312  00001e78  0bffffbc	j	L101_LF2
 1313  00001e7c  54000000	nop; delay slot nop
 1314  00001e80          	L102_LF2:
 1315  00001e80          	L100_LF2:
 1316  00001e80  8fa20000	lw	r2,0(r29)
 1317  00001e84  8fa30004	lw	r3,4(r29)
 1318  00001e88  8fdffff8	lw	r31,-8(r30)
 1319  00001e8c  001ee820	add	r29,r0,r30
 1320  00001e90  8fdefffc	lw	r30,-4(r30)
 1321  00001e94  4be00000	jr	r31
 1322  00001e98  54000000	nop
 1323  00001e9c          	.endproc _bcopy
 1324  00001e9c          	.align 2
 1325  00001e9c          	.proc _bzero
 1326  00001e9c          	.global _bzero
 1327  00001e9c          	_bzero:
 1328                      ;  Function 'bzero'; 0 bytes of locals, 1 regs to save.
 1329  00001e9c  afbefffc	sw	-4(r29),r30; push fp
 1330  00001ea0  001df020	add	r30,r0,r29; fp = sp
 1331  00001ea4  afbffff8	sw	-8(r29),r31; push ret addr
 1332  00001ea8  2fbd0010	subui	r29,r29,#16; alloc local storage
 1333  00001eac  afa20000	sw	0(r29),r2
 1334  00001eb0  54000000	nop
 1335  00001eb4          	L105_LF2:
 1336  00001eb4  8fc10004	lw	r1,4(r30)
 1337  00001eb8  2022ffff	addi	r2,r1,#-1
 1338  00001ebc  afc20004	sw	4(r30),r2
 1339  00001ec0  6c210000	sgti	r1,r1,#0
 1340  00001ec4  1420000c	bnez	r1,L107_LF2
 1341  00001ec8  54000000	nop; delay slot nop
 1342  00001ecc  08000020	j	L106_LF2
 1343  00001ed0  54000000	nop; delay slot nop
 1344  00001ed4          	L107_LF2:
 1345  00001ed4  8fc10000	lw	r1,(r30)
 1346  00001ed8  20220001	addi	r2,r1,#1
 1347  00001edc  afc20000	sw	(r30),r2
 1348  00001ee0  20020000	addi	r2,r0,(#0x0)&0xff
 1349  00001ee4  a0220000	sb	(r1),r2
 1350  00001ee8  0bffffc8	j	L105_LF2
 1351  00001eec  54000000	nop; delay slot nop
 1352  00001ef0          	L106_LF2:
 1353  00001ef0          	L104_LF2:
 1354  00001ef0  8fa20000	lw	r2,0(r29)
 1355  00001ef4  8fdffff8	lw	r31,-8(r30)
 1356  00001ef8  001ee820	add	r29,r0,r30
 1357  00001efc  8fdefffc	lw	r30,-4(r30)
 1358  00001f00  4be00000	jr	r31
 1359  00001f04  54000000	nop
 1360  00001f08          	.endproc _bzero
 1361  00001f08          	.align 2
 1362  00001f08          	.proc _min
 1363  00001f08          	.global _min
 1364  00001f08          	_min:
 1365                      ;  Function 'min'; 0 bytes of locals, 2 regs to save.
 1366  00001f08  afbefffc	sw	-4(r29),r30; push fp
 1367  00001f0c  001df020	add	r30,r0,r29; fp = sp
 1368  00001f10  afbffff8	sw	-8(r29),r31; push ret addr
 1369  00001f14  2fbd0010	subui	r29,r29,#16; alloc local storage
 1370  00001f18  afa20000	sw	0(r29),r2
 1371  00001f1c  afa30004	sw	4(r29),r3
 1372  00001f20  8fc10000	lw	r1,(r30)
 1373  00001f24  8fc20004	lw	r2,4(r30)
 1374  00001f28  0022182c	sle	r3,r1,r2
 1375  00001f2c  14600008	bnez	r3,L109_LF2
 1376  00001f30  54000000	nop; delay slot nop
 1377  00001f34  8fc10004	lw	r1,4(r30)
 1378  00001f38          	L109_LF2:
 1379  00001f38  08000004	j	L108_LF2
 1380  00001f3c  54000000	nop; delay slot nop
 1381  00001f40          	L108_LF2:
 1382  00001f40  8fa20000	lw	r2,0(r29)
 1383  00001f44  8fa30004	lw	r3,4(r29)
 1384  00001f48  8fdffff8	lw	r31,-8(r30)
 1385  00001f4c  001ee820	add	r29,r0,r30
 1386  00001f50  8fdefffc	lw	r30,-4(r30)
 1387  00001f54  4be00000	jr	r31
 1388  00001f58  54000000	nop
 1389  00001f5c          	.endproc _min
 1390  00001f5c          	.align 2
 1391  00001f5c          	.proc _max
 1392  00001f5c          	.global _max
 1393  00001f5c          	_max:
 1394                      ;  Function 'max'; 0 bytes of locals, 2 regs to save.
 1395  00001f5c  afbefffc	sw	-4(r29),r30; push fp
 1396  00001f60  001df020	add	r30,r0,r29; fp = sp
 1397  00001f64  afbffff8	sw	-8(r29),r31; push ret addr
 1398  00001f68  2fbd0010	subui	r29,r29,#16; alloc local storage
 1399  00001f6c  afa20000	sw	0(r29),r2
 1400  00001f70  afa30004	sw	4(r29),r3
 1401  00001f74  8fc10000	lw	r1,(r30)
 1402  00001f78  8fc20004	lw	r2,4(r30)
 1403  00001f7c  0022182d	sge	r3,r1,r2
 1404  00001f80  14600008	bnez	r3,L111_LF2
 1405  00001f84  54000000	nop; delay slot nop
 1406  00001f88  8fc10004	lw	r1,4(r30)
 1407  00001f8c          	L111_LF2:
 1408  00001f8c  08000004	j	L110_LF2
 1409  00001f90  54000000	nop; delay slot nop
 1410  00001f94          	L110_LF2:
 1411  00001f94  8fa20000	lw	r2,0(r29)
 1412  00001f98  8fa30004	lw	r3,4(r29)
 1413  00001f9c  8fdffff8	lw	r31,-8(r30)
 1414  00001fa0  001ee820	add	r29,r0,r30
 1415  00001fa4  8fdefffc	lw	r30,-4(r30)
 1416  00001fa8  4be00000	jr	r31
 1417  00001fac  54000000	nop
 1418  00001fb0          	.endproc _max
 1419                      ;;; Ethan L. Miller, 1999.  Released to the public domain
 1420                      ;;;
 1421                      ;;; Most of the traps are called in files from libtraps.
 1424  00001fb0          	.align 2
 1425  00001fb0          	.proc _exit
 1426  00001fb0          	.global _exit
 1427  00001fb0          	_exit:
 1428  00001fb0  44000300	trap	#0x300
 1429  00001fb4  4be00000	jr	r31
 1430  00001fb8  54000000	nop
 1431  00001fbc          	.endproc _exit
 1433                      ; for the benefit of gcc.
 1434  00001fbc          	.proc ___main
 1435  00001fbc          	.global ___main
 1436  00001fbc          	___main:
 1437  00001fbc  4be00000	jr	r31
 1438  00001fc0  54000000	nop
 1439  00001fc4          	.endproc ___main
 1440  00001fc4          	.text
 1441  00001fc4          	.global _etext
 1442  00001fc4          	_etext:
 1443  00001fc4          	.align 3
 1444  00001fc8          	.data
 1445  000020c3          	.global _edata
 1446  000020c3          	_edata:
