 line   address	contents
    1                      ; Linked by DLX-LD.
    2                      ; MemSize 20480
    3                      ; Data size: 343
    4                      ; Text size: 4048
    5                      ; Stack size: 8192
    6  00000000          	.text 0x1000
    7  00001000          	.data 0x2000
    8                      ; Compiled by GCC
   10  00002000          	.align 2
   11  00002000          	LC0_LF0:
   12  00002000  0a2d2d2d	.ascii "\n--------------------------------------------------------------------"
   12  00002004  2d2d2d2d	
   12  00002008  2d2d2d2d	
   12  0000200c  2d2d2d2d	
   12  00002010  2d2d2d2d	
   12  00002014  2d2d2d2d	
   12  00002018  2d2d2d2d	
   12  0000201c  2d2d2d2d	
   12  00002020  2d2d2d2d	
   12  00002024  2d2d2d2d	
   12  00002028  2d2d2d2d	
   12  0000202c  2d2d2d2d	
   12  00002030  2d2d2d2d	
   12  00002034  2d2d2d2d	
   12  00002038  2d2d2d2d	
   12  0000203c  2d2d2d2d	
   12  00002040  2d2d2d2d	
   12  00002044  2d      	
   13  00002045  2d2d2d2d	.ascii "-----------------\n\000"
   13  00002049  2d2d2d2d	
   13  0000204d  2d2d2d2d	
   13  00002051  2d2d2d2d	
   13  00002055  2d0a00  	
   14  00002058          	.align 2
   15  00002058          	LC1_LF0:
   16  00002058  696e7661	.ascii "invalid_page (%d): TEST #5: Access memory outside of currently allocat"
   16  0000205c  6c69645f	
   16  00002060  70616765	
   16  00002064  20282564	
   16  00002068  293a2054	
   16  0000206c  45535420	
   16  00002070  23353a20	
   16  00002074  41636365	
   16  00002078  7373206d	
   16  0000207c  656d6f72	
   16  00002080  79206f75	
   16  00002084  74736964	
   16  00002088  65206f66	
   16  0000208c  20637572	
   16  00002090  72656e74	
   16  00002094  6c792061	
   16  00002098  6c6c6f63	
   16  0000209c  6174    	
   17  0000209e  65642070	.ascii "ed pages\n\000"
   17  000020a2  61676573	
   17  000020a6  0a00    	
   18  000020a8          	.align 2
   19  000020a8          	LC2_LF0:
   20  000020a8  41747465	.ascii "Attempting to access address 0x000EFFFC (outside of currently allocate"
   20  000020ac  6d707469	
   20  000020b0  6e672074	
   20  000020b4  6f206163	
   20  000020b8  63657373	
   20  000020bc  20616464	
   20  000020c0  72657373	
   20  000020c4  20307830	
   20  000020c8  30304546	
   20  000020cc  46464320	
   20  000020d0  286f7574	
   20  000020d4  73696465	
   20  000020d8  206f6620	
   20  000020dc  63757272	
   20  000020e0  656e746c	
   20  000020e4  7920616c	
   20  000020e8  6c6f6361	
   20  000020ec  7465    	
   21  000020ee  64207061	.ascii "d pages)\n\000"
   21  000020f2  67657329	
   21  000020f6  0a00    	
   22  000020f8          	.align 2
   23  000020f8          	LC3_LF0:
   24  000020f8  53686f75	.ascii "Should kill process and exit simulator (since no more processes exist)"
   24  000020fc  6c64206b	
   24  00002100  696c6c20	
   24  00002104  70726f63	
   24  00002108  65737320	
   24  0000210c  616e6420	
   24  00002110  65786974	
   24  00002114  2073696d	
   24  00002118  756c6174	
   24  0000211c  6f722028	
   24  00002120  73696e63	
   24  00002124  65206e6f	
   24  00002128  206d6f72	
   24  0000212c  65207072	
   24  00002130  6f636573	
   24  00002134  73657320	
   24  00002138  65786973	
   24  0000213c  7429    	
   25  0000213e  0a00    	.ascii "\n\000"
   26  00002140          	.align 2
   27  00002140          	LC4_LF0:
   28  00002140  49207368	.ascii "I shouldn\'t get here!\n\000"
   28  00002144  6f756c64	
   28  00002148  6e277420	
   28  0000214c  67657420	
   28  00002150  68657265	
   28  00002154  210a00  	
   29  00002157          	.text
   30  00001000          	.align 2
   31  00001000          	.proc _main
   32  00001000          	.global _main
   33  00001000          	_main:
   34                      ;  Function 'main'; 0 bytes of locals, 0 regs to save.
   35  00001000  afbefffc	sw	-4(r29),r30; push fp
   36  00001004  001df020	add	r30,r0,r29; fp = sp
   37  00001008  afbffff8	sw	-8(r29),r31; push ret addr
   38  0000100c  2fbd0008	subui	r29,r29,#8; alloc local storage
   39  00001010  0c000fb4	jal	___main
   40  00001014  54000000	nop; not filled.
   41  00001018  23bdfff8	addi	r29,r29,#-8
   42  0000101c  3c020000	lhi	r2,((LC0_LF0)>>16)&0xffff
   43  00001020  24422000	addui	r2,r2,(LC0_LF0)&0xffff
   44  00001024  afa20000	sw	(r29),r2
   45  00001028  0c0000c4	jal	_Printf
   46  0000102c  54000000	nop; not filled.
   47  00001030  0c0000c8	jal	_getpid
   48  00001034  54000000	nop; not filled.
   49  00001038  3c020000	lhi	r2,((LC1_LF0)>>16)&0xffff
   50  0000103c  24422058	addui	r2,r2,(LC1_LF0)&0xffff
   51  00001040  afa20000	sw	(r29),r2
   52  00001044  afa10004	sw	4(r29),r1
   53  00001048  0c0000a4	jal	_Printf
   54  0000104c  54000000	nop; not filled.
   55  00001050  3c020000	lhi	r2,((LC2_LF0)>>16)&0xffff
   56  00001054  244220a8	addui	r2,r2,(LC2_LF0)&0xffff
   57  00001058  afa20000	sw	(r29),r2
   58  0000105c  0c000090	jal	_Printf
   59  00001060  54000000	nop; not filled.
   60  00001064  3c020000	lhi	r2,((LC3_LF0)>>16)&0xffff
   61  00001068  244220f8	addui	r2,r2,(LC3_LF0)&0xffff
   62  0000106c  afa20000	sw	(r29),r2
   63  00001070  0c00007c	jal	_Printf
   64  00001074  54000000	nop; not filled.
   65  00001078  3c01000e	lhi	r1,#14
   66  0000107c  2421fffc	addui	r1,r1,#65532
   67  00001080  20020005	addi	r2,r0,#5
   68  00001084  ac220000	sw	(r1),r2
   69  00001088  3c020000	lhi	r2,((LC4_LF0)>>16)&0xffff
   70  0000108c  24422140	addui	r2,r2,(LC4_LF0)&0xffff
   71  00001090  afa20000	sw	(r29),r2
   72  00001094  0c000058	jal	_Printf
   73  00001098  54000000	nop; not filled.
   74  0000109c  23bd0008	addi	r29,r29,#8
   75  000010a0  0c000f18	jal	_exit
   76  000010a4  54000000	nop
   77  000010a8          	.endproc _main
   78                      ;;;
   79                      ;;; Stub functions for DLX traps.
   80                      ;;;
   81                      ;;; Ethan L. Miller, 1999.  Released to the public domain.
   82                      ;;;
   83                      ;;; The traps such as Open and Close
   84                      ;;; (note the capital letters) are for use by user programs.  The traps
   85                      ;;; with names such as open and close (lower case) are for use by the OS.
   86                      ;;;
   89  000010a8          	.align 2
   91                      ;;; The following are the traps to be used by user-level programs
   92                      ;;;
   94  000010a8          	.align 2
   95  000010a8          	.proc _Open
   96  000010a8          	.global _Open
   97  000010a8          	_Open:
   98                      ;;; Note that trap #0x213 actually causes a trap vector in the OS of
   99                      ;;; 0x1213.  The same is true for other user traps.  Thus, a user trap
  100                      ;;; with trap #0x240 will result in a trap vector of 0x1240 in the OS.
  101  000010a8  44000213	trap	#0x213
  102  000010ac  4be00000	jr	r31
  103  000010b0  54000000	nop
  104  000010b4          	.endproc _Open
  106  000010b4          	.proc _Close
  107  000010b4          	.global _Close
  108  000010b4          	_Close:
  109  000010b4  44000214	trap	#0x214
  110  000010b8  4be00000	jr	r31
  111  000010bc  54000000	nop
  112  000010c0          	.endproc _Close
  114  000010c0          	.proc _Read
  115  000010c0          	.global _Read
  116  000010c0          	_Read:
  117  000010c0  44000210	trap	#0x210
  118  000010c4  4be00000	jr	r31
  119  000010c8  54000000	nop
  120  000010cc          	.endproc _Read
  122  000010cc          	.proc _Write
  123  000010cc          	.global _Write
  124  000010cc          	_Write:
  125  000010cc  44000211	trap	#0x211
  126  000010d0  4be00000	jr	r31
  127  000010d4  54000000	nop
  128  000010d8          	.endproc _Write
  130  000010d8          	.proc _Lseek
  131  000010d8          	.global _Lseek
  132  000010d8          	_Lseek:
  133  000010d8  44000212	trap	#0x212
  134  000010dc  4be00000	jr	r31
  135  000010e0  54000000	nop
  136  000010e4          	.endproc _Lseek
  138  000010e4          	.proc _Putchar
  139  000010e4          	.global _Putchar
  140  000010e4          	_Putchar:
  141  000010e4  44000280	trap	#0x280
  142  000010e8  4be00000	jr	r31
  143  000010ec  54000000	nop
  144  000010f0          	.endproc _Putchar
  146  000010f0          	.proc _Printf
  147  000010f0          	.global _Printf
  148  000010f0          	_Printf:
  149  000010f0  44000201	trap	#0x201
  150  000010f4  4be00000	jr	r31
  151  000010f8  54000000	nop
  152  000010fc          	.endproc _Printf
  154  000010fc          	.proc _getpid
  155  000010fc          	.global _getpid
  156  000010fc          	_getpid:
  157  000010fc  44000431	trap	#0x431
  158  00001100  4be00000	jr	r31
  159  00001104  54000000	nop
  160  00001108          	.endproc _getpid
  162  00001108          	.proc _process_create
  163  00001108          	.global _process_create
  164  00001108          	_process_create:
  165  00001108  44000432	trap	#0x432
  166  0000110c  4be00000	jr	r31
  167  00001110  54000000	nop
  168  00001114          	.endproc _process_create
  170  00001114          	.proc _shmget
  171  00001114          	.global _shmget
  172  00001114          	_shmget:
  173  00001114  44000440	trap	#0x440
  174  00001118  4be00000	jr	r31
  175  0000111c  54000000	nop
  176  00001120          	.endproc _shmget
  178  00001120          	.proc _shmat
  179  00001120          	.global _shmat
  180  00001120          	_shmat:
  181  00001120  44000441	trap	#0x441
  182  00001124  4be00000	jr	r31
  183  00001128  54000000	nop
  184  0000112c          	.endproc _shmat
  186  0000112c          	.proc _shmdt
  187  0000112c          	.global _shmdt
  188  0000112c          	_shmdt:
  189  0000112c  44000442	trap	#0x442
  190  00001130  4be00000	jr	r31
  191  00001134  54000000	nop
  192  00001138          	.endproc _shmdt
  194  00001138          	.proc _shmrm
  195  00001138          	.global _shmrm
  196  00001138          	_shmrm:
  197  00001138  44000443	trap	#0x443
  198  0000113c  4be00000	jr	r31
  199  00001140  54000000	nop
  200  00001144          	.endproc _shmrm
  202  00001144          	.proc _sem_create
  203  00001144          	.global _sem_create
  204  00001144          	_sem_create:
  205  00001144  44000450	trap	#0x450
  206  00001148  4be00000	jr	r31
  207  0000114c  54000000	nop
  208  00001150          	.endproc _sem_create
  210  00001150          	.proc _sem_wait
  211  00001150          	.global _sem_wait
  212  00001150          	_sem_wait:
  213  00001150  44000451	trap	#0x451
  214  00001154  4be00000	jr	r31
  215  00001158  54000000	nop
  216  0000115c          	.endproc _sem_wait
  218  0000115c          	.proc _sem_signal
  219  0000115c          	.global _sem_signal
  220  0000115c          	_sem_signal:
  221  0000115c  44000452	trap	#0x452
  222  00001160  4be00000	jr	r31
  223  00001164  54000000	nop
  224  00001168          	.endproc _sem_signal
  226  00001168          	.proc _lock_create
  227  00001168          	.global _lock_create
  228  00001168          	_lock_create:
  229  00001168  44000453	trap	#0x453
  230  0000116c  4be00000	jr	r31
  231  00001170  54000000	nop
  232  00001174          	.endproc _lock_create
  234  00001174          	.proc _lock_acquire
  235  00001174          	.global _lock_acquire
  236  00001174          	_lock_acquire:
  237  00001174  44000454	trap	#0x454
  238  00001178  4be00000	jr	r31
  239  0000117c  54000000	nop
  240  00001180          	.endproc _lock_acquire
  242  00001180          	.proc _lock_release
  243  00001180          	.global _lock_release
  244  00001180          	_lock_release:
  245  00001180  44000455	trap	#0x455
  246  00001184  4be00000	jr	r31
  247  00001188  54000000	nop
  248  0000118c          	.endproc _lock_release
  250  0000118c          	.proc _cond_create
  251  0000118c          	.global _cond_create
  252  0000118c          	_cond_create:
  253  0000118c  44000456	trap	#0x456
  254  00001190  4be00000	jr	r31
  255  00001194  54000000	nop
  256  00001198          	.endproc _cond_create
  258  00001198          	.proc _cond_wait
  259  00001198          	.global _cond_wait
  260  00001198          	_cond_wait:
  261  00001198  44000457	trap	#0x457
  262  0000119c  4be00000	jr	r31
  263  000011a0  54000000	nop
  264  000011a4          	.endproc _cond_wait
  266  000011a4          	.proc _cond_signal
  267  000011a4          	.global _cond_signal
  268  000011a4          	_cond_signal:
  269  000011a4  44000458	trap	#0x458
  270  000011a8  4be00000	jr	r31
  271  000011ac  54000000	nop
  272  000011b0          	.endproc _cond_signal
  274  000011b0          	.proc _cond_broadcast
  275  000011b0          	.global _cond_broadcast
  276  000011b0          	_cond_broadcast:
  277  000011b0  44000459	trap	#0x459
  278  000011b4  4be00000	jr	r31
  279  000011b8  54000000	nop
  280  000011bc          	.endproc _cond_broadcast
  282  000011bc          	.proc _mbox_create
  283  000011bc          	.global _mbox_create
  284  000011bc          	_mbox_create:
  285  000011bc  44000460	trap	#0x460
  286  000011c0  4be00000	jr	r31
  287  000011c4  54000000	nop
  288  000011c8          	.endproc _mbox_create
  290  000011c8          	.proc _mbox_open
  291  000011c8          	.global _mbox_open
  292  000011c8          	_mbox_open:
  293  000011c8  44000461	trap	#0x461
  294  000011cc  4be00000	jr	r31
  295  000011d0  54000000	nop
  296  000011d4          	.endproc _mbox_open
  298  000011d4          	.proc _mbox_close
  299  000011d4          	.global _mbox_close
  300  000011d4          	_mbox_close:
  301  000011d4  44000462	trap	#0x462
  302  000011d8  4be00000	jr	r31
  303  000011dc  54000000	nop
  304  000011e0          	.endproc _mbox_close
  306  000011e0          	.proc _mbox_send
  307  000011e0          	.global _mbox_send
  308  000011e0          	_mbox_send:
  309  000011e0  44000463	trap	#0x463
  310  000011e4  4be00000	jr	r31
  311  000011e8  54000000	nop
  312  000011ec          	.endproc _mbox_send
  314  000011ec          	.proc _mbox_recv
  315  000011ec          	.global _mbox_recv
  316  000011ec          	_mbox_recv:
  317  000011ec  44000464	trap	#0x464
  318  000011f0  4be00000	jr	r31
  319  000011f4  54000000	nop
  320  000011f8          	.endproc _mbox_recv
  322  000011f8          	.proc _sleep
  323  000011f8          	.global _sleep
  324  000011f8          	_sleep:
  325  000011f8  44000465	trap	#0x465
  326  000011fc  4be00000	jr	r31
  327  00001200  54000000	nop
  328  00001204          	.endproc _sleep
  330  00001204          	.proc _yield
  331  00001204          	.global _yield
  332  00001204          	_yield:
  333  00001204  44000466	trap	#0x466
  334  00001208  4be00000	jr	r31
  335  0000120c  54000000	nop
  336  00001210          	.endproc _yield
  339  00001210          	.proc _Exit
  340  00001210          	.global _Exit
  341  00001210          	_Exit:
  342  00001210  44000500	trap	#0x500
  343  00001214  4be00000	jr	r31
  344  00001218  54000000	nop
  345  0000121c          	.endproc _Exit
  348  0000121c          	.proc _malloc
  349  0000121c          	.global _malloc
  350  0000121c          	_malloc:
  351  0000121c  44000467	trap	#0x467
  352  00001220  4be00000	jr	r31
  353  00001224          	.endproc _malloc
  356  00001224          	.proc _mfree
  357  00001224          	.global _mfree
  358  00001224          	_mfree:
  359  00001224  44000468	trap	#0x468
  360  00001228  4be00000	jr	r31
  361  0000122c          	.endproc _mfree
  362                      ; Compiled by GCC
  364  0000122c          	.align 2
  365  0000122c          	.proc _isspace
  366  0000122c          	.global _isspace
  367  0000122c          	_isspace:
  368                      ;  Function 'isspace'; 0 bytes of locals, 3 regs to save.
  369  0000122c  afbefffc	sw	-4(r29),r30; push fp
  370  00001230  001df020	add	r30,r0,r29; fp = sp
  371  00001234  afbffff8	sw	-8(r29),r31; push ret addr
  372  00001238  2fbd0018	subui	r29,r29,#24; alloc local storage
  373  0000123c  afa20000	sw	0(r29),r2
  374  00001240  afa30004	sw	4(r29),r3
  375  00001244  afa40008	sw	8(r29),r4
  376  00001248  83c20003	lb	r2,3(r30)
  377  0000124c  20010000	addi	r1,r0,#0
  378  00001250  304300ff	andi	r3,r2,#0x00ff
  379  00001254  60640020	seqi	r4,r3,#32
  380  00001258  1480002c	bnez	r4,L3_LF2
  381  0000125c  54000000	nop; delay slot nop
  382  00001260  304300ff	andi	r3,r2,#0x00ff
  383  00001264  60640009	seqi	r4,r3,#9
  384  00001268  1480001c	bnez	r4,L3_LF2
  385  0000126c  54000000	nop; delay slot nop
  386  00001270  304300ff	andi	r3,r2,#0x00ff
  387  00001274  6064000a	seqi	r4,r3,#10
  388  00001278  1480000c	bnez	r4,L3_LF2
  389  0000127c  54000000	nop; delay slot nop
  390  00001280  08000008	j	L2_LF2
  391  00001284  54000000	nop; delay slot nop
  392  00001288          	L3_LF2:
  393  00001288  20010001	addi	r1,r0,#1
  394  0000128c          	L2_LF2:
  395  0000128c  08000004	j	L1_LF2
  396  00001290  54000000	nop; delay slot nop
  397  00001294          	L1_LF2:
  398  00001294  8fa20000	lw	r2,0(r29)
  399  00001298  8fa30004	lw	r3,4(r29)
  400  0000129c  8fa40008	lw	r4,8(r29)
  401  000012a0  8fdffff8	lw	r31,-8(r30)
  402  000012a4  001ee820	add	r29,r0,r30
  403  000012a8  8fdefffc	lw	r30,-4(r30)
  404  000012ac  4be00000	jr	r31
  405  000012b0  54000000	nop
  406  000012b4          	.endproc _isspace
  407  000012b4          	.align 2
  408  000012b4          	.proc _isxdigit
  409  000012b4          	.global _isxdigit
  410  000012b4          	_isxdigit:
  411                      ;  Function 'isxdigit'; 0 bytes of locals, 3 regs to save.
  412  000012b4  afbefffc	sw	-4(r29),r30; push fp
  413  000012b8  001df020	add	r30,r0,r29; fp = sp
  414  000012bc  afbffff8	sw	-8(r29),r31; push ret addr
  415  000012c0  2fbd0018	subui	r29,r29,#24; alloc local storage
  416  000012c4  afa20000	sw	0(r29),r2
  417  000012c8  afa30004	sw	4(r29),r3
  418  000012cc  afa40008	sw	8(r29),r4
  419  000012d0  83c20003	lb	r2,3(r30)
  420  000012d4  20010000	addi	r1,r0,#0
  421  000012d8  304300ff	andi	r3,r2,#0x00ff
  422  000012dc  6c64002f	sgtui	r4,r3,#47
  423  000012e0  1080001c	beqz	r4,L7_LF2
  424  000012e4  54000000	nop; delay slot nop
  425  000012e8  304300ff	andi	r3,r2,#0x00ff
  426  000012ec  70640039	sleui	r4,r3,#57
  427  000012f0  1480005c	bnez	r4,L6_LF2
  428  000012f4  54000000	nop; delay slot nop
  429  000012f8  08000004	j	L7_LF2
  430  000012fc  54000000	nop; delay slot nop
  431  00001300          	L7_LF2:
  432  00001300  304300ff	andi	r3,r2,#0x00ff
  433  00001304  6c640060	sgtui	r4,r3,#96
  434  00001308  1080001c	beqz	r4,L8_LF2
  435  0000130c  54000000	nop; delay slot nop
  436  00001310  304300ff	andi	r3,r2,#0x00ff
  437  00001314  70640066	sleui	r4,r3,#102
  438  00001318  14800034	bnez	r4,L6_LF2
  439  0000131c  54000000	nop; delay slot nop
  440  00001320  08000004	j	L8_LF2
  441  00001324  54000000	nop; delay slot nop
  442  00001328          	L8_LF2:
  443  00001328  304300ff	andi	r3,r2,#0x00ff
  444  0000132c  6c640040	sgtui	r4,r3,#64
  445  00001330  10800020	beqz	r4,L5_LF2
  446  00001334  54000000	nop; delay slot nop
  447  00001338  304300ff	andi	r3,r2,#0x00ff
  448  0000133c  70640041	sleui	r4,r3,#65
  449  00001340  1480000c	bnez	r4,L6_LF2
  450  00001344  54000000	nop; delay slot nop
  451  00001348  08000008	j	L5_LF2
  452  0000134c  54000000	nop; delay slot nop
  453  00001350          	L6_LF2:
  454  00001350  20010001	addi	r1,r0,#1
  455  00001354          	L5_LF2:
  456  00001354  08000004	j	L4_LF2
  457  00001358  54000000	nop; delay slot nop
  458  0000135c          	L4_LF2:
  459  0000135c  8fa20000	lw	r2,0(r29)
  460  00001360  8fa30004	lw	r3,4(r29)
  461  00001364  8fa40008	lw	r4,8(r29)
  462  00001368  8fdffff8	lw	r31,-8(r30)
  463  0000136c  001ee820	add	r29,r0,r30
  464  00001370  8fdefffc	lw	r30,-4(r30)
  465  00001374  4be00000	jr	r31
  466  00001378  54000000	nop
  467  0000137c          	.endproc _isxdigit
  468  0000137c          	.align 2
  469  0000137c          	.proc _dstrcpy
  470  0000137c          	.global _dstrcpy
  471  0000137c          	_dstrcpy:
  472                      ;  Function 'dstrcpy'; 8 bytes of locals, 2 regs to save.
  473  0000137c  afbefffc	sw	-4(r29),r30; push fp
  474  00001380  001df020	add	r30,r0,r29; fp = sp
  475  00001384  afbffff8	sw	-8(r29),r31; push ret addr
  476  00001388  2fbd0018	subui	r29,r29,#24; alloc local storage
  477  0000138c  afa20000	sw	0(r29),r2
  478  00001390  afa30004	sw	4(r29),r3
  479  00001394  8fc10000	lw	r1,(r30)
  480  00001398  afc1fff4	sw	-12(r30),r1
  481  0000139c          	L10_LF2:
  482  0000139c  8fc10000	lw	r1,(r30)
  483  000013a0  20220001	addi	r2,r1,#1
  484  000013a4  afc20000	sw	(r30),r2
  485  000013a8  8fc20004	lw	r2,4(r30)
  486  000013ac  20430001	addi	r3,r2,#1
  487  000013b0  afc30004	sw	4(r30),r3
  488  000013b4  80420000	lb	r2,(r2)
  489  000013b8  a0220000	sb	(r1),r2
  490  000013bc  a3c2fff3	sb	-13(r30),r2
  491  000013c0          	L12_LF2:
  492  000013c0  93c1fff3	lbu	r1,-13(r30)
  493  000013c4  64220000	snei	r2,r1,#0
  494  000013c8  1440000c	bnez	r2,L13_LF2
  495  000013cc  54000000	nop; delay slot nop
  496  000013d0  0800000c	j	L11_LF2
  497  000013d4  54000000	nop; delay slot nop
  498  000013d8          	L13_LF2:
  499  000013d8  0bffffc0	j	L10_LF2
  500  000013dc  54000000	nop; delay slot nop
  501  000013e0          	L11_LF2:
  502  000013e0  8fc1fff4	lw	r1,-12(r30)
  503  000013e4  08000004	j	L9_LF2
  504  000013e8  54000000	nop; delay slot nop
  505  000013ec          	L9_LF2:
  506  000013ec  8fa20000	lw	r2,0(r29)
  507  000013f0  8fa30004	lw	r3,4(r29)
  508  000013f4  8fdffff8	lw	r31,-8(r30)
  509  000013f8  001ee820	add	r29,r0,r30
  510  000013fc  8fdefffc	lw	r30,-4(r30)
  511  00001400  4be00000	jr	r31
  512  00001404  54000000	nop
  513  00001408          	.endproc _dstrcpy
  514  00001408          	.align 2
  515  00001408          	.proc _dstrncpy
  516  00001408          	.global _dstrncpy
  517  00001408          	_dstrncpy:
  518                      ;  Function 'dstrncpy'; 8 bytes of locals, 2 regs to save.
  519  00001408  afbefffc	sw	-4(r29),r30; push fp
  520  0000140c  001df020	add	r30,r0,r29; fp = sp
  521  00001410  afbffff8	sw	-8(r29),r31; push ret addr
  522  00001414  2fbd0018	subui	r29,r29,#24; alloc local storage
  523  00001418  afa20000	sw	0(r29),r2
  524  0000141c  afa30004	sw	4(r29),r3
  525  00001420  8fc10000	lw	r1,(r30)
  526  00001424  afc1fff4	sw	-12(r30),r1
  527  00001428          	L15_LF2:
  528  00001428  8fc10008	lw	r1,8(r30)
  529  0000142c  2022ffff	addi	r2,r1,#-1
  530  00001430  afc20008	sw	8(r30),r2
  531  00001434  70210000	slei	r1,r1,#0
  532  00001438  1020000c	beqz	r1,L18_LF2
  533  0000143c  54000000	nop; delay slot nop
  534  00001440  08000048	j	L16_LF2
  535  00001444  54000000	nop; delay slot nop
  536  00001448          	L18_LF2:
  537  00001448  8fc10000	lw	r1,(r30)
  538  0000144c  20220001	addi	r2,r1,#1
  539  00001450  afc20000	sw	(r30),r2
  540  00001454  8fc20004	lw	r2,4(r30)
  541  00001458  20430001	addi	r3,r2,#1
  542  0000145c  afc30004	sw	4(r30),r3
  543  00001460  80420000	lb	r2,(r2)
  544  00001464  a0220000	sb	(r1),r2
  545  00001468  a3c2fff3	sb	-13(r30),r2
  546  0000146c          	L17_LF2:
  547  0000146c  93c1fff3	lbu	r1,-13(r30)
  548  00001470  64220000	snei	r2,r1,#0
  549  00001474  1440000c	bnez	r2,L19_LF2
  550  00001478  54000000	nop; delay slot nop
  551  0000147c  0800000c	j	L16_LF2
  552  00001480  54000000	nop; delay slot nop
  553  00001484          	L19_LF2:
  554  00001484  0bffffa0	j	L15_LF2
  555  00001488  54000000	nop; delay slot nop
  556  0000148c          	L16_LF2:
  557  0000148c  8fc1fff4	lw	r1,-12(r30)
  558  00001490  08000004	j	L14_LF2
  559  00001494  54000000	nop; delay slot nop
  560  00001498          	L14_LF2:
  561  00001498  8fa20000	lw	r2,0(r29)
  562  0000149c  8fa30004	lw	r3,4(r29)
  563  000014a0  8fdffff8	lw	r31,-8(r30)
  564  000014a4  001ee820	add	r29,r0,r30
  565  000014a8  8fdefffc	lw	r30,-4(r30)
  566  000014ac  4be00000	jr	r31
  567  000014b0  54000000	nop
  568  000014b4          	.endproc _dstrncpy
  569  000014b4          	.align 2
  570  000014b4          	.proc _dstrcat
  571  000014b4          	.global _dstrcat
  572  000014b4          	_dstrcat:
  573                      ;  Function 'dstrcat'; 8 bytes of locals, 1 regs to save.
  574  000014b4  afbefffc	sw	-4(r29),r30; push fp
  575  000014b8  001df020	add	r30,r0,r29; fp = sp
  576  000014bc  afbffff8	sw	-8(r29),r31; push ret addr
  577  000014c0  2fbd0018	subui	r29,r29,#24; alloc local storage
  578  000014c4  afa20000	sw	0(r29),r2
  579  000014c8  8fc10000	lw	r1,(r30)
  580  000014cc  afc1fff4	sw	-12(r30),r1
  581  000014d0          	L21_LF2:
  582  000014d0  8fc10000	lw	r1,(r30)
  583  000014d4  90220000	lbu	r2,(r1)
  584  000014d8  64410000	snei	r1,r2,#0
  585  000014dc  1420000c	bnez	r1,L23_LF2
  586  000014e0  54000000	nop; delay slot nop
  587  000014e4  0800001c	j	L22_LF2
  588  000014e8  54000000	nop; delay slot nop
  589  000014ec          	L23_LF2:
  590  000014ec  8fc20000	lw	r2,(r30)
  591  000014f0  20410001	addi	r1,r2,#1
  592  000014f4  00011020	add	r2,r0,r1
  593  000014f8  afc20000	sw	(r30),r2
  594  000014fc  0bffffd0	j	L21_LF2
  595  00001500  54000000	nop; delay slot nop
  596  00001504          	L22_LF2:
  597  00001504  23bdfff8	addi	r29,r29,#-8
  598  00001508  001d0820	add	r1,r0,r29
  599  0000150c  8fc20000	lw	r2,(r30)
  600  00001510  ac220000	sw	(r1),r2
  601  00001514  8fc20004	lw	r2,4(r30)
  602  00001518  ac220004	sw	4(r1),r2
  603  0000151c  0ffffe5c	jal	_dstrcpy
  604  00001520  54000000	nop; delay slot nop
  605  00001524  23bd0008	addi	r29,r29,#8
  606  00001528  8fc1fff4	lw	r1,-12(r30)
  607  0000152c  08000004	j	L20_LF2
  608  00001530  54000000	nop; delay slot nop
  609  00001534          	L20_LF2:
  610  00001534  8fa20000	lw	r2,0(r29)
  611  00001538  8fdffff8	lw	r31,-8(r30)
  612  0000153c  001ee820	add	r29,r0,r30
  613  00001540  8fdefffc	lw	r30,-4(r30)
  614  00001544  4be00000	jr	r31
  615  00001548  54000000	nop
  616  0000154c          	.endproc _dstrcat
  617  0000154c          	.align 2
  618  0000154c          	.proc _dstrncmp
  619  0000154c          	.global _dstrncmp
  620  0000154c          	_dstrncmp:
  621                      ;  Function 'dstrncmp'; 8 bytes of locals, 2 regs to save.
  622  0000154c  afbefffc	sw	-4(r29),r30; push fp
  623  00001550  001df020	add	r30,r0,r29; fp = sp
  624  00001554  afbffff8	sw	-8(r29),r31; push ret addr
  625  00001558  2fbd0018	subui	r29,r29,#24; alloc local storage
  626  0000155c  afa20000	sw	0(r29),r2
  627  00001560  afa30004	sw	4(r29),r3
  628  00001564  54000000	nop
  629  00001568  20010000	addi	r1,r0,#0
  630  0000156c  afc1fff4	sw	-12(r30),r1
  631  00001570          	L25_LF2:
  632  00001570  8fc1fff4	lw	r1,-12(r30)
  633  00001574  8fc20008	lw	r2,8(r30)
  634  00001578  0022082a	slt	r1,r1,r2
  635  0000157c  1420000c	bnez	r1,L28_LF2
  636  00001580  54000000	nop; delay slot nop
  637  00001584  08000088	j	L26_LF2
  638  00001588  54000000	nop; delay slot nop
  639  0000158c          	L28_LF2:
  640  0000158c  8fc10004	lw	r1,4(r30)
  641  00001590  90220000	lbu	r2,(r1)
  642  00001594  64410000	snei	r1,r2,#0
  643  00001598  14200018	bnez	r1,L29_LF2
  644  0000159c  54000000	nop; delay slot nop
  645  000015a0  20010000	addi	r1,r0,#0
  646  000015a4  080000d8	j	L24_LF2
  647  000015a8  54000000	nop; delay slot nop
  648  000015ac  08000028	j	L30_LF2
  649  000015b0  54000000	nop; delay slot nop
  650  000015b4          	L29_LF2:
  651  000015b4  8fc10000	lw	r1,(r30)
  652  000015b8  8fc20004	lw	r2,4(r30)
  653  000015bc  90210000	lbu	r1,(r1)
  654  000015c0  90420000	lbu	r2,(r2)
  655  000015c4  00220829	sne	r1,r1,r2
  656  000015c8  1020000c	beqz	r1,L30_LF2
  657  000015cc  54000000	nop; delay slot nop
  658  000015d0  0800003c	j	L26_LF2
  659  000015d4  54000000	nop; delay slot nop
  660  000015d8          	L31_LF2:
  661  000015d8          	L30_LF2:
  662  000015d8  8fc20000	lw	r2,(r30)
  663  000015dc  20410001	addi	r1,r2,#1
  664  000015e0  00011020	add	r2,r0,r1
  665  000015e4  afc20000	sw	(r30),r2
  666  000015e8  8fc20004	lw	r2,4(r30)
  667  000015ec  20410001	addi	r1,r2,#1
  668  000015f0  00011020	add	r2,r0,r1
  669  000015f4  afc20004	sw	4(r30),r2
  670  000015f8          	L27_LF2:
  671  000015f8  8fc2fff4	lw	r2,-12(r30)
  672  000015fc  20410001	addi	r1,r2,#1
  673  00001600  00011020	add	r2,r0,r1
  674  00001604  afc2fff4	sw	-12(r30),r2
  675  00001608  0bffff64	j	L25_LF2
  676  0000160c  54000000	nop; delay slot nop
  677  00001610          	L26_LF2:
  678  00001610  8fc1fff4	lw	r1,-12(r30)
  679  00001614  8fc20008	lw	r2,8(r30)
  680  00001618  00220828	seq	r1,r1,r2
  681  0000161c  10200018	beqz	r1,L32_LF2
  682  00001620  54000000	nop; delay slot nop
  683  00001624  20010000	addi	r1,r0,#0
  684  00001628  08000054	j	L24_LF2
  685  0000162c  54000000	nop; delay slot nop
  686  00001630  0800004c	j	L33_LF2
  687  00001634  54000000	nop; delay slot nop
  688  00001638          	L32_LF2:
  689  00001638  8fc20000	lw	r2,(r30)
  690  0000163c  90410000	lbu	r1,(r2)
  691  00001640  8fc20004	lw	r2,4(r30)
  692  00001644  90430000	lbu	r3,(r2)
  693  00001648  00230822	sub	r1,r1,r3
  694  0000164c  74220000	sgei	r2,r1,#0
  695  00001650  10400020	beqz	r2,L34_LF2
  696  00001654  54000000	nop; delay slot nop
  697  00001658  8fc10000	lw	r1,(r30)
  698  0000165c  8fc20004	lw	r2,4(r30)
  699  00001660  90210000	lbu	r1,(r1)
  700  00001664  90420000	lbu	r2,(r2)
  701  00001668  00220829	sne	r1,r1,r2
  702  0000166c  08000008	j	L35_LF2
  703  00001670  54000000	nop; delay slot nop
  704  00001674          	L34_LF2:
  705  00001674  2001ffff	addi	r1,r0,#-1
  706  00001678          	L35_LF2:
  707  00001678  08000004	j	L24_LF2
  708  0000167c  54000000	nop; delay slot nop
  709  00001680          	L33_LF2:
  710  00001680          	L24_LF2:
  711  00001680  8fa20000	lw	r2,0(r29)
  712  00001684  8fa30004	lw	r3,4(r29)
  713  00001688  8fdffff8	lw	r31,-8(r30)
  714  0000168c  001ee820	add	r29,r0,r30
  715  00001690  8fdefffc	lw	r30,-4(r30)
  716  00001694  4be00000	jr	r31
  717  00001698  54000000	nop
  718  0000169c          	.endproc _dstrncmp
  719  0000169c          	.align 2
  720  0000169c          	.proc _dstrlen
  721  0000169c          	.global _dstrlen
  722  0000169c          	_dstrlen:
  723                      ;  Function 'dstrlen'; 8 bytes of locals, 1 regs to save.
  724  0000169c  afbefffc	sw	-4(r29),r30; push fp
  725  000016a0  001df020	add	r30,r0,r29; fp = sp
  726  000016a4  afbffff8	sw	-8(r29),r31; push ret addr
  727  000016a8  2fbd0018	subui	r29,r29,#24; alloc local storage
  728  000016ac  afa20000	sw	0(r29),r2
  729  000016b0  20010000	addi	r1,r0,#0
  730  000016b4  afc1fff4	sw	-12(r30),r1
  731  000016b8          	L37_LF2:
  732  000016b8  8fc10000	lw	r1,(r30)
  733  000016bc  20220001	addi	r2,r1,#1
  734  000016c0  afc20000	sw	(r30),r2
  735  000016c4  90210000	lbu	r1,(r1)
  736  000016c8  64220000	snei	r2,r1,#0
  737  000016cc  1440000c	bnez	r2,L39_LF2
  738  000016d0  54000000	nop; delay slot nop
  739  000016d4  0800001c	j	L38_LF2
  740  000016d8  54000000	nop; delay slot nop
  741  000016dc          	L39_LF2:
  742  000016dc  8fc2fff4	lw	r2,-12(r30)
  743  000016e0  20410001	addi	r1,r2,#1
  744  000016e4  00011020	add	r2,r0,r1
  745  000016e8  afc2fff4	sw	-12(r30),r2
  746  000016ec  0bffffc8	j	L37_LF2
  747  000016f0  54000000	nop; delay slot nop
  748  000016f4          	L38_LF2:
  749  000016f4  8fc1fff4	lw	r1,-12(r30)
  750  000016f8  08000004	j	L36_LF2
  751  000016fc  54000000	nop; delay slot nop
  752  00001700          	L36_LF2:
  753  00001700  8fa20000	lw	r2,0(r29)
  754  00001704  8fdffff8	lw	r31,-8(r30)
  755  00001708  001ee820	add	r29,r0,r30
  756  0000170c  8fdefffc	lw	r30,-4(r30)
  757  00001710  4be00000	jr	r31
  758  00001714  54000000	nop
  759  00001718          	.endproc _dstrlen
  760  00001718          	.align 2
  761  00001718          	.proc _dstrstr
  762  00001718          	.global _dstrstr
  763  00001718          	_dstrstr:
  764                      ;  Function 'dstrstr'; 8 bytes of locals, 1 regs to save.
  765  00001718  afbefffc	sw	-4(r29),r30; push fp
  766  0000171c  001df020	add	r30,r0,r29; fp = sp
  767  00001720  afbffff8	sw	-8(r29),r31; push ret addr
  768  00001724  2fbd0018	subui	r29,r29,#24; alloc local storage
  769  00001728  afa20000	sw	0(r29),r2
  770  0000172c  23bdfff8	addi	r29,r29,#-8
  771  00001730  001d0820	add	r1,r0,r29
  772  00001734  8fc20004	lw	r2,4(r30)
  773  00001738  ac220000	sw	(r1),r2
  774  0000173c  0fffff5c	jal	_dstrlen
  775  00001740  54000000	nop; delay slot nop
  776  00001744  23bd0008	addi	r29,r29,#8
  777  00001748  afc1fff4	sw	-12(r30),r1
  778  0000174c          	L41_LF2:
  779  0000174c  8fc10000	lw	r1,(r30)
  780  00001750  90220000	lbu	r2,(r1)
  781  00001754  64410000	snei	r1,r2,#0
  782  00001758  1420000c	bnez	r1,L43_LF2
  783  0000175c  54000000	nop; delay slot nop
  784  00001760  08000060	j	L42_LF2
  785  00001764  54000000	nop; delay slot nop
  786  00001768          	L43_LF2:
  787  00001768  23bdfff0	addi	r29,r29,#-16
  788  0000176c  001d0820	add	r1,r0,r29
  789  00001770  8fc20000	lw	r2,(r30)
  790  00001774  ac220000	sw	(r1),r2
  791  00001778  8fc20004	lw	r2,4(r30)
  792  0000177c  ac220004	sw	4(r1),r2
  793  00001780  8fc2fff4	lw	r2,-12(r30)
  794  00001784  ac220008	sw	8(r1),r2
  795  00001788  0ffffdc0	jal	_dstrncmp
  796  0000178c  54000000	nop; delay slot nop
  797  00001790  23bd0010	addi	r29,r29,#16
  798  00001794  64220000	snei	r2,r1,#0
  799  00001798  14400010	bnez	r2,L44_LF2
  800  0000179c  54000000	nop; delay slot nop
  801  000017a0  8fc10000	lw	r1,(r30)
  802  000017a4  08000028	j	L40_LF2
  803  000017a8  54000000	nop; delay slot nop
  804  000017ac          	L44_LF2:
  805  000017ac  8fc20000	lw	r2,(r30)
  806  000017b0  20410001	addi	r1,r2,#1
  807  000017b4  00011020	add	r2,r0,r1
  808  000017b8  afc20000	sw	(r30),r2
  809  000017bc  0bffff8c	j	L41_LF2
  810  000017c0  54000000	nop; delay slot nop
  811  000017c4          	L42_LF2:
  812  000017c4  20010000	addi	r1,r0,#0
  813  000017c8  08000004	j	L40_LF2
  814  000017cc  54000000	nop; delay slot nop
  815  000017d0          	L40_LF2:
  816  000017d0  8fa20000	lw	r2,0(r29)
  817  000017d4  8fdffff8	lw	r31,-8(r30)
  818  000017d8  001ee820	add	r29,r0,r30
  819  000017dc  8fdefffc	lw	r30,-4(r30)
  820  000017e0  4be00000	jr	r31
  821  000017e4  54000000	nop
  822  000017e8          	.endproc _dstrstr
  823  000017e8          	.align 2
  824  000017e8          	.proc _dmindex
  825  000017e8          	.global _dmindex
  826  000017e8          	_dmindex:
  827                      ;  Function 'dmindex'; 8 bytes of locals, 1 regs to save.
  828  000017e8  afbefffc	sw	-4(r29),r30; push fp
  829  000017ec  001df020	add	r30,r0,r29; fp = sp
  830  000017f0  afbffff8	sw	-8(r29),r31; push ret addr
  831  000017f4  2fbd0018	subui	r29,r29,#24; alloc local storage
  832  000017f8  afa20000	sw	0(r29),r2
  833  000017fc  54000000	nop
  834  00001800          	L46_LF2:
  835  00001800  8fc10000	lw	r1,(r30)
  836  00001804  90220000	lbu	r2,(r1)
  837  00001808  64410000	snei	r1,r2,#0
  838  0000180c  1420000c	bnez	r1,L48_LF2
  839  00001810  54000000	nop; delay slot nop
  840  00001814  08000070	j	L47_LF2
  841  00001818  54000000	nop; delay slot nop
  842  0000181c          	L48_LF2:
  843  0000181c  8fc10004	lw	r1,4(r30)
  844  00001820  afc1fff4	sw	-12(r30),r1
  845  00001824          	L49_LF2:
  846  00001824  8fc1fff4	lw	r1,-12(r30)
  847  00001828  90220000	lbu	r2,(r1)
  848  0000182c  64410000	snei	r1,r2,#0
  849  00001830  1420000c	bnez	r1,L52_LF2
  850  00001834  54000000	nop; delay slot nop
  851  00001838  08000044	j	L50_LF2
  852  0000183c  54000000	nop; delay slot nop
  853  00001840          	L52_LF2:
  854  00001840  8fc10000	lw	r1,(r30)
  855  00001844  8fc2fff4	lw	r2,-12(r30)
  856  00001848  90210000	lbu	r1,(r1)
  857  0000184c  90420000	lbu	r2,(r2)
  858  00001850  00220828	seq	r1,r1,r2
  859  00001854  10200010	beqz	r1,L51_LF2
  860  00001858  54000000	nop; delay slot nop
  861  0000185c  8fc10000	lw	r1,(r30)
  862  00001860  08000030	j	L45_LF2
  863  00001864  54000000	nop; delay slot nop
  864  00001868          	L53_LF2:
  865  00001868          	L51_LF2:
  866  00001868  8fc2fff4	lw	r2,-12(r30)
  867  0000186c  20410001	addi	r1,r2,#1
  868  00001870  00011020	add	r2,r0,r1
  869  00001874  afc2fff4	sw	-12(r30),r2
  870  00001878  0bffffa8	j	L49_LF2
  871  0000187c  54000000	nop; delay slot nop
  872  00001880          	L50_LF2:
  873  00001880  0bffff7c	j	L46_LF2
  874  00001884  54000000	nop; delay slot nop
  875  00001888          	L47_LF2:
  876  00001888  20010000	addi	r1,r0,#0
  877  0000188c  08000004	j	L45_LF2
  878  00001890  54000000	nop; delay slot nop
  879  00001894          	L45_LF2:
  880  00001894  8fa20000	lw	r2,0(r29)
  881  00001898  8fdffff8	lw	r31,-8(r30)
  882  0000189c  001ee820	add	r29,r0,r30
  883  000018a0  8fdefffc	lw	r30,-4(r30)
  884  000018a4  4be00000	jr	r31
  885  000018a8  54000000	nop
  886  000018ac          	.endproc _dmindex
  887  000018ac          	.align 2
  888  000018ac          	.proc _dindex
  889  000018ac          	.global _dindex
  890  000018ac          	_dindex:
  891                      ;  Function 'dindex'; 0 bytes of locals, 1 regs to save.
  892  000018ac  afbefffc	sw	-4(r29),r30; push fp
  893  000018b0  001df020	add	r30,r0,r29; fp = sp
  894  000018b4  afbffff8	sw	-8(r29),r31; push ret addr
  895  000018b8  2fbd0010	subui	r29,r29,#16; alloc local storage
  896  000018bc  afa20000	sw	0(r29),r2
  897  000018c0  54000000	nop
  898  000018c4          	L55_LF2:
  899  000018c4  8fc10000	lw	r1,(r30)
  900  000018c8  90220000	lbu	r2,(r1)
  901  000018cc  64410000	snei	r1,r2,#0
  902  000018d0  1420000c	bnez	r1,L57_LF2
  903  000018d4  54000000	nop; delay slot nop
  904  000018d8  08000040	j	L56_LF2
  905  000018dc  54000000	nop; delay slot nop
  906  000018e0          	L57_LF2:
  907  000018e0  8fc10000	lw	r1,(r30)
  908  000018e4  90220000	lbu	r2,(r1)
  909  000018e8  8fc10004	lw	r1,4(r30)
  910  000018ec  00411028	seq	r2,r2,r1
  911  000018f0  10400010	beqz	r2,L58_LF2
  912  000018f4  54000000	nop; delay slot nop
  913  000018f8  8fc10000	lw	r1,(r30)
  914  000018fc  08000028	j	L54_LF2
  915  00001900  54000000	nop; delay slot nop
  916  00001904          	L58_LF2:
  917  00001904  8fc20000	lw	r2,(r30)
  918  00001908  20410001	addi	r1,r2,#1
  919  0000190c  00011020	add	r2,r0,r1
  920  00001910  afc20000	sw	(r30),r2
  921  00001914  0bffffac	j	L55_LF2
  922  00001918  54000000	nop; delay slot nop
  923  0000191c          	L56_LF2:
  924  0000191c  20010000	addi	r1,r0,#0
  925  00001920  08000004	j	L54_LF2
  926  00001924  54000000	nop; delay slot nop
  927  00001928          	L54_LF2:
  928  00001928  8fa20000	lw	r2,0(r29)
  929  0000192c  8fdffff8	lw	r31,-8(r30)
  930  00001930  001ee820	add	r29,r0,r30
  931  00001934  8fdefffc	lw	r30,-4(r30)
  932  00001938  4be00000	jr	r31
  933  0000193c  54000000	nop
  934  00001940          	.endproc _dindex
  935  00001940          	.align 2
  936  00001940          	.proc _ditoa
  937  00001940          	.global _ditoa
  938  00001940          	_ditoa:
  939                      ;  Function 'ditoa'; 8 bytes of locals, 2 regs to save.
  940  00001940  afbefffc	sw	-4(r29),r30; push fp
  941  00001944  001df020	add	r30,r0,r29; fp = sp
  942  00001948  afbffff8	sw	-8(r29),r31; push ret addr
  943  0000194c  2fbd0018	subui	r29,r29,#24; alloc local storage
  944  00001950  afa20000	sw	0(r29),r2
  945  00001954  afa30004	sw	4(r29),r3
  946  00001958  8fc10000	lw	r1,(r30)
  947  0000195c  68220000	slti	r2,r1,#0
  948  00001960  1040002c	beqz	r2,L60_LF2
  949  00001964  54000000	nop; delay slot nop
  950  00001968  8fc10004	lw	r1,4(r30)
  951  0000196c  20220001	addi	r2,r1,#1
  952  00001970  afc20004	sw	4(r30),r2
  953  00001974  2002002d	addi	r2,r0,(#0x2d)&0xff
  954  00001978  a0220000	sb	(r1),r2
  955  0000197c  8fc10000	lw	r1,(r30)
  956  00001980  00011022	sub	r2,r0,r1
  957  00001984  afc20000	sw	(r30),r2
  958  00001988  08000118	j	L61_LF2
  959  0000198c  54000000	nop; delay slot nop
  960  00001990          	L60_LF2:
  961  00001990  8fc10000	lw	r1,(r30)
  962  00001994  64220000	snei	r2,r1,#0
  963  00001998  14400020	bnez	r2,L62_LF2
  964  0000199c  54000000	nop; delay slot nop
  965  000019a0  8fc10004	lw	r1,4(r30)
  966  000019a4  20220001	addi	r2,r1,#1
  967  000019a8  afc20004	sw	4(r30),r2
  968  000019ac  20020030	addi	r2,r0,(#0x30)&0xff
  969  000019b0  a0220000	sb	(r1),r2
  970  000019b4  080000ec	j	L61_LF2
  971  000019b8  54000000	nop; delay slot nop
  972  000019bc          	L62_LF2:
  973  000019bc  20010001	addi	r1,r0,#1
  974  000019c0  afc1fff4	sw	-12(r30),r1
  975  000019c4          	L64_LF2:
  976  000019c4  8fc1fff4	lw	r1,-12(r30)
  977  000019c8  8fc20000	lw	r2,(r30)
  978  000019cc  0022082c	sle	r1,r1,r2
  979  000019d0  1420000c	bnez	r1,L66_LF2
  980  000019d4  54000000	nop; delay slot nop
  981  000019d8  08000024	j	L65_LF2
  982  000019dc  54000000	nop; delay slot nop
  983  000019e0          	L67_LF2:
  984  000019e0          	L66_LF2:
  985  000019e0  8fc1fff4	lw	r1,-12(r30)
  986  000019e4  00011820	add	r3,r0,r1
  987  000019e8  50620002	slli	r2,r3,#0x2
  988  000019ec  00411020	add	r2,r2,r1
  989  000019f0  50410001	slli	r1,r2,#0x1
  990  000019f4  afc1fff4	sw	-12(r30),r1
  991  000019f8  0bffffc8	j	L64_LF2
  992  000019fc  54000000	nop; delay slot nop
  993  00001a00          	L65_LF2:
  994  00001a00  54000000	nop
  995  00001a04          	L68_LF2:
  996  00001a04  8fc1fff4	lw	r1,-12(r30)
  997  00001a08  2002000a	addi	r2,r0,#10
  998  00001a0c  00200035	movi2fp	f0,r1
  999  00001a10  00400835	movi2fp	f1,r2
 1000  00001a14  0401000f	div	f0,f0,f1
 1001  00001a18  00000834	movfp2i	r1,f0
 1002  00001a1c  afc1fff4	sw	-12(r30),r1
 1003  00001a20  8fc10004	lw	r1,4(r30)
 1004  00001a24  20220001	addi	r2,r1,#1
 1005  00001a28  afc20004	sw	4(r30),r2
 1006  00001a2c  8fc20000	lw	r2,(r30)
 1007  00001a30  8fc3fff4	lw	r3,-12(r30)
 1008  00001a34  00400035	movi2fp	f0,r2
 1009  00001a38  00600835	movi2fp	f1,r3
 1010  00001a3c  0401000f	div	f0,f0,f1
 1011  00001a40  00001034	movfp2i	r2,f0
 1012  00001a44  00021820	add	r3,r0,r2
 1013  00001a48  20620030	addi	r2,r3,#48
 1014  00001a4c  a0220000	sb	(r1),r2
 1015  00001a50  8fc10000	lw	r1,(r30)
 1016  00001a54  8fc3fff4	lw	r3,-12(r30)
 1017  00001a58  00200035	movi2fp	f0,r1
 1018  00001a5c  00600835	movi2fp	f1,r3
 1019  00001a60  0401000f	div	f0,f0,f1
 1020  00001a64  00001034	movfp2i	r2,f0
 1021  00001a68  8fc3fff4	lw	r3,-12(r30)
 1022  00001a6c  00400035	movi2fp	f0,r2
 1023  00001a70  00600835	movi2fp	f1,r3
 1024  00001a74  0401000e	mult	f0,f0,f1
 1025  00001a78  00001034	movfp2i	r2,f0
 1026  00001a7c  00220822	sub	r1,r1,r2
 1027  00001a80  afc10000	sw	(r30),r1
 1028  00001a84          	L70_LF2:
 1029  00001a84  8fc1fff4	lw	r1,-12(r30)
 1030  00001a88  6c220001	sgti	r2,r1,#1
 1031  00001a8c  1440000c	bnez	r2,L71_LF2
 1032  00001a90  54000000	nop; delay slot nop
 1033  00001a94  0800000c	j	L61_LF2
 1034  00001a98  54000000	nop; delay slot nop
 1035  00001a9c          	L71_LF2:
 1036  00001a9c  0bffff64	j	L68_LF2
 1037  00001aa0  54000000	nop; delay slot nop
 1038  00001aa4          	L69_LF2:
 1039  00001aa4          	L63_LF2:
 1040  00001aa4          	L61_LF2:
 1041  00001aa4  8fc10004	lw	r1,4(r30)
 1042  00001aa8  20020000	addi	r2,r0,(#0x0)&0xff
 1043  00001aac  a0220000	sb	(r1),r2
 1044  00001ab0          	L59_LF2:
 1045  00001ab0  8fa20000	lw	r2,0(r29)
 1046  00001ab4  8fa30004	lw	r3,4(r29)
 1047  00001ab8  8fdffff8	lw	r31,-8(r30)
 1048  00001abc  001ee820	add	r29,r0,r30
 1049  00001ac0  8fdefffc	lw	r30,-4(r30)
 1050  00001ac4  4be00000	jr	r31
 1051  00001ac8  54000000	nop
 1052  00001acc          	.endproc _ditoa
 1053  00001acc          	.align 2
 1054  00001acc          	.proc _dstrtol
 1055  00001acc          	.global _dstrtol
 1056  00001acc          	_dstrtol:
 1057                      ;  Function 'dstrtol'; 16 bytes of locals, 1 regs to save.
 1058  00001acc  afbefffc	sw	-4(r29),r30; push fp
 1059  00001ad0  001df020	add	r30,r0,r29; fp = sp
 1060  00001ad4  afbffff8	sw	-8(r29),r31; push ret addr
 1061  00001ad8  2fbd0020	subui	r29,r29,#32; alloc local storage
 1062  00001adc  afa20000	sw	0(r29),r2
 1063  00001ae0  20010000	addi	r1,r0,#0
 1064  00001ae4  afc1fff4	sw	-12(r30),r1
 1065  00001ae8          	L73_LF2:
 1066  00001ae8  8fc10000	lw	r1,(r30)
 1067  00001aec  90220000	lbu	r2,(r1)
 1068  00001af0  60410020	seqi	r1,r2,#32
 1069  00001af4  14200034	bnez	r1,L75_LF2
 1070  00001af8  54000000	nop; delay slot nop
 1071  00001afc  8fc10000	lw	r1,(r30)
 1072  00001b00  90220000	lbu	r2,(r1)
 1073  00001b04  60410009	seqi	r1,r2,#9
 1074  00001b08  14200020	bnez	r1,L75_LF2
 1075  00001b0c  54000000	nop; delay slot nop
 1076  00001b10  8fc10000	lw	r1,(r30)
 1077  00001b14  90220000	lbu	r2,(r1)
 1078  00001b18  6041000a	seqi	r1,r2,#10
 1079  00001b1c  1420000c	bnez	r1,L75_LF2
 1080  00001b20  54000000	nop; delay slot nop
 1081  00001b24  0800001c	j	L74_LF2
 1082  00001b28  54000000	nop; delay slot nop
 1083  00001b2c          	L75_LF2:
 1084  00001b2c  8fc20000	lw	r2,(r30)
 1085  00001b30  20410001	addi	r1,r2,#1
 1086  00001b34  00011020	add	r2,r0,r1
 1087  00001b38  afc20000	sw	(r30),r2
 1088  00001b3c  0bffffa8	j	L73_LF2
 1089  00001b40  54000000	nop; delay slot nop
 1090  00001b44          	L74_LF2:
 1091  00001b44  8fc10004	lw	r1,4(r30)
 1092  00001b48  64220000	snei	r2,r1,#0
 1093  00001b4c  10400010	beqz	r2,L76_LF2
 1094  00001b50  54000000	nop; delay slot nop
 1095  00001b54  8fc10004	lw	r1,4(r30)
 1096  00001b58  8fc20000	lw	r2,(r30)
 1097  00001b5c  ac220000	sw	(r1),r2
 1098  00001b60          	L76_LF2:
 1099  00001b60  8fc10000	lw	r1,(r30)
 1100  00001b64  90220000	lbu	r2,(r1)
 1101  00001b68  64410000	snei	r1,r2,#0
 1102  00001b6c  14200010	bnez	r1,L77_LF2
 1103  00001b70  54000000	nop; delay slot nop
 1104  00001b74  8fc1fff4	lw	r1,-12(r30)
 1105  00001b78  08000294	j	L72_LF2
 1106  00001b7c  54000000	nop; delay slot nop
 1107  00001b80          	L77_LF2:
 1108  00001b80  8fc10000	lw	r1,(r30)
 1109  00001b84  90220000	lbu	r2,(r1)
 1110  00001b88  6041002d	seqi	r1,r2,#45
 1111  00001b8c  10200024	beqz	r1,L78_LF2
 1112  00001b90  54000000	nop; delay slot nop
 1113  00001b94  2001ffff	addi	r1,r0,#-1
 1114  00001b98  afc1ffec	sw	-20(r30),r1
 1115  00001b9c  8fc20000	lw	r2,(r30)
 1116  00001ba0  20410001	addi	r1,r2,#1
 1117  00001ba4  00011020	add	r2,r0,r1
 1118  00001ba8  afc20000	sw	(r30),r2
 1119  00001bac  0800000c	j	L79_LF2
 1120  00001bb0  54000000	nop; delay slot nop
 1121  00001bb4          	L78_LF2:
 1122  00001bb4  20010001	addi	r1,r0,#1
 1123  00001bb8  afc1ffec	sw	-20(r30),r1
 1124  00001bbc          	L79_LF2:
 1125  00001bbc  8fc10008	lw	r1,8(r30)
 1126  00001bc0  64220000	snei	r2,r1,#0
 1127  00001bc4  14400090	bnez	r2,L80_LF2
 1128  00001bc8  54000000	nop; delay slot nop
 1129  00001bcc  8fc10000	lw	r1,(r30)
 1130  00001bd0  90220000	lbu	r2,(r1)
 1131  00001bd4  60410030	seqi	r1,r2,#48
 1132  00001bd8  10200074	beqz	r1,L81_LF2
 1133  00001bdc  54000000	nop; delay slot nop
 1134  00001be0  8fc20000	lw	r2,(r30)
 1135  00001be4  20410001	addi	r1,r2,#1
 1136  00001be8  00011020	add	r2,r0,r1
 1137  00001bec  afc20000	sw	(r30),r2
 1138  00001bf0  8fc10000	lw	r1,(r30)
 1139  00001bf4  90220000	lbu	r2,(r1)
 1140  00001bf8  60410078	seqi	r1,r2,#120
 1141  00001bfc  14200020	bnez	r1,L83_LF2
 1142  00001c00  54000000	nop; delay slot nop
 1143  00001c04  8fc10000	lw	r1,(r30)
 1144  00001c08  90220000	lbu	r2,(r1)
 1145  00001c0c  60410058	seqi	r1,r2,#88
 1146  00001c10  1420000c	bnez	r1,L83_LF2
 1147  00001c14  54000000	nop; delay slot nop
 1148  00001c18  08000024	j	L82_LF2
 1149  00001c1c  54000000	nop; delay slot nop
 1150  00001c20          	L83_LF2:
 1151  00001c20  20010010	addi	r1,r0,#16
 1152  00001c24  afc10008	sw	8(r30),r1
 1153  00001c28  8fc20000	lw	r2,(r30)
 1154  00001c2c  20410001	addi	r1,r2,#1
 1155  00001c30  00011020	add	r2,r0,r1
 1156  00001c34  afc20000	sw	(r30),r2
 1157  00001c38  0800000c	j	L84_LF2
 1158  00001c3c  54000000	nop; delay slot nop
 1159  00001c40          	L82_LF2:
 1160  00001c40  20010008	addi	r1,r0,#8
 1161  00001c44  afc10008	sw	8(r30),r1
 1162  00001c48          	L84_LF2:
 1163  00001c48  0800000c	j	L80_LF2
 1164  00001c4c  54000000	nop; delay slot nop
 1165  00001c50          	L81_LF2:
 1166  00001c50  2001000a	addi	r1,r0,#10
 1167  00001c54  afc10008	sw	8(r30),r1
 1168  00001c58          	L85_LF2:
 1169  00001c58          	L80_LF2:
 1170  00001c58  8fc10008	lw	r1,8(r30)
 1171  00001c5c  70220000	slei	r2,r1,#0
 1172  00001c60  1440001c	bnez	r2,L87_LF2
 1173  00001c64  54000000	nop; delay slot nop
 1174  00001c68  8fc10008	lw	r1,8(r30)
 1175  00001c6c  6c220010	sgti	r2,r1,#16
 1176  00001c70  1440000c	bnez	r2,L87_LF2
 1177  00001c74  54000000	nop; delay slot nop
 1178  00001c78  08000010	j	L86_LF2
 1179  00001c7c  54000000	nop; delay slot nop
 1180  00001c80          	L87_LF2:
 1181  00001c80  8fc1fff4	lw	r1,-12(r30)
 1182  00001c84  08000188	j	L72_LF2
 1183  00001c88  54000000	nop; delay slot nop
 1184  00001c8c          	L86_LF2:
 1185  00001c8c  54000000	nop
 1186  00001c90          	L88_LF2:
 1187  00001c90  8fc10000	lw	r1,(r30)
 1188  00001c94  90220000	lbu	r2,(r1)
 1189  00001c98  6c41002f	sgtui	r1,r2,#47
 1190  00001c9c  10200030	beqz	r1,L91_LF2
 1191  00001ca0  54000000	nop; delay slot nop
 1192  00001ca4  8fc10000	lw	r1,(r30)
 1193  00001ca8  90220000	lbu	r2,(r1)
 1194  00001cac  70410039	sleui	r1,r2,#57
 1195  00001cb0  1020001c	beqz	r1,L91_LF2
 1196  00001cb4  54000000	nop; delay slot nop
 1197  00001cb8  8fc10000	lw	r1,(r30)
 1198  00001cbc  90220000	lbu	r2,(r1)
 1199  00001cc0  2041ffd0	addi	r1,r2,#-48
 1200  00001cc4  afc1fff0	sw	-16(r30),r1
 1201  00001cc8  0800008c	j	L92_LF2
 1202  00001ccc  54000000	nop; delay slot nop
 1203  00001cd0          	L91_LF2:
 1204  00001cd0  8fc10000	lw	r1,(r30)
 1205  00001cd4  90220000	lbu	r2,(r1)
 1206  00001cd8  6c410060	sgtui	r1,r2,#96
 1207  00001cdc  10200030	beqz	r1,L93_LF2
 1208  00001ce0  54000000	nop; delay slot nop
 1209  00001ce4  8fc10000	lw	r1,(r30)
 1210  00001ce8  90220000	lbu	r2,(r1)
 1211  00001cec  7041007a	sleui	r1,r2,#122
 1212  00001cf0  1020001c	beqz	r1,L93_LF2
 1213  00001cf4  54000000	nop; delay slot nop
 1214  00001cf8  8fc10000	lw	r1,(r30)
 1215  00001cfc  90220000	lbu	r2,(r1)
 1216  00001d00  2041ffa9	addi	r1,r2,#-87
 1217  00001d04  afc1fff0	sw	-16(r30),r1
 1218  00001d08  0800004c	j	L92_LF2
 1219  00001d0c  54000000	nop; delay slot nop
 1220  00001d10          	L93_LF2:
 1221  00001d10  8fc10000	lw	r1,(r30)
 1222  00001d14  90220000	lbu	r2,(r1)
 1223  00001d18  6c410040	sgtui	r1,r2,#64
 1224  00001d1c  10200030	beqz	r1,L95_LF2
 1225  00001d20  54000000	nop; delay slot nop
 1226  00001d24  8fc10000	lw	r1,(r30)
 1227  00001d28  90220000	lbu	r2,(r1)
 1228  00001d2c  7041005a	sleui	r1,r2,#90
 1229  00001d30  1020001c	beqz	r1,L95_LF2
 1230  00001d34  54000000	nop; delay slot nop
 1231  00001d38  8fc10000	lw	r1,(r30)
 1232  00001d3c  90220000	lbu	r2,(r1)
 1233  00001d40  2041ffc9	addi	r1,r2,#-55
 1234  00001d44  afc1fff0	sw	-16(r30),r1
 1235  00001d48  0800000c	j	L92_LF2
 1236  00001d4c  54000000	nop; delay slot nop
 1237  00001d50          	L95_LF2:
 1238  00001d50  200103e8	addi	r1,r0,#1000
 1239  00001d54  afc1fff0	sw	-16(r30),r1
 1240  00001d58          	L96_LF2:
 1241  00001d58          	L94_LF2:
 1242  00001d58          	L92_LF2:
 1243  00001d58  8fc1fff0	lw	r1,-16(r30)
 1244  00001d5c  8fc20008	lw	r2,8(r30)
 1245  00001d60  0022082a	slt	r1,r1,r2
 1246  00001d64  10200040	beqz	r1,L90_LF2
 1247  00001d68  54000000	nop; delay slot nop
 1248  00001d6c  8fc1fff4	lw	r1,-12(r30)
 1249  00001d70  8fc20008	lw	r2,8(r30)
 1250  00001d74  00200035	movi2fp	f0,r1
 1251  00001d78  00400835	movi2fp	f1,r2
 1252  00001d7c  0401000e	mult	f0,f0,f1
 1253  00001d80  00000834	movfp2i	r1,f0
 1254  00001d84  afc1fff4	sw	-12(r30),r1
 1255  00001d88  8fc1fff4	lw	r1,-12(r30)
 1256  00001d8c  8fc2fff0	lw	r2,-16(r30)
 1257  00001d90  00220820	add	r1,r1,r2
 1258  00001d94  afc1fff4	sw	-12(r30),r1
 1259  00001d98  8fc20000	lw	r2,(r30)
 1260  00001d9c  20410001	addi	r1,r2,#1
 1261  00001da0  00011020	add	r2,r0,r1
 1262  00001da4  afc20000	sw	(r30),r2
 1263  00001da8          	L97_LF2:
 1264  00001da8          	L90_LF2:
 1265  00001da8  8fc1fff0	lw	r1,-16(r30)
 1266  00001dac  8fc20008	lw	r2,8(r30)
 1267  00001db0  0022082a	slt	r1,r1,r2
 1268  00001db4  1420000c	bnez	r1,L98_LF2
 1269  00001db8  54000000	nop; delay slot nop
 1270  00001dbc  0800000c	j	L89_LF2
 1271  00001dc0  54000000	nop; delay slot nop
 1272  00001dc4          	L98_LF2:
 1273  00001dc4  0bfffec8	j	L88_LF2
 1274  00001dc8  54000000	nop; delay slot nop
 1275  00001dcc          	L89_LF2:
 1276  00001dcc  8fc10004	lw	r1,4(r30)
 1277  00001dd0  64220000	snei	r2,r1,#0
 1278  00001dd4  10400010	beqz	r2,L99_LF2
 1279  00001dd8  54000000	nop; delay slot nop
 1280  00001ddc  8fc10004	lw	r1,4(r30)
 1281  00001de0  8fc20000	lw	r2,(r30)
 1282  00001de4  ac220000	sw	(r1),r2
 1283  00001de8          	L99_LF2:
 1284  00001de8  8fc1fff4	lw	r1,-12(r30)
 1285  00001dec  8fc2ffec	lw	r2,-20(r30)
 1286  00001df0  00200035	movi2fp	f0,r1
 1287  00001df4  00400835	movi2fp	f1,r2
 1288  00001df8  0401000e	mult	f0,f0,f1
 1289  00001dfc  00000834	movfp2i	r1,f0
 1290  00001e00  afc1fff4	sw	-12(r30),r1
 1291  00001e04  8fc1fff4	lw	r1,-12(r30)
 1292  00001e08  08000004	j	L72_LF2
 1293  00001e0c  54000000	nop; delay slot nop
 1294  00001e10          	L72_LF2:
 1295  00001e10  8fa20000	lw	r2,0(r29)
 1296  00001e14  8fdffff8	lw	r31,-8(r30)
 1297  00001e18  001ee820	add	r29,r0,r30
 1298  00001e1c  8fdefffc	lw	r30,-4(r30)
 1299  00001e20  4be00000	jr	r31
 1300  00001e24  54000000	nop
 1301  00001e28          	.endproc _dstrtol
 1302  00001e28          	.align 2
 1303  00001e28          	.proc _bcopy
 1304  00001e28          	.global _bcopy
 1305  00001e28          	_bcopy:
 1306                      ;  Function 'bcopy'; 0 bytes of locals, 2 regs to save.
 1307  00001e28  afbefffc	sw	-4(r29),r30; push fp
 1308  00001e2c  001df020	add	r30,r0,r29; fp = sp
 1309  00001e30  afbffff8	sw	-8(r29),r31; push ret addr
 1310  00001e34  2fbd0010	subui	r29,r29,#16; alloc local storage
 1311  00001e38  afa20000	sw	0(r29),r2
 1312  00001e3c  afa30004	sw	4(r29),r3
 1313  00001e40  54000000	nop
 1314  00001e44          	L101_LF2:
 1315  00001e44  8fc10008	lw	r1,8(r30)
 1316  00001e48  2022ffff	addi	r2,r1,#-1
 1317  00001e4c  afc20008	sw	8(r30),r2
 1318  00001e50  6c210000	sgti	r1,r1,#0
 1319  00001e54  1420000c	bnez	r1,L103_LF2
 1320  00001e58  54000000	nop; delay slot nop
 1321  00001e5c  0800002c	j	L102_LF2
 1322  00001e60  54000000	nop; delay slot nop
 1323  00001e64          	L103_LF2:
 1324  00001e64  8fc10004	lw	r1,4(r30)
 1325  00001e68  20220001	addi	r2,r1,#1
 1326  00001e6c  afc20004	sw	4(r30),r2
 1327  00001e70  8fc20000	lw	r2,(r30)
 1328  00001e74  20430001	addi	r3,r2,#1
 1329  00001e78  afc30000	sw	(r30),r3
 1330  00001e7c  80420000	lb	r2,(r2)
 1331  00001e80  a0220000	sb	(r1),r2
 1332  00001e84  0bffffbc	j	L101_LF2
 1333  00001e88  54000000	nop; delay slot nop
 1334  00001e8c          	L102_LF2:
 1335  00001e8c          	L100_LF2:
 1336  00001e8c  8fa20000	lw	r2,0(r29)
 1337  00001e90  8fa30004	lw	r3,4(r29)
 1338  00001e94  8fdffff8	lw	r31,-8(r30)
 1339  00001e98  001ee820	add	r29,r0,r30
 1340  00001e9c  8fdefffc	lw	r30,-4(r30)
 1341  00001ea0  4be00000	jr	r31
 1342  00001ea4  54000000	nop
 1343  00001ea8          	.endproc _bcopy
 1344  00001ea8          	.align 2
 1345  00001ea8          	.proc _bzero
 1346  00001ea8          	.global _bzero
 1347  00001ea8          	_bzero:
 1348                      ;  Function 'bzero'; 0 bytes of locals, 1 regs to save.
 1349  00001ea8  afbefffc	sw	-4(r29),r30; push fp
 1350  00001eac  001df020	add	r30,r0,r29; fp = sp
 1351  00001eb0  afbffff8	sw	-8(r29),r31; push ret addr
 1352  00001eb4  2fbd0010	subui	r29,r29,#16; alloc local storage
 1353  00001eb8  afa20000	sw	0(r29),r2
 1354  00001ebc  54000000	nop
 1355  00001ec0          	L105_LF2:
 1356  00001ec0  8fc10004	lw	r1,4(r30)
 1357  00001ec4  2022ffff	addi	r2,r1,#-1
 1358  00001ec8  afc20004	sw	4(r30),r2
 1359  00001ecc  6c210000	sgti	r1,r1,#0
 1360  00001ed0  1420000c	bnez	r1,L107_LF2
 1361  00001ed4  54000000	nop; delay slot nop
 1362  00001ed8  08000020	j	L106_LF2
 1363  00001edc  54000000	nop; delay slot nop
 1364  00001ee0          	L107_LF2:
 1365  00001ee0  8fc10000	lw	r1,(r30)
 1366  00001ee4  20220001	addi	r2,r1,#1
 1367  00001ee8  afc20000	sw	(r30),r2
 1368  00001eec  20020000	addi	r2,r0,(#0x0)&0xff
 1369  00001ef0  a0220000	sb	(r1),r2
 1370  00001ef4  0bffffc8	j	L105_LF2
 1371  00001ef8  54000000	nop; delay slot nop
 1372  00001efc          	L106_LF2:
 1373  00001efc          	L104_LF2:
 1374  00001efc  8fa20000	lw	r2,0(r29)
 1375  00001f00  8fdffff8	lw	r31,-8(r30)
 1376  00001f04  001ee820	add	r29,r0,r30
 1377  00001f08  8fdefffc	lw	r30,-4(r30)
 1378  00001f0c  4be00000	jr	r31
 1379  00001f10  54000000	nop
 1380  00001f14          	.endproc _bzero
 1381  00001f14          	.align 2
 1382  00001f14          	.proc _min
 1383  00001f14          	.global _min
 1384  00001f14          	_min:
 1385                      ;  Function 'min'; 0 bytes of locals, 2 regs to save.
 1386  00001f14  afbefffc	sw	-4(r29),r30; push fp
 1387  00001f18  001df020	add	r30,r0,r29; fp = sp
 1388  00001f1c  afbffff8	sw	-8(r29),r31; push ret addr
 1389  00001f20  2fbd0010	subui	r29,r29,#16; alloc local storage
 1390  00001f24  afa20000	sw	0(r29),r2
 1391  00001f28  afa30004	sw	4(r29),r3
 1392  00001f2c  8fc10000	lw	r1,(r30)
 1393  00001f30  8fc20004	lw	r2,4(r30)
 1394  00001f34  0022182c	sle	r3,r1,r2
 1395  00001f38  14600008	bnez	r3,L109_LF2
 1396  00001f3c  54000000	nop; delay slot nop
 1397  00001f40  8fc10004	lw	r1,4(r30)
 1398  00001f44          	L109_LF2:
 1399  00001f44  08000004	j	L108_LF2
 1400  00001f48  54000000	nop; delay slot nop
 1401  00001f4c          	L108_LF2:
 1402  00001f4c  8fa20000	lw	r2,0(r29)
 1403  00001f50  8fa30004	lw	r3,4(r29)
 1404  00001f54  8fdffff8	lw	r31,-8(r30)
 1405  00001f58  001ee820	add	r29,r0,r30
 1406  00001f5c  8fdefffc	lw	r30,-4(r30)
 1407  00001f60  4be00000	jr	r31
 1408  00001f64  54000000	nop
 1409  00001f68          	.endproc _min
 1410  00001f68          	.align 2
 1411  00001f68          	.proc _max
 1412  00001f68          	.global _max
 1413  00001f68          	_max:
 1414                      ;  Function 'max'; 0 bytes of locals, 2 regs to save.
 1415  00001f68  afbefffc	sw	-4(r29),r30; push fp
 1416  00001f6c  001df020	add	r30,r0,r29; fp = sp
 1417  00001f70  afbffff8	sw	-8(r29),r31; push ret addr
 1418  00001f74  2fbd0010	subui	r29,r29,#16; alloc local storage
 1419  00001f78  afa20000	sw	0(r29),r2
 1420  00001f7c  afa30004	sw	4(r29),r3
 1421  00001f80  8fc10000	lw	r1,(r30)
 1422  00001f84  8fc20004	lw	r2,4(r30)
 1423  00001f88  0022182d	sge	r3,r1,r2
 1424  00001f8c  14600008	bnez	r3,L111_LF2
 1425  00001f90  54000000	nop; delay slot nop
 1426  00001f94  8fc10004	lw	r1,4(r30)
 1427  00001f98          	L111_LF2:
 1428  00001f98  08000004	j	L110_LF2
 1429  00001f9c  54000000	nop; delay slot nop
 1430  00001fa0          	L110_LF2:
 1431  00001fa0  8fa20000	lw	r2,0(r29)
 1432  00001fa4  8fa30004	lw	r3,4(r29)
 1433  00001fa8  8fdffff8	lw	r31,-8(r30)
 1434  00001fac  001ee820	add	r29,r0,r30
 1435  00001fb0  8fdefffc	lw	r30,-4(r30)
 1436  00001fb4  4be00000	jr	r31
 1437  00001fb8  54000000	nop
 1438  00001fbc          	.endproc _max
 1439                      ;;; Ethan L. Miller, 1999.  Released to the public domain
 1440                      ;;;
 1441                      ;;; Most of the traps are called in files from libtraps.
 1444  00001fbc          	.align 2
 1445  00001fbc          	.proc _exit
 1446  00001fbc          	.global _exit
 1447  00001fbc          	_exit:
 1448  00001fbc  44000300	trap	#0x300
 1449  00001fc0  4be00000	jr	r31
 1450  00001fc4  54000000	nop
 1451  00001fc8          	.endproc _exit
 1453                      ; for the benefit of gcc.
 1454  00001fc8          	.proc ___main
 1455  00001fc8          	.global ___main
 1456  00001fc8          	___main:
 1457  00001fc8  4be00000	jr	r31
 1458  00001fcc  54000000	nop
 1459  00001fd0          	.endproc ___main
 1460  00001fd0          	.text
 1461  00001fd0          	.global _etext
 1462  00001fd0          	_etext:
 1463  00001fd0          	.align 3
 1464  00001fd0          	.data
 1465  00002157          	.global _edata
 1466  00002157          	_edata:
