 line   address	contents
    1                      ; Linked by DLX-LD.
    2                      ; MemSize 20480
    3                      ; Data size: 343
    4                      ; Text size: 4024
    5                      ; Stack size: 8192
    6  00000000          	.text 0x1000
    7  00001000          	.data 0x2000
    8                      ; Compiled by GCC
   10  00002000          	.align 2
   11  00002000          	LC0_LF0:
   12  00002000  0a2d2d2d	.ascii "\n--------------------------------------------------------------------"
   12  00002004  2d2d2d2d	
   12  00002008  2d2d2d2d	
   12  0000200c  2d2d2d2d	
   12  00002010  2d2d2d2d	
   12  00002014  2d2d2d2d	
   12  00002018  2d2d2d2d	
   12  0000201c  2d2d2d2d	
   12  00002020  2d2d2d2d	
   12  00002024  2d2d2d2d	
   12  00002028  2d2d2d2d	
   12  0000202c  2d2d2d2d	
   12  00002030  2d2d2d2d	
   12  00002034  2d2d2d2d	
   12  00002038  2d2d2d2d	
   12  0000203c  2d2d2d2d	
   12  00002040  2d2d2d2d	
   12  00002044  2d      	
   13  00002045  2d2d2d2d	.ascii "-----------------\n\000"
   13  00002049  2d2d2d2d	
   13  0000204d  2d2d2d2d	
   13  00002051  2d2d2d2d	
   13  00002055  2d0a00  	
   14  00002058          	.align 2
   15  00002058          	LC1_LF0:
   16  00002058  696e7661	.ascii "invalid_page (%d): TEST #5: Access memory outside of currently allocat"
   16  0000205c  6c69645f	
   16  00002060  70616765	
   16  00002064  20282564	
   16  00002068  293a2054	
   16  0000206c  45535420	
   16  00002070  23353a20	
   16  00002074  41636365	
   16  00002078  7373206d	
   16  0000207c  656d6f72	
   16  00002080  79206f75	
   16  00002084  74736964	
   16  00002088  65206f66	
   16  0000208c  20637572	
   16  00002090  72656e74	
   16  00002094  6c792061	
   16  00002098  6c6c6f63	
   16  0000209c  6174    	
   17  0000209e  65642070	.ascii "ed pages\n\000"
   17  000020a2  61676573	
   17  000020a6  0a00    	
   18  000020a8          	.align 2
   19  000020a8          	LC2_LF0:
   20  000020a8  41747465	.ascii "Attempting to access address 0x000EFFFC (outside of currently allocate"
   20  000020ac  6d707469	
   20  000020b0  6e672074	
   20  000020b4  6f206163	
   20  000020b8  63657373	
   20  000020bc  20616464	
   20  000020c0  72657373	
   20  000020c4  20307830	
   20  000020c8  30304546	
   20  000020cc  46464320	
   20  000020d0  286f7574	
   20  000020d4  73696465	
   20  000020d8  206f6620	
   20  000020dc  63757272	
   20  000020e0  656e746c	
   20  000020e4  7920616c	
   20  000020e8  6c6f6361	
   20  000020ec  7465    	
   21  000020ee  64207061	.ascii "d pages)\n\000"
   21  000020f2  67657329	
   21  000020f6  0a00    	
   22  000020f8          	.align 2
   23  000020f8          	LC3_LF0:
   24  000020f8  53686f75	.ascii "Should kill process and exit simulator (since no more processes exist)"
   24  000020fc  6c64206b	
   24  00002100  696c6c20	
   24  00002104  70726f63	
   24  00002108  65737320	
   24  0000210c  616e6420	
   24  00002110  65786974	
   24  00002114  2073696d	
   24  00002118  756c6174	
   24  0000211c  6f722028	
   24  00002120  73696e63	
   24  00002124  65206e6f	
   24  00002128  206d6f72	
   24  0000212c  65207072	
   24  00002130  6f636573	
   24  00002134  73657320	
   24  00002138  65786973	
   24  0000213c  7429    	
   25  0000213e  0a00    	.ascii "\n\000"
   26  00002140          	.align 2
   27  00002140          	LC4_LF0:
   28  00002140  49207368	.ascii "I shouldn\'t get here!\n\000"
   28  00002144  6f756c64	
   28  00002148  6e277420	
   28  0000214c  67657420	
   28  00002150  68657265	
   28  00002154  210a00  	
   29  00002157          	.text
   30  00001000          	.align 2
   31  00001000          	.proc _main
   32  00001000          	.global _main
   33  00001000          	_main:
   34                      ;  Function 'main'; 0 bytes of locals, 0 regs to save.
   35  00001000  afbefffc	sw	-4(r29),r30; push fp
   36  00001004  001df020	add	r30,r0,r29; fp = sp
   37  00001008  afbffff8	sw	-8(r29),r31; push ret addr
   38  0000100c  2fbd0008	subui	r29,r29,#8; alloc local storage
   39  00001010  0c000f9c	jal	___main
   40  00001014  54000000	nop; not filled.
   41  00001018  23bdfff8	addi	r29,r29,#-8
   42  0000101c  3c020000	lhi	r2,((LC0_LF0)>>16)&0xffff
   43  00001020  24422000	addui	r2,r2,(LC0_LF0)&0xffff
   44  00001024  afa20000	sw	(r29),r2
   45  00001028  0c0000c4	jal	_Printf
   46  0000102c  54000000	nop; not filled.
   47  00001030  0c0000c8	jal	_getpid
   48  00001034  54000000	nop; not filled.
   49  00001038  3c020000	lhi	r2,((LC1_LF0)>>16)&0xffff
   50  0000103c  24422058	addui	r2,r2,(LC1_LF0)&0xffff
   51  00001040  afa20000	sw	(r29),r2
   52  00001044  afa10004	sw	4(r29),r1
   53  00001048  0c0000a4	jal	_Printf
   54  0000104c  54000000	nop; not filled.
   55  00001050  3c020000	lhi	r2,((LC2_LF0)>>16)&0xffff
   56  00001054  244220a8	addui	r2,r2,(LC2_LF0)&0xffff
   57  00001058  afa20000	sw	(r29),r2
   58  0000105c  0c000090	jal	_Printf
   59  00001060  54000000	nop; not filled.
   60  00001064  3c020000	lhi	r2,((LC3_LF0)>>16)&0xffff
   61  00001068  244220f8	addui	r2,r2,(LC3_LF0)&0xffff
   62  0000106c  afa20000	sw	(r29),r2
   63  00001070  0c00007c	jal	_Printf
   64  00001074  54000000	nop; not filled.
   65  00001078  3c01000e	lhi	r1,#14
   66  0000107c  2421fffc	addui	r1,r1,#65532
   67  00001080  20020005	addi	r2,r0,#5
   68  00001084  ac220000	sw	(r1),r2
   69  00001088  3c020000	lhi	r2,((LC4_LF0)>>16)&0xffff
   70  0000108c  24422140	addui	r2,r2,(LC4_LF0)&0xffff
   71  00001090  afa20000	sw	(r29),r2
   72  00001094  0c000058	jal	_Printf
   73  00001098  54000000	nop; not filled.
   74  0000109c  23bd0008	addi	r29,r29,#8
   75  000010a0  0c000f00	jal	_exit
   76  000010a4  54000000	nop
   77  000010a8          	.endproc _main
   78                      ;;;
   79                      ;;; Stub functions for DLX traps.
   80                      ;;;
   81                      ;;; Ethan L. Miller, 1999.  Released to the public domain.
   82                      ;;;
   83                      ;;; The traps such as Open and Close
   84                      ;;; (note the capital letters) are for use by user programs.  The traps
   85                      ;;; with names such as open and close (lower case) are for use by the OS.
   86                      ;;;
   89  000010a8          	.align 2
   91                      ;;; The following are the traps to be used by user-level programs
   92                      ;;;
   94  000010a8          	.align 2
   95  000010a8          	.proc _Open
   96  000010a8          	.global _Open
   97  000010a8          	_Open:
   98                      ;;; Note that trap #0x213 actually causes a trap vector in the OS of
   99                      ;;; 0x1213.  The same is true for other user traps.  Thus, a user trap
  100                      ;;; with trap #0x240 will result in a trap vector of 0x1240 in the OS.
  101  000010a8  44000213	trap	#0x213
  102  000010ac  4be00000	jr	r31
  103  000010b0  54000000	nop
  104  000010b4          	.endproc _Open
  106  000010b4          	.proc _Close
  107  000010b4          	.global _Close
  108  000010b4          	_Close:
  109  000010b4  44000214	trap	#0x214
  110  000010b8  4be00000	jr	r31
  111  000010bc  54000000	nop
  112  000010c0          	.endproc _Close
  114  000010c0          	.proc _Read
  115  000010c0          	.global _Read
  116  000010c0          	_Read:
  117  000010c0  44000210	trap	#0x210
  118  000010c4  4be00000	jr	r31
  119  000010c8  54000000	nop
  120  000010cc          	.endproc _Read
  122  000010cc          	.proc _Write
  123  000010cc          	.global _Write
  124  000010cc          	_Write:
  125  000010cc  44000211	trap	#0x211
  126  000010d0  4be00000	jr	r31
  127  000010d4  54000000	nop
  128  000010d8          	.endproc _Write
  130  000010d8          	.proc _Lseek
  131  000010d8          	.global _Lseek
  132  000010d8          	_Lseek:
  133  000010d8  44000212	trap	#0x212
  134  000010dc  4be00000	jr	r31
  135  000010e0  54000000	nop
  136  000010e4          	.endproc _Lseek
  138  000010e4          	.proc _Putchar
  139  000010e4          	.global _Putchar
  140  000010e4          	_Putchar:
  141  000010e4  44000280	trap	#0x280
  142  000010e8  4be00000	jr	r31
  143  000010ec  54000000	nop
  144  000010f0          	.endproc _Putchar
  146  000010f0          	.proc _Printf
  147  000010f0          	.global _Printf
  148  000010f0          	_Printf:
  149  000010f0  44000201	trap	#0x201
  150  000010f4  4be00000	jr	r31
  151  000010f8  54000000	nop
  152  000010fc          	.endproc _Printf
  154  000010fc          	.proc _getpid
  155  000010fc          	.global _getpid
  156  000010fc          	_getpid:
  157  000010fc  44000431	trap	#0x431
  158  00001100  4be00000	jr	r31
  159  00001104  54000000	nop
  160  00001108          	.endproc _getpid
  162  00001108          	.proc _process_create
  163  00001108          	.global _process_create
  164  00001108          	_process_create:
  165  00001108  44000432	trap	#0x432
  166  0000110c  4be00000	jr	r31
  167  00001110  54000000	nop
  168  00001114          	.endproc _process_create
  170  00001114          	.proc _shmget
  171  00001114          	.global _shmget
  172  00001114          	_shmget:
  173  00001114  44000440	trap	#0x440
  174  00001118  4be00000	jr	r31
  175  0000111c  54000000	nop
  176  00001120          	.endproc _shmget
  178  00001120          	.proc _shmat
  179  00001120          	.global _shmat
  180  00001120          	_shmat:
  181  00001120  44000441	trap	#0x441
  182  00001124  4be00000	jr	r31
  183  00001128  54000000	nop
  184  0000112c          	.endproc _shmat
  186  0000112c          	.proc _sem_create
  187  0000112c          	.global _sem_create
  188  0000112c          	_sem_create:
  189  0000112c  44000450	trap	#0x450
  190  00001130  4be00000	jr	r31
  191  00001134  54000000	nop
  192  00001138          	.endproc _sem_create
  194  00001138          	.proc _sem_wait
  195  00001138          	.global _sem_wait
  196  00001138          	_sem_wait:
  197  00001138  44000451	trap	#0x451
  198  0000113c  4be00000	jr	r31
  199  00001140  54000000	nop
  200  00001144          	.endproc _sem_wait
  202  00001144          	.proc _sem_signal
  203  00001144          	.global _sem_signal
  204  00001144          	_sem_signal:
  205  00001144  44000452	trap	#0x452
  206  00001148  4be00000	jr	r31
  207  0000114c  54000000	nop
  208  00001150          	.endproc _sem_signal
  210  00001150          	.proc _lock_create
  211  00001150          	.global _lock_create
  212  00001150          	_lock_create:
  213  00001150  44000453	trap	#0x453
  214  00001154  4be00000	jr	r31
  215  00001158  54000000	nop
  216  0000115c          	.endproc _lock_create
  218  0000115c          	.proc _lock_acquire
  219  0000115c          	.global _lock_acquire
  220  0000115c          	_lock_acquire:
  221  0000115c  44000454	trap	#0x454
  222  00001160  4be00000	jr	r31
  223  00001164  54000000	nop
  224  00001168          	.endproc _lock_acquire
  226  00001168          	.proc _lock_release
  227  00001168          	.global _lock_release
  228  00001168          	_lock_release:
  229  00001168  44000455	trap	#0x455
  230  0000116c  4be00000	jr	r31
  231  00001170  54000000	nop
  232  00001174          	.endproc _lock_release
  234  00001174          	.proc _cond_create
  235  00001174          	.global _cond_create
  236  00001174          	_cond_create:
  237  00001174  44000456	trap	#0x456
  238  00001178  4be00000	jr	r31
  239  0000117c  54000000	nop
  240  00001180          	.endproc _cond_create
  242  00001180          	.proc _cond_wait
  243  00001180          	.global _cond_wait
  244  00001180          	_cond_wait:
  245  00001180  44000457	trap	#0x457
  246  00001184  4be00000	jr	r31
  247  00001188  54000000	nop
  248  0000118c          	.endproc _cond_wait
  250  0000118c          	.proc _cond_signal
  251  0000118c          	.global _cond_signal
  252  0000118c          	_cond_signal:
  253  0000118c  44000458	trap	#0x458
  254  00001190  4be00000	jr	r31
  255  00001194  54000000	nop
  256  00001198          	.endproc _cond_signal
  258  00001198          	.proc _cond_broadcast
  259  00001198          	.global _cond_broadcast
  260  00001198          	_cond_broadcast:
  261  00001198  44000459	trap	#0x459
  262  0000119c  4be00000	jr	r31
  263  000011a0  54000000	nop
  264  000011a4          	.endproc _cond_broadcast
  266  000011a4          	.proc _mbox_create
  267  000011a4          	.global _mbox_create
  268  000011a4          	_mbox_create:
  269  000011a4  44000460	trap	#0x460
  270  000011a8  4be00000	jr	r31
  271  000011ac  54000000	nop
  272  000011b0          	.endproc _mbox_create
  274  000011b0          	.proc _mbox_open
  275  000011b0          	.global _mbox_open
  276  000011b0          	_mbox_open:
  277  000011b0  44000461	trap	#0x461
  278  000011b4  4be00000	jr	r31
  279  000011b8  54000000	nop
  280  000011bc          	.endproc _mbox_open
  282  000011bc          	.proc _mbox_close
  283  000011bc          	.global _mbox_close
  284  000011bc          	_mbox_close:
  285  000011bc  44000462	trap	#0x462
  286  000011c0  4be00000	jr	r31
  287  000011c4  54000000	nop
  288  000011c8          	.endproc _mbox_close
  290  000011c8          	.proc _mbox_send
  291  000011c8          	.global _mbox_send
  292  000011c8          	_mbox_send:
  293  000011c8  44000463	trap	#0x463
  294  000011cc  4be00000	jr	r31
  295  000011d0  54000000	nop
  296  000011d4          	.endproc _mbox_send
  298  000011d4          	.proc _mbox_recv
  299  000011d4          	.global _mbox_recv
  300  000011d4          	_mbox_recv:
  301  000011d4  44000464	trap	#0x464
  302  000011d8  4be00000	jr	r31
  303  000011dc  54000000	nop
  304  000011e0          	.endproc _mbox_recv
  306  000011e0          	.proc _sleep
  307  000011e0          	.global _sleep
  308  000011e0          	_sleep:
  309  000011e0  44000465	trap	#0x465
  310  000011e4  4be00000	jr	r31
  311  000011e8  54000000	nop
  312  000011ec          	.endproc _sleep
  314  000011ec          	.proc _yield
  315  000011ec          	.global _yield
  316  000011ec          	_yield:
  317  000011ec  44000466	trap	#0x466
  318  000011f0  4be00000	jr	r31
  319  000011f4  54000000	nop
  320  000011f8          	.endproc _yield
  323  000011f8          	.proc _Exit
  324  000011f8          	.global _Exit
  325  000011f8          	_Exit:
  326  000011f8  44000500	trap	#0x500
  327  000011fc  4be00000	jr	r31
  328  00001200  54000000	nop
  329  00001204          	.endproc _Exit
  332  00001204          	.proc _malloc
  333  00001204          	.global _malloc
  334  00001204          	_malloc:
  335  00001204  44000467	trap	#0x467
  336  00001208  4be00000	jr	r31
  337  0000120c          	.endproc _malloc
  340  0000120c          	.proc _mfree
  341  0000120c          	.global _mfree
  342  0000120c          	_mfree:
  343  0000120c  44000468	trap	#0x468
  344  00001210  4be00000	jr	r31
  345  00001214          	.endproc _mfree
  346                      ; Compiled by GCC
  348  00001214          	.align 2
  349  00001214          	.proc _isspace
  350  00001214          	.global _isspace
  351  00001214          	_isspace:
  352                      ;  Function 'isspace'; 0 bytes of locals, 3 regs to save.
  353  00001214  afbefffc	sw	-4(r29),r30; push fp
  354  00001218  001df020	add	r30,r0,r29; fp = sp
  355  0000121c  afbffff8	sw	-8(r29),r31; push ret addr
  356  00001220  2fbd0018	subui	r29,r29,#24; alloc local storage
  357  00001224  afa20000	sw	0(r29),r2
  358  00001228  afa30004	sw	4(r29),r3
  359  0000122c  afa40008	sw	8(r29),r4
  360  00001230  83c20003	lb	r2,3(r30)
  361  00001234  20010000	addi	r1,r0,#0
  362  00001238  304300ff	andi	r3,r2,#0x00ff
  363  0000123c  60640020	seqi	r4,r3,#32
  364  00001240  1480002c	bnez	r4,L3_LF2
  365  00001244  54000000	nop; delay slot nop
  366  00001248  304300ff	andi	r3,r2,#0x00ff
  367  0000124c  60640009	seqi	r4,r3,#9
  368  00001250  1480001c	bnez	r4,L3_LF2
  369  00001254  54000000	nop; delay slot nop
  370  00001258  304300ff	andi	r3,r2,#0x00ff
  371  0000125c  6064000a	seqi	r4,r3,#10
  372  00001260  1480000c	bnez	r4,L3_LF2
  373  00001264  54000000	nop; delay slot nop
  374  00001268  08000008	j	L2_LF2
  375  0000126c  54000000	nop; delay slot nop
  376  00001270          	L3_LF2:
  377  00001270  20010001	addi	r1,r0,#1
  378  00001274          	L2_LF2:
  379  00001274  08000004	j	L1_LF2
  380  00001278  54000000	nop; delay slot nop
  381  0000127c          	L1_LF2:
  382  0000127c  8fa20000	lw	r2,0(r29)
  383  00001280  8fa30004	lw	r3,4(r29)
  384  00001284  8fa40008	lw	r4,8(r29)
  385  00001288  8fdffff8	lw	r31,-8(r30)
  386  0000128c  001ee820	add	r29,r0,r30
  387  00001290  8fdefffc	lw	r30,-4(r30)
  388  00001294  4be00000	jr	r31
  389  00001298  54000000	nop
  390  0000129c          	.endproc _isspace
  391  0000129c          	.align 2
  392  0000129c          	.proc _isxdigit
  393  0000129c          	.global _isxdigit
  394  0000129c          	_isxdigit:
  395                      ;  Function 'isxdigit'; 0 bytes of locals, 3 regs to save.
  396  0000129c  afbefffc	sw	-4(r29),r30; push fp
  397  000012a0  001df020	add	r30,r0,r29; fp = sp
  398  000012a4  afbffff8	sw	-8(r29),r31; push ret addr
  399  000012a8  2fbd0018	subui	r29,r29,#24; alloc local storage
  400  000012ac  afa20000	sw	0(r29),r2
  401  000012b0  afa30004	sw	4(r29),r3
  402  000012b4  afa40008	sw	8(r29),r4
  403  000012b8  83c20003	lb	r2,3(r30)
  404  000012bc  20010000	addi	r1,r0,#0
  405  000012c0  304300ff	andi	r3,r2,#0x00ff
  406  000012c4  6c64002f	sgtui	r4,r3,#47
  407  000012c8  1080001c	beqz	r4,L7_LF2
  408  000012cc  54000000	nop; delay slot nop
  409  000012d0  304300ff	andi	r3,r2,#0x00ff
  410  000012d4  70640039	sleui	r4,r3,#57
  411  000012d8  1480005c	bnez	r4,L6_LF2
  412  000012dc  54000000	nop; delay slot nop
  413  000012e0  08000004	j	L7_LF2
  414  000012e4  54000000	nop; delay slot nop
  415  000012e8          	L7_LF2:
  416  000012e8  304300ff	andi	r3,r2,#0x00ff
  417  000012ec  6c640060	sgtui	r4,r3,#96
  418  000012f0  1080001c	beqz	r4,L8_LF2
  419  000012f4  54000000	nop; delay slot nop
  420  000012f8  304300ff	andi	r3,r2,#0x00ff
  421  000012fc  70640066	sleui	r4,r3,#102
  422  00001300  14800034	bnez	r4,L6_LF2
  423  00001304  54000000	nop; delay slot nop
  424  00001308  08000004	j	L8_LF2
  425  0000130c  54000000	nop; delay slot nop
  426  00001310          	L8_LF2:
  427  00001310  304300ff	andi	r3,r2,#0x00ff
  428  00001314  6c640040	sgtui	r4,r3,#64
  429  00001318  10800020	beqz	r4,L5_LF2
  430  0000131c  54000000	nop; delay slot nop
  431  00001320  304300ff	andi	r3,r2,#0x00ff
  432  00001324  70640041	sleui	r4,r3,#65
  433  00001328  1480000c	bnez	r4,L6_LF2
  434  0000132c  54000000	nop; delay slot nop
  435  00001330  08000008	j	L5_LF2
  436  00001334  54000000	nop; delay slot nop
  437  00001338          	L6_LF2:
  438  00001338  20010001	addi	r1,r0,#1
  439  0000133c          	L5_LF2:
  440  0000133c  08000004	j	L4_LF2
  441  00001340  54000000	nop; delay slot nop
  442  00001344          	L4_LF2:
  443  00001344  8fa20000	lw	r2,0(r29)
  444  00001348  8fa30004	lw	r3,4(r29)
  445  0000134c  8fa40008	lw	r4,8(r29)
  446  00001350  8fdffff8	lw	r31,-8(r30)
  447  00001354  001ee820	add	r29,r0,r30
  448  00001358  8fdefffc	lw	r30,-4(r30)
  449  0000135c  4be00000	jr	r31
  450  00001360  54000000	nop
  451  00001364          	.endproc _isxdigit
  452  00001364          	.align 2
  453  00001364          	.proc _dstrcpy
  454  00001364          	.global _dstrcpy
  455  00001364          	_dstrcpy:
  456                      ;  Function 'dstrcpy'; 8 bytes of locals, 2 regs to save.
  457  00001364  afbefffc	sw	-4(r29),r30; push fp
  458  00001368  001df020	add	r30,r0,r29; fp = sp
  459  0000136c  afbffff8	sw	-8(r29),r31; push ret addr
  460  00001370  2fbd0018	subui	r29,r29,#24; alloc local storage
  461  00001374  afa20000	sw	0(r29),r2
  462  00001378  afa30004	sw	4(r29),r3
  463  0000137c  8fc10000	lw	r1,(r30)
  464  00001380  afc1fff4	sw	-12(r30),r1
  465  00001384          	L10_LF2:
  466  00001384  8fc10000	lw	r1,(r30)
  467  00001388  20220001	addi	r2,r1,#1
  468  0000138c  afc20000	sw	(r30),r2
  469  00001390  8fc20004	lw	r2,4(r30)
  470  00001394  20430001	addi	r3,r2,#1
  471  00001398  afc30004	sw	4(r30),r3
  472  0000139c  80420000	lb	r2,(r2)
  473  000013a0  a0220000	sb	(r1),r2
  474  000013a4  a3c2fff3	sb	-13(r30),r2
  475  000013a8          	L12_LF2:
  476  000013a8  93c1fff3	lbu	r1,-13(r30)
  477  000013ac  64220000	snei	r2,r1,#0
  478  000013b0  1440000c	bnez	r2,L13_LF2
  479  000013b4  54000000	nop; delay slot nop
  480  000013b8  0800000c	j	L11_LF2
  481  000013bc  54000000	nop; delay slot nop
  482  000013c0          	L13_LF2:
  483  000013c0  0bffffc0	j	L10_LF2
  484  000013c4  54000000	nop; delay slot nop
  485  000013c8          	L11_LF2:
  486  000013c8  8fc1fff4	lw	r1,-12(r30)
  487  000013cc  08000004	j	L9_LF2
  488  000013d0  54000000	nop; delay slot nop
  489  000013d4          	L9_LF2:
  490  000013d4  8fa20000	lw	r2,0(r29)
  491  000013d8  8fa30004	lw	r3,4(r29)
  492  000013dc  8fdffff8	lw	r31,-8(r30)
  493  000013e0  001ee820	add	r29,r0,r30
  494  000013e4  8fdefffc	lw	r30,-4(r30)
  495  000013e8  4be00000	jr	r31
  496  000013ec  54000000	nop
  497  000013f0          	.endproc _dstrcpy
  498  000013f0          	.align 2
  499  000013f0          	.proc _dstrncpy
  500  000013f0          	.global _dstrncpy
  501  000013f0          	_dstrncpy:
  502                      ;  Function 'dstrncpy'; 8 bytes of locals, 2 regs to save.
  503  000013f0  afbefffc	sw	-4(r29),r30; push fp
  504  000013f4  001df020	add	r30,r0,r29; fp = sp
  505  000013f8  afbffff8	sw	-8(r29),r31; push ret addr
  506  000013fc  2fbd0018	subui	r29,r29,#24; alloc local storage
  507  00001400  afa20000	sw	0(r29),r2
  508  00001404  afa30004	sw	4(r29),r3
  509  00001408  8fc10000	lw	r1,(r30)
  510  0000140c  afc1fff4	sw	-12(r30),r1
  511  00001410          	L15_LF2:
  512  00001410  8fc10008	lw	r1,8(r30)
  513  00001414  2022ffff	addi	r2,r1,#-1
  514  00001418  afc20008	sw	8(r30),r2
  515  0000141c  70210000	slei	r1,r1,#0
  516  00001420  1020000c	beqz	r1,L18_LF2
  517  00001424  54000000	nop; delay slot nop
  518  00001428  08000048	j	L16_LF2
  519  0000142c  54000000	nop; delay slot nop
  520  00001430          	L18_LF2:
  521  00001430  8fc10000	lw	r1,(r30)
  522  00001434  20220001	addi	r2,r1,#1
  523  00001438  afc20000	sw	(r30),r2
  524  0000143c  8fc20004	lw	r2,4(r30)
  525  00001440  20430001	addi	r3,r2,#1
  526  00001444  afc30004	sw	4(r30),r3
  527  00001448  80420000	lb	r2,(r2)
  528  0000144c  a0220000	sb	(r1),r2
  529  00001450  a3c2fff3	sb	-13(r30),r2
  530  00001454          	L17_LF2:
  531  00001454  93c1fff3	lbu	r1,-13(r30)
  532  00001458  64220000	snei	r2,r1,#0
  533  0000145c  1440000c	bnez	r2,L19_LF2
  534  00001460  54000000	nop; delay slot nop
  535  00001464  0800000c	j	L16_LF2
  536  00001468  54000000	nop; delay slot nop
  537  0000146c          	L19_LF2:
  538  0000146c  0bffffa0	j	L15_LF2
  539  00001470  54000000	nop; delay slot nop
  540  00001474          	L16_LF2:
  541  00001474  8fc1fff4	lw	r1,-12(r30)
  542  00001478  08000004	j	L14_LF2
  543  0000147c  54000000	nop; delay slot nop
  544  00001480          	L14_LF2:
  545  00001480  8fa20000	lw	r2,0(r29)
  546  00001484  8fa30004	lw	r3,4(r29)
  547  00001488  8fdffff8	lw	r31,-8(r30)
  548  0000148c  001ee820	add	r29,r0,r30
  549  00001490  8fdefffc	lw	r30,-4(r30)
  550  00001494  4be00000	jr	r31
  551  00001498  54000000	nop
  552  0000149c          	.endproc _dstrncpy
  553  0000149c          	.align 2
  554  0000149c          	.proc _dstrcat
  555  0000149c          	.global _dstrcat
  556  0000149c          	_dstrcat:
  557                      ;  Function 'dstrcat'; 8 bytes of locals, 1 regs to save.
  558  0000149c  afbefffc	sw	-4(r29),r30; push fp
  559  000014a0  001df020	add	r30,r0,r29; fp = sp
  560  000014a4  afbffff8	sw	-8(r29),r31; push ret addr
  561  000014a8  2fbd0018	subui	r29,r29,#24; alloc local storage
  562  000014ac  afa20000	sw	0(r29),r2
  563  000014b0  8fc10000	lw	r1,(r30)
  564  000014b4  afc1fff4	sw	-12(r30),r1
  565  000014b8          	L21_LF2:
  566  000014b8  8fc10000	lw	r1,(r30)
  567  000014bc  90220000	lbu	r2,(r1)
  568  000014c0  64410000	snei	r1,r2,#0
  569  000014c4  1420000c	bnez	r1,L23_LF2
  570  000014c8  54000000	nop; delay slot nop
  571  000014cc  0800001c	j	L22_LF2
  572  000014d0  54000000	nop; delay slot nop
  573  000014d4          	L23_LF2:
  574  000014d4  8fc20000	lw	r2,(r30)
  575  000014d8  20410001	addi	r1,r2,#1
  576  000014dc  00011020	add	r2,r0,r1
  577  000014e0  afc20000	sw	(r30),r2
  578  000014e4  0bffffd0	j	L21_LF2
  579  000014e8  54000000	nop; delay slot nop
  580  000014ec          	L22_LF2:
  581  000014ec  23bdfff8	addi	r29,r29,#-8
  582  000014f0  001d0820	add	r1,r0,r29
  583  000014f4  8fc20000	lw	r2,(r30)
  584  000014f8  ac220000	sw	(r1),r2
  585  000014fc  8fc20004	lw	r2,4(r30)
  586  00001500  ac220004	sw	4(r1),r2
  587  00001504  0ffffe5c	jal	_dstrcpy
  588  00001508  54000000	nop; delay slot nop
  589  0000150c  23bd0008	addi	r29,r29,#8
  590  00001510  8fc1fff4	lw	r1,-12(r30)
  591  00001514  08000004	j	L20_LF2
  592  00001518  54000000	nop; delay slot nop
  593  0000151c          	L20_LF2:
  594  0000151c  8fa20000	lw	r2,0(r29)
  595  00001520  8fdffff8	lw	r31,-8(r30)
  596  00001524  001ee820	add	r29,r0,r30
  597  00001528  8fdefffc	lw	r30,-4(r30)
  598  0000152c  4be00000	jr	r31
  599  00001530  54000000	nop
  600  00001534          	.endproc _dstrcat
  601  00001534          	.align 2
  602  00001534          	.proc _dstrncmp
  603  00001534          	.global _dstrncmp
  604  00001534          	_dstrncmp:
  605                      ;  Function 'dstrncmp'; 8 bytes of locals, 2 regs to save.
  606  00001534  afbefffc	sw	-4(r29),r30; push fp
  607  00001538  001df020	add	r30,r0,r29; fp = sp
  608  0000153c  afbffff8	sw	-8(r29),r31; push ret addr
  609  00001540  2fbd0018	subui	r29,r29,#24; alloc local storage
  610  00001544  afa20000	sw	0(r29),r2
  611  00001548  afa30004	sw	4(r29),r3
  612  0000154c  54000000	nop
  613  00001550  20010000	addi	r1,r0,#0
  614  00001554  afc1fff4	sw	-12(r30),r1
  615  00001558          	L25_LF2:
  616  00001558  8fc1fff4	lw	r1,-12(r30)
  617  0000155c  8fc20008	lw	r2,8(r30)
  618  00001560  0022082a	slt	r1,r1,r2
  619  00001564  1420000c	bnez	r1,L28_LF2
  620  00001568  54000000	nop; delay slot nop
  621  0000156c  08000088	j	L26_LF2
  622  00001570  54000000	nop; delay slot nop
  623  00001574          	L28_LF2:
  624  00001574  8fc10004	lw	r1,4(r30)
  625  00001578  90220000	lbu	r2,(r1)
  626  0000157c  64410000	snei	r1,r2,#0
  627  00001580  14200018	bnez	r1,L29_LF2
  628  00001584  54000000	nop; delay slot nop
  629  00001588  20010000	addi	r1,r0,#0
  630  0000158c  080000d8	j	L24_LF2
  631  00001590  54000000	nop; delay slot nop
  632  00001594  08000028	j	L30_LF2
  633  00001598  54000000	nop; delay slot nop
  634  0000159c          	L29_LF2:
  635  0000159c  8fc10000	lw	r1,(r30)
  636  000015a0  8fc20004	lw	r2,4(r30)
  637  000015a4  90210000	lbu	r1,(r1)
  638  000015a8  90420000	lbu	r2,(r2)
  639  000015ac  00220829	sne	r1,r1,r2
  640  000015b0  1020000c	beqz	r1,L30_LF2
  641  000015b4  54000000	nop; delay slot nop
  642  000015b8  0800003c	j	L26_LF2
  643  000015bc  54000000	nop; delay slot nop
  644  000015c0          	L31_LF2:
  645  000015c0          	L30_LF2:
  646  000015c0  8fc20000	lw	r2,(r30)
  647  000015c4  20410001	addi	r1,r2,#1
  648  000015c8  00011020	add	r2,r0,r1
  649  000015cc  afc20000	sw	(r30),r2
  650  000015d0  8fc20004	lw	r2,4(r30)
  651  000015d4  20410001	addi	r1,r2,#1
  652  000015d8  00011020	add	r2,r0,r1
  653  000015dc  afc20004	sw	4(r30),r2
  654  000015e0          	L27_LF2:
  655  000015e0  8fc2fff4	lw	r2,-12(r30)
  656  000015e4  20410001	addi	r1,r2,#1
  657  000015e8  00011020	add	r2,r0,r1
  658  000015ec  afc2fff4	sw	-12(r30),r2
  659  000015f0  0bffff64	j	L25_LF2
  660  000015f4  54000000	nop; delay slot nop
  661  000015f8          	L26_LF2:
  662  000015f8  8fc1fff4	lw	r1,-12(r30)
  663  000015fc  8fc20008	lw	r2,8(r30)
  664  00001600  00220828	seq	r1,r1,r2
  665  00001604  10200018	beqz	r1,L32_LF2
  666  00001608  54000000	nop; delay slot nop
  667  0000160c  20010000	addi	r1,r0,#0
  668  00001610  08000054	j	L24_LF2
  669  00001614  54000000	nop; delay slot nop
  670  00001618  0800004c	j	L33_LF2
  671  0000161c  54000000	nop; delay slot nop
  672  00001620          	L32_LF2:
  673  00001620  8fc20000	lw	r2,(r30)
  674  00001624  90410000	lbu	r1,(r2)
  675  00001628  8fc20004	lw	r2,4(r30)
  676  0000162c  90430000	lbu	r3,(r2)
  677  00001630  00230822	sub	r1,r1,r3
  678  00001634  74220000	sgei	r2,r1,#0
  679  00001638  10400020	beqz	r2,L34_LF2
  680  0000163c  54000000	nop; delay slot nop
  681  00001640  8fc10000	lw	r1,(r30)
  682  00001644  8fc20004	lw	r2,4(r30)
  683  00001648  90210000	lbu	r1,(r1)
  684  0000164c  90420000	lbu	r2,(r2)
  685  00001650  00220829	sne	r1,r1,r2
  686  00001654  08000008	j	L35_LF2
  687  00001658  54000000	nop; delay slot nop
  688  0000165c          	L34_LF2:
  689  0000165c  2001ffff	addi	r1,r0,#-1
  690  00001660          	L35_LF2:
  691  00001660  08000004	j	L24_LF2
  692  00001664  54000000	nop; delay slot nop
  693  00001668          	L33_LF2:
  694  00001668          	L24_LF2:
  695  00001668  8fa20000	lw	r2,0(r29)
  696  0000166c  8fa30004	lw	r3,4(r29)
  697  00001670  8fdffff8	lw	r31,-8(r30)
  698  00001674  001ee820	add	r29,r0,r30
  699  00001678  8fdefffc	lw	r30,-4(r30)
  700  0000167c  4be00000	jr	r31
  701  00001680  54000000	nop
  702  00001684          	.endproc _dstrncmp
  703  00001684          	.align 2
  704  00001684          	.proc _dstrlen
  705  00001684          	.global _dstrlen
  706  00001684          	_dstrlen:
  707                      ;  Function 'dstrlen'; 8 bytes of locals, 1 regs to save.
  708  00001684  afbefffc	sw	-4(r29),r30; push fp
  709  00001688  001df020	add	r30,r0,r29; fp = sp
  710  0000168c  afbffff8	sw	-8(r29),r31; push ret addr
  711  00001690  2fbd0018	subui	r29,r29,#24; alloc local storage
  712  00001694  afa20000	sw	0(r29),r2
  713  00001698  20010000	addi	r1,r0,#0
  714  0000169c  afc1fff4	sw	-12(r30),r1
  715  000016a0          	L37_LF2:
  716  000016a0  8fc10000	lw	r1,(r30)
  717  000016a4  20220001	addi	r2,r1,#1
  718  000016a8  afc20000	sw	(r30),r2
  719  000016ac  90210000	lbu	r1,(r1)
  720  000016b0  64220000	snei	r2,r1,#0
  721  000016b4  1440000c	bnez	r2,L39_LF2
  722  000016b8  54000000	nop; delay slot nop
  723  000016bc  0800001c	j	L38_LF2
  724  000016c0  54000000	nop; delay slot nop
  725  000016c4          	L39_LF2:
  726  000016c4  8fc2fff4	lw	r2,-12(r30)
  727  000016c8  20410001	addi	r1,r2,#1
  728  000016cc  00011020	add	r2,r0,r1
  729  000016d0  afc2fff4	sw	-12(r30),r2
  730  000016d4  0bffffc8	j	L37_LF2
  731  000016d8  54000000	nop; delay slot nop
  732  000016dc          	L38_LF2:
  733  000016dc  8fc1fff4	lw	r1,-12(r30)
  734  000016e0  08000004	j	L36_LF2
  735  000016e4  54000000	nop; delay slot nop
  736  000016e8          	L36_LF2:
  737  000016e8  8fa20000	lw	r2,0(r29)
  738  000016ec  8fdffff8	lw	r31,-8(r30)
  739  000016f0  001ee820	add	r29,r0,r30
  740  000016f4  8fdefffc	lw	r30,-4(r30)
  741  000016f8  4be00000	jr	r31
  742  000016fc  54000000	nop
  743  00001700          	.endproc _dstrlen
  744  00001700          	.align 2
  745  00001700          	.proc _dstrstr
  746  00001700          	.global _dstrstr
  747  00001700          	_dstrstr:
  748                      ;  Function 'dstrstr'; 8 bytes of locals, 1 regs to save.
  749  00001700  afbefffc	sw	-4(r29),r30; push fp
  750  00001704  001df020	add	r30,r0,r29; fp = sp
  751  00001708  afbffff8	sw	-8(r29),r31; push ret addr
  752  0000170c  2fbd0018	subui	r29,r29,#24; alloc local storage
  753  00001710  afa20000	sw	0(r29),r2
  754  00001714  23bdfff8	addi	r29,r29,#-8
  755  00001718  001d0820	add	r1,r0,r29
  756  0000171c  8fc20004	lw	r2,4(r30)
  757  00001720  ac220000	sw	(r1),r2
  758  00001724  0fffff5c	jal	_dstrlen
  759  00001728  54000000	nop; delay slot nop
  760  0000172c  23bd0008	addi	r29,r29,#8
  761  00001730  afc1fff4	sw	-12(r30),r1
  762  00001734          	L41_LF2:
  763  00001734  8fc10000	lw	r1,(r30)
  764  00001738  90220000	lbu	r2,(r1)
  765  0000173c  64410000	snei	r1,r2,#0
  766  00001740  1420000c	bnez	r1,L43_LF2
  767  00001744  54000000	nop; delay slot nop
  768  00001748  08000060	j	L42_LF2
  769  0000174c  54000000	nop; delay slot nop
  770  00001750          	L43_LF2:
  771  00001750  23bdfff0	addi	r29,r29,#-16
  772  00001754  001d0820	add	r1,r0,r29
  773  00001758  8fc20000	lw	r2,(r30)
  774  0000175c  ac220000	sw	(r1),r2
  775  00001760  8fc20004	lw	r2,4(r30)
  776  00001764  ac220004	sw	4(r1),r2
  777  00001768  8fc2fff4	lw	r2,-12(r30)
  778  0000176c  ac220008	sw	8(r1),r2
  779  00001770  0ffffdc0	jal	_dstrncmp
  780  00001774  54000000	nop; delay slot nop
  781  00001778  23bd0010	addi	r29,r29,#16
  782  0000177c  64220000	snei	r2,r1,#0
  783  00001780  14400010	bnez	r2,L44_LF2
  784  00001784  54000000	nop; delay slot nop
  785  00001788  8fc10000	lw	r1,(r30)
  786  0000178c  08000028	j	L40_LF2
  787  00001790  54000000	nop; delay slot nop
  788  00001794          	L44_LF2:
  789  00001794  8fc20000	lw	r2,(r30)
  790  00001798  20410001	addi	r1,r2,#1
  791  0000179c  00011020	add	r2,r0,r1
  792  000017a0  afc20000	sw	(r30),r2
  793  000017a4  0bffff8c	j	L41_LF2
  794  000017a8  54000000	nop; delay slot nop
  795  000017ac          	L42_LF2:
  796  000017ac  20010000	addi	r1,r0,#0
  797  000017b0  08000004	j	L40_LF2
  798  000017b4  54000000	nop; delay slot nop
  799  000017b8          	L40_LF2:
  800  000017b8  8fa20000	lw	r2,0(r29)
  801  000017bc  8fdffff8	lw	r31,-8(r30)
  802  000017c0  001ee820	add	r29,r0,r30
  803  000017c4  8fdefffc	lw	r30,-4(r30)
  804  000017c8  4be00000	jr	r31
  805  000017cc  54000000	nop
  806  000017d0          	.endproc _dstrstr
  807  000017d0          	.align 2
  808  000017d0          	.proc _dmindex
  809  000017d0          	.global _dmindex
  810  000017d0          	_dmindex:
  811                      ;  Function 'dmindex'; 8 bytes of locals, 1 regs to save.
  812  000017d0  afbefffc	sw	-4(r29),r30; push fp
  813  000017d4  001df020	add	r30,r0,r29; fp = sp
  814  000017d8  afbffff8	sw	-8(r29),r31; push ret addr
  815  000017dc  2fbd0018	subui	r29,r29,#24; alloc local storage
  816  000017e0  afa20000	sw	0(r29),r2
  817  000017e4  54000000	nop
  818  000017e8          	L46_LF2:
  819  000017e8  8fc10000	lw	r1,(r30)
  820  000017ec  90220000	lbu	r2,(r1)
  821  000017f0  64410000	snei	r1,r2,#0
  822  000017f4  1420000c	bnez	r1,L48_LF2
  823  000017f8  54000000	nop; delay slot nop
  824  000017fc  08000070	j	L47_LF2
  825  00001800  54000000	nop; delay slot nop
  826  00001804          	L48_LF2:
  827  00001804  8fc10004	lw	r1,4(r30)
  828  00001808  afc1fff4	sw	-12(r30),r1
  829  0000180c          	L49_LF2:
  830  0000180c  8fc1fff4	lw	r1,-12(r30)
  831  00001810  90220000	lbu	r2,(r1)
  832  00001814  64410000	snei	r1,r2,#0
  833  00001818  1420000c	bnez	r1,L52_LF2
  834  0000181c  54000000	nop; delay slot nop
  835  00001820  08000044	j	L50_LF2
  836  00001824  54000000	nop; delay slot nop
  837  00001828          	L52_LF2:
  838  00001828  8fc10000	lw	r1,(r30)
  839  0000182c  8fc2fff4	lw	r2,-12(r30)
  840  00001830  90210000	lbu	r1,(r1)
  841  00001834  90420000	lbu	r2,(r2)
  842  00001838  00220828	seq	r1,r1,r2
  843  0000183c  10200010	beqz	r1,L51_LF2
  844  00001840  54000000	nop; delay slot nop
  845  00001844  8fc10000	lw	r1,(r30)
  846  00001848  08000030	j	L45_LF2
  847  0000184c  54000000	nop; delay slot nop
  848  00001850          	L53_LF2:
  849  00001850          	L51_LF2:
  850  00001850  8fc2fff4	lw	r2,-12(r30)
  851  00001854  20410001	addi	r1,r2,#1
  852  00001858  00011020	add	r2,r0,r1
  853  0000185c  afc2fff4	sw	-12(r30),r2
  854  00001860  0bffffa8	j	L49_LF2
  855  00001864  54000000	nop; delay slot nop
  856  00001868          	L50_LF2:
  857  00001868  0bffff7c	j	L46_LF2
  858  0000186c  54000000	nop; delay slot nop
  859  00001870          	L47_LF2:
  860  00001870  20010000	addi	r1,r0,#0
  861  00001874  08000004	j	L45_LF2
  862  00001878  54000000	nop; delay slot nop
  863  0000187c          	L45_LF2:
  864  0000187c  8fa20000	lw	r2,0(r29)
  865  00001880  8fdffff8	lw	r31,-8(r30)
  866  00001884  001ee820	add	r29,r0,r30
  867  00001888  8fdefffc	lw	r30,-4(r30)
  868  0000188c  4be00000	jr	r31
  869  00001890  54000000	nop
  870  00001894          	.endproc _dmindex
  871  00001894          	.align 2
  872  00001894          	.proc _dindex
  873  00001894          	.global _dindex
  874  00001894          	_dindex:
  875                      ;  Function 'dindex'; 0 bytes of locals, 1 regs to save.
  876  00001894  afbefffc	sw	-4(r29),r30; push fp
  877  00001898  001df020	add	r30,r0,r29; fp = sp
  878  0000189c  afbffff8	sw	-8(r29),r31; push ret addr
  879  000018a0  2fbd0010	subui	r29,r29,#16; alloc local storage
  880  000018a4  afa20000	sw	0(r29),r2
  881  000018a8  54000000	nop
  882  000018ac          	L55_LF2:
  883  000018ac  8fc10000	lw	r1,(r30)
  884  000018b0  90220000	lbu	r2,(r1)
  885  000018b4  64410000	snei	r1,r2,#0
  886  000018b8  1420000c	bnez	r1,L57_LF2
  887  000018bc  54000000	nop; delay slot nop
  888  000018c0  08000040	j	L56_LF2
  889  000018c4  54000000	nop; delay slot nop
  890  000018c8          	L57_LF2:
  891  000018c8  8fc10000	lw	r1,(r30)
  892  000018cc  90220000	lbu	r2,(r1)
  893  000018d0  8fc10004	lw	r1,4(r30)
  894  000018d4  00411028	seq	r2,r2,r1
  895  000018d8  10400010	beqz	r2,L58_LF2
  896  000018dc  54000000	nop; delay slot nop
  897  000018e0  8fc10000	lw	r1,(r30)
  898  000018e4  08000028	j	L54_LF2
  899  000018e8  54000000	nop; delay slot nop
  900  000018ec          	L58_LF2:
  901  000018ec  8fc20000	lw	r2,(r30)
  902  000018f0  20410001	addi	r1,r2,#1
  903  000018f4  00011020	add	r2,r0,r1
  904  000018f8  afc20000	sw	(r30),r2
  905  000018fc  0bffffac	j	L55_LF2
  906  00001900  54000000	nop; delay slot nop
  907  00001904          	L56_LF2:
  908  00001904  20010000	addi	r1,r0,#0
  909  00001908  08000004	j	L54_LF2
  910  0000190c  54000000	nop; delay slot nop
  911  00001910          	L54_LF2:
  912  00001910  8fa20000	lw	r2,0(r29)
  913  00001914  8fdffff8	lw	r31,-8(r30)
  914  00001918  001ee820	add	r29,r0,r30
  915  0000191c  8fdefffc	lw	r30,-4(r30)
  916  00001920  4be00000	jr	r31
  917  00001924  54000000	nop
  918  00001928          	.endproc _dindex
  919  00001928          	.align 2
  920  00001928          	.proc _ditoa
  921  00001928          	.global _ditoa
  922  00001928          	_ditoa:
  923                      ;  Function 'ditoa'; 8 bytes of locals, 2 regs to save.
  924  00001928  afbefffc	sw	-4(r29),r30; push fp
  925  0000192c  001df020	add	r30,r0,r29; fp = sp
  926  00001930  afbffff8	sw	-8(r29),r31; push ret addr
  927  00001934  2fbd0018	subui	r29,r29,#24; alloc local storage
  928  00001938  afa20000	sw	0(r29),r2
  929  0000193c  afa30004	sw	4(r29),r3
  930  00001940  8fc10000	lw	r1,(r30)
  931  00001944  68220000	slti	r2,r1,#0
  932  00001948  1040002c	beqz	r2,L60_LF2
  933  0000194c  54000000	nop; delay slot nop
  934  00001950  8fc10004	lw	r1,4(r30)
  935  00001954  20220001	addi	r2,r1,#1
  936  00001958  afc20004	sw	4(r30),r2
  937  0000195c  2002002d	addi	r2,r0,(#0x2d)&0xff
  938  00001960  a0220000	sb	(r1),r2
  939  00001964  8fc10000	lw	r1,(r30)
  940  00001968  00011022	sub	r2,r0,r1
  941  0000196c  afc20000	sw	(r30),r2
  942  00001970  08000118	j	L61_LF2
  943  00001974  54000000	nop; delay slot nop
  944  00001978          	L60_LF2:
  945  00001978  8fc10000	lw	r1,(r30)
  946  0000197c  64220000	snei	r2,r1,#0
  947  00001980  14400020	bnez	r2,L62_LF2
  948  00001984  54000000	nop; delay slot nop
  949  00001988  8fc10004	lw	r1,4(r30)
  950  0000198c  20220001	addi	r2,r1,#1
  951  00001990  afc20004	sw	4(r30),r2
  952  00001994  20020030	addi	r2,r0,(#0x30)&0xff
  953  00001998  a0220000	sb	(r1),r2
  954  0000199c  080000ec	j	L61_LF2
  955  000019a0  54000000	nop; delay slot nop
  956  000019a4          	L62_LF2:
  957  000019a4  20010001	addi	r1,r0,#1
  958  000019a8  afc1fff4	sw	-12(r30),r1
  959  000019ac          	L64_LF2:
  960  000019ac  8fc1fff4	lw	r1,-12(r30)
  961  000019b0  8fc20000	lw	r2,(r30)
  962  000019b4  0022082c	sle	r1,r1,r2
  963  000019b8  1420000c	bnez	r1,L66_LF2
  964  000019bc  54000000	nop; delay slot nop
  965  000019c0  08000024	j	L65_LF2
  966  000019c4  54000000	nop; delay slot nop
  967  000019c8          	L67_LF2:
  968  000019c8          	L66_LF2:
  969  000019c8  8fc1fff4	lw	r1,-12(r30)
  970  000019cc  00011820	add	r3,r0,r1
  971  000019d0  50620002	slli	r2,r3,#0x2
  972  000019d4  00411020	add	r2,r2,r1
  973  000019d8  50410001	slli	r1,r2,#0x1
  974  000019dc  afc1fff4	sw	-12(r30),r1
  975  000019e0  0bffffc8	j	L64_LF2
  976  000019e4  54000000	nop; delay slot nop
  977  000019e8          	L65_LF2:
  978  000019e8  54000000	nop
  979  000019ec          	L68_LF2:
  980  000019ec  8fc1fff4	lw	r1,-12(r30)
  981  000019f0  2002000a	addi	r2,r0,#10
  982  000019f4  00200035	movi2fp	f0,r1
  983  000019f8  00400835	movi2fp	f1,r2
  984  000019fc  0401000f	div	f0,f0,f1
  985  00001a00  00000834	movfp2i	r1,f0
  986  00001a04  afc1fff4	sw	-12(r30),r1
  987  00001a08  8fc10004	lw	r1,4(r30)
  988  00001a0c  20220001	addi	r2,r1,#1
  989  00001a10  afc20004	sw	4(r30),r2
  990  00001a14  8fc20000	lw	r2,(r30)
  991  00001a18  8fc3fff4	lw	r3,-12(r30)
  992  00001a1c  00400035	movi2fp	f0,r2
  993  00001a20  00600835	movi2fp	f1,r3
  994  00001a24  0401000f	div	f0,f0,f1
  995  00001a28  00001034	movfp2i	r2,f0
  996  00001a2c  00021820	add	r3,r0,r2
  997  00001a30  20620030	addi	r2,r3,#48
  998  00001a34  a0220000	sb	(r1),r2
  999  00001a38  8fc10000	lw	r1,(r30)
 1000  00001a3c  8fc3fff4	lw	r3,-12(r30)
 1001  00001a40  00200035	movi2fp	f0,r1
 1002  00001a44  00600835	movi2fp	f1,r3
 1003  00001a48  0401000f	div	f0,f0,f1
 1004  00001a4c  00001034	movfp2i	r2,f0
 1005  00001a50  8fc3fff4	lw	r3,-12(r30)
 1006  00001a54  00400035	movi2fp	f0,r2
 1007  00001a58  00600835	movi2fp	f1,r3
 1008  00001a5c  0401000e	mult	f0,f0,f1
 1009  00001a60  00001034	movfp2i	r2,f0
 1010  00001a64  00220822	sub	r1,r1,r2
 1011  00001a68  afc10000	sw	(r30),r1
 1012  00001a6c          	L70_LF2:
 1013  00001a6c  8fc1fff4	lw	r1,-12(r30)
 1014  00001a70  6c220001	sgti	r2,r1,#1
 1015  00001a74  1440000c	bnez	r2,L71_LF2
 1016  00001a78  54000000	nop; delay slot nop
 1017  00001a7c  0800000c	j	L61_LF2
 1018  00001a80  54000000	nop; delay slot nop
 1019  00001a84          	L71_LF2:
 1020  00001a84  0bffff64	j	L68_LF2
 1021  00001a88  54000000	nop; delay slot nop
 1022  00001a8c          	L69_LF2:
 1023  00001a8c          	L63_LF2:
 1024  00001a8c          	L61_LF2:
 1025  00001a8c  8fc10004	lw	r1,4(r30)
 1026  00001a90  20020000	addi	r2,r0,(#0x0)&0xff
 1027  00001a94  a0220000	sb	(r1),r2
 1028  00001a98          	L59_LF2:
 1029  00001a98  8fa20000	lw	r2,0(r29)
 1030  00001a9c  8fa30004	lw	r3,4(r29)
 1031  00001aa0  8fdffff8	lw	r31,-8(r30)
 1032  00001aa4  001ee820	add	r29,r0,r30
 1033  00001aa8  8fdefffc	lw	r30,-4(r30)
 1034  00001aac  4be00000	jr	r31
 1035  00001ab0  54000000	nop
 1036  00001ab4          	.endproc _ditoa
 1037  00001ab4          	.align 2
 1038  00001ab4          	.proc _dstrtol
 1039  00001ab4          	.global _dstrtol
 1040  00001ab4          	_dstrtol:
 1041                      ;  Function 'dstrtol'; 16 bytes of locals, 1 regs to save.
 1042  00001ab4  afbefffc	sw	-4(r29),r30; push fp
 1043  00001ab8  001df020	add	r30,r0,r29; fp = sp
 1044  00001abc  afbffff8	sw	-8(r29),r31; push ret addr
 1045  00001ac0  2fbd0020	subui	r29,r29,#32; alloc local storage
 1046  00001ac4  afa20000	sw	0(r29),r2
 1047  00001ac8  20010000	addi	r1,r0,#0
 1048  00001acc  afc1fff4	sw	-12(r30),r1
 1049  00001ad0          	L73_LF2:
 1050  00001ad0  8fc10000	lw	r1,(r30)
 1051  00001ad4  90220000	lbu	r2,(r1)
 1052  00001ad8  60410020	seqi	r1,r2,#32
 1053  00001adc  14200034	bnez	r1,L75_LF2
 1054  00001ae0  54000000	nop; delay slot nop
 1055  00001ae4  8fc10000	lw	r1,(r30)
 1056  00001ae8  90220000	lbu	r2,(r1)
 1057  00001aec  60410009	seqi	r1,r2,#9
 1058  00001af0  14200020	bnez	r1,L75_LF2
 1059  00001af4  54000000	nop; delay slot nop
 1060  00001af8  8fc10000	lw	r1,(r30)
 1061  00001afc  90220000	lbu	r2,(r1)
 1062  00001b00  6041000a	seqi	r1,r2,#10
 1063  00001b04  1420000c	bnez	r1,L75_LF2
 1064  00001b08  54000000	nop; delay slot nop
 1065  00001b0c  0800001c	j	L74_LF2
 1066  00001b10  54000000	nop; delay slot nop
 1067  00001b14          	L75_LF2:
 1068  00001b14  8fc20000	lw	r2,(r30)
 1069  00001b18  20410001	addi	r1,r2,#1
 1070  00001b1c  00011020	add	r2,r0,r1
 1071  00001b20  afc20000	sw	(r30),r2
 1072  00001b24  0bffffa8	j	L73_LF2
 1073  00001b28  54000000	nop; delay slot nop
 1074  00001b2c          	L74_LF2:
 1075  00001b2c  8fc10004	lw	r1,4(r30)
 1076  00001b30  64220000	snei	r2,r1,#0
 1077  00001b34  10400010	beqz	r2,L76_LF2
 1078  00001b38  54000000	nop; delay slot nop
 1079  00001b3c  8fc10004	lw	r1,4(r30)
 1080  00001b40  8fc20000	lw	r2,(r30)
 1081  00001b44  ac220000	sw	(r1),r2
 1082  00001b48          	L76_LF2:
 1083  00001b48  8fc10000	lw	r1,(r30)
 1084  00001b4c  90220000	lbu	r2,(r1)
 1085  00001b50  64410000	snei	r1,r2,#0
 1086  00001b54  14200010	bnez	r1,L77_LF2
 1087  00001b58  54000000	nop; delay slot nop
 1088  00001b5c  8fc1fff4	lw	r1,-12(r30)
 1089  00001b60  08000294	j	L72_LF2
 1090  00001b64  54000000	nop; delay slot nop
 1091  00001b68          	L77_LF2:
 1092  00001b68  8fc10000	lw	r1,(r30)
 1093  00001b6c  90220000	lbu	r2,(r1)
 1094  00001b70  6041002d	seqi	r1,r2,#45
 1095  00001b74  10200024	beqz	r1,L78_LF2
 1096  00001b78  54000000	nop; delay slot nop
 1097  00001b7c  2001ffff	addi	r1,r0,#-1
 1098  00001b80  afc1ffec	sw	-20(r30),r1
 1099  00001b84  8fc20000	lw	r2,(r30)
 1100  00001b88  20410001	addi	r1,r2,#1
 1101  00001b8c  00011020	add	r2,r0,r1
 1102  00001b90  afc20000	sw	(r30),r2
 1103  00001b94  0800000c	j	L79_LF2
 1104  00001b98  54000000	nop; delay slot nop
 1105  00001b9c          	L78_LF2:
 1106  00001b9c  20010001	addi	r1,r0,#1
 1107  00001ba0  afc1ffec	sw	-20(r30),r1
 1108  00001ba4          	L79_LF2:
 1109  00001ba4  8fc10008	lw	r1,8(r30)
 1110  00001ba8  64220000	snei	r2,r1,#0
 1111  00001bac  14400090	bnez	r2,L80_LF2
 1112  00001bb0  54000000	nop; delay slot nop
 1113  00001bb4  8fc10000	lw	r1,(r30)
 1114  00001bb8  90220000	lbu	r2,(r1)
 1115  00001bbc  60410030	seqi	r1,r2,#48
 1116  00001bc0  10200074	beqz	r1,L81_LF2
 1117  00001bc4  54000000	nop; delay slot nop
 1118  00001bc8  8fc20000	lw	r2,(r30)
 1119  00001bcc  20410001	addi	r1,r2,#1
 1120  00001bd0  00011020	add	r2,r0,r1
 1121  00001bd4  afc20000	sw	(r30),r2
 1122  00001bd8  8fc10000	lw	r1,(r30)
 1123  00001bdc  90220000	lbu	r2,(r1)
 1124  00001be0  60410078	seqi	r1,r2,#120
 1125  00001be4  14200020	bnez	r1,L83_LF2
 1126  00001be8  54000000	nop; delay slot nop
 1127  00001bec  8fc10000	lw	r1,(r30)
 1128  00001bf0  90220000	lbu	r2,(r1)
 1129  00001bf4  60410058	seqi	r1,r2,#88
 1130  00001bf8  1420000c	bnez	r1,L83_LF2
 1131  00001bfc  54000000	nop; delay slot nop
 1132  00001c00  08000024	j	L82_LF2
 1133  00001c04  54000000	nop; delay slot nop
 1134  00001c08          	L83_LF2:
 1135  00001c08  20010010	addi	r1,r0,#16
 1136  00001c0c  afc10008	sw	8(r30),r1
 1137  00001c10  8fc20000	lw	r2,(r30)
 1138  00001c14  20410001	addi	r1,r2,#1
 1139  00001c18  00011020	add	r2,r0,r1
 1140  00001c1c  afc20000	sw	(r30),r2
 1141  00001c20  0800000c	j	L84_LF2
 1142  00001c24  54000000	nop; delay slot nop
 1143  00001c28          	L82_LF2:
 1144  00001c28  20010008	addi	r1,r0,#8
 1145  00001c2c  afc10008	sw	8(r30),r1
 1146  00001c30          	L84_LF2:
 1147  00001c30  0800000c	j	L80_LF2
 1148  00001c34  54000000	nop; delay slot nop
 1149  00001c38          	L81_LF2:
 1150  00001c38  2001000a	addi	r1,r0,#10
 1151  00001c3c  afc10008	sw	8(r30),r1
 1152  00001c40          	L85_LF2:
 1153  00001c40          	L80_LF2:
 1154  00001c40  8fc10008	lw	r1,8(r30)
 1155  00001c44  70220000	slei	r2,r1,#0
 1156  00001c48  1440001c	bnez	r2,L87_LF2
 1157  00001c4c  54000000	nop; delay slot nop
 1158  00001c50  8fc10008	lw	r1,8(r30)
 1159  00001c54  6c220010	sgti	r2,r1,#16
 1160  00001c58  1440000c	bnez	r2,L87_LF2
 1161  00001c5c  54000000	nop; delay slot nop
 1162  00001c60  08000010	j	L86_LF2
 1163  00001c64  54000000	nop; delay slot nop
 1164  00001c68          	L87_LF2:
 1165  00001c68  8fc1fff4	lw	r1,-12(r30)
 1166  00001c6c  08000188	j	L72_LF2
 1167  00001c70  54000000	nop; delay slot nop
 1168  00001c74          	L86_LF2:
 1169  00001c74  54000000	nop
 1170  00001c78          	L88_LF2:
 1171  00001c78  8fc10000	lw	r1,(r30)
 1172  00001c7c  90220000	lbu	r2,(r1)
 1173  00001c80  6c41002f	sgtui	r1,r2,#47
 1174  00001c84  10200030	beqz	r1,L91_LF2
 1175  00001c88  54000000	nop; delay slot nop
 1176  00001c8c  8fc10000	lw	r1,(r30)
 1177  00001c90  90220000	lbu	r2,(r1)
 1178  00001c94  70410039	sleui	r1,r2,#57
 1179  00001c98  1020001c	beqz	r1,L91_LF2
 1180  00001c9c  54000000	nop; delay slot nop
 1181  00001ca0  8fc10000	lw	r1,(r30)
 1182  00001ca4  90220000	lbu	r2,(r1)
 1183  00001ca8  2041ffd0	addi	r1,r2,#-48
 1184  00001cac  afc1fff0	sw	-16(r30),r1
 1185  00001cb0  0800008c	j	L92_LF2
 1186  00001cb4  54000000	nop; delay slot nop
 1187  00001cb8          	L91_LF2:
 1188  00001cb8  8fc10000	lw	r1,(r30)
 1189  00001cbc  90220000	lbu	r2,(r1)
 1190  00001cc0  6c410060	sgtui	r1,r2,#96
 1191  00001cc4  10200030	beqz	r1,L93_LF2
 1192  00001cc8  54000000	nop; delay slot nop
 1193  00001ccc  8fc10000	lw	r1,(r30)
 1194  00001cd0  90220000	lbu	r2,(r1)
 1195  00001cd4  7041007a	sleui	r1,r2,#122
 1196  00001cd8  1020001c	beqz	r1,L93_LF2
 1197  00001cdc  54000000	nop; delay slot nop
 1198  00001ce0  8fc10000	lw	r1,(r30)
 1199  00001ce4  90220000	lbu	r2,(r1)
 1200  00001ce8  2041ffa9	addi	r1,r2,#-87
 1201  00001cec  afc1fff0	sw	-16(r30),r1
 1202  00001cf0  0800004c	j	L92_LF2
 1203  00001cf4  54000000	nop; delay slot nop
 1204  00001cf8          	L93_LF2:
 1205  00001cf8  8fc10000	lw	r1,(r30)
 1206  00001cfc  90220000	lbu	r2,(r1)
 1207  00001d00  6c410040	sgtui	r1,r2,#64
 1208  00001d04  10200030	beqz	r1,L95_LF2
 1209  00001d08  54000000	nop; delay slot nop
 1210  00001d0c  8fc10000	lw	r1,(r30)
 1211  00001d10  90220000	lbu	r2,(r1)
 1212  00001d14  7041005a	sleui	r1,r2,#90
 1213  00001d18  1020001c	beqz	r1,L95_LF2
 1214  00001d1c  54000000	nop; delay slot nop
 1215  00001d20  8fc10000	lw	r1,(r30)
 1216  00001d24  90220000	lbu	r2,(r1)
 1217  00001d28  2041ffc9	addi	r1,r2,#-55
 1218  00001d2c  afc1fff0	sw	-16(r30),r1
 1219  00001d30  0800000c	j	L92_LF2
 1220  00001d34  54000000	nop; delay slot nop
 1221  00001d38          	L95_LF2:
 1222  00001d38  200103e8	addi	r1,r0,#1000
 1223  00001d3c  afc1fff0	sw	-16(r30),r1
 1224  00001d40          	L96_LF2:
 1225  00001d40          	L94_LF2:
 1226  00001d40          	L92_LF2:
 1227  00001d40  8fc1fff0	lw	r1,-16(r30)
 1228  00001d44  8fc20008	lw	r2,8(r30)
 1229  00001d48  0022082a	slt	r1,r1,r2
 1230  00001d4c  10200040	beqz	r1,L90_LF2
 1231  00001d50  54000000	nop; delay slot nop
 1232  00001d54  8fc1fff4	lw	r1,-12(r30)
 1233  00001d58  8fc20008	lw	r2,8(r30)
 1234  00001d5c  00200035	movi2fp	f0,r1
 1235  00001d60  00400835	movi2fp	f1,r2
 1236  00001d64  0401000e	mult	f0,f0,f1
 1237  00001d68  00000834	movfp2i	r1,f0
 1238  00001d6c  afc1fff4	sw	-12(r30),r1
 1239  00001d70  8fc1fff4	lw	r1,-12(r30)
 1240  00001d74  8fc2fff0	lw	r2,-16(r30)
 1241  00001d78  00220820	add	r1,r1,r2
 1242  00001d7c  afc1fff4	sw	-12(r30),r1
 1243  00001d80  8fc20000	lw	r2,(r30)
 1244  00001d84  20410001	addi	r1,r2,#1
 1245  00001d88  00011020	add	r2,r0,r1
 1246  00001d8c  afc20000	sw	(r30),r2
 1247  00001d90          	L97_LF2:
 1248  00001d90          	L90_LF2:
 1249  00001d90  8fc1fff0	lw	r1,-16(r30)
 1250  00001d94  8fc20008	lw	r2,8(r30)
 1251  00001d98  0022082a	slt	r1,r1,r2
 1252  00001d9c  1420000c	bnez	r1,L98_LF2
 1253  00001da0  54000000	nop; delay slot nop
 1254  00001da4  0800000c	j	L89_LF2
 1255  00001da8  54000000	nop; delay slot nop
 1256  00001dac          	L98_LF2:
 1257  00001dac  0bfffec8	j	L88_LF2
 1258  00001db0  54000000	nop; delay slot nop
 1259  00001db4          	L89_LF2:
 1260  00001db4  8fc10004	lw	r1,4(r30)
 1261  00001db8  64220000	snei	r2,r1,#0
 1262  00001dbc  10400010	beqz	r2,L99_LF2
 1263  00001dc0  54000000	nop; delay slot nop
 1264  00001dc4  8fc10004	lw	r1,4(r30)
 1265  00001dc8  8fc20000	lw	r2,(r30)
 1266  00001dcc  ac220000	sw	(r1),r2
 1267  00001dd0          	L99_LF2:
 1268  00001dd0  8fc1fff4	lw	r1,-12(r30)
 1269  00001dd4  8fc2ffec	lw	r2,-20(r30)
 1270  00001dd8  00200035	movi2fp	f0,r1
 1271  00001ddc  00400835	movi2fp	f1,r2
 1272  00001de0  0401000e	mult	f0,f0,f1
 1273  00001de4  00000834	movfp2i	r1,f0
 1274  00001de8  afc1fff4	sw	-12(r30),r1
 1275  00001dec  8fc1fff4	lw	r1,-12(r30)
 1276  00001df0  08000004	j	L72_LF2
 1277  00001df4  54000000	nop; delay slot nop
 1278  00001df8          	L72_LF2:
 1279  00001df8  8fa20000	lw	r2,0(r29)
 1280  00001dfc  8fdffff8	lw	r31,-8(r30)
 1281  00001e00  001ee820	add	r29,r0,r30
 1282  00001e04  8fdefffc	lw	r30,-4(r30)
 1283  00001e08  4be00000	jr	r31
 1284  00001e0c  54000000	nop
 1285  00001e10          	.endproc _dstrtol
 1286  00001e10          	.align 2
 1287  00001e10          	.proc _bcopy
 1288  00001e10          	.global _bcopy
 1289  00001e10          	_bcopy:
 1290                      ;  Function 'bcopy'; 0 bytes of locals, 2 regs to save.
 1291  00001e10  afbefffc	sw	-4(r29),r30; push fp
 1292  00001e14  001df020	add	r30,r0,r29; fp = sp
 1293  00001e18  afbffff8	sw	-8(r29),r31; push ret addr
 1294  00001e1c  2fbd0010	subui	r29,r29,#16; alloc local storage
 1295  00001e20  afa20000	sw	0(r29),r2
 1296  00001e24  afa30004	sw	4(r29),r3
 1297  00001e28  54000000	nop
 1298  00001e2c          	L101_LF2:
 1299  00001e2c  8fc10008	lw	r1,8(r30)
 1300  00001e30  2022ffff	addi	r2,r1,#-1
 1301  00001e34  afc20008	sw	8(r30),r2
 1302  00001e38  6c210000	sgti	r1,r1,#0
 1303  00001e3c  1420000c	bnez	r1,L103_LF2
 1304  00001e40  54000000	nop; delay slot nop
 1305  00001e44  0800002c	j	L102_LF2
 1306  00001e48  54000000	nop; delay slot nop
 1307  00001e4c          	L103_LF2:
 1308  00001e4c  8fc10004	lw	r1,4(r30)
 1309  00001e50  20220001	addi	r2,r1,#1
 1310  00001e54  afc20004	sw	4(r30),r2
 1311  00001e58  8fc20000	lw	r2,(r30)
 1312  00001e5c  20430001	addi	r3,r2,#1
 1313  00001e60  afc30000	sw	(r30),r3
 1314  00001e64  80420000	lb	r2,(r2)
 1315  00001e68  a0220000	sb	(r1),r2
 1316  00001e6c  0bffffbc	j	L101_LF2
 1317  00001e70  54000000	nop; delay slot nop
 1318  00001e74          	L102_LF2:
 1319  00001e74          	L100_LF2:
 1320  00001e74  8fa20000	lw	r2,0(r29)
 1321  00001e78  8fa30004	lw	r3,4(r29)
 1322  00001e7c  8fdffff8	lw	r31,-8(r30)
 1323  00001e80  001ee820	add	r29,r0,r30
 1324  00001e84  8fdefffc	lw	r30,-4(r30)
 1325  00001e88  4be00000	jr	r31
 1326  00001e8c  54000000	nop
 1327  00001e90          	.endproc _bcopy
 1328  00001e90          	.align 2
 1329  00001e90          	.proc _bzero
 1330  00001e90          	.global _bzero
 1331  00001e90          	_bzero:
 1332                      ;  Function 'bzero'; 0 bytes of locals, 1 regs to save.
 1333  00001e90  afbefffc	sw	-4(r29),r30; push fp
 1334  00001e94  001df020	add	r30,r0,r29; fp = sp
 1335  00001e98  afbffff8	sw	-8(r29),r31; push ret addr
 1336  00001e9c  2fbd0010	subui	r29,r29,#16; alloc local storage
 1337  00001ea0  afa20000	sw	0(r29),r2
 1338  00001ea4  54000000	nop
 1339  00001ea8          	L105_LF2:
 1340  00001ea8  8fc10004	lw	r1,4(r30)
 1341  00001eac  2022ffff	addi	r2,r1,#-1
 1342  00001eb0  afc20004	sw	4(r30),r2
 1343  00001eb4  6c210000	sgti	r1,r1,#0
 1344  00001eb8  1420000c	bnez	r1,L107_LF2
 1345  00001ebc  54000000	nop; delay slot nop
 1346  00001ec0  08000020	j	L106_LF2
 1347  00001ec4  54000000	nop; delay slot nop
 1348  00001ec8          	L107_LF2:
 1349  00001ec8  8fc10000	lw	r1,(r30)
 1350  00001ecc  20220001	addi	r2,r1,#1
 1351  00001ed0  afc20000	sw	(r30),r2
 1352  00001ed4  20020000	addi	r2,r0,(#0x0)&0xff
 1353  00001ed8  a0220000	sb	(r1),r2
 1354  00001edc  0bffffc8	j	L105_LF2
 1355  00001ee0  54000000	nop; delay slot nop
 1356  00001ee4          	L106_LF2:
 1357  00001ee4          	L104_LF2:
 1358  00001ee4  8fa20000	lw	r2,0(r29)
 1359  00001ee8  8fdffff8	lw	r31,-8(r30)
 1360  00001eec  001ee820	add	r29,r0,r30
 1361  00001ef0  8fdefffc	lw	r30,-4(r30)
 1362  00001ef4  4be00000	jr	r31
 1363  00001ef8  54000000	nop
 1364  00001efc          	.endproc _bzero
 1365  00001efc          	.align 2
 1366  00001efc          	.proc _min
 1367  00001efc          	.global _min
 1368  00001efc          	_min:
 1369                      ;  Function 'min'; 0 bytes of locals, 2 regs to save.
 1370  00001efc  afbefffc	sw	-4(r29),r30; push fp
 1371  00001f00  001df020	add	r30,r0,r29; fp = sp
 1372  00001f04  afbffff8	sw	-8(r29),r31; push ret addr
 1373  00001f08  2fbd0010	subui	r29,r29,#16; alloc local storage
 1374  00001f0c  afa20000	sw	0(r29),r2
 1375  00001f10  afa30004	sw	4(r29),r3
 1376  00001f14  8fc10000	lw	r1,(r30)
 1377  00001f18  8fc20004	lw	r2,4(r30)
 1378  00001f1c  0022182c	sle	r3,r1,r2
 1379  00001f20  14600008	bnez	r3,L109_LF2
 1380  00001f24  54000000	nop; delay slot nop
 1381  00001f28  8fc10004	lw	r1,4(r30)
 1382  00001f2c          	L109_LF2:
 1383  00001f2c  08000004	j	L108_LF2
 1384  00001f30  54000000	nop; delay slot nop
 1385  00001f34          	L108_LF2:
 1386  00001f34  8fa20000	lw	r2,0(r29)
 1387  00001f38  8fa30004	lw	r3,4(r29)
 1388  00001f3c  8fdffff8	lw	r31,-8(r30)
 1389  00001f40  001ee820	add	r29,r0,r30
 1390  00001f44  8fdefffc	lw	r30,-4(r30)
 1391  00001f48  4be00000	jr	r31
 1392  00001f4c  54000000	nop
 1393  00001f50          	.endproc _min
 1394  00001f50          	.align 2
 1395  00001f50          	.proc _max
 1396  00001f50          	.global _max
 1397  00001f50          	_max:
 1398                      ;  Function 'max'; 0 bytes of locals, 2 regs to save.
 1399  00001f50  afbefffc	sw	-4(r29),r30; push fp
 1400  00001f54  001df020	add	r30,r0,r29; fp = sp
 1401  00001f58  afbffff8	sw	-8(r29),r31; push ret addr
 1402  00001f5c  2fbd0010	subui	r29,r29,#16; alloc local storage
 1403  00001f60  afa20000	sw	0(r29),r2
 1404  00001f64  afa30004	sw	4(r29),r3
 1405  00001f68  8fc10000	lw	r1,(r30)
 1406  00001f6c  8fc20004	lw	r2,4(r30)
 1407  00001f70  0022182d	sge	r3,r1,r2
 1408  00001f74  14600008	bnez	r3,L111_LF2
 1409  00001f78  54000000	nop; delay slot nop
 1410  00001f7c  8fc10004	lw	r1,4(r30)
 1411  00001f80          	L111_LF2:
 1412  00001f80  08000004	j	L110_LF2
 1413  00001f84  54000000	nop; delay slot nop
 1414  00001f88          	L110_LF2:
 1415  00001f88  8fa20000	lw	r2,0(r29)
 1416  00001f8c  8fa30004	lw	r3,4(r29)
 1417  00001f90  8fdffff8	lw	r31,-8(r30)
 1418  00001f94  001ee820	add	r29,r0,r30
 1419  00001f98  8fdefffc	lw	r30,-4(r30)
 1420  00001f9c  4be00000	jr	r31
 1421  00001fa0  54000000	nop
 1422  00001fa4          	.endproc _max
 1423                      ;;; Ethan L. Miller, 1999.  Released to the public domain
 1424                      ;;;
 1425                      ;;; Most of the traps are called in files from libtraps.
 1428  00001fa4          	.align 2
 1429  00001fa4          	.proc _exit
 1430  00001fa4          	.global _exit
 1431  00001fa4          	_exit:
 1432  00001fa4  44000300	trap	#0x300
 1433  00001fa8  4be00000	jr	r31
 1434  00001fac  54000000	nop
 1435  00001fb0          	.endproc _exit
 1437                      ; for the benefit of gcc.
 1438  00001fb0          	.proc ___main
 1439  00001fb0          	.global ___main
 1440  00001fb0          	___main:
 1441  00001fb0  4be00000	jr	r31
 1442  00001fb4  54000000	nop
 1443  00001fb8          	.endproc ___main
 1444  00001fb8          	.text
 1445  00001fb8          	.global _etext
 1446  00001fb8          	_etext:
 1447  00001fb8          	.align 3
 1448  00001fb8          	.data
 1449  00002157          	.global _edata
 1450  00002157          	_edata:
