
**** Build of configuration Debug for project two-level ****

make all 
Building file: ../os/clock.c
Invoking: GCC C Compiler
gcc -O0 -g3 -Wall -c -fmessage-length=0 -MMD -MP -MF"os/clock.d" -MT"os/clock.d" -o"os/clock.o" "../os/clock.c"
../os/clock.c:5:19: error: dlxos.h: No such file or directory
../os/clock.c:6:19: error: traps.h: No such file or directory
../os/clock.c:7:21: error: ostraps.h: No such file or directory
../os/clock.c:8:21: error: process.h: No such file or directory
../os/clock.c:9:19: error: clock.h: No such file or directory
../os/clock.c:15: error: ‘CLOCK_DEFAULT_RESOLUTION’ undeclared here (not in a function)
../os/clock.c: In function ‘ClkStart’:
../os/clock.c:37: error: ‘DLX_TIMER_ADDRESS’ undeclared (first use in this function)
../os/clock.c:37: error: (Each undeclared identifier is reported only once
../os/clock.c:37: error: for each function it appears in.)
../os/clock.c:38: warning: implicit declaration of function ‘dbprintf’
../os/clock.c: In function ‘ClkInterrupt’:
../os/clock.c:58: error: ‘DLX_TIMER_ADDRESS’ undeclared (first use in this function)
../os/clock.c:62: error: ‘CLOCK_PROCESS_JIFFIES’ undeclared (first use in this function)
make: *** [os/clock.o] Error 1
