 line   address	contents
    1                      ; Linked by DLX-LD.
    2                      ; MemSize 20480
    3                      ; Data size: 195
    4                      ; Text size: 4060
    5                      ; Stack size: 8192
    6  00000000          	.text 0x1000
    7  00001000          	.data 0x2000
    8                      ; Compiled by GCC
   10  00002000          	.align 2
   11  00002000          	LC0_LF0:
   12  00002000  0a2d2d2d	.ascii "\n--------------------------------------------------------------------"
   12  00002004  2d2d2d2d	
   12  00002008  2d2d2d2d	
   12  0000200c  2d2d2d2d	
   12  00002010  2d2d2d2d	
   12  00002014  2d2d2d2d	
   12  00002018  2d2d2d2d	
   12  0000201c  2d2d2d2d	
   12  00002020  2d2d2d2d	
   12  00002024  2d2d2d2d	
   12  00002028  2d2d2d2d	
   12  0000202c  2d2d2d2d	
   12  00002030  2d2d2d2d	
   12  00002034  2d2d2d2d	
   12  00002038  2d2d2d2d	
   12  0000203c  2d2d2d2d	
   12  00002040  2d2d2d2d	
   12  00002044  2d      	
   13  00002045  2d2d2d2d	.ascii "-----------------\n\000"
   13  00002049  2d2d2d2d	
   13  0000204d  2d2d2d2d	
   13  00002051  2d2d2d2d	
   13  00002055  2d0a00  	
   14  00002058          	.align 2
   15  00002058          	LC1_LF0:
   16  00002058  65786365	.ascii "excess_pages (%d): TEST #7: Attempt to use more than 32 physical pages"
   16  0000205c  73735f70	
   16  00002060  61676573	
   16  00002064  20282564	
   16  00002068  293a2054	
   16  0000206c  45535420	
   16  00002070  23373a20	
   16  00002074  41747465	
   16  00002078  6d707420	
   16  0000207c  746f2075	
   16  00002080  7365206d	
   16  00002084  6f726520	
   16  00002088  7468616e	
   16  0000208c  20333220	
   16  00002090  70687973	
   16  00002094  6963616c	
   16  00002098  20706167	
   16  0000209c  6573    	
   17  0000209e  20666f72	.ascii " for process\n\000"
   17  000020a2  2070726f	
   17  000020a6  63657373	
   17  000020aa  0a00    	
   18  000020ac          	.align 2
   19  000020ac          	LC2_LF0:
   20  000020ac  49207368	.ascii "I shouldn\'t get here!\n\000"
   20  000020b0  6f756c64	
   20  000020b4  6e277420	
   20  000020b8  67657420	
   20  000020bc  68657265	
   20  000020c0  210a00  	
   21  000020c3          	.text
   22  00001000          	.align 2
   23  00001000          	.proc _main
   24  00001000          	.global _main
   25  00001000          	_main:
   26                      ;  Function 'main'; 120000 bytes of locals, 0 regs to save.
   27  00001000  afbefffc	sw	-4(r29),r30; push fp
   28  00001004  001df020	add	r30,r0,r29; fp = sp
   29  00001008  afbffff8	sw	-8(r29),r31; push ret addr
   30  0000100c  3c010001	lhi	r1,#1; alloc local storage = 120008
   31  00001010  2421d4c8	addui	r1,r1,#0xd4c8
   32  00001014  03a1e823	subu	r29,r29,r1
   33  00001018  0c000fb8	jal	___main
   34  0000101c  54000000	nop; not filled.
   35  00001020  23bdfff8	addi	r29,r29,#-8
   36  00001024  3c040000	lhi	r4,((LC0_LF0)>>16)&0xffff
   37  00001028  24842000	addui	r4,r4,(LC0_LF0)&0xffff
   38  0000102c  afa40000	sw	(r29),r4
   39  00001030  0c0000c8	jal	_Printf
   40  00001034  54000000	nop; not filled.
   41  00001038  0c0000cc	jal	_getpid
   42  0000103c  54000000	nop; not filled.
   43  00001040  3c040000	lhi	r4,((LC1_LF0)>>16)&0xffff
   44  00001044  24842058	addui	r4,r4,(LC1_LF0)&0xffff
   45  00001048  afa40000	sw	(r29),r4
   46  0000104c  afa10004	sw	4(r29),r1
   47  00001050  0c0000a8	jal	_Printf
   48  00001054  54000000	nop; not filled.
   49  00001058  20020000	addi	r2,r0,#0
   50  0000105c  23bd0008	addi	r29,r29,#8
   51  00001060  3c030001	lhi	r3,#1
   52  00001064  2463d4bf	addui	r3,r3,#54463
   53  00001068  3c04fffe	lhi	r4,#-2
   54  0000106c  24842b38	addui	r4,r4,#11064
   55  00001070  03c4f820	add	r31,r30,r4
   56  00001074          	L11_LF0:
   57  00001074  20040000	addi	r4,r0,(#0x0)&0xff
   58  00001078  a3e40000	sb	(r31),r4
   59  0000107c  23ff0001	addi	r31,r31,#1
   60  00001080  20420001	addi	r2,r2,#1
   61  00001084  0043082c	sle	r1,r2,r3
   62  00001088  1420ffe8	bnez	r1,L11_LF0
   63  0000108c  54000000	nop; not filled.
   64  00001090  23bdfff8	addi	r29,r29,#-8
   65  00001094  3c040000	lhi	r4,((LC2_LF0)>>16)&0xffff
   66  00001098  248420ac	addui	r4,r4,(LC2_LF0)&0xffff
   67  0000109c  afa40000	sw	(r29),r4
   68  000010a0  0c000058	jal	_Printf
   69  000010a4  54000000	nop; not filled.
   70  000010a8  23bd0008	addi	r29,r29,#8
   71  000010ac  0c000f18	jal	_exit
   72  000010b0  54000000	nop
   73  000010b4          	.endproc _main
   74                      ;;;
   75                      ;;; Stub functions for DLX traps.
   76                      ;;;
   77                      ;;; Ethan L. Miller, 1999.  Released to the public domain.
   78                      ;;;
   79                      ;;; The traps such as Open and Close
   80                      ;;; (note the capital letters) are for use by user programs.  The traps
   81                      ;;; with names such as open and close (lower case) are for use by the OS.
   82                      ;;;
   85  000010b4          	.align 2
   87                      ;;; The following are the traps to be used by user-level programs
   88                      ;;;
   90  000010b4          	.align 2
   91  000010b4          	.proc _Open
   92  000010b4          	.global _Open
   93  000010b4          	_Open:
   94                      ;;; Note that trap #0x213 actually causes a trap vector in the OS of
   95                      ;;; 0x1213.  The same is true for other user traps.  Thus, a user trap
   96                      ;;; with trap #0x240 will result in a trap vector of 0x1240 in the OS.
   97  000010b4  44000213	trap	#0x213
   98  000010b8  4be00000	jr	r31
   99  000010bc  54000000	nop
  100  000010c0          	.endproc _Open
  102  000010c0          	.proc _Close
  103  000010c0          	.global _Close
  104  000010c0          	_Close:
  105  000010c0  44000214	trap	#0x214
  106  000010c4  4be00000	jr	r31
  107  000010c8  54000000	nop
  108  000010cc          	.endproc _Close
  110  000010cc          	.proc _Read
  111  000010cc          	.global _Read
  112  000010cc          	_Read:
  113  000010cc  44000210	trap	#0x210
  114  000010d0  4be00000	jr	r31
  115  000010d4  54000000	nop
  116  000010d8          	.endproc _Read
  118  000010d8          	.proc _Write
  119  000010d8          	.global _Write
  120  000010d8          	_Write:
  121  000010d8  44000211	trap	#0x211
  122  000010dc  4be00000	jr	r31
  123  000010e0  54000000	nop
  124  000010e4          	.endproc _Write
  126  000010e4          	.proc _Lseek
  127  000010e4          	.global _Lseek
  128  000010e4          	_Lseek:
  129  000010e4  44000212	trap	#0x212
  130  000010e8  4be00000	jr	r31
  131  000010ec  54000000	nop
  132  000010f0          	.endproc _Lseek
  134  000010f0          	.proc _Putchar
  135  000010f0          	.global _Putchar
  136  000010f0          	_Putchar:
  137  000010f0  44000280	trap	#0x280
  138  000010f4  4be00000	jr	r31
  139  000010f8  54000000	nop
  140  000010fc          	.endproc _Putchar
  142  000010fc          	.proc _Printf
  143  000010fc          	.global _Printf
  144  000010fc          	_Printf:
  145  000010fc  44000201	trap	#0x201
  146  00001100  4be00000	jr	r31
  147  00001104  54000000	nop
  148  00001108          	.endproc _Printf
  150  00001108          	.proc _getpid
  151  00001108          	.global _getpid
  152  00001108          	_getpid:
  153  00001108  44000431	trap	#0x431
  154  0000110c  4be00000	jr	r31
  155  00001110  54000000	nop
  156  00001114          	.endproc _getpid
  158  00001114          	.proc _process_create
  159  00001114          	.global _process_create
  160  00001114          	_process_create:
  161  00001114  44000432	trap	#0x432
  162  00001118  4be00000	jr	r31
  163  0000111c  54000000	nop
  164  00001120          	.endproc _process_create
  166  00001120          	.proc _shmget
  167  00001120          	.global _shmget
  168  00001120          	_shmget:
  169  00001120  44000440	trap	#0x440
  170  00001124  4be00000	jr	r31
  171  00001128  54000000	nop
  172  0000112c          	.endproc _shmget
  174  0000112c          	.proc _shmat
  175  0000112c          	.global _shmat
  176  0000112c          	_shmat:
  177  0000112c  44000441	trap	#0x441
  178  00001130  4be00000	jr	r31
  179  00001134  54000000	nop
  180  00001138          	.endproc _shmat
  182  00001138          	.proc _shmdt
  183  00001138          	.global _shmdt
  184  00001138          	_shmdt:
  185  00001138  44000442	trap	#0x442
  186  0000113c  4be00000	jr	r31
  187  00001140  54000000	nop
  188  00001144          	.endproc _shmdt
  190  00001144          	.proc _shmrm
  191  00001144          	.global _shmrm
  192  00001144          	_shmrm:
  193  00001144  44000443	trap	#0x443
  194  00001148  4be00000	jr	r31
  195  0000114c  54000000	nop
  196  00001150          	.endproc _shmrm
  198  00001150          	.proc _sem_create
  199  00001150          	.global _sem_create
  200  00001150          	_sem_create:
  201  00001150  44000450	trap	#0x450
  202  00001154  4be00000	jr	r31
  203  00001158  54000000	nop
  204  0000115c          	.endproc _sem_create
  206  0000115c          	.proc _sem_wait
  207  0000115c          	.global _sem_wait
  208  0000115c          	_sem_wait:
  209  0000115c  44000451	trap	#0x451
  210  00001160  4be00000	jr	r31
  211  00001164  54000000	nop
  212  00001168          	.endproc _sem_wait
  214  00001168          	.proc _sem_signal
  215  00001168          	.global _sem_signal
  216  00001168          	_sem_signal:
  217  00001168  44000452	trap	#0x452
  218  0000116c  4be00000	jr	r31
  219  00001170  54000000	nop
  220  00001174          	.endproc _sem_signal
  222  00001174          	.proc _lock_create
  223  00001174          	.global _lock_create
  224  00001174          	_lock_create:
  225  00001174  44000453	trap	#0x453
  226  00001178  4be00000	jr	r31
  227  0000117c  54000000	nop
  228  00001180          	.endproc _lock_create
  230  00001180          	.proc _lock_acquire
  231  00001180          	.global _lock_acquire
  232  00001180          	_lock_acquire:
  233  00001180  44000454	trap	#0x454
  234  00001184  4be00000	jr	r31
  235  00001188  54000000	nop
  236  0000118c          	.endproc _lock_acquire
  238  0000118c          	.proc _lock_release
  239  0000118c          	.global _lock_release
  240  0000118c          	_lock_release:
  241  0000118c  44000455	trap	#0x455
  242  00001190  4be00000	jr	r31
  243  00001194  54000000	nop
  244  00001198          	.endproc _lock_release
  246  00001198          	.proc _cond_create
  247  00001198          	.global _cond_create
  248  00001198          	_cond_create:
  249  00001198  44000456	trap	#0x456
  250  0000119c  4be00000	jr	r31
  251  000011a0  54000000	nop
  252  000011a4          	.endproc _cond_create
  254  000011a4          	.proc _cond_wait
  255  000011a4          	.global _cond_wait
  256  000011a4          	_cond_wait:
  257  000011a4  44000457	trap	#0x457
  258  000011a8  4be00000	jr	r31
  259  000011ac  54000000	nop
  260  000011b0          	.endproc _cond_wait
  262  000011b0          	.proc _cond_signal
  263  000011b0          	.global _cond_signal
  264  000011b0          	_cond_signal:
  265  000011b0  44000458	trap	#0x458
  266  000011b4  4be00000	jr	r31
  267  000011b8  54000000	nop
  268  000011bc          	.endproc _cond_signal
  270  000011bc          	.proc _cond_broadcast
  271  000011bc          	.global _cond_broadcast
  272  000011bc          	_cond_broadcast:
  273  000011bc  44000459	trap	#0x459
  274  000011c0  4be00000	jr	r31
  275  000011c4  54000000	nop
  276  000011c8          	.endproc _cond_broadcast
  278  000011c8          	.proc _mbox_create
  279  000011c8          	.global _mbox_create
  280  000011c8          	_mbox_create:
  281  000011c8  44000460	trap	#0x460
  282  000011cc  4be00000	jr	r31
  283  000011d0  54000000	nop
  284  000011d4          	.endproc _mbox_create
  286  000011d4          	.proc _mbox_open
  287  000011d4          	.global _mbox_open
  288  000011d4          	_mbox_open:
  289  000011d4  44000461	trap	#0x461
  290  000011d8  4be00000	jr	r31
  291  000011dc  54000000	nop
  292  000011e0          	.endproc _mbox_open
  294  000011e0          	.proc _mbox_close
  295  000011e0          	.global _mbox_close
  296  000011e0          	_mbox_close:
  297  000011e0  44000462	trap	#0x462
  298  000011e4  4be00000	jr	r31
  299  000011e8  54000000	nop
  300  000011ec          	.endproc _mbox_close
  302  000011ec          	.proc _mbox_send
  303  000011ec          	.global _mbox_send
  304  000011ec          	_mbox_send:
  305  000011ec  44000463	trap	#0x463
  306  000011f0  4be00000	jr	r31
  307  000011f4  54000000	nop
  308  000011f8          	.endproc _mbox_send
  310  000011f8          	.proc _mbox_recv
  311  000011f8          	.global _mbox_recv
  312  000011f8          	_mbox_recv:
  313  000011f8  44000464	trap	#0x464
  314  000011fc  4be00000	jr	r31
  315  00001200  54000000	nop
  316  00001204          	.endproc _mbox_recv
  318  00001204          	.proc _sleep
  319  00001204          	.global _sleep
  320  00001204          	_sleep:
  321  00001204  44000465	trap	#0x465
  322  00001208  4be00000	jr	r31
  323  0000120c  54000000	nop
  324  00001210          	.endproc _sleep
  326  00001210          	.proc _yield
  327  00001210          	.global _yield
  328  00001210          	_yield:
  329  00001210  44000466	trap	#0x466
  330  00001214  4be00000	jr	r31
  331  00001218  54000000	nop
  332  0000121c          	.endproc _yield
  335  0000121c          	.proc _Exit
  336  0000121c          	.global _Exit
  337  0000121c          	_Exit:
  338  0000121c  44000500	trap	#0x500
  339  00001220  4be00000	jr	r31
  340  00001224  54000000	nop
  341  00001228          	.endproc _Exit
  344  00001228          	.proc _malloc
  345  00001228          	.global _malloc
  346  00001228          	_malloc:
  347  00001228  44000467	trap	#0x467
  348  0000122c  4be00000	jr	r31
  349  00001230          	.endproc _malloc
  352  00001230          	.proc _mfree
  353  00001230          	.global _mfree
  354  00001230          	_mfree:
  355  00001230  44000468	trap	#0x468
  356  00001234  4be00000	jr	r31
  357  00001238          	.endproc _mfree
  358                      ; Compiled by GCC
  360  00001238          	.align 2
  361  00001238          	.proc _isspace
  362  00001238          	.global _isspace
  363  00001238          	_isspace:
  364                      ;  Function 'isspace'; 0 bytes of locals, 3 regs to save.
  365  00001238  afbefffc	sw	-4(r29),r30; push fp
  366  0000123c  001df020	add	r30,r0,r29; fp = sp
  367  00001240  afbffff8	sw	-8(r29),r31; push ret addr
  368  00001244  2fbd0018	subui	r29,r29,#24; alloc local storage
  369  00001248  afa20000	sw	0(r29),r2
  370  0000124c  afa30004	sw	4(r29),r3
  371  00001250  afa40008	sw	8(r29),r4
  372  00001254  83c20003	lb	r2,3(r30)
  373  00001258  20010000	addi	r1,r0,#0
  374  0000125c  304300ff	andi	r3,r2,#0x00ff
  375  00001260  60640020	seqi	r4,r3,#32
  376  00001264  1480002c	bnez	r4,L3_LF2
  377  00001268  54000000	nop; delay slot nop
  378  0000126c  304300ff	andi	r3,r2,#0x00ff
  379  00001270  60640009	seqi	r4,r3,#9
  380  00001274  1480001c	bnez	r4,L3_LF2
  381  00001278  54000000	nop; delay slot nop
  382  0000127c  304300ff	andi	r3,r2,#0x00ff
  383  00001280  6064000a	seqi	r4,r3,#10
  384  00001284  1480000c	bnez	r4,L3_LF2
  385  00001288  54000000	nop; delay slot nop
  386  0000128c  08000008	j	L2_LF2
  387  00001290  54000000	nop; delay slot nop
  388  00001294          	L3_LF2:
  389  00001294  20010001	addi	r1,r0,#1
  390  00001298          	L2_LF2:
  391  00001298  08000004	j	L1_LF2
  392  0000129c  54000000	nop; delay slot nop
  393  000012a0          	L1_LF2:
  394  000012a0  8fa20000	lw	r2,0(r29)
  395  000012a4  8fa30004	lw	r3,4(r29)
  396  000012a8  8fa40008	lw	r4,8(r29)
  397  000012ac  8fdffff8	lw	r31,-8(r30)
  398  000012b0  001ee820	add	r29,r0,r30
  399  000012b4  8fdefffc	lw	r30,-4(r30)
  400  000012b8  4be00000	jr	r31
  401  000012bc  54000000	nop
  402  000012c0          	.endproc _isspace
  403  000012c0          	.align 2
  404  000012c0          	.proc _isxdigit
  405  000012c0          	.global _isxdigit
  406  000012c0          	_isxdigit:
  407                      ;  Function 'isxdigit'; 0 bytes of locals, 3 regs to save.
  408  000012c0  afbefffc	sw	-4(r29),r30; push fp
  409  000012c4  001df020	add	r30,r0,r29; fp = sp
  410  000012c8  afbffff8	sw	-8(r29),r31; push ret addr
  411  000012cc  2fbd0018	subui	r29,r29,#24; alloc local storage
  412  000012d0  afa20000	sw	0(r29),r2
  413  000012d4  afa30004	sw	4(r29),r3
  414  000012d8  afa40008	sw	8(r29),r4
  415  000012dc  83c20003	lb	r2,3(r30)
  416  000012e0  20010000	addi	r1,r0,#0
  417  000012e4  304300ff	andi	r3,r2,#0x00ff
  418  000012e8  6c64002f	sgtui	r4,r3,#47
  419  000012ec  1080001c	beqz	r4,L7_LF2
  420  000012f0  54000000	nop; delay slot nop
  421  000012f4  304300ff	andi	r3,r2,#0x00ff
  422  000012f8  70640039	sleui	r4,r3,#57
  423  000012fc  1480005c	bnez	r4,L6_LF2
  424  00001300  54000000	nop; delay slot nop
  425  00001304  08000004	j	L7_LF2
  426  00001308  54000000	nop; delay slot nop
  427  0000130c          	L7_LF2:
  428  0000130c  304300ff	andi	r3,r2,#0x00ff
  429  00001310  6c640060	sgtui	r4,r3,#96
  430  00001314  1080001c	beqz	r4,L8_LF2
  431  00001318  54000000	nop; delay slot nop
  432  0000131c  304300ff	andi	r3,r2,#0x00ff
  433  00001320  70640066	sleui	r4,r3,#102
  434  00001324  14800034	bnez	r4,L6_LF2
  435  00001328  54000000	nop; delay slot nop
  436  0000132c  08000004	j	L8_LF2
  437  00001330  54000000	nop; delay slot nop
  438  00001334          	L8_LF2:
  439  00001334  304300ff	andi	r3,r2,#0x00ff
  440  00001338  6c640040	sgtui	r4,r3,#64
  441  0000133c  10800020	beqz	r4,L5_LF2
  442  00001340  54000000	nop; delay slot nop
  443  00001344  304300ff	andi	r3,r2,#0x00ff
  444  00001348  70640041	sleui	r4,r3,#65
  445  0000134c  1480000c	bnez	r4,L6_LF2
  446  00001350  54000000	nop; delay slot nop
  447  00001354  08000008	j	L5_LF2
  448  00001358  54000000	nop; delay slot nop
  449  0000135c          	L6_LF2:
  450  0000135c  20010001	addi	r1,r0,#1
  451  00001360          	L5_LF2:
  452  00001360  08000004	j	L4_LF2
  453  00001364  54000000	nop; delay slot nop
  454  00001368          	L4_LF2:
  455  00001368  8fa20000	lw	r2,0(r29)
  456  0000136c  8fa30004	lw	r3,4(r29)
  457  00001370  8fa40008	lw	r4,8(r29)
  458  00001374  8fdffff8	lw	r31,-8(r30)
  459  00001378  001ee820	add	r29,r0,r30
  460  0000137c  8fdefffc	lw	r30,-4(r30)
  461  00001380  4be00000	jr	r31
  462  00001384  54000000	nop
  463  00001388          	.endproc _isxdigit
  464  00001388          	.align 2
  465  00001388          	.proc _dstrcpy
  466  00001388          	.global _dstrcpy
  467  00001388          	_dstrcpy:
  468                      ;  Function 'dstrcpy'; 8 bytes of locals, 2 regs to save.
  469  00001388  afbefffc	sw	-4(r29),r30; push fp
  470  0000138c  001df020	add	r30,r0,r29; fp = sp
  471  00001390  afbffff8	sw	-8(r29),r31; push ret addr
  472  00001394  2fbd0018	subui	r29,r29,#24; alloc local storage
  473  00001398  afa20000	sw	0(r29),r2
  474  0000139c  afa30004	sw	4(r29),r3
  475  000013a0  8fc10000	lw	r1,(r30)
  476  000013a4  afc1fff4	sw	-12(r30),r1
  477  000013a8          	L10_LF2:
  478  000013a8  8fc10000	lw	r1,(r30)
  479  000013ac  20220001	addi	r2,r1,#1
  480  000013b0  afc20000	sw	(r30),r2
  481  000013b4  8fc20004	lw	r2,4(r30)
  482  000013b8  20430001	addi	r3,r2,#1
  483  000013bc  afc30004	sw	4(r30),r3
  484  000013c0  80420000	lb	r2,(r2)
  485  000013c4  a0220000	sb	(r1),r2
  486  000013c8  a3c2fff3	sb	-13(r30),r2
  487  000013cc          	L12_LF2:
  488  000013cc  93c1fff3	lbu	r1,-13(r30)
  489  000013d0  64220000	snei	r2,r1,#0
  490  000013d4  1440000c	bnez	r2,L13_LF2
  491  000013d8  54000000	nop; delay slot nop
  492  000013dc  0800000c	j	L11_LF2
  493  000013e0  54000000	nop; delay slot nop
  494  000013e4          	L13_LF2:
  495  000013e4  0bffffc0	j	L10_LF2
  496  000013e8  54000000	nop; delay slot nop
  497  000013ec          	L11_LF2:
  498  000013ec  8fc1fff4	lw	r1,-12(r30)
  499  000013f0  08000004	j	L9_LF2
  500  000013f4  54000000	nop; delay slot nop
  501  000013f8          	L9_LF2:
  502  000013f8  8fa20000	lw	r2,0(r29)
  503  000013fc  8fa30004	lw	r3,4(r29)
  504  00001400  8fdffff8	lw	r31,-8(r30)
  505  00001404  001ee820	add	r29,r0,r30
  506  00001408  8fdefffc	lw	r30,-4(r30)
  507  0000140c  4be00000	jr	r31
  508  00001410  54000000	nop
  509  00001414          	.endproc _dstrcpy
  510  00001414          	.align 2
  511  00001414          	.proc _dstrncpy
  512  00001414          	.global _dstrncpy
  513  00001414          	_dstrncpy:
  514                      ;  Function 'dstrncpy'; 8 bytes of locals, 2 regs to save.
  515  00001414  afbefffc	sw	-4(r29),r30; push fp
  516  00001418  001df020	add	r30,r0,r29; fp = sp
  517  0000141c  afbffff8	sw	-8(r29),r31; push ret addr
  518  00001420  2fbd0018	subui	r29,r29,#24; alloc local storage
  519  00001424  afa20000	sw	0(r29),r2
  520  00001428  afa30004	sw	4(r29),r3
  521  0000142c  8fc10000	lw	r1,(r30)
  522  00001430  afc1fff4	sw	-12(r30),r1
  523  00001434          	L15_LF2:
  524  00001434  8fc10008	lw	r1,8(r30)
  525  00001438  2022ffff	addi	r2,r1,#-1
  526  0000143c  afc20008	sw	8(r30),r2
  527  00001440  70210000	slei	r1,r1,#0
  528  00001444  1020000c	beqz	r1,L18_LF2
  529  00001448  54000000	nop; delay slot nop
  530  0000144c  08000048	j	L16_LF2
  531  00001450  54000000	nop; delay slot nop
  532  00001454          	L18_LF2:
  533  00001454  8fc10000	lw	r1,(r30)
  534  00001458  20220001	addi	r2,r1,#1
  535  0000145c  afc20000	sw	(r30),r2
  536  00001460  8fc20004	lw	r2,4(r30)
  537  00001464  20430001	addi	r3,r2,#1
  538  00001468  afc30004	sw	4(r30),r3
  539  0000146c  80420000	lb	r2,(r2)
  540  00001470  a0220000	sb	(r1),r2
  541  00001474  a3c2fff3	sb	-13(r30),r2
  542  00001478          	L17_LF2:
  543  00001478  93c1fff3	lbu	r1,-13(r30)
  544  0000147c  64220000	snei	r2,r1,#0
  545  00001480  1440000c	bnez	r2,L19_LF2
  546  00001484  54000000	nop; delay slot nop
  547  00001488  0800000c	j	L16_LF2
  548  0000148c  54000000	nop; delay slot nop
  549  00001490          	L19_LF2:
  550  00001490  0bffffa0	j	L15_LF2
  551  00001494  54000000	nop; delay slot nop
  552  00001498          	L16_LF2:
  553  00001498  8fc1fff4	lw	r1,-12(r30)
  554  0000149c  08000004	j	L14_LF2
  555  000014a0  54000000	nop; delay slot nop
  556  000014a4          	L14_LF2:
  557  000014a4  8fa20000	lw	r2,0(r29)
  558  000014a8  8fa30004	lw	r3,4(r29)
  559  000014ac  8fdffff8	lw	r31,-8(r30)
  560  000014b0  001ee820	add	r29,r0,r30
  561  000014b4  8fdefffc	lw	r30,-4(r30)
  562  000014b8  4be00000	jr	r31
  563  000014bc  54000000	nop
  564  000014c0          	.endproc _dstrncpy
  565  000014c0          	.align 2
  566  000014c0          	.proc _dstrcat
  567  000014c0          	.global _dstrcat
  568  000014c0          	_dstrcat:
  569                      ;  Function 'dstrcat'; 8 bytes of locals, 1 regs to save.
  570  000014c0  afbefffc	sw	-4(r29),r30; push fp
  571  000014c4  001df020	add	r30,r0,r29; fp = sp
  572  000014c8  afbffff8	sw	-8(r29),r31; push ret addr
  573  000014cc  2fbd0018	subui	r29,r29,#24; alloc local storage
  574  000014d0  afa20000	sw	0(r29),r2
  575  000014d4  8fc10000	lw	r1,(r30)
  576  000014d8  afc1fff4	sw	-12(r30),r1
  577  000014dc          	L21_LF2:
  578  000014dc  8fc10000	lw	r1,(r30)
  579  000014e0  90220000	lbu	r2,(r1)
  580  000014e4  64410000	snei	r1,r2,#0
  581  000014e8  1420000c	bnez	r1,L23_LF2
  582  000014ec  54000000	nop; delay slot nop
  583  000014f0  0800001c	j	L22_LF2
  584  000014f4  54000000	nop; delay slot nop
  585  000014f8          	L23_LF2:
  586  000014f8  8fc20000	lw	r2,(r30)
  587  000014fc  20410001	addi	r1,r2,#1
  588  00001500  00011020	add	r2,r0,r1
  589  00001504  afc20000	sw	(r30),r2
  590  00001508  0bffffd0	j	L21_LF2
  591  0000150c  54000000	nop; delay slot nop
  592  00001510          	L22_LF2:
  593  00001510  23bdfff8	addi	r29,r29,#-8
  594  00001514  001d0820	add	r1,r0,r29
  595  00001518  8fc20000	lw	r2,(r30)
  596  0000151c  ac220000	sw	(r1),r2
  597  00001520  8fc20004	lw	r2,4(r30)
  598  00001524  ac220004	sw	4(r1),r2
  599  00001528  0ffffe5c	jal	_dstrcpy
  600  0000152c  54000000	nop; delay slot nop
  601  00001530  23bd0008	addi	r29,r29,#8
  602  00001534  8fc1fff4	lw	r1,-12(r30)
  603  00001538  08000004	j	L20_LF2
  604  0000153c  54000000	nop; delay slot nop
  605  00001540          	L20_LF2:
  606  00001540  8fa20000	lw	r2,0(r29)
  607  00001544  8fdffff8	lw	r31,-8(r30)
  608  00001548  001ee820	add	r29,r0,r30
  609  0000154c  8fdefffc	lw	r30,-4(r30)
  610  00001550  4be00000	jr	r31
  611  00001554  54000000	nop
  612  00001558          	.endproc _dstrcat
  613  00001558          	.align 2
  614  00001558          	.proc _dstrncmp
  615  00001558          	.global _dstrncmp
  616  00001558          	_dstrncmp:
  617                      ;  Function 'dstrncmp'; 8 bytes of locals, 2 regs to save.
  618  00001558  afbefffc	sw	-4(r29),r30; push fp
  619  0000155c  001df020	add	r30,r0,r29; fp = sp
  620  00001560  afbffff8	sw	-8(r29),r31; push ret addr
  621  00001564  2fbd0018	subui	r29,r29,#24; alloc local storage
  622  00001568  afa20000	sw	0(r29),r2
  623  0000156c  afa30004	sw	4(r29),r3
  624  00001570  54000000	nop
  625  00001574  20010000	addi	r1,r0,#0
  626  00001578  afc1fff4	sw	-12(r30),r1
  627  0000157c          	L25_LF2:
  628  0000157c  8fc1fff4	lw	r1,-12(r30)
  629  00001580  8fc20008	lw	r2,8(r30)
  630  00001584  0022082a	slt	r1,r1,r2
  631  00001588  1420000c	bnez	r1,L28_LF2
  632  0000158c  54000000	nop; delay slot nop
  633  00001590  08000088	j	L26_LF2
  634  00001594  54000000	nop; delay slot nop
  635  00001598          	L28_LF2:
  636  00001598  8fc10004	lw	r1,4(r30)
  637  0000159c  90220000	lbu	r2,(r1)
  638  000015a0  64410000	snei	r1,r2,#0
  639  000015a4  14200018	bnez	r1,L29_LF2
  640  000015a8  54000000	nop; delay slot nop
  641  000015ac  20010000	addi	r1,r0,#0
  642  000015b0  080000d8	j	L24_LF2
  643  000015b4  54000000	nop; delay slot nop
  644  000015b8  08000028	j	L30_LF2
  645  000015bc  54000000	nop; delay slot nop
  646  000015c0          	L29_LF2:
  647  000015c0  8fc10000	lw	r1,(r30)
  648  000015c4  8fc20004	lw	r2,4(r30)
  649  000015c8  90210000	lbu	r1,(r1)
  650  000015cc  90420000	lbu	r2,(r2)
  651  000015d0  00220829	sne	r1,r1,r2
  652  000015d4  1020000c	beqz	r1,L30_LF2
  653  000015d8  54000000	nop; delay slot nop
  654  000015dc  0800003c	j	L26_LF2
  655  000015e0  54000000	nop; delay slot nop
  656  000015e4          	L31_LF2:
  657  000015e4          	L30_LF2:
  658  000015e4  8fc20000	lw	r2,(r30)
  659  000015e8  20410001	addi	r1,r2,#1
  660  000015ec  00011020	add	r2,r0,r1
  661  000015f0  afc20000	sw	(r30),r2
  662  000015f4  8fc20004	lw	r2,4(r30)
  663  000015f8  20410001	addi	r1,r2,#1
  664  000015fc  00011020	add	r2,r0,r1
  665  00001600  afc20004	sw	4(r30),r2
  666  00001604          	L27_LF2:
  667  00001604  8fc2fff4	lw	r2,-12(r30)
  668  00001608  20410001	addi	r1,r2,#1
  669  0000160c  00011020	add	r2,r0,r1
  670  00001610  afc2fff4	sw	-12(r30),r2
  671  00001614  0bffff64	j	L25_LF2
  672  00001618  54000000	nop; delay slot nop
  673  0000161c          	L26_LF2:
  674  0000161c  8fc1fff4	lw	r1,-12(r30)
  675  00001620  8fc20008	lw	r2,8(r30)
  676  00001624  00220828	seq	r1,r1,r2
  677  00001628  10200018	beqz	r1,L32_LF2
  678  0000162c  54000000	nop; delay slot nop
  679  00001630  20010000	addi	r1,r0,#0
  680  00001634  08000054	j	L24_LF2
  681  00001638  54000000	nop; delay slot nop
  682  0000163c  0800004c	j	L33_LF2
  683  00001640  54000000	nop; delay slot nop
  684  00001644          	L32_LF2:
  685  00001644  8fc20000	lw	r2,(r30)
  686  00001648  90410000	lbu	r1,(r2)
  687  0000164c  8fc20004	lw	r2,4(r30)
  688  00001650  90430000	lbu	r3,(r2)
  689  00001654  00230822	sub	r1,r1,r3
  690  00001658  74220000	sgei	r2,r1,#0
  691  0000165c  10400020	beqz	r2,L34_LF2
  692  00001660  54000000	nop; delay slot nop
  693  00001664  8fc10000	lw	r1,(r30)
  694  00001668  8fc20004	lw	r2,4(r30)
  695  0000166c  90210000	lbu	r1,(r1)
  696  00001670  90420000	lbu	r2,(r2)
  697  00001674  00220829	sne	r1,r1,r2
  698  00001678  08000008	j	L35_LF2
  699  0000167c  54000000	nop; delay slot nop
  700  00001680          	L34_LF2:
  701  00001680  2001ffff	addi	r1,r0,#-1
  702  00001684          	L35_LF2:
  703  00001684  08000004	j	L24_LF2
  704  00001688  54000000	nop; delay slot nop
  705  0000168c          	L33_LF2:
  706  0000168c          	L24_LF2:
  707  0000168c  8fa20000	lw	r2,0(r29)
  708  00001690  8fa30004	lw	r3,4(r29)
  709  00001694  8fdffff8	lw	r31,-8(r30)
  710  00001698  001ee820	add	r29,r0,r30
  711  0000169c  8fdefffc	lw	r30,-4(r30)
  712  000016a0  4be00000	jr	r31
  713  000016a4  54000000	nop
  714  000016a8          	.endproc _dstrncmp
  715  000016a8          	.align 2
  716  000016a8          	.proc _dstrlen
  717  000016a8          	.global _dstrlen
  718  000016a8          	_dstrlen:
  719                      ;  Function 'dstrlen'; 8 bytes of locals, 1 regs to save.
  720  000016a8  afbefffc	sw	-4(r29),r30; push fp
  721  000016ac  001df020	add	r30,r0,r29; fp = sp
  722  000016b0  afbffff8	sw	-8(r29),r31; push ret addr
  723  000016b4  2fbd0018	subui	r29,r29,#24; alloc local storage
  724  000016b8  afa20000	sw	0(r29),r2
  725  000016bc  20010000	addi	r1,r0,#0
  726  000016c0  afc1fff4	sw	-12(r30),r1
  727  000016c4          	L37_LF2:
  728  000016c4  8fc10000	lw	r1,(r30)
  729  000016c8  20220001	addi	r2,r1,#1
  730  000016cc  afc20000	sw	(r30),r2
  731  000016d0  90210000	lbu	r1,(r1)
  732  000016d4  64220000	snei	r2,r1,#0
  733  000016d8  1440000c	bnez	r2,L39_LF2
  734  000016dc  54000000	nop; delay slot nop
  735  000016e0  0800001c	j	L38_LF2
  736  000016e4  54000000	nop; delay slot nop
  737  000016e8          	L39_LF2:
  738  000016e8  8fc2fff4	lw	r2,-12(r30)
  739  000016ec  20410001	addi	r1,r2,#1
  740  000016f0  00011020	add	r2,r0,r1
  741  000016f4  afc2fff4	sw	-12(r30),r2
  742  000016f8  0bffffc8	j	L37_LF2
  743  000016fc  54000000	nop; delay slot nop
  744  00001700          	L38_LF2:
  745  00001700  8fc1fff4	lw	r1,-12(r30)
  746  00001704  08000004	j	L36_LF2
  747  00001708  54000000	nop; delay slot nop
  748  0000170c          	L36_LF2:
  749  0000170c  8fa20000	lw	r2,0(r29)
  750  00001710  8fdffff8	lw	r31,-8(r30)
  751  00001714  001ee820	add	r29,r0,r30
  752  00001718  8fdefffc	lw	r30,-4(r30)
  753  0000171c  4be00000	jr	r31
  754  00001720  54000000	nop
  755  00001724          	.endproc _dstrlen
  756  00001724          	.align 2
  757  00001724          	.proc _dstrstr
  758  00001724          	.global _dstrstr
  759  00001724          	_dstrstr:
  760                      ;  Function 'dstrstr'; 8 bytes of locals, 1 regs to save.
  761  00001724  afbefffc	sw	-4(r29),r30; push fp
  762  00001728  001df020	add	r30,r0,r29; fp = sp
  763  0000172c  afbffff8	sw	-8(r29),r31; push ret addr
  764  00001730  2fbd0018	subui	r29,r29,#24; alloc local storage
  765  00001734  afa20000	sw	0(r29),r2
  766  00001738  23bdfff8	addi	r29,r29,#-8
  767  0000173c  001d0820	add	r1,r0,r29
  768  00001740  8fc20004	lw	r2,4(r30)
  769  00001744  ac220000	sw	(r1),r2
  770  00001748  0fffff5c	jal	_dstrlen
  771  0000174c  54000000	nop; delay slot nop
  772  00001750  23bd0008	addi	r29,r29,#8
  773  00001754  afc1fff4	sw	-12(r30),r1
  774  00001758          	L41_LF2:
  775  00001758  8fc10000	lw	r1,(r30)
  776  0000175c  90220000	lbu	r2,(r1)
  777  00001760  64410000	snei	r1,r2,#0
  778  00001764  1420000c	bnez	r1,L43_LF2
  779  00001768  54000000	nop; delay slot nop
  780  0000176c  08000060	j	L42_LF2
  781  00001770  54000000	nop; delay slot nop
  782  00001774          	L43_LF2:
  783  00001774  23bdfff0	addi	r29,r29,#-16
  784  00001778  001d0820	add	r1,r0,r29
  785  0000177c  8fc20000	lw	r2,(r30)
  786  00001780  ac220000	sw	(r1),r2
  787  00001784  8fc20004	lw	r2,4(r30)
  788  00001788  ac220004	sw	4(r1),r2
  789  0000178c  8fc2fff4	lw	r2,-12(r30)
  790  00001790  ac220008	sw	8(r1),r2
  791  00001794  0ffffdc0	jal	_dstrncmp
  792  00001798  54000000	nop; delay slot nop
  793  0000179c  23bd0010	addi	r29,r29,#16
  794  000017a0  64220000	snei	r2,r1,#0
  795  000017a4  14400010	bnez	r2,L44_LF2
  796  000017a8  54000000	nop; delay slot nop
  797  000017ac  8fc10000	lw	r1,(r30)
  798  000017b0  08000028	j	L40_LF2
  799  000017b4  54000000	nop; delay slot nop
  800  000017b8          	L44_LF2:
  801  000017b8  8fc20000	lw	r2,(r30)
  802  000017bc  20410001	addi	r1,r2,#1
  803  000017c0  00011020	add	r2,r0,r1
  804  000017c4  afc20000	sw	(r30),r2
  805  000017c8  0bffff8c	j	L41_LF2
  806  000017cc  54000000	nop; delay slot nop
  807  000017d0          	L42_LF2:
  808  000017d0  20010000	addi	r1,r0,#0
  809  000017d4  08000004	j	L40_LF2
  810  000017d8  54000000	nop; delay slot nop
  811  000017dc          	L40_LF2:
  812  000017dc  8fa20000	lw	r2,0(r29)
  813  000017e0  8fdffff8	lw	r31,-8(r30)
  814  000017e4  001ee820	add	r29,r0,r30
  815  000017e8  8fdefffc	lw	r30,-4(r30)
  816  000017ec  4be00000	jr	r31
  817  000017f0  54000000	nop
  818  000017f4          	.endproc _dstrstr
  819  000017f4          	.align 2
  820  000017f4          	.proc _dmindex
  821  000017f4          	.global _dmindex
  822  000017f4          	_dmindex:
  823                      ;  Function 'dmindex'; 8 bytes of locals, 1 regs to save.
  824  000017f4  afbefffc	sw	-4(r29),r30; push fp
  825  000017f8  001df020	add	r30,r0,r29; fp = sp
  826  000017fc  afbffff8	sw	-8(r29),r31; push ret addr
  827  00001800  2fbd0018	subui	r29,r29,#24; alloc local storage
  828  00001804  afa20000	sw	0(r29),r2
  829  00001808  54000000	nop
  830  0000180c          	L46_LF2:
  831  0000180c  8fc10000	lw	r1,(r30)
  832  00001810  90220000	lbu	r2,(r1)
  833  00001814  64410000	snei	r1,r2,#0
  834  00001818  1420000c	bnez	r1,L48_LF2
  835  0000181c  54000000	nop; delay slot nop
  836  00001820  08000070	j	L47_LF2
  837  00001824  54000000	nop; delay slot nop
  838  00001828          	L48_LF2:
  839  00001828  8fc10004	lw	r1,4(r30)
  840  0000182c  afc1fff4	sw	-12(r30),r1
  841  00001830          	L49_LF2:
  842  00001830  8fc1fff4	lw	r1,-12(r30)
  843  00001834  90220000	lbu	r2,(r1)
  844  00001838  64410000	snei	r1,r2,#0
  845  0000183c  1420000c	bnez	r1,L52_LF2
  846  00001840  54000000	nop; delay slot nop
  847  00001844  08000044	j	L50_LF2
  848  00001848  54000000	nop; delay slot nop
  849  0000184c          	L52_LF2:
  850  0000184c  8fc10000	lw	r1,(r30)
  851  00001850  8fc2fff4	lw	r2,-12(r30)
  852  00001854  90210000	lbu	r1,(r1)
  853  00001858  90420000	lbu	r2,(r2)
  854  0000185c  00220828	seq	r1,r1,r2
  855  00001860  10200010	beqz	r1,L51_LF2
  856  00001864  54000000	nop; delay slot nop
  857  00001868  8fc10000	lw	r1,(r30)
  858  0000186c  08000030	j	L45_LF2
  859  00001870  54000000	nop; delay slot nop
  860  00001874          	L53_LF2:
  861  00001874          	L51_LF2:
  862  00001874  8fc2fff4	lw	r2,-12(r30)
  863  00001878  20410001	addi	r1,r2,#1
  864  0000187c  00011020	add	r2,r0,r1
  865  00001880  afc2fff4	sw	-12(r30),r2
  866  00001884  0bffffa8	j	L49_LF2
  867  00001888  54000000	nop; delay slot nop
  868  0000188c          	L50_LF2:
  869  0000188c  0bffff7c	j	L46_LF2
  870  00001890  54000000	nop; delay slot nop
  871  00001894          	L47_LF2:
  872  00001894  20010000	addi	r1,r0,#0
  873  00001898  08000004	j	L45_LF2
  874  0000189c  54000000	nop; delay slot nop
  875  000018a0          	L45_LF2:
  876  000018a0  8fa20000	lw	r2,0(r29)
  877  000018a4  8fdffff8	lw	r31,-8(r30)
  878  000018a8  001ee820	add	r29,r0,r30
  879  000018ac  8fdefffc	lw	r30,-4(r30)
  880  000018b0  4be00000	jr	r31
  881  000018b4  54000000	nop
  882  000018b8          	.endproc _dmindex
  883  000018b8          	.align 2
  884  000018b8          	.proc _dindex
  885  000018b8          	.global _dindex
  886  000018b8          	_dindex:
  887                      ;  Function 'dindex'; 0 bytes of locals, 1 regs to save.
  888  000018b8  afbefffc	sw	-4(r29),r30; push fp
  889  000018bc  001df020	add	r30,r0,r29; fp = sp
  890  000018c0  afbffff8	sw	-8(r29),r31; push ret addr
  891  000018c4  2fbd0010	subui	r29,r29,#16; alloc local storage
  892  000018c8  afa20000	sw	0(r29),r2
  893  000018cc  54000000	nop
  894  000018d0          	L55_LF2:
  895  000018d0  8fc10000	lw	r1,(r30)
  896  000018d4  90220000	lbu	r2,(r1)
  897  000018d8  64410000	snei	r1,r2,#0
  898  000018dc  1420000c	bnez	r1,L57_LF2
  899  000018e0  54000000	nop; delay slot nop
  900  000018e4  08000040	j	L56_LF2
  901  000018e8  54000000	nop; delay slot nop
  902  000018ec          	L57_LF2:
  903  000018ec  8fc10000	lw	r1,(r30)
  904  000018f0  90220000	lbu	r2,(r1)
  905  000018f4  8fc10004	lw	r1,4(r30)
  906  000018f8  00411028	seq	r2,r2,r1
  907  000018fc  10400010	beqz	r2,L58_LF2
  908  00001900  54000000	nop; delay slot nop
  909  00001904  8fc10000	lw	r1,(r30)
  910  00001908  08000028	j	L54_LF2
  911  0000190c  54000000	nop; delay slot nop
  912  00001910          	L58_LF2:
  913  00001910  8fc20000	lw	r2,(r30)
  914  00001914  20410001	addi	r1,r2,#1
  915  00001918  00011020	add	r2,r0,r1
  916  0000191c  afc20000	sw	(r30),r2
  917  00001920  0bffffac	j	L55_LF2
  918  00001924  54000000	nop; delay slot nop
  919  00001928          	L56_LF2:
  920  00001928  20010000	addi	r1,r0,#0
  921  0000192c  08000004	j	L54_LF2
  922  00001930  54000000	nop; delay slot nop
  923  00001934          	L54_LF2:
  924  00001934  8fa20000	lw	r2,0(r29)
  925  00001938  8fdffff8	lw	r31,-8(r30)
  926  0000193c  001ee820	add	r29,r0,r30
  927  00001940  8fdefffc	lw	r30,-4(r30)
  928  00001944  4be00000	jr	r31
  929  00001948  54000000	nop
  930  0000194c          	.endproc _dindex
  931  0000194c          	.align 2
  932  0000194c          	.proc _ditoa
  933  0000194c          	.global _ditoa
  934  0000194c          	_ditoa:
  935                      ;  Function 'ditoa'; 8 bytes of locals, 2 regs to save.
  936  0000194c  afbefffc	sw	-4(r29),r30; push fp
  937  00001950  001df020	add	r30,r0,r29; fp = sp
  938  00001954  afbffff8	sw	-8(r29),r31; push ret addr
  939  00001958  2fbd0018	subui	r29,r29,#24; alloc local storage
  940  0000195c  afa20000	sw	0(r29),r2
  941  00001960  afa30004	sw	4(r29),r3
  942  00001964  8fc10000	lw	r1,(r30)
  943  00001968  68220000	slti	r2,r1,#0
  944  0000196c  1040002c	beqz	r2,L60_LF2
  945  00001970  54000000	nop; delay slot nop
  946  00001974  8fc10004	lw	r1,4(r30)
  947  00001978  20220001	addi	r2,r1,#1
  948  0000197c  afc20004	sw	4(r30),r2
  949  00001980  2002002d	addi	r2,r0,(#0x2d)&0xff
  950  00001984  a0220000	sb	(r1),r2
  951  00001988  8fc10000	lw	r1,(r30)
  952  0000198c  00011022	sub	r2,r0,r1
  953  00001990  afc20000	sw	(r30),r2
  954  00001994  08000118	j	L61_LF2
  955  00001998  54000000	nop; delay slot nop
  956  0000199c          	L60_LF2:
  957  0000199c  8fc10000	lw	r1,(r30)
  958  000019a0  64220000	snei	r2,r1,#0
  959  000019a4  14400020	bnez	r2,L62_LF2
  960  000019a8  54000000	nop; delay slot nop
  961  000019ac  8fc10004	lw	r1,4(r30)
  962  000019b0  20220001	addi	r2,r1,#1
  963  000019b4  afc20004	sw	4(r30),r2
  964  000019b8  20020030	addi	r2,r0,(#0x30)&0xff
  965  000019bc  a0220000	sb	(r1),r2
  966  000019c0  080000ec	j	L61_LF2
  967  000019c4  54000000	nop; delay slot nop
  968  000019c8          	L62_LF2:
  969  000019c8  20010001	addi	r1,r0,#1
  970  000019cc  afc1fff4	sw	-12(r30),r1
  971  000019d0          	L64_LF2:
  972  000019d0  8fc1fff4	lw	r1,-12(r30)
  973  000019d4  8fc20000	lw	r2,(r30)
  974  000019d8  0022082c	sle	r1,r1,r2
  975  000019dc  1420000c	bnez	r1,L66_LF2
  976  000019e0  54000000	nop; delay slot nop
  977  000019e4  08000024	j	L65_LF2
  978  000019e8  54000000	nop; delay slot nop
  979  000019ec          	L67_LF2:
  980  000019ec          	L66_LF2:
  981  000019ec  8fc1fff4	lw	r1,-12(r30)
  982  000019f0  00011820	add	r3,r0,r1
  983  000019f4  50620002	slli	r2,r3,#0x2
  984  000019f8  00411020	add	r2,r2,r1
  985  000019fc  50410001	slli	r1,r2,#0x1
  986  00001a00  afc1fff4	sw	-12(r30),r1
  987  00001a04  0bffffc8	j	L64_LF2
  988  00001a08  54000000	nop; delay slot nop
  989  00001a0c          	L65_LF2:
  990  00001a0c  54000000	nop
  991  00001a10          	L68_LF2:
  992  00001a10  8fc1fff4	lw	r1,-12(r30)
  993  00001a14  2002000a	addi	r2,r0,#10
  994  00001a18  00200035	movi2fp	f0,r1
  995  00001a1c  00400835	movi2fp	f1,r2
  996  00001a20  0401000f	div	f0,f0,f1
  997  00001a24  00000834	movfp2i	r1,f0
  998  00001a28  afc1fff4	sw	-12(r30),r1
  999  00001a2c  8fc10004	lw	r1,4(r30)
 1000  00001a30  20220001	addi	r2,r1,#1
 1001  00001a34  afc20004	sw	4(r30),r2
 1002  00001a38  8fc20000	lw	r2,(r30)
 1003  00001a3c  8fc3fff4	lw	r3,-12(r30)
 1004  00001a40  00400035	movi2fp	f0,r2
 1005  00001a44  00600835	movi2fp	f1,r3
 1006  00001a48  0401000f	div	f0,f0,f1
 1007  00001a4c  00001034	movfp2i	r2,f0
 1008  00001a50  00021820	add	r3,r0,r2
 1009  00001a54  20620030	addi	r2,r3,#48
 1010  00001a58  a0220000	sb	(r1),r2
 1011  00001a5c  8fc10000	lw	r1,(r30)
 1012  00001a60  8fc3fff4	lw	r3,-12(r30)
 1013  00001a64  00200035	movi2fp	f0,r1
 1014  00001a68  00600835	movi2fp	f1,r3
 1015  00001a6c  0401000f	div	f0,f0,f1
 1016  00001a70  00001034	movfp2i	r2,f0
 1017  00001a74  8fc3fff4	lw	r3,-12(r30)
 1018  00001a78  00400035	movi2fp	f0,r2
 1019  00001a7c  00600835	movi2fp	f1,r3
 1020  00001a80  0401000e	mult	f0,f0,f1
 1021  00001a84  00001034	movfp2i	r2,f0
 1022  00001a88  00220822	sub	r1,r1,r2
 1023  00001a8c  afc10000	sw	(r30),r1
 1024  00001a90          	L70_LF2:
 1025  00001a90  8fc1fff4	lw	r1,-12(r30)
 1026  00001a94  6c220001	sgti	r2,r1,#1
 1027  00001a98  1440000c	bnez	r2,L71_LF2
 1028  00001a9c  54000000	nop; delay slot nop
 1029  00001aa0  0800000c	j	L61_LF2
 1030  00001aa4  54000000	nop; delay slot nop
 1031  00001aa8          	L71_LF2:
 1032  00001aa8  0bffff64	j	L68_LF2
 1033  00001aac  54000000	nop; delay slot nop
 1034  00001ab0          	L69_LF2:
 1035  00001ab0          	L63_LF2:
 1036  00001ab0          	L61_LF2:
 1037  00001ab0  8fc10004	lw	r1,4(r30)
 1038  00001ab4  20020000	addi	r2,r0,(#0x0)&0xff
 1039  00001ab8  a0220000	sb	(r1),r2
 1040  00001abc          	L59_LF2:
 1041  00001abc  8fa20000	lw	r2,0(r29)
 1042  00001ac0  8fa30004	lw	r3,4(r29)
 1043  00001ac4  8fdffff8	lw	r31,-8(r30)
 1044  00001ac8  001ee820	add	r29,r0,r30
 1045  00001acc  8fdefffc	lw	r30,-4(r30)
 1046  00001ad0  4be00000	jr	r31
 1047  00001ad4  54000000	nop
 1048  00001ad8          	.endproc _ditoa
 1049  00001ad8          	.align 2
 1050  00001ad8          	.proc _dstrtol
 1051  00001ad8          	.global _dstrtol
 1052  00001ad8          	_dstrtol:
 1053                      ;  Function 'dstrtol'; 16 bytes of locals, 1 regs to save.
 1054  00001ad8  afbefffc	sw	-4(r29),r30; push fp
 1055  00001adc  001df020	add	r30,r0,r29; fp = sp
 1056  00001ae0  afbffff8	sw	-8(r29),r31; push ret addr
 1057  00001ae4  2fbd0020	subui	r29,r29,#32; alloc local storage
 1058  00001ae8  afa20000	sw	0(r29),r2
 1059  00001aec  20010000	addi	r1,r0,#0
 1060  00001af0  afc1fff4	sw	-12(r30),r1
 1061  00001af4          	L73_LF2:
 1062  00001af4  8fc10000	lw	r1,(r30)
 1063  00001af8  90220000	lbu	r2,(r1)
 1064  00001afc  60410020	seqi	r1,r2,#32
 1065  00001b00  14200034	bnez	r1,L75_LF2
 1066  00001b04  54000000	nop; delay slot nop
 1067  00001b08  8fc10000	lw	r1,(r30)
 1068  00001b0c  90220000	lbu	r2,(r1)
 1069  00001b10  60410009	seqi	r1,r2,#9
 1070  00001b14  14200020	bnez	r1,L75_LF2
 1071  00001b18  54000000	nop; delay slot nop
 1072  00001b1c  8fc10000	lw	r1,(r30)
 1073  00001b20  90220000	lbu	r2,(r1)
 1074  00001b24  6041000a	seqi	r1,r2,#10
 1075  00001b28  1420000c	bnez	r1,L75_LF2
 1076  00001b2c  54000000	nop; delay slot nop
 1077  00001b30  0800001c	j	L74_LF2
 1078  00001b34  54000000	nop; delay slot nop
 1079  00001b38          	L75_LF2:
 1080  00001b38  8fc20000	lw	r2,(r30)
 1081  00001b3c  20410001	addi	r1,r2,#1
 1082  00001b40  00011020	add	r2,r0,r1
 1083  00001b44  afc20000	sw	(r30),r2
 1084  00001b48  0bffffa8	j	L73_LF2
 1085  00001b4c  54000000	nop; delay slot nop
 1086  00001b50          	L74_LF2:
 1087  00001b50  8fc10004	lw	r1,4(r30)
 1088  00001b54  64220000	snei	r2,r1,#0
 1089  00001b58  10400010	beqz	r2,L76_LF2
 1090  00001b5c  54000000	nop; delay slot nop
 1091  00001b60  8fc10004	lw	r1,4(r30)
 1092  00001b64  8fc20000	lw	r2,(r30)
 1093  00001b68  ac220000	sw	(r1),r2
 1094  00001b6c          	L76_LF2:
 1095  00001b6c  8fc10000	lw	r1,(r30)
 1096  00001b70  90220000	lbu	r2,(r1)
 1097  00001b74  64410000	snei	r1,r2,#0
 1098  00001b78  14200010	bnez	r1,L77_LF2
 1099  00001b7c  54000000	nop; delay slot nop
 1100  00001b80  8fc1fff4	lw	r1,-12(r30)
 1101  00001b84  08000294	j	L72_LF2
 1102  00001b88  54000000	nop; delay slot nop
 1103  00001b8c          	L77_LF2:
 1104  00001b8c  8fc10000	lw	r1,(r30)
 1105  00001b90  90220000	lbu	r2,(r1)
 1106  00001b94  6041002d	seqi	r1,r2,#45
 1107  00001b98  10200024	beqz	r1,L78_LF2
 1108  00001b9c  54000000	nop; delay slot nop
 1109  00001ba0  2001ffff	addi	r1,r0,#-1
 1110  00001ba4  afc1ffec	sw	-20(r30),r1
 1111  00001ba8  8fc20000	lw	r2,(r30)
 1112  00001bac  20410001	addi	r1,r2,#1
 1113  00001bb0  00011020	add	r2,r0,r1
 1114  00001bb4  afc20000	sw	(r30),r2
 1115  00001bb8  0800000c	j	L79_LF2
 1116  00001bbc  54000000	nop; delay slot nop
 1117  00001bc0          	L78_LF2:
 1118  00001bc0  20010001	addi	r1,r0,#1
 1119  00001bc4  afc1ffec	sw	-20(r30),r1
 1120  00001bc8          	L79_LF2:
 1121  00001bc8  8fc10008	lw	r1,8(r30)
 1122  00001bcc  64220000	snei	r2,r1,#0
 1123  00001bd0  14400090	bnez	r2,L80_LF2
 1124  00001bd4  54000000	nop; delay slot nop
 1125  00001bd8  8fc10000	lw	r1,(r30)
 1126  00001bdc  90220000	lbu	r2,(r1)
 1127  00001be0  60410030	seqi	r1,r2,#48
 1128  00001be4  10200074	beqz	r1,L81_LF2
 1129  00001be8  54000000	nop; delay slot nop
 1130  00001bec  8fc20000	lw	r2,(r30)
 1131  00001bf0  20410001	addi	r1,r2,#1
 1132  00001bf4  00011020	add	r2,r0,r1
 1133  00001bf8  afc20000	sw	(r30),r2
 1134  00001bfc  8fc10000	lw	r1,(r30)
 1135  00001c00  90220000	lbu	r2,(r1)
 1136  00001c04  60410078	seqi	r1,r2,#120
 1137  00001c08  14200020	bnez	r1,L83_LF2
 1138  00001c0c  54000000	nop; delay slot nop
 1139  00001c10  8fc10000	lw	r1,(r30)
 1140  00001c14  90220000	lbu	r2,(r1)
 1141  00001c18  60410058	seqi	r1,r2,#88
 1142  00001c1c  1420000c	bnez	r1,L83_LF2
 1143  00001c20  54000000	nop; delay slot nop
 1144  00001c24  08000024	j	L82_LF2
 1145  00001c28  54000000	nop; delay slot nop
 1146  00001c2c          	L83_LF2:
 1147  00001c2c  20010010	addi	r1,r0,#16
 1148  00001c30  afc10008	sw	8(r30),r1
 1149  00001c34  8fc20000	lw	r2,(r30)
 1150  00001c38  20410001	addi	r1,r2,#1
 1151  00001c3c  00011020	add	r2,r0,r1
 1152  00001c40  afc20000	sw	(r30),r2
 1153  00001c44  0800000c	j	L84_LF2
 1154  00001c48  54000000	nop; delay slot nop
 1155  00001c4c          	L82_LF2:
 1156  00001c4c  20010008	addi	r1,r0,#8
 1157  00001c50  afc10008	sw	8(r30),r1
 1158  00001c54          	L84_LF2:
 1159  00001c54  0800000c	j	L80_LF2
 1160  00001c58  54000000	nop; delay slot nop
 1161  00001c5c          	L81_LF2:
 1162  00001c5c  2001000a	addi	r1,r0,#10
 1163  00001c60  afc10008	sw	8(r30),r1
 1164  00001c64          	L85_LF2:
 1165  00001c64          	L80_LF2:
 1166  00001c64  8fc10008	lw	r1,8(r30)
 1167  00001c68  70220000	slei	r2,r1,#0
 1168  00001c6c  1440001c	bnez	r2,L87_LF2
 1169  00001c70  54000000	nop; delay slot nop
 1170  00001c74  8fc10008	lw	r1,8(r30)
 1171  00001c78  6c220010	sgti	r2,r1,#16
 1172  00001c7c  1440000c	bnez	r2,L87_LF2
 1173  00001c80  54000000	nop; delay slot nop
 1174  00001c84  08000010	j	L86_LF2
 1175  00001c88  54000000	nop; delay slot nop
 1176  00001c8c          	L87_LF2:
 1177  00001c8c  8fc1fff4	lw	r1,-12(r30)
 1178  00001c90  08000188	j	L72_LF2
 1179  00001c94  54000000	nop; delay slot nop
 1180  00001c98          	L86_LF2:
 1181  00001c98  54000000	nop
 1182  00001c9c          	L88_LF2:
 1183  00001c9c  8fc10000	lw	r1,(r30)
 1184  00001ca0  90220000	lbu	r2,(r1)
 1185  00001ca4  6c41002f	sgtui	r1,r2,#47
 1186  00001ca8  10200030	beqz	r1,L91_LF2
 1187  00001cac  54000000	nop; delay slot nop
 1188  00001cb0  8fc10000	lw	r1,(r30)
 1189  00001cb4  90220000	lbu	r2,(r1)
 1190  00001cb8  70410039	sleui	r1,r2,#57
 1191  00001cbc  1020001c	beqz	r1,L91_LF2
 1192  00001cc0  54000000	nop; delay slot nop
 1193  00001cc4  8fc10000	lw	r1,(r30)
 1194  00001cc8  90220000	lbu	r2,(r1)
 1195  00001ccc  2041ffd0	addi	r1,r2,#-48
 1196  00001cd0  afc1fff0	sw	-16(r30),r1
 1197  00001cd4  0800008c	j	L92_LF2
 1198  00001cd8  54000000	nop; delay slot nop
 1199  00001cdc          	L91_LF2:
 1200  00001cdc  8fc10000	lw	r1,(r30)
 1201  00001ce0  90220000	lbu	r2,(r1)
 1202  00001ce4  6c410060	sgtui	r1,r2,#96
 1203  00001ce8  10200030	beqz	r1,L93_LF2
 1204  00001cec  54000000	nop; delay slot nop
 1205  00001cf0  8fc10000	lw	r1,(r30)
 1206  00001cf4  90220000	lbu	r2,(r1)
 1207  00001cf8  7041007a	sleui	r1,r2,#122
 1208  00001cfc  1020001c	beqz	r1,L93_LF2
 1209  00001d00  54000000	nop; delay slot nop
 1210  00001d04  8fc10000	lw	r1,(r30)
 1211  00001d08  90220000	lbu	r2,(r1)
 1212  00001d0c  2041ffa9	addi	r1,r2,#-87
 1213  00001d10  afc1fff0	sw	-16(r30),r1
 1214  00001d14  0800004c	j	L92_LF2
 1215  00001d18  54000000	nop; delay slot nop
 1216  00001d1c          	L93_LF2:
 1217  00001d1c  8fc10000	lw	r1,(r30)
 1218  00001d20  90220000	lbu	r2,(r1)
 1219  00001d24  6c410040	sgtui	r1,r2,#64
 1220  00001d28  10200030	beqz	r1,L95_LF2
 1221  00001d2c  54000000	nop; delay slot nop
 1222  00001d30  8fc10000	lw	r1,(r30)
 1223  00001d34  90220000	lbu	r2,(r1)
 1224  00001d38  7041005a	sleui	r1,r2,#90
 1225  00001d3c  1020001c	beqz	r1,L95_LF2
 1226  00001d40  54000000	nop; delay slot nop
 1227  00001d44  8fc10000	lw	r1,(r30)
 1228  00001d48  90220000	lbu	r2,(r1)
 1229  00001d4c  2041ffc9	addi	r1,r2,#-55
 1230  00001d50  afc1fff0	sw	-16(r30),r1
 1231  00001d54  0800000c	j	L92_LF2
 1232  00001d58  54000000	nop; delay slot nop
 1233  00001d5c          	L95_LF2:
 1234  00001d5c  200103e8	addi	r1,r0,#1000
 1235  00001d60  afc1fff0	sw	-16(r30),r1
 1236  00001d64          	L96_LF2:
 1237  00001d64          	L94_LF2:
 1238  00001d64          	L92_LF2:
 1239  00001d64  8fc1fff0	lw	r1,-16(r30)
 1240  00001d68  8fc20008	lw	r2,8(r30)
 1241  00001d6c  0022082a	slt	r1,r1,r2
 1242  00001d70  10200040	beqz	r1,L90_LF2
 1243  00001d74  54000000	nop; delay slot nop
 1244  00001d78  8fc1fff4	lw	r1,-12(r30)
 1245  00001d7c  8fc20008	lw	r2,8(r30)
 1246  00001d80  00200035	movi2fp	f0,r1
 1247  00001d84  00400835	movi2fp	f1,r2
 1248  00001d88  0401000e	mult	f0,f0,f1
 1249  00001d8c  00000834	movfp2i	r1,f0
 1250  00001d90  afc1fff4	sw	-12(r30),r1
 1251  00001d94  8fc1fff4	lw	r1,-12(r30)
 1252  00001d98  8fc2fff0	lw	r2,-16(r30)
 1253  00001d9c  00220820	add	r1,r1,r2
 1254  00001da0  afc1fff4	sw	-12(r30),r1
 1255  00001da4  8fc20000	lw	r2,(r30)
 1256  00001da8  20410001	addi	r1,r2,#1
 1257  00001dac  00011020	add	r2,r0,r1
 1258  00001db0  afc20000	sw	(r30),r2
 1259  00001db4          	L97_LF2:
 1260  00001db4          	L90_LF2:
 1261  00001db4  8fc1fff0	lw	r1,-16(r30)
 1262  00001db8  8fc20008	lw	r2,8(r30)
 1263  00001dbc  0022082a	slt	r1,r1,r2
 1264  00001dc0  1420000c	bnez	r1,L98_LF2
 1265  00001dc4  54000000	nop; delay slot nop
 1266  00001dc8  0800000c	j	L89_LF2
 1267  00001dcc  54000000	nop; delay slot nop
 1268  00001dd0          	L98_LF2:
 1269  00001dd0  0bfffec8	j	L88_LF2
 1270  00001dd4  54000000	nop; delay slot nop
 1271  00001dd8          	L89_LF2:
 1272  00001dd8  8fc10004	lw	r1,4(r30)
 1273  00001ddc  64220000	snei	r2,r1,#0
 1274  00001de0  10400010	beqz	r2,L99_LF2
 1275  00001de4  54000000	nop; delay slot nop
 1276  00001de8  8fc10004	lw	r1,4(r30)
 1277  00001dec  8fc20000	lw	r2,(r30)
 1278  00001df0  ac220000	sw	(r1),r2
 1279  00001df4          	L99_LF2:
 1280  00001df4  8fc1fff4	lw	r1,-12(r30)
 1281  00001df8  8fc2ffec	lw	r2,-20(r30)
 1282  00001dfc  00200035	movi2fp	f0,r1
 1283  00001e00  00400835	movi2fp	f1,r2
 1284  00001e04  0401000e	mult	f0,f0,f1
 1285  00001e08  00000834	movfp2i	r1,f0
 1286  00001e0c  afc1fff4	sw	-12(r30),r1
 1287  00001e10  8fc1fff4	lw	r1,-12(r30)
 1288  00001e14  08000004	j	L72_LF2
 1289  00001e18  54000000	nop; delay slot nop
 1290  00001e1c          	L72_LF2:
 1291  00001e1c  8fa20000	lw	r2,0(r29)
 1292  00001e20  8fdffff8	lw	r31,-8(r30)
 1293  00001e24  001ee820	add	r29,r0,r30
 1294  00001e28  8fdefffc	lw	r30,-4(r30)
 1295  00001e2c  4be00000	jr	r31
 1296  00001e30  54000000	nop
 1297  00001e34          	.endproc _dstrtol
 1298  00001e34          	.align 2
 1299  00001e34          	.proc _bcopy
 1300  00001e34          	.global _bcopy
 1301  00001e34          	_bcopy:
 1302                      ;  Function 'bcopy'; 0 bytes of locals, 2 regs to save.
 1303  00001e34  afbefffc	sw	-4(r29),r30; push fp
 1304  00001e38  001df020	add	r30,r0,r29; fp = sp
 1305  00001e3c  afbffff8	sw	-8(r29),r31; push ret addr
 1306  00001e40  2fbd0010	subui	r29,r29,#16; alloc local storage
 1307  00001e44  afa20000	sw	0(r29),r2
 1308  00001e48  afa30004	sw	4(r29),r3
 1309  00001e4c  54000000	nop
 1310  00001e50          	L101_LF2:
 1311  00001e50  8fc10008	lw	r1,8(r30)
 1312  00001e54  2022ffff	addi	r2,r1,#-1
 1313  00001e58  afc20008	sw	8(r30),r2
 1314  00001e5c  6c210000	sgti	r1,r1,#0
 1315  00001e60  1420000c	bnez	r1,L103_LF2
 1316  00001e64  54000000	nop; delay slot nop
 1317  00001e68  0800002c	j	L102_LF2
 1318  00001e6c  54000000	nop; delay slot nop
 1319  00001e70          	L103_LF2:
 1320  00001e70  8fc10004	lw	r1,4(r30)
 1321  00001e74  20220001	addi	r2,r1,#1
 1322  00001e78  afc20004	sw	4(r30),r2
 1323  00001e7c  8fc20000	lw	r2,(r30)
 1324  00001e80  20430001	addi	r3,r2,#1
 1325  00001e84  afc30000	sw	(r30),r3
 1326  00001e88  80420000	lb	r2,(r2)
 1327  00001e8c  a0220000	sb	(r1),r2
 1328  00001e90  0bffffbc	j	L101_LF2
 1329  00001e94  54000000	nop; delay slot nop
 1330  00001e98          	L102_LF2:
 1331  00001e98          	L100_LF2:
 1332  00001e98  8fa20000	lw	r2,0(r29)
 1333  00001e9c  8fa30004	lw	r3,4(r29)
 1334  00001ea0  8fdffff8	lw	r31,-8(r30)
 1335  00001ea4  001ee820	add	r29,r0,r30
 1336  00001ea8  8fdefffc	lw	r30,-4(r30)
 1337  00001eac  4be00000	jr	r31
 1338  00001eb0  54000000	nop
 1339  00001eb4          	.endproc _bcopy
 1340  00001eb4          	.align 2
 1341  00001eb4          	.proc _bzero
 1342  00001eb4          	.global _bzero
 1343  00001eb4          	_bzero:
 1344                      ;  Function 'bzero'; 0 bytes of locals, 1 regs to save.
 1345  00001eb4  afbefffc	sw	-4(r29),r30; push fp
 1346  00001eb8  001df020	add	r30,r0,r29; fp = sp
 1347  00001ebc  afbffff8	sw	-8(r29),r31; push ret addr
 1348  00001ec0  2fbd0010	subui	r29,r29,#16; alloc local storage
 1349  00001ec4  afa20000	sw	0(r29),r2
 1350  00001ec8  54000000	nop
 1351  00001ecc          	L105_LF2:
 1352  00001ecc  8fc10004	lw	r1,4(r30)
 1353  00001ed0  2022ffff	addi	r2,r1,#-1
 1354  00001ed4  afc20004	sw	4(r30),r2
 1355  00001ed8  6c210000	sgti	r1,r1,#0
 1356  00001edc  1420000c	bnez	r1,L107_LF2
 1357  00001ee0  54000000	nop; delay slot nop
 1358  00001ee4  08000020	j	L106_LF2
 1359  00001ee8  54000000	nop; delay slot nop
 1360  00001eec          	L107_LF2:
 1361  00001eec  8fc10000	lw	r1,(r30)
 1362  00001ef0  20220001	addi	r2,r1,#1
 1363  00001ef4  afc20000	sw	(r30),r2
 1364  00001ef8  20020000	addi	r2,r0,(#0x0)&0xff
 1365  00001efc  a0220000	sb	(r1),r2
 1366  00001f00  0bffffc8	j	L105_LF2
 1367  00001f04  54000000	nop; delay slot nop
 1368  00001f08          	L106_LF2:
 1369  00001f08          	L104_LF2:
 1370  00001f08  8fa20000	lw	r2,0(r29)
 1371  00001f0c  8fdffff8	lw	r31,-8(r30)
 1372  00001f10  001ee820	add	r29,r0,r30
 1373  00001f14  8fdefffc	lw	r30,-4(r30)
 1374  00001f18  4be00000	jr	r31
 1375  00001f1c  54000000	nop
 1376  00001f20          	.endproc _bzero
 1377  00001f20          	.align 2
 1378  00001f20          	.proc _min
 1379  00001f20          	.global _min
 1380  00001f20          	_min:
 1381                      ;  Function 'min'; 0 bytes of locals, 2 regs to save.
 1382  00001f20  afbefffc	sw	-4(r29),r30; push fp
 1383  00001f24  001df020	add	r30,r0,r29; fp = sp
 1384  00001f28  afbffff8	sw	-8(r29),r31; push ret addr
 1385  00001f2c  2fbd0010	subui	r29,r29,#16; alloc local storage
 1386  00001f30  afa20000	sw	0(r29),r2
 1387  00001f34  afa30004	sw	4(r29),r3
 1388  00001f38  8fc10000	lw	r1,(r30)
 1389  00001f3c  8fc20004	lw	r2,4(r30)
 1390  00001f40  0022182c	sle	r3,r1,r2
 1391  00001f44  14600008	bnez	r3,L109_LF2
 1392  00001f48  54000000	nop; delay slot nop
 1393  00001f4c  8fc10004	lw	r1,4(r30)
 1394  00001f50          	L109_LF2:
 1395  00001f50  08000004	j	L108_LF2
 1396  00001f54  54000000	nop; delay slot nop
 1397  00001f58          	L108_LF2:
 1398  00001f58  8fa20000	lw	r2,0(r29)
 1399  00001f5c  8fa30004	lw	r3,4(r29)
 1400  00001f60  8fdffff8	lw	r31,-8(r30)
 1401  00001f64  001ee820	add	r29,r0,r30
 1402  00001f68  8fdefffc	lw	r30,-4(r30)
 1403  00001f6c  4be00000	jr	r31
 1404  00001f70  54000000	nop
 1405  00001f74          	.endproc _min
 1406  00001f74          	.align 2
 1407  00001f74          	.proc _max
 1408  00001f74          	.global _max
 1409  00001f74          	_max:
 1410                      ;  Function 'max'; 0 bytes of locals, 2 regs to save.
 1411  00001f74  afbefffc	sw	-4(r29),r30; push fp
 1412  00001f78  001df020	add	r30,r0,r29; fp = sp
 1413  00001f7c  afbffff8	sw	-8(r29),r31; push ret addr
 1414  00001f80  2fbd0010	subui	r29,r29,#16; alloc local storage
 1415  00001f84  afa20000	sw	0(r29),r2
 1416  00001f88  afa30004	sw	4(r29),r3
 1417  00001f8c  8fc10000	lw	r1,(r30)
 1418  00001f90  8fc20004	lw	r2,4(r30)
 1419  00001f94  0022182d	sge	r3,r1,r2
 1420  00001f98  14600008	bnez	r3,L111_LF2
 1421  00001f9c  54000000	nop; delay slot nop
 1422  00001fa0  8fc10004	lw	r1,4(r30)
 1423  00001fa4          	L111_LF2:
 1424  00001fa4  08000004	j	L110_LF2
 1425  00001fa8  54000000	nop; delay slot nop
 1426  00001fac          	L110_LF2:
 1427  00001fac  8fa20000	lw	r2,0(r29)
 1428  00001fb0  8fa30004	lw	r3,4(r29)
 1429  00001fb4  8fdffff8	lw	r31,-8(r30)
 1430  00001fb8  001ee820	add	r29,r0,r30
 1431  00001fbc  8fdefffc	lw	r30,-4(r30)
 1432  00001fc0  4be00000	jr	r31
 1433  00001fc4  54000000	nop
 1434  00001fc8          	.endproc _max
 1435                      ;;; Ethan L. Miller, 1999.  Released to the public domain
 1436                      ;;;
 1437                      ;;; Most of the traps are called in files from libtraps.
 1440  00001fc8          	.align 2
 1441  00001fc8          	.proc _exit
 1442  00001fc8          	.global _exit
 1443  00001fc8          	_exit:
 1444  00001fc8  44000300	trap	#0x300
 1445  00001fcc  4be00000	jr	r31
 1446  00001fd0  54000000	nop
 1447  00001fd4          	.endproc _exit
 1449                      ; for the benefit of gcc.
 1450  00001fd4          	.proc ___main
 1451  00001fd4          	.global ___main
 1452  00001fd4          	___main:
 1453  00001fd4  4be00000	jr	r31
 1454  00001fd8  54000000	nop
 1455  00001fdc          	.endproc ___main
 1456  00001fdc          	.text
 1457  00001fdc          	.global _etext
 1458  00001fdc          	_etext:
 1459  00001fdc          	.align 3
 1460  00001fe0          	.data
 1461  000020c3          	.global _edata
 1462  000020c3          	_edata:
