 line   address	contents
    1                      ; Linked by DLX-LD.
    2                      ; MemSize 20480
    3                      ; Data size: 307
    4                      ; Text size: 4024
    5                      ; Stack size: 8192
    6  00000000          	.text 0x1000
    7  00001000          	.data 0x2000
    8                      ; Compiled by GCC
   10  00002000          	.align 2
   11  00002000          	LC0_LF0:
   12  00002000  0a2d2d2d	.ascii "\n--------------------------------------------------------------------"
   12  00002004  2d2d2d2d	
   12  00002008  2d2d2d2d	
   12  0000200c  2d2d2d2d	
   12  00002010  2d2d2d2d	
   12  00002014  2d2d2d2d	
   12  00002018  2d2d2d2d	
   12  0000201c  2d2d2d2d	
   12  00002020  2d2d2d2d	
   12  00002024  2d2d2d2d	
   12  00002028  2d2d2d2d	
   12  0000202c  2d2d2d2d	
   12  00002030  2d2d2d2d	
   12  00002034  2d2d2d2d	
   12  00002038  2d2d2d2d	
   12  0000203c  2d2d2d2d	
   12  00002040  2d2d2d2d	
   12  00002044  2d      	
   13  00002045  2d2d2d2d	.ascii "-----------------\n\000"
   13  00002049  2d2d2d2d	
   13  0000204d  2d2d2d2d	
   13  00002051  2d2d2d2d	
   13  00002055  2d0a00  	
   14  00002058          	.align 2
   15  00002058          	LC1_LF0:
   16  00002058  696e7661	.ascii "invalid_page (%d): TEST #6: Access memory outside of virtual address s"
   16  0000205c  6c69645f	
   16  00002060  70616765	
   16  00002064  20282564	
   16  00002068  293a2054	
   16  0000206c  45535420	
   16  00002070  23363a20	
   16  00002074  41636365	
   16  00002078  7373206d	
   16  0000207c  656d6f72	
   16  00002080  79206f75	
   16  00002084  74736964	
   16  00002088  65206f66	
   16  0000208c  20766972	
   16  00002090  7475616c	
   16  00002094  20616464	
   16  00002098  72657373	
   16  0000209c  2073    	
   17  0000209e  70616365	.ascii "pace\n\000"
   17  000020a2  0a00    	
   18  000020a4          	.align 2
   19  000020a4          	LC2_LF0:
   20  000020a4  41747465	.ascii "Attempting to access address 0xDEAD0000 (outside of currently allocate"
   20  000020a8  6d707469	
   20  000020ac  6e672074	
   20  000020b0  6f206163	
   20  000020b4  63657373	
   20  000020b8  20616464	
   20  000020bc  72657373	
   20  000020c0  20307844	
   20  000020c4  45414430	
   20  000020c8  30303020	
   20  000020cc  286f7574	
   20  000020d0  73696465	
   20  000020d4  206f6620	
   20  000020d8  63757272	
   20  000020dc  656e746c	
   20  000020e0  7920616c	
   20  000020e4  6c6f6361	
   20  000020e8  7465    	
   21  000020ea  64207061	.ascii "d pages)\n\000"
   21  000020ee  67657329	
   21  000020f2  0a00    	
   22  000020f4          	.align 2
   23  000020f4          	LC3_LF0:
   24  000020f4  53686f75	.ascii "Should cause entire simulator to exit\n\000"
   24  000020f8  6c642063	
   24  000020fc  61757365	
   24  00002100  20656e74	
   24  00002104  69726520	
   24  00002108  73696d75	
   24  0000210c  6c61746f	
   24  00002110  7220746f	
   24  00002114  20657869	
   24  00002118  740a00  	
   25  0000211b          	.align 2
   26  0000211c          	LC4_LF0:
   27  0000211c  49207368	.ascii "I shouldn\'t get here!\n\000"
   27  00002120  6f756c64	
   27  00002124  6e277420	
   27  00002128  67657420	
   27  0000212c  68657265	
   27  00002130  210a00  	
   28  00002133          	.text
   29  00001000          	.align 2
   30  00001000          	.proc _main
   31  00001000          	.global _main
   32  00001000          	_main:
   33                      ;  Function 'main'; 0 bytes of locals, 0 regs to save.
   34  00001000  afbefffc	sw	-4(r29),r30; push fp
   35  00001004  001df020	add	r30,r0,r29; fp = sp
   36  00001008  afbffff8	sw	-8(r29),r31; push ret addr
   37  0000100c  2fbd0008	subui	r29,r29,#8; alloc local storage
   38  00001010  0c000f9c	jal	___main
   39  00001014  54000000	nop; not filled.
   40  00001018  23bdfff8	addi	r29,r29,#-8
   41  0000101c  3c020000	lhi	r2,((LC0_LF0)>>16)&0xffff
   42  00001020  24422000	addui	r2,r2,(LC0_LF0)&0xffff
   43  00001024  afa20000	sw	(r29),r2
   44  00001028  0c0000c4	jal	_Printf
   45  0000102c  54000000	nop; not filled.
   46  00001030  0c0000c8	jal	_getpid
   47  00001034  54000000	nop; not filled.
   48  00001038  3c020000	lhi	r2,((LC1_LF0)>>16)&0xffff
   49  0000103c  24422058	addui	r2,r2,(LC1_LF0)&0xffff
   50  00001040  afa20000	sw	(r29),r2
   51  00001044  afa10004	sw	4(r29),r1
   52  00001048  0c0000a4	jal	_Printf
   53  0000104c  54000000	nop; not filled.
   54  00001050  3c020000	lhi	r2,((LC2_LF0)>>16)&0xffff
   55  00001054  244220a4	addui	r2,r2,(LC2_LF0)&0xffff
   56  00001058  afa20000	sw	(r29),r2
   57  0000105c  0c000090	jal	_Printf
   58  00001060  54000000	nop; not filled.
   59  00001064  3c020000	lhi	r2,((LC3_LF0)>>16)&0xffff
   60  00001068  244220f4	addui	r2,r2,(LC3_LF0)&0xffff
   61  0000106c  afa20000	sw	(r29),r2
   62  00001070  0c00007c	jal	_Printf
   63  00001074  54000000	nop; not filled.
   64  00001078  3c01dead	lhi	r1,#-8531
   65  0000107c  24210000	addui	r1,r1,#0
   66  00001080  20020005	addi	r2,r0,#5
   67  00001084  ac220000	sw	(r1),r2
   68  00001088  3c020000	lhi	r2,((LC4_LF0)>>16)&0xffff
   69  0000108c  2442211c	addui	r2,r2,(LC4_LF0)&0xffff
   70  00001090  afa20000	sw	(r29),r2
   71  00001094  0c000058	jal	_Printf
   72  00001098  54000000	nop; not filled.
   73  0000109c  23bd0008	addi	r29,r29,#8
   74  000010a0  0c000f00	jal	_exit
   75  000010a4  54000000	nop
   76  000010a8          	.endproc _main
   77                      ;;;
   78                      ;;; Stub functions for DLX traps.
   79                      ;;;
   80                      ;;; Ethan L. Miller, 1999.  Released to the public domain.
   81                      ;;;
   82                      ;;; The traps such as Open and Close
   83                      ;;; (note the capital letters) are for use by user programs.  The traps
   84                      ;;; with names such as open and close (lower case) are for use by the OS.
   85                      ;;;
   88  000010a8          	.align 2
   90                      ;;; The following are the traps to be used by user-level programs
   91                      ;;;
   93  000010a8          	.align 2
   94  000010a8          	.proc _Open
   95  000010a8          	.global _Open
   96  000010a8          	_Open:
   97                      ;;; Note that trap #0x213 actually causes a trap vector in the OS of
   98                      ;;; 0x1213.  The same is true for other user traps.  Thus, a user trap
   99                      ;;; with trap #0x240 will result in a trap vector of 0x1240 in the OS.
  100  000010a8  44000213	trap	#0x213
  101  000010ac  4be00000	jr	r31
  102  000010b0  54000000	nop
  103  000010b4          	.endproc _Open
  105  000010b4          	.proc _Close
  106  000010b4          	.global _Close
  107  000010b4          	_Close:
  108  000010b4  44000214	trap	#0x214
  109  000010b8  4be00000	jr	r31
  110  000010bc  54000000	nop
  111  000010c0          	.endproc _Close
  113  000010c0          	.proc _Read
  114  000010c0          	.global _Read
  115  000010c0          	_Read:
  116  000010c0  44000210	trap	#0x210
  117  000010c4  4be00000	jr	r31
  118  000010c8  54000000	nop
  119  000010cc          	.endproc _Read
  121  000010cc          	.proc _Write
  122  000010cc          	.global _Write
  123  000010cc          	_Write:
  124  000010cc  44000211	trap	#0x211
  125  000010d0  4be00000	jr	r31
  126  000010d4  54000000	nop
  127  000010d8          	.endproc _Write
  129  000010d8          	.proc _Lseek
  130  000010d8          	.global _Lseek
  131  000010d8          	_Lseek:
  132  000010d8  44000212	trap	#0x212
  133  000010dc  4be00000	jr	r31
  134  000010e0  54000000	nop
  135  000010e4          	.endproc _Lseek
  137  000010e4          	.proc _Putchar
  138  000010e4          	.global _Putchar
  139  000010e4          	_Putchar:
  140  000010e4  44000280	trap	#0x280
  141  000010e8  4be00000	jr	r31
  142  000010ec  54000000	nop
  143  000010f0          	.endproc _Putchar
  145  000010f0          	.proc _Printf
  146  000010f0          	.global _Printf
  147  000010f0          	_Printf:
  148  000010f0  44000201	trap	#0x201
  149  000010f4  4be00000	jr	r31
  150  000010f8  54000000	nop
  151  000010fc          	.endproc _Printf
  153  000010fc          	.proc _getpid
  154  000010fc          	.global _getpid
  155  000010fc          	_getpid:
  156  000010fc  44000431	trap	#0x431
  157  00001100  4be00000	jr	r31
  158  00001104  54000000	nop
  159  00001108          	.endproc _getpid
  161  00001108          	.proc _process_create
  162  00001108          	.global _process_create
  163  00001108          	_process_create:
  164  00001108  44000432	trap	#0x432
  165  0000110c  4be00000	jr	r31
  166  00001110  54000000	nop
  167  00001114          	.endproc _process_create
  169  00001114          	.proc _shmget
  170  00001114          	.global _shmget
  171  00001114          	_shmget:
  172  00001114  44000440	trap	#0x440
  173  00001118  4be00000	jr	r31
  174  0000111c  54000000	nop
  175  00001120          	.endproc _shmget
  177  00001120          	.proc _shmat
  178  00001120          	.global _shmat
  179  00001120          	_shmat:
  180  00001120  44000441	trap	#0x441
  181  00001124  4be00000	jr	r31
  182  00001128  54000000	nop
  183  0000112c          	.endproc _shmat
  185  0000112c          	.proc _sem_create
  186  0000112c          	.global _sem_create
  187  0000112c          	_sem_create:
  188  0000112c  44000450	trap	#0x450
  189  00001130  4be00000	jr	r31
  190  00001134  54000000	nop
  191  00001138          	.endproc _sem_create
  193  00001138          	.proc _sem_wait
  194  00001138          	.global _sem_wait
  195  00001138          	_sem_wait:
  196  00001138  44000451	trap	#0x451
  197  0000113c  4be00000	jr	r31
  198  00001140  54000000	nop
  199  00001144          	.endproc _sem_wait
  201  00001144          	.proc _sem_signal
  202  00001144          	.global _sem_signal
  203  00001144          	_sem_signal:
  204  00001144  44000452	trap	#0x452
  205  00001148  4be00000	jr	r31
  206  0000114c  54000000	nop
  207  00001150          	.endproc _sem_signal
  209  00001150          	.proc _lock_create
  210  00001150          	.global _lock_create
  211  00001150          	_lock_create:
  212  00001150  44000453	trap	#0x453
  213  00001154  4be00000	jr	r31
  214  00001158  54000000	nop
  215  0000115c          	.endproc _lock_create
  217  0000115c          	.proc _lock_acquire
  218  0000115c          	.global _lock_acquire
  219  0000115c          	_lock_acquire:
  220  0000115c  44000454	trap	#0x454
  221  00001160  4be00000	jr	r31
  222  00001164  54000000	nop
  223  00001168          	.endproc _lock_acquire
  225  00001168          	.proc _lock_release
  226  00001168          	.global _lock_release
  227  00001168          	_lock_release:
  228  00001168  44000455	trap	#0x455
  229  0000116c  4be00000	jr	r31
  230  00001170  54000000	nop
  231  00001174          	.endproc _lock_release
  233  00001174          	.proc _cond_create
  234  00001174          	.global _cond_create
  235  00001174          	_cond_create:
  236  00001174  44000456	trap	#0x456
  237  00001178  4be00000	jr	r31
  238  0000117c  54000000	nop
  239  00001180          	.endproc _cond_create
  241  00001180          	.proc _cond_wait
  242  00001180          	.global _cond_wait
  243  00001180          	_cond_wait:
  244  00001180  44000457	trap	#0x457
  245  00001184  4be00000	jr	r31
  246  00001188  54000000	nop
  247  0000118c          	.endproc _cond_wait
  249  0000118c          	.proc _cond_signal
  250  0000118c          	.global _cond_signal
  251  0000118c          	_cond_signal:
  252  0000118c  44000458	trap	#0x458
  253  00001190  4be00000	jr	r31
  254  00001194  54000000	nop
  255  00001198          	.endproc _cond_signal
  257  00001198          	.proc _cond_broadcast
  258  00001198          	.global _cond_broadcast
  259  00001198          	_cond_broadcast:
  260  00001198  44000459	trap	#0x459
  261  0000119c  4be00000	jr	r31
  262  000011a0  54000000	nop
  263  000011a4          	.endproc _cond_broadcast
  265  000011a4          	.proc _mbox_create
  266  000011a4          	.global _mbox_create
  267  000011a4          	_mbox_create:
  268  000011a4  44000460	trap	#0x460
  269  000011a8  4be00000	jr	r31
  270  000011ac  54000000	nop
  271  000011b0          	.endproc _mbox_create
  273  000011b0          	.proc _mbox_open
  274  000011b0          	.global _mbox_open
  275  000011b0          	_mbox_open:
  276  000011b0  44000461	trap	#0x461
  277  000011b4  4be00000	jr	r31
  278  000011b8  54000000	nop
  279  000011bc          	.endproc _mbox_open
  281  000011bc          	.proc _mbox_close
  282  000011bc          	.global _mbox_close
  283  000011bc          	_mbox_close:
  284  000011bc  44000462	trap	#0x462
  285  000011c0  4be00000	jr	r31
  286  000011c4  54000000	nop
  287  000011c8          	.endproc _mbox_close
  289  000011c8          	.proc _mbox_send
  290  000011c8          	.global _mbox_send
  291  000011c8          	_mbox_send:
  292  000011c8  44000463	trap	#0x463
  293  000011cc  4be00000	jr	r31
  294  000011d0  54000000	nop
  295  000011d4          	.endproc _mbox_send
  297  000011d4          	.proc _mbox_recv
  298  000011d4          	.global _mbox_recv
  299  000011d4          	_mbox_recv:
  300  000011d4  44000464	trap	#0x464
  301  000011d8  4be00000	jr	r31
  302  000011dc  54000000	nop
  303  000011e0          	.endproc _mbox_recv
  305  000011e0          	.proc _sleep
  306  000011e0          	.global _sleep
  307  000011e0          	_sleep:
  308  000011e0  44000465	trap	#0x465
  309  000011e4  4be00000	jr	r31
  310  000011e8  54000000	nop
  311  000011ec          	.endproc _sleep
  313  000011ec          	.proc _yield
  314  000011ec          	.global _yield
  315  000011ec          	_yield:
  316  000011ec  44000466	trap	#0x466
  317  000011f0  4be00000	jr	r31
  318  000011f4  54000000	nop
  319  000011f8          	.endproc _yield
  322  000011f8          	.proc _Exit
  323  000011f8          	.global _Exit
  324  000011f8          	_Exit:
  325  000011f8  44000500	trap	#0x500
  326  000011fc  4be00000	jr	r31
  327  00001200  54000000	nop
  328  00001204          	.endproc _Exit
  331  00001204          	.proc _malloc
  332  00001204          	.global _malloc
  333  00001204          	_malloc:
  334  00001204  44000467	trap	#0x467
  335  00001208  4be00000	jr	r31
  336  0000120c          	.endproc _malloc
  339  0000120c          	.proc _mfree
  340  0000120c          	.global _mfree
  341  0000120c          	_mfree:
  342  0000120c  44000468	trap	#0x468
  343  00001210  4be00000	jr	r31
  344  00001214          	.endproc _mfree
  345                      ; Compiled by GCC
  347  00001214          	.align 2
  348  00001214          	.proc _isspace
  349  00001214          	.global _isspace
  350  00001214          	_isspace:
  351                      ;  Function 'isspace'; 0 bytes of locals, 3 regs to save.
  352  00001214  afbefffc	sw	-4(r29),r30; push fp
  353  00001218  001df020	add	r30,r0,r29; fp = sp
  354  0000121c  afbffff8	sw	-8(r29),r31; push ret addr
  355  00001220  2fbd0018	subui	r29,r29,#24; alloc local storage
  356  00001224  afa20000	sw	0(r29),r2
  357  00001228  afa30004	sw	4(r29),r3
  358  0000122c  afa40008	sw	8(r29),r4
  359  00001230  83c20003	lb	r2,3(r30)
  360  00001234  20010000	addi	r1,r0,#0
  361  00001238  304300ff	andi	r3,r2,#0x00ff
  362  0000123c  60640020	seqi	r4,r3,#32
  363  00001240  1480002c	bnez	r4,L3_LF2
  364  00001244  54000000	nop; delay slot nop
  365  00001248  304300ff	andi	r3,r2,#0x00ff
  366  0000124c  60640009	seqi	r4,r3,#9
  367  00001250  1480001c	bnez	r4,L3_LF2
  368  00001254  54000000	nop; delay slot nop
  369  00001258  304300ff	andi	r3,r2,#0x00ff
  370  0000125c  6064000a	seqi	r4,r3,#10
  371  00001260  1480000c	bnez	r4,L3_LF2
  372  00001264  54000000	nop; delay slot nop
  373  00001268  08000008	j	L2_LF2
  374  0000126c  54000000	nop; delay slot nop
  375  00001270          	L3_LF2:
  376  00001270  20010001	addi	r1,r0,#1
  377  00001274          	L2_LF2:
  378  00001274  08000004	j	L1_LF2
  379  00001278  54000000	nop; delay slot nop
  380  0000127c          	L1_LF2:
  381  0000127c  8fa20000	lw	r2,0(r29)
  382  00001280  8fa30004	lw	r3,4(r29)
  383  00001284  8fa40008	lw	r4,8(r29)
  384  00001288  8fdffff8	lw	r31,-8(r30)
  385  0000128c  001ee820	add	r29,r0,r30
  386  00001290  8fdefffc	lw	r30,-4(r30)
  387  00001294  4be00000	jr	r31
  388  00001298  54000000	nop
  389  0000129c          	.endproc _isspace
  390  0000129c          	.align 2
  391  0000129c          	.proc _isxdigit
  392  0000129c          	.global _isxdigit
  393  0000129c          	_isxdigit:
  394                      ;  Function 'isxdigit'; 0 bytes of locals, 3 regs to save.
  395  0000129c  afbefffc	sw	-4(r29),r30; push fp
  396  000012a0  001df020	add	r30,r0,r29; fp = sp
  397  000012a4  afbffff8	sw	-8(r29),r31; push ret addr
  398  000012a8  2fbd0018	subui	r29,r29,#24; alloc local storage
  399  000012ac  afa20000	sw	0(r29),r2
  400  000012b0  afa30004	sw	4(r29),r3
  401  000012b4  afa40008	sw	8(r29),r4
  402  000012b8  83c20003	lb	r2,3(r30)
  403  000012bc  20010000	addi	r1,r0,#0
  404  000012c0  304300ff	andi	r3,r2,#0x00ff
  405  000012c4  6c64002f	sgtui	r4,r3,#47
  406  000012c8  1080001c	beqz	r4,L7_LF2
  407  000012cc  54000000	nop; delay slot nop
  408  000012d0  304300ff	andi	r3,r2,#0x00ff
  409  000012d4  70640039	sleui	r4,r3,#57
  410  000012d8  1480005c	bnez	r4,L6_LF2
  411  000012dc  54000000	nop; delay slot nop
  412  000012e0  08000004	j	L7_LF2
  413  000012e4  54000000	nop; delay slot nop
  414  000012e8          	L7_LF2:
  415  000012e8  304300ff	andi	r3,r2,#0x00ff
  416  000012ec  6c640060	sgtui	r4,r3,#96
  417  000012f0  1080001c	beqz	r4,L8_LF2
  418  000012f4  54000000	nop; delay slot nop
  419  000012f8  304300ff	andi	r3,r2,#0x00ff
  420  000012fc  70640066	sleui	r4,r3,#102
  421  00001300  14800034	bnez	r4,L6_LF2
  422  00001304  54000000	nop; delay slot nop
  423  00001308  08000004	j	L8_LF2
  424  0000130c  54000000	nop; delay slot nop
  425  00001310          	L8_LF2:
  426  00001310  304300ff	andi	r3,r2,#0x00ff
  427  00001314  6c640040	sgtui	r4,r3,#64
  428  00001318  10800020	beqz	r4,L5_LF2
  429  0000131c  54000000	nop; delay slot nop
  430  00001320  304300ff	andi	r3,r2,#0x00ff
  431  00001324  70640041	sleui	r4,r3,#65
  432  00001328  1480000c	bnez	r4,L6_LF2
  433  0000132c  54000000	nop; delay slot nop
  434  00001330  08000008	j	L5_LF2
  435  00001334  54000000	nop; delay slot nop
  436  00001338          	L6_LF2:
  437  00001338  20010001	addi	r1,r0,#1
  438  0000133c          	L5_LF2:
  439  0000133c  08000004	j	L4_LF2
  440  00001340  54000000	nop; delay slot nop
  441  00001344          	L4_LF2:
  442  00001344  8fa20000	lw	r2,0(r29)
  443  00001348  8fa30004	lw	r3,4(r29)
  444  0000134c  8fa40008	lw	r4,8(r29)
  445  00001350  8fdffff8	lw	r31,-8(r30)
  446  00001354  001ee820	add	r29,r0,r30
  447  00001358  8fdefffc	lw	r30,-4(r30)
  448  0000135c  4be00000	jr	r31
  449  00001360  54000000	nop
  450  00001364          	.endproc _isxdigit
  451  00001364          	.align 2
  452  00001364          	.proc _dstrcpy
  453  00001364          	.global _dstrcpy
  454  00001364          	_dstrcpy:
  455                      ;  Function 'dstrcpy'; 8 bytes of locals, 2 regs to save.
  456  00001364  afbefffc	sw	-4(r29),r30; push fp
  457  00001368  001df020	add	r30,r0,r29; fp = sp
  458  0000136c  afbffff8	sw	-8(r29),r31; push ret addr
  459  00001370  2fbd0018	subui	r29,r29,#24; alloc local storage
  460  00001374  afa20000	sw	0(r29),r2
  461  00001378  afa30004	sw	4(r29),r3
  462  0000137c  8fc10000	lw	r1,(r30)
  463  00001380  afc1fff4	sw	-12(r30),r1
  464  00001384          	L10_LF2:
  465  00001384  8fc10000	lw	r1,(r30)
  466  00001388  20220001	addi	r2,r1,#1
  467  0000138c  afc20000	sw	(r30),r2
  468  00001390  8fc20004	lw	r2,4(r30)
  469  00001394  20430001	addi	r3,r2,#1
  470  00001398  afc30004	sw	4(r30),r3
  471  0000139c  80420000	lb	r2,(r2)
  472  000013a0  a0220000	sb	(r1),r2
  473  000013a4  a3c2fff3	sb	-13(r30),r2
  474  000013a8          	L12_LF2:
  475  000013a8  93c1fff3	lbu	r1,-13(r30)
  476  000013ac  64220000	snei	r2,r1,#0
  477  000013b0  1440000c	bnez	r2,L13_LF2
  478  000013b4  54000000	nop; delay slot nop
  479  000013b8  0800000c	j	L11_LF2
  480  000013bc  54000000	nop; delay slot nop
  481  000013c0          	L13_LF2:
  482  000013c0  0bffffc0	j	L10_LF2
  483  000013c4  54000000	nop; delay slot nop
  484  000013c8          	L11_LF2:
  485  000013c8  8fc1fff4	lw	r1,-12(r30)
  486  000013cc  08000004	j	L9_LF2
  487  000013d0  54000000	nop; delay slot nop
  488  000013d4          	L9_LF2:
  489  000013d4  8fa20000	lw	r2,0(r29)
  490  000013d8  8fa30004	lw	r3,4(r29)
  491  000013dc  8fdffff8	lw	r31,-8(r30)
  492  000013e0  001ee820	add	r29,r0,r30
  493  000013e4  8fdefffc	lw	r30,-4(r30)
  494  000013e8  4be00000	jr	r31
  495  000013ec  54000000	nop
  496  000013f0          	.endproc _dstrcpy
  497  000013f0          	.align 2
  498  000013f0          	.proc _dstrncpy
  499  000013f0          	.global _dstrncpy
  500  000013f0          	_dstrncpy:
  501                      ;  Function 'dstrncpy'; 8 bytes of locals, 2 regs to save.
  502  000013f0  afbefffc	sw	-4(r29),r30; push fp
  503  000013f4  001df020	add	r30,r0,r29; fp = sp
  504  000013f8  afbffff8	sw	-8(r29),r31; push ret addr
  505  000013fc  2fbd0018	subui	r29,r29,#24; alloc local storage
  506  00001400  afa20000	sw	0(r29),r2
  507  00001404  afa30004	sw	4(r29),r3
  508  00001408  8fc10000	lw	r1,(r30)
  509  0000140c  afc1fff4	sw	-12(r30),r1
  510  00001410          	L15_LF2:
  511  00001410  8fc10008	lw	r1,8(r30)
  512  00001414  2022ffff	addi	r2,r1,#-1
  513  00001418  afc20008	sw	8(r30),r2
  514  0000141c  70210000	slei	r1,r1,#0
  515  00001420  1020000c	beqz	r1,L18_LF2
  516  00001424  54000000	nop; delay slot nop
  517  00001428  08000048	j	L16_LF2
  518  0000142c  54000000	nop; delay slot nop
  519  00001430          	L18_LF2:
  520  00001430  8fc10000	lw	r1,(r30)
  521  00001434  20220001	addi	r2,r1,#1
  522  00001438  afc20000	sw	(r30),r2
  523  0000143c  8fc20004	lw	r2,4(r30)
  524  00001440  20430001	addi	r3,r2,#1
  525  00001444  afc30004	sw	4(r30),r3
  526  00001448  80420000	lb	r2,(r2)
  527  0000144c  a0220000	sb	(r1),r2
  528  00001450  a3c2fff3	sb	-13(r30),r2
  529  00001454          	L17_LF2:
  530  00001454  93c1fff3	lbu	r1,-13(r30)
  531  00001458  64220000	snei	r2,r1,#0
  532  0000145c  1440000c	bnez	r2,L19_LF2
  533  00001460  54000000	nop; delay slot nop
  534  00001464  0800000c	j	L16_LF2
  535  00001468  54000000	nop; delay slot nop
  536  0000146c          	L19_LF2:
  537  0000146c  0bffffa0	j	L15_LF2
  538  00001470  54000000	nop; delay slot nop
  539  00001474          	L16_LF2:
  540  00001474  8fc1fff4	lw	r1,-12(r30)
  541  00001478  08000004	j	L14_LF2
  542  0000147c  54000000	nop; delay slot nop
  543  00001480          	L14_LF2:
  544  00001480  8fa20000	lw	r2,0(r29)
  545  00001484  8fa30004	lw	r3,4(r29)
  546  00001488  8fdffff8	lw	r31,-8(r30)
  547  0000148c  001ee820	add	r29,r0,r30
  548  00001490  8fdefffc	lw	r30,-4(r30)
  549  00001494  4be00000	jr	r31
  550  00001498  54000000	nop
  551  0000149c          	.endproc _dstrncpy
  552  0000149c          	.align 2
  553  0000149c          	.proc _dstrcat
  554  0000149c          	.global _dstrcat
  555  0000149c          	_dstrcat:
  556                      ;  Function 'dstrcat'; 8 bytes of locals, 1 regs to save.
  557  0000149c  afbefffc	sw	-4(r29),r30; push fp
  558  000014a0  001df020	add	r30,r0,r29; fp = sp
  559  000014a4  afbffff8	sw	-8(r29),r31; push ret addr
  560  000014a8  2fbd0018	subui	r29,r29,#24; alloc local storage
  561  000014ac  afa20000	sw	0(r29),r2
  562  000014b0  8fc10000	lw	r1,(r30)
  563  000014b4  afc1fff4	sw	-12(r30),r1
  564  000014b8          	L21_LF2:
  565  000014b8  8fc10000	lw	r1,(r30)
  566  000014bc  90220000	lbu	r2,(r1)
  567  000014c0  64410000	snei	r1,r2,#0
  568  000014c4  1420000c	bnez	r1,L23_LF2
  569  000014c8  54000000	nop; delay slot nop
  570  000014cc  0800001c	j	L22_LF2
  571  000014d0  54000000	nop; delay slot nop
  572  000014d4          	L23_LF2:
  573  000014d4  8fc20000	lw	r2,(r30)
  574  000014d8  20410001	addi	r1,r2,#1
  575  000014dc  00011020	add	r2,r0,r1
  576  000014e0  afc20000	sw	(r30),r2
  577  000014e4  0bffffd0	j	L21_LF2
  578  000014e8  54000000	nop; delay slot nop
  579  000014ec          	L22_LF2:
  580  000014ec  23bdfff8	addi	r29,r29,#-8
  581  000014f0  001d0820	add	r1,r0,r29
  582  000014f4  8fc20000	lw	r2,(r30)
  583  000014f8  ac220000	sw	(r1),r2
  584  000014fc  8fc20004	lw	r2,4(r30)
  585  00001500  ac220004	sw	4(r1),r2
  586  00001504  0ffffe5c	jal	_dstrcpy
  587  00001508  54000000	nop; delay slot nop
  588  0000150c  23bd0008	addi	r29,r29,#8
  589  00001510  8fc1fff4	lw	r1,-12(r30)
  590  00001514  08000004	j	L20_LF2
  591  00001518  54000000	nop; delay slot nop
  592  0000151c          	L20_LF2:
  593  0000151c  8fa20000	lw	r2,0(r29)
  594  00001520  8fdffff8	lw	r31,-8(r30)
  595  00001524  001ee820	add	r29,r0,r30
  596  00001528  8fdefffc	lw	r30,-4(r30)
  597  0000152c  4be00000	jr	r31
  598  00001530  54000000	nop
  599  00001534          	.endproc _dstrcat
  600  00001534          	.align 2
  601  00001534          	.proc _dstrncmp
  602  00001534          	.global _dstrncmp
  603  00001534          	_dstrncmp:
  604                      ;  Function 'dstrncmp'; 8 bytes of locals, 2 regs to save.
  605  00001534  afbefffc	sw	-4(r29),r30; push fp
  606  00001538  001df020	add	r30,r0,r29; fp = sp
  607  0000153c  afbffff8	sw	-8(r29),r31; push ret addr
  608  00001540  2fbd0018	subui	r29,r29,#24; alloc local storage
  609  00001544  afa20000	sw	0(r29),r2
  610  00001548  afa30004	sw	4(r29),r3
  611  0000154c  54000000	nop
  612  00001550  20010000	addi	r1,r0,#0
  613  00001554  afc1fff4	sw	-12(r30),r1
  614  00001558          	L25_LF2:
  615  00001558  8fc1fff4	lw	r1,-12(r30)
  616  0000155c  8fc20008	lw	r2,8(r30)
  617  00001560  0022082a	slt	r1,r1,r2
  618  00001564  1420000c	bnez	r1,L28_LF2
  619  00001568  54000000	nop; delay slot nop
  620  0000156c  08000088	j	L26_LF2
  621  00001570  54000000	nop; delay slot nop
  622  00001574          	L28_LF2:
  623  00001574  8fc10004	lw	r1,4(r30)
  624  00001578  90220000	lbu	r2,(r1)
  625  0000157c  64410000	snei	r1,r2,#0
  626  00001580  14200018	bnez	r1,L29_LF2
  627  00001584  54000000	nop; delay slot nop
  628  00001588  20010000	addi	r1,r0,#0
  629  0000158c  080000d8	j	L24_LF2
  630  00001590  54000000	nop; delay slot nop
  631  00001594  08000028	j	L30_LF2
  632  00001598  54000000	nop; delay slot nop
  633  0000159c          	L29_LF2:
  634  0000159c  8fc10000	lw	r1,(r30)
  635  000015a0  8fc20004	lw	r2,4(r30)
  636  000015a4  90210000	lbu	r1,(r1)
  637  000015a8  90420000	lbu	r2,(r2)
  638  000015ac  00220829	sne	r1,r1,r2
  639  000015b0  1020000c	beqz	r1,L30_LF2
  640  000015b4  54000000	nop; delay slot nop
  641  000015b8  0800003c	j	L26_LF2
  642  000015bc  54000000	nop; delay slot nop
  643  000015c0          	L31_LF2:
  644  000015c0          	L30_LF2:
  645  000015c0  8fc20000	lw	r2,(r30)
  646  000015c4  20410001	addi	r1,r2,#1
  647  000015c8  00011020	add	r2,r0,r1
  648  000015cc  afc20000	sw	(r30),r2
  649  000015d0  8fc20004	lw	r2,4(r30)
  650  000015d4  20410001	addi	r1,r2,#1
  651  000015d8  00011020	add	r2,r0,r1
  652  000015dc  afc20004	sw	4(r30),r2
  653  000015e0          	L27_LF2:
  654  000015e0  8fc2fff4	lw	r2,-12(r30)
  655  000015e4  20410001	addi	r1,r2,#1
  656  000015e8  00011020	add	r2,r0,r1
  657  000015ec  afc2fff4	sw	-12(r30),r2
  658  000015f0  0bffff64	j	L25_LF2
  659  000015f4  54000000	nop; delay slot nop
  660  000015f8          	L26_LF2:
  661  000015f8  8fc1fff4	lw	r1,-12(r30)
  662  000015fc  8fc20008	lw	r2,8(r30)
  663  00001600  00220828	seq	r1,r1,r2
  664  00001604  10200018	beqz	r1,L32_LF2
  665  00001608  54000000	nop; delay slot nop
  666  0000160c  20010000	addi	r1,r0,#0
  667  00001610  08000054	j	L24_LF2
  668  00001614  54000000	nop; delay slot nop
  669  00001618  0800004c	j	L33_LF2
  670  0000161c  54000000	nop; delay slot nop
  671  00001620          	L32_LF2:
  672  00001620  8fc20000	lw	r2,(r30)
  673  00001624  90410000	lbu	r1,(r2)
  674  00001628  8fc20004	lw	r2,4(r30)
  675  0000162c  90430000	lbu	r3,(r2)
  676  00001630  00230822	sub	r1,r1,r3
  677  00001634  74220000	sgei	r2,r1,#0
  678  00001638  10400020	beqz	r2,L34_LF2
  679  0000163c  54000000	nop; delay slot nop
  680  00001640  8fc10000	lw	r1,(r30)
  681  00001644  8fc20004	lw	r2,4(r30)
  682  00001648  90210000	lbu	r1,(r1)
  683  0000164c  90420000	lbu	r2,(r2)
  684  00001650  00220829	sne	r1,r1,r2
  685  00001654  08000008	j	L35_LF2
  686  00001658  54000000	nop; delay slot nop
  687  0000165c          	L34_LF2:
  688  0000165c  2001ffff	addi	r1,r0,#-1
  689  00001660          	L35_LF2:
  690  00001660  08000004	j	L24_LF2
  691  00001664  54000000	nop; delay slot nop
  692  00001668          	L33_LF2:
  693  00001668          	L24_LF2:
  694  00001668  8fa20000	lw	r2,0(r29)
  695  0000166c  8fa30004	lw	r3,4(r29)
  696  00001670  8fdffff8	lw	r31,-8(r30)
  697  00001674  001ee820	add	r29,r0,r30
  698  00001678  8fdefffc	lw	r30,-4(r30)
  699  0000167c  4be00000	jr	r31
  700  00001680  54000000	nop
  701  00001684          	.endproc _dstrncmp
  702  00001684          	.align 2
  703  00001684          	.proc _dstrlen
  704  00001684          	.global _dstrlen
  705  00001684          	_dstrlen:
  706                      ;  Function 'dstrlen'; 8 bytes of locals, 1 regs to save.
  707  00001684  afbefffc	sw	-4(r29),r30; push fp
  708  00001688  001df020	add	r30,r0,r29; fp = sp
  709  0000168c  afbffff8	sw	-8(r29),r31; push ret addr
  710  00001690  2fbd0018	subui	r29,r29,#24; alloc local storage
  711  00001694  afa20000	sw	0(r29),r2
  712  00001698  20010000	addi	r1,r0,#0
  713  0000169c  afc1fff4	sw	-12(r30),r1
  714  000016a0          	L37_LF2:
  715  000016a0  8fc10000	lw	r1,(r30)
  716  000016a4  20220001	addi	r2,r1,#1
  717  000016a8  afc20000	sw	(r30),r2
  718  000016ac  90210000	lbu	r1,(r1)
  719  000016b0  64220000	snei	r2,r1,#0
  720  000016b4  1440000c	bnez	r2,L39_LF2
  721  000016b8  54000000	nop; delay slot nop
  722  000016bc  0800001c	j	L38_LF2
  723  000016c0  54000000	nop; delay slot nop
  724  000016c4          	L39_LF2:
  725  000016c4  8fc2fff4	lw	r2,-12(r30)
  726  000016c8  20410001	addi	r1,r2,#1
  727  000016cc  00011020	add	r2,r0,r1
  728  000016d0  afc2fff4	sw	-12(r30),r2
  729  000016d4  0bffffc8	j	L37_LF2
  730  000016d8  54000000	nop; delay slot nop
  731  000016dc          	L38_LF2:
  732  000016dc  8fc1fff4	lw	r1,-12(r30)
  733  000016e0  08000004	j	L36_LF2
  734  000016e4  54000000	nop; delay slot nop
  735  000016e8          	L36_LF2:
  736  000016e8  8fa20000	lw	r2,0(r29)
  737  000016ec  8fdffff8	lw	r31,-8(r30)
  738  000016f0  001ee820	add	r29,r0,r30
  739  000016f4  8fdefffc	lw	r30,-4(r30)
  740  000016f8  4be00000	jr	r31
  741  000016fc  54000000	nop
  742  00001700          	.endproc _dstrlen
  743  00001700          	.align 2
  744  00001700          	.proc _dstrstr
  745  00001700          	.global _dstrstr
  746  00001700          	_dstrstr:
  747                      ;  Function 'dstrstr'; 8 bytes of locals, 1 regs to save.
  748  00001700  afbefffc	sw	-4(r29),r30; push fp
  749  00001704  001df020	add	r30,r0,r29; fp = sp
  750  00001708  afbffff8	sw	-8(r29),r31; push ret addr
  751  0000170c  2fbd0018	subui	r29,r29,#24; alloc local storage
  752  00001710  afa20000	sw	0(r29),r2
  753  00001714  23bdfff8	addi	r29,r29,#-8
  754  00001718  001d0820	add	r1,r0,r29
  755  0000171c  8fc20004	lw	r2,4(r30)
  756  00001720  ac220000	sw	(r1),r2
  757  00001724  0fffff5c	jal	_dstrlen
  758  00001728  54000000	nop; delay slot nop
  759  0000172c  23bd0008	addi	r29,r29,#8
  760  00001730  afc1fff4	sw	-12(r30),r1
  761  00001734          	L41_LF2:
  762  00001734  8fc10000	lw	r1,(r30)
  763  00001738  90220000	lbu	r2,(r1)
  764  0000173c  64410000	snei	r1,r2,#0
  765  00001740  1420000c	bnez	r1,L43_LF2
  766  00001744  54000000	nop; delay slot nop
  767  00001748  08000060	j	L42_LF2
  768  0000174c  54000000	nop; delay slot nop
  769  00001750          	L43_LF2:
  770  00001750  23bdfff0	addi	r29,r29,#-16
  771  00001754  001d0820	add	r1,r0,r29
  772  00001758  8fc20000	lw	r2,(r30)
  773  0000175c  ac220000	sw	(r1),r2
  774  00001760  8fc20004	lw	r2,4(r30)
  775  00001764  ac220004	sw	4(r1),r2
  776  00001768  8fc2fff4	lw	r2,-12(r30)
  777  0000176c  ac220008	sw	8(r1),r2
  778  00001770  0ffffdc0	jal	_dstrncmp
  779  00001774  54000000	nop; delay slot nop
  780  00001778  23bd0010	addi	r29,r29,#16
  781  0000177c  64220000	snei	r2,r1,#0
  782  00001780  14400010	bnez	r2,L44_LF2
  783  00001784  54000000	nop; delay slot nop
  784  00001788  8fc10000	lw	r1,(r30)
  785  0000178c  08000028	j	L40_LF2
  786  00001790  54000000	nop; delay slot nop
  787  00001794          	L44_LF2:
  788  00001794  8fc20000	lw	r2,(r30)
  789  00001798  20410001	addi	r1,r2,#1
  790  0000179c  00011020	add	r2,r0,r1
  791  000017a0  afc20000	sw	(r30),r2
  792  000017a4  0bffff8c	j	L41_LF2
  793  000017a8  54000000	nop; delay slot nop
  794  000017ac          	L42_LF2:
  795  000017ac  20010000	addi	r1,r0,#0
  796  000017b0  08000004	j	L40_LF2
  797  000017b4  54000000	nop; delay slot nop
  798  000017b8          	L40_LF2:
  799  000017b8  8fa20000	lw	r2,0(r29)
  800  000017bc  8fdffff8	lw	r31,-8(r30)
  801  000017c0  001ee820	add	r29,r0,r30
  802  000017c4  8fdefffc	lw	r30,-4(r30)
  803  000017c8  4be00000	jr	r31
  804  000017cc  54000000	nop
  805  000017d0          	.endproc _dstrstr
  806  000017d0          	.align 2
  807  000017d0          	.proc _dmindex
  808  000017d0          	.global _dmindex
  809  000017d0          	_dmindex:
  810                      ;  Function 'dmindex'; 8 bytes of locals, 1 regs to save.
  811  000017d0  afbefffc	sw	-4(r29),r30; push fp
  812  000017d4  001df020	add	r30,r0,r29; fp = sp
  813  000017d8  afbffff8	sw	-8(r29),r31; push ret addr
  814  000017dc  2fbd0018	subui	r29,r29,#24; alloc local storage
  815  000017e0  afa20000	sw	0(r29),r2
  816  000017e4  54000000	nop
  817  000017e8          	L46_LF2:
  818  000017e8  8fc10000	lw	r1,(r30)
  819  000017ec  90220000	lbu	r2,(r1)
  820  000017f0  64410000	snei	r1,r2,#0
  821  000017f4  1420000c	bnez	r1,L48_LF2
  822  000017f8  54000000	nop; delay slot nop
  823  000017fc  08000070	j	L47_LF2
  824  00001800  54000000	nop; delay slot nop
  825  00001804          	L48_LF2:
  826  00001804  8fc10004	lw	r1,4(r30)
  827  00001808  afc1fff4	sw	-12(r30),r1
  828  0000180c          	L49_LF2:
  829  0000180c  8fc1fff4	lw	r1,-12(r30)
  830  00001810  90220000	lbu	r2,(r1)
  831  00001814  64410000	snei	r1,r2,#0
  832  00001818  1420000c	bnez	r1,L52_LF2
  833  0000181c  54000000	nop; delay slot nop
  834  00001820  08000044	j	L50_LF2
  835  00001824  54000000	nop; delay slot nop
  836  00001828          	L52_LF2:
  837  00001828  8fc10000	lw	r1,(r30)
  838  0000182c  8fc2fff4	lw	r2,-12(r30)
  839  00001830  90210000	lbu	r1,(r1)
  840  00001834  90420000	lbu	r2,(r2)
  841  00001838  00220828	seq	r1,r1,r2
  842  0000183c  10200010	beqz	r1,L51_LF2
  843  00001840  54000000	nop; delay slot nop
  844  00001844  8fc10000	lw	r1,(r30)
  845  00001848  08000030	j	L45_LF2
  846  0000184c  54000000	nop; delay slot nop
  847  00001850          	L53_LF2:
  848  00001850          	L51_LF2:
  849  00001850  8fc2fff4	lw	r2,-12(r30)
  850  00001854  20410001	addi	r1,r2,#1
  851  00001858  00011020	add	r2,r0,r1
  852  0000185c  afc2fff4	sw	-12(r30),r2
  853  00001860  0bffffa8	j	L49_LF2
  854  00001864  54000000	nop; delay slot nop
  855  00001868          	L50_LF2:
  856  00001868  0bffff7c	j	L46_LF2
  857  0000186c  54000000	nop; delay slot nop
  858  00001870          	L47_LF2:
  859  00001870  20010000	addi	r1,r0,#0
  860  00001874  08000004	j	L45_LF2
  861  00001878  54000000	nop; delay slot nop
  862  0000187c          	L45_LF2:
  863  0000187c  8fa20000	lw	r2,0(r29)
  864  00001880  8fdffff8	lw	r31,-8(r30)
  865  00001884  001ee820	add	r29,r0,r30
  866  00001888  8fdefffc	lw	r30,-4(r30)
  867  0000188c  4be00000	jr	r31
  868  00001890  54000000	nop
  869  00001894          	.endproc _dmindex
  870  00001894          	.align 2
  871  00001894          	.proc _dindex
  872  00001894          	.global _dindex
  873  00001894          	_dindex:
  874                      ;  Function 'dindex'; 0 bytes of locals, 1 regs to save.
  875  00001894  afbefffc	sw	-4(r29),r30; push fp
  876  00001898  001df020	add	r30,r0,r29; fp = sp
  877  0000189c  afbffff8	sw	-8(r29),r31; push ret addr
  878  000018a0  2fbd0010	subui	r29,r29,#16; alloc local storage
  879  000018a4  afa20000	sw	0(r29),r2
  880  000018a8  54000000	nop
  881  000018ac          	L55_LF2:
  882  000018ac  8fc10000	lw	r1,(r30)
  883  000018b0  90220000	lbu	r2,(r1)
  884  000018b4  64410000	snei	r1,r2,#0
  885  000018b8  1420000c	bnez	r1,L57_LF2
  886  000018bc  54000000	nop; delay slot nop
  887  000018c0  08000040	j	L56_LF2
  888  000018c4  54000000	nop; delay slot nop
  889  000018c8          	L57_LF2:
  890  000018c8  8fc10000	lw	r1,(r30)
  891  000018cc  90220000	lbu	r2,(r1)
  892  000018d0  8fc10004	lw	r1,4(r30)
  893  000018d4  00411028	seq	r2,r2,r1
  894  000018d8  10400010	beqz	r2,L58_LF2
  895  000018dc  54000000	nop; delay slot nop
  896  000018e0  8fc10000	lw	r1,(r30)
  897  000018e4  08000028	j	L54_LF2
  898  000018e8  54000000	nop; delay slot nop
  899  000018ec          	L58_LF2:
  900  000018ec  8fc20000	lw	r2,(r30)
  901  000018f0  20410001	addi	r1,r2,#1
  902  000018f4  00011020	add	r2,r0,r1
  903  000018f8  afc20000	sw	(r30),r2
  904  000018fc  0bffffac	j	L55_LF2
  905  00001900  54000000	nop; delay slot nop
  906  00001904          	L56_LF2:
  907  00001904  20010000	addi	r1,r0,#0
  908  00001908  08000004	j	L54_LF2
  909  0000190c  54000000	nop; delay slot nop
  910  00001910          	L54_LF2:
  911  00001910  8fa20000	lw	r2,0(r29)
  912  00001914  8fdffff8	lw	r31,-8(r30)
  913  00001918  001ee820	add	r29,r0,r30
  914  0000191c  8fdefffc	lw	r30,-4(r30)
  915  00001920  4be00000	jr	r31
  916  00001924  54000000	nop
  917  00001928          	.endproc _dindex
  918  00001928          	.align 2
  919  00001928          	.proc _ditoa
  920  00001928          	.global _ditoa
  921  00001928          	_ditoa:
  922                      ;  Function 'ditoa'; 8 bytes of locals, 2 regs to save.
  923  00001928  afbefffc	sw	-4(r29),r30; push fp
  924  0000192c  001df020	add	r30,r0,r29; fp = sp
  925  00001930  afbffff8	sw	-8(r29),r31; push ret addr
  926  00001934  2fbd0018	subui	r29,r29,#24; alloc local storage
  927  00001938  afa20000	sw	0(r29),r2
  928  0000193c  afa30004	sw	4(r29),r3
  929  00001940  8fc10000	lw	r1,(r30)
  930  00001944  68220000	slti	r2,r1,#0
  931  00001948  1040002c	beqz	r2,L60_LF2
  932  0000194c  54000000	nop; delay slot nop
  933  00001950  8fc10004	lw	r1,4(r30)
  934  00001954  20220001	addi	r2,r1,#1
  935  00001958  afc20004	sw	4(r30),r2
  936  0000195c  2002002d	addi	r2,r0,(#0x2d)&0xff
  937  00001960  a0220000	sb	(r1),r2
  938  00001964  8fc10000	lw	r1,(r30)
  939  00001968  00011022	sub	r2,r0,r1
  940  0000196c  afc20000	sw	(r30),r2
  941  00001970  08000118	j	L61_LF2
  942  00001974  54000000	nop; delay slot nop
  943  00001978          	L60_LF2:
  944  00001978  8fc10000	lw	r1,(r30)
  945  0000197c  64220000	snei	r2,r1,#0
  946  00001980  14400020	bnez	r2,L62_LF2
  947  00001984  54000000	nop; delay slot nop
  948  00001988  8fc10004	lw	r1,4(r30)
  949  0000198c  20220001	addi	r2,r1,#1
  950  00001990  afc20004	sw	4(r30),r2
  951  00001994  20020030	addi	r2,r0,(#0x30)&0xff
  952  00001998  a0220000	sb	(r1),r2
  953  0000199c  080000ec	j	L61_LF2
  954  000019a0  54000000	nop; delay slot nop
  955  000019a4          	L62_LF2:
  956  000019a4  20010001	addi	r1,r0,#1
  957  000019a8  afc1fff4	sw	-12(r30),r1
  958  000019ac          	L64_LF2:
  959  000019ac  8fc1fff4	lw	r1,-12(r30)
  960  000019b0  8fc20000	lw	r2,(r30)
  961  000019b4  0022082c	sle	r1,r1,r2
  962  000019b8  1420000c	bnez	r1,L66_LF2
  963  000019bc  54000000	nop; delay slot nop
  964  000019c0  08000024	j	L65_LF2
  965  000019c4  54000000	nop; delay slot nop
  966  000019c8          	L67_LF2:
  967  000019c8          	L66_LF2:
  968  000019c8  8fc1fff4	lw	r1,-12(r30)
  969  000019cc  00011820	add	r3,r0,r1
  970  000019d0  50620002	slli	r2,r3,#0x2
  971  000019d4  00411020	add	r2,r2,r1
  972  000019d8  50410001	slli	r1,r2,#0x1
  973  000019dc  afc1fff4	sw	-12(r30),r1
  974  000019e0  0bffffc8	j	L64_LF2
  975  000019e4  54000000	nop; delay slot nop
  976  000019e8          	L65_LF2:
  977  000019e8  54000000	nop
  978  000019ec          	L68_LF2:
  979  000019ec  8fc1fff4	lw	r1,-12(r30)
  980  000019f0  2002000a	addi	r2,r0,#10
  981  000019f4  00200035	movi2fp	f0,r1
  982  000019f8  00400835	movi2fp	f1,r2
  983  000019fc  0401000f	div	f0,f0,f1
  984  00001a00  00000834	movfp2i	r1,f0
  985  00001a04  afc1fff4	sw	-12(r30),r1
  986  00001a08  8fc10004	lw	r1,4(r30)
  987  00001a0c  20220001	addi	r2,r1,#1
  988  00001a10  afc20004	sw	4(r30),r2
  989  00001a14  8fc20000	lw	r2,(r30)
  990  00001a18  8fc3fff4	lw	r3,-12(r30)
  991  00001a1c  00400035	movi2fp	f0,r2
  992  00001a20  00600835	movi2fp	f1,r3
  993  00001a24  0401000f	div	f0,f0,f1
  994  00001a28  00001034	movfp2i	r2,f0
  995  00001a2c  00021820	add	r3,r0,r2
  996  00001a30  20620030	addi	r2,r3,#48
  997  00001a34  a0220000	sb	(r1),r2
  998  00001a38  8fc10000	lw	r1,(r30)
  999  00001a3c  8fc3fff4	lw	r3,-12(r30)
 1000  00001a40  00200035	movi2fp	f0,r1
 1001  00001a44  00600835	movi2fp	f1,r3
 1002  00001a48  0401000f	div	f0,f0,f1
 1003  00001a4c  00001034	movfp2i	r2,f0
 1004  00001a50  8fc3fff4	lw	r3,-12(r30)
 1005  00001a54  00400035	movi2fp	f0,r2
 1006  00001a58  00600835	movi2fp	f1,r3
 1007  00001a5c  0401000e	mult	f0,f0,f1
 1008  00001a60  00001034	movfp2i	r2,f0
 1009  00001a64  00220822	sub	r1,r1,r2
 1010  00001a68  afc10000	sw	(r30),r1
 1011  00001a6c          	L70_LF2:
 1012  00001a6c  8fc1fff4	lw	r1,-12(r30)
 1013  00001a70  6c220001	sgti	r2,r1,#1
 1014  00001a74  1440000c	bnez	r2,L71_LF2
 1015  00001a78  54000000	nop; delay slot nop
 1016  00001a7c  0800000c	j	L61_LF2
 1017  00001a80  54000000	nop; delay slot nop
 1018  00001a84          	L71_LF2:
 1019  00001a84  0bffff64	j	L68_LF2
 1020  00001a88  54000000	nop; delay slot nop
 1021  00001a8c          	L69_LF2:
 1022  00001a8c          	L63_LF2:
 1023  00001a8c          	L61_LF2:
 1024  00001a8c  8fc10004	lw	r1,4(r30)
 1025  00001a90  20020000	addi	r2,r0,(#0x0)&0xff
 1026  00001a94  a0220000	sb	(r1),r2
 1027  00001a98          	L59_LF2:
 1028  00001a98  8fa20000	lw	r2,0(r29)
 1029  00001a9c  8fa30004	lw	r3,4(r29)
 1030  00001aa0  8fdffff8	lw	r31,-8(r30)
 1031  00001aa4  001ee820	add	r29,r0,r30
 1032  00001aa8  8fdefffc	lw	r30,-4(r30)
 1033  00001aac  4be00000	jr	r31
 1034  00001ab0  54000000	nop
 1035  00001ab4          	.endproc _ditoa
 1036  00001ab4          	.align 2
 1037  00001ab4          	.proc _dstrtol
 1038  00001ab4          	.global _dstrtol
 1039  00001ab4          	_dstrtol:
 1040                      ;  Function 'dstrtol'; 16 bytes of locals, 1 regs to save.
 1041  00001ab4  afbefffc	sw	-4(r29),r30; push fp
 1042  00001ab8  001df020	add	r30,r0,r29; fp = sp
 1043  00001abc  afbffff8	sw	-8(r29),r31; push ret addr
 1044  00001ac0  2fbd0020	subui	r29,r29,#32; alloc local storage
 1045  00001ac4  afa20000	sw	0(r29),r2
 1046  00001ac8  20010000	addi	r1,r0,#0
 1047  00001acc  afc1fff4	sw	-12(r30),r1
 1048  00001ad0          	L73_LF2:
 1049  00001ad0  8fc10000	lw	r1,(r30)
 1050  00001ad4  90220000	lbu	r2,(r1)
 1051  00001ad8  60410020	seqi	r1,r2,#32
 1052  00001adc  14200034	bnez	r1,L75_LF2
 1053  00001ae0  54000000	nop; delay slot nop
 1054  00001ae4  8fc10000	lw	r1,(r30)
 1055  00001ae8  90220000	lbu	r2,(r1)
 1056  00001aec  60410009	seqi	r1,r2,#9
 1057  00001af0  14200020	bnez	r1,L75_LF2
 1058  00001af4  54000000	nop; delay slot nop
 1059  00001af8  8fc10000	lw	r1,(r30)
 1060  00001afc  90220000	lbu	r2,(r1)
 1061  00001b00  6041000a	seqi	r1,r2,#10
 1062  00001b04  1420000c	bnez	r1,L75_LF2
 1063  00001b08  54000000	nop; delay slot nop
 1064  00001b0c  0800001c	j	L74_LF2
 1065  00001b10  54000000	nop; delay slot nop
 1066  00001b14          	L75_LF2:
 1067  00001b14  8fc20000	lw	r2,(r30)
 1068  00001b18  20410001	addi	r1,r2,#1
 1069  00001b1c  00011020	add	r2,r0,r1
 1070  00001b20  afc20000	sw	(r30),r2
 1071  00001b24  0bffffa8	j	L73_LF2
 1072  00001b28  54000000	nop; delay slot nop
 1073  00001b2c          	L74_LF2:
 1074  00001b2c  8fc10004	lw	r1,4(r30)
 1075  00001b30  64220000	snei	r2,r1,#0
 1076  00001b34  10400010	beqz	r2,L76_LF2
 1077  00001b38  54000000	nop; delay slot nop
 1078  00001b3c  8fc10004	lw	r1,4(r30)
 1079  00001b40  8fc20000	lw	r2,(r30)
 1080  00001b44  ac220000	sw	(r1),r2
 1081  00001b48          	L76_LF2:
 1082  00001b48  8fc10000	lw	r1,(r30)
 1083  00001b4c  90220000	lbu	r2,(r1)
 1084  00001b50  64410000	snei	r1,r2,#0
 1085  00001b54  14200010	bnez	r1,L77_LF2
 1086  00001b58  54000000	nop; delay slot nop
 1087  00001b5c  8fc1fff4	lw	r1,-12(r30)
 1088  00001b60  08000294	j	L72_LF2
 1089  00001b64  54000000	nop; delay slot nop
 1090  00001b68          	L77_LF2:
 1091  00001b68  8fc10000	lw	r1,(r30)
 1092  00001b6c  90220000	lbu	r2,(r1)
 1093  00001b70  6041002d	seqi	r1,r2,#45
 1094  00001b74  10200024	beqz	r1,L78_LF2
 1095  00001b78  54000000	nop; delay slot nop
 1096  00001b7c  2001ffff	addi	r1,r0,#-1
 1097  00001b80  afc1ffec	sw	-20(r30),r1
 1098  00001b84  8fc20000	lw	r2,(r30)
 1099  00001b88  20410001	addi	r1,r2,#1
 1100  00001b8c  00011020	add	r2,r0,r1
 1101  00001b90  afc20000	sw	(r30),r2
 1102  00001b94  0800000c	j	L79_LF2
 1103  00001b98  54000000	nop; delay slot nop
 1104  00001b9c          	L78_LF2:
 1105  00001b9c  20010001	addi	r1,r0,#1
 1106  00001ba0  afc1ffec	sw	-20(r30),r1
 1107  00001ba4          	L79_LF2:
 1108  00001ba4  8fc10008	lw	r1,8(r30)
 1109  00001ba8  64220000	snei	r2,r1,#0
 1110  00001bac  14400090	bnez	r2,L80_LF2
 1111  00001bb0  54000000	nop; delay slot nop
 1112  00001bb4  8fc10000	lw	r1,(r30)
 1113  00001bb8  90220000	lbu	r2,(r1)
 1114  00001bbc  60410030	seqi	r1,r2,#48
 1115  00001bc0  10200074	beqz	r1,L81_LF2
 1116  00001bc4  54000000	nop; delay slot nop
 1117  00001bc8  8fc20000	lw	r2,(r30)
 1118  00001bcc  20410001	addi	r1,r2,#1
 1119  00001bd0  00011020	add	r2,r0,r1
 1120  00001bd4  afc20000	sw	(r30),r2
 1121  00001bd8  8fc10000	lw	r1,(r30)
 1122  00001bdc  90220000	lbu	r2,(r1)
 1123  00001be0  60410078	seqi	r1,r2,#120
 1124  00001be4  14200020	bnez	r1,L83_LF2
 1125  00001be8  54000000	nop; delay slot nop
 1126  00001bec  8fc10000	lw	r1,(r30)
 1127  00001bf0  90220000	lbu	r2,(r1)
 1128  00001bf4  60410058	seqi	r1,r2,#88
 1129  00001bf8  1420000c	bnez	r1,L83_LF2
 1130  00001bfc  54000000	nop; delay slot nop
 1131  00001c00  08000024	j	L82_LF2
 1132  00001c04  54000000	nop; delay slot nop
 1133  00001c08          	L83_LF2:
 1134  00001c08  20010010	addi	r1,r0,#16
 1135  00001c0c  afc10008	sw	8(r30),r1
 1136  00001c10  8fc20000	lw	r2,(r30)
 1137  00001c14  20410001	addi	r1,r2,#1
 1138  00001c18  00011020	add	r2,r0,r1
 1139  00001c1c  afc20000	sw	(r30),r2
 1140  00001c20  0800000c	j	L84_LF2
 1141  00001c24  54000000	nop; delay slot nop
 1142  00001c28          	L82_LF2:
 1143  00001c28  20010008	addi	r1,r0,#8
 1144  00001c2c  afc10008	sw	8(r30),r1
 1145  00001c30          	L84_LF2:
 1146  00001c30  0800000c	j	L80_LF2
 1147  00001c34  54000000	nop; delay slot nop
 1148  00001c38          	L81_LF2:
 1149  00001c38  2001000a	addi	r1,r0,#10
 1150  00001c3c  afc10008	sw	8(r30),r1
 1151  00001c40          	L85_LF2:
 1152  00001c40          	L80_LF2:
 1153  00001c40  8fc10008	lw	r1,8(r30)
 1154  00001c44  70220000	slei	r2,r1,#0
 1155  00001c48  1440001c	bnez	r2,L87_LF2
 1156  00001c4c  54000000	nop; delay slot nop
 1157  00001c50  8fc10008	lw	r1,8(r30)
 1158  00001c54  6c220010	sgti	r2,r1,#16
 1159  00001c58  1440000c	bnez	r2,L87_LF2
 1160  00001c5c  54000000	nop; delay slot nop
 1161  00001c60  08000010	j	L86_LF2
 1162  00001c64  54000000	nop; delay slot nop
 1163  00001c68          	L87_LF2:
 1164  00001c68  8fc1fff4	lw	r1,-12(r30)
 1165  00001c6c  08000188	j	L72_LF2
 1166  00001c70  54000000	nop; delay slot nop
 1167  00001c74          	L86_LF2:
 1168  00001c74  54000000	nop
 1169  00001c78          	L88_LF2:
 1170  00001c78  8fc10000	lw	r1,(r30)
 1171  00001c7c  90220000	lbu	r2,(r1)
 1172  00001c80  6c41002f	sgtui	r1,r2,#47
 1173  00001c84  10200030	beqz	r1,L91_LF2
 1174  00001c88  54000000	nop; delay slot nop
 1175  00001c8c  8fc10000	lw	r1,(r30)
 1176  00001c90  90220000	lbu	r2,(r1)
 1177  00001c94  70410039	sleui	r1,r2,#57
 1178  00001c98  1020001c	beqz	r1,L91_LF2
 1179  00001c9c  54000000	nop; delay slot nop
 1180  00001ca0  8fc10000	lw	r1,(r30)
 1181  00001ca4  90220000	lbu	r2,(r1)
 1182  00001ca8  2041ffd0	addi	r1,r2,#-48
 1183  00001cac  afc1fff0	sw	-16(r30),r1
 1184  00001cb0  0800008c	j	L92_LF2
 1185  00001cb4  54000000	nop; delay slot nop
 1186  00001cb8          	L91_LF2:
 1187  00001cb8  8fc10000	lw	r1,(r30)
 1188  00001cbc  90220000	lbu	r2,(r1)
 1189  00001cc0  6c410060	sgtui	r1,r2,#96
 1190  00001cc4  10200030	beqz	r1,L93_LF2
 1191  00001cc8  54000000	nop; delay slot nop
 1192  00001ccc  8fc10000	lw	r1,(r30)
 1193  00001cd0  90220000	lbu	r2,(r1)
 1194  00001cd4  7041007a	sleui	r1,r2,#122
 1195  00001cd8  1020001c	beqz	r1,L93_LF2
 1196  00001cdc  54000000	nop; delay slot nop
 1197  00001ce0  8fc10000	lw	r1,(r30)
 1198  00001ce4  90220000	lbu	r2,(r1)
 1199  00001ce8  2041ffa9	addi	r1,r2,#-87
 1200  00001cec  afc1fff0	sw	-16(r30),r1
 1201  00001cf0  0800004c	j	L92_LF2
 1202  00001cf4  54000000	nop; delay slot nop
 1203  00001cf8          	L93_LF2:
 1204  00001cf8  8fc10000	lw	r1,(r30)
 1205  00001cfc  90220000	lbu	r2,(r1)
 1206  00001d00  6c410040	sgtui	r1,r2,#64
 1207  00001d04  10200030	beqz	r1,L95_LF2
 1208  00001d08  54000000	nop; delay slot nop
 1209  00001d0c  8fc10000	lw	r1,(r30)
 1210  00001d10  90220000	lbu	r2,(r1)
 1211  00001d14  7041005a	sleui	r1,r2,#90
 1212  00001d18  1020001c	beqz	r1,L95_LF2
 1213  00001d1c  54000000	nop; delay slot nop
 1214  00001d20  8fc10000	lw	r1,(r30)
 1215  00001d24  90220000	lbu	r2,(r1)
 1216  00001d28  2041ffc9	addi	r1,r2,#-55
 1217  00001d2c  afc1fff0	sw	-16(r30),r1
 1218  00001d30  0800000c	j	L92_LF2
 1219  00001d34  54000000	nop; delay slot nop
 1220  00001d38          	L95_LF2:
 1221  00001d38  200103e8	addi	r1,r0,#1000
 1222  00001d3c  afc1fff0	sw	-16(r30),r1
 1223  00001d40          	L96_LF2:
 1224  00001d40          	L94_LF2:
 1225  00001d40          	L92_LF2:
 1226  00001d40  8fc1fff0	lw	r1,-16(r30)
 1227  00001d44  8fc20008	lw	r2,8(r30)
 1228  00001d48  0022082a	slt	r1,r1,r2
 1229  00001d4c  10200040	beqz	r1,L90_LF2
 1230  00001d50  54000000	nop; delay slot nop
 1231  00001d54  8fc1fff4	lw	r1,-12(r30)
 1232  00001d58  8fc20008	lw	r2,8(r30)
 1233  00001d5c  00200035	movi2fp	f0,r1
 1234  00001d60  00400835	movi2fp	f1,r2
 1235  00001d64  0401000e	mult	f0,f0,f1
 1236  00001d68  00000834	movfp2i	r1,f0
 1237  00001d6c  afc1fff4	sw	-12(r30),r1
 1238  00001d70  8fc1fff4	lw	r1,-12(r30)
 1239  00001d74  8fc2fff0	lw	r2,-16(r30)
 1240  00001d78  00220820	add	r1,r1,r2
 1241  00001d7c  afc1fff4	sw	-12(r30),r1
 1242  00001d80  8fc20000	lw	r2,(r30)
 1243  00001d84  20410001	addi	r1,r2,#1
 1244  00001d88  00011020	add	r2,r0,r1
 1245  00001d8c  afc20000	sw	(r30),r2
 1246  00001d90          	L97_LF2:
 1247  00001d90          	L90_LF2:
 1248  00001d90  8fc1fff0	lw	r1,-16(r30)
 1249  00001d94  8fc20008	lw	r2,8(r30)
 1250  00001d98  0022082a	slt	r1,r1,r2
 1251  00001d9c  1420000c	bnez	r1,L98_LF2
 1252  00001da0  54000000	nop; delay slot nop
 1253  00001da4  0800000c	j	L89_LF2
 1254  00001da8  54000000	nop; delay slot nop
 1255  00001dac          	L98_LF2:
 1256  00001dac  0bfffec8	j	L88_LF2
 1257  00001db0  54000000	nop; delay slot nop
 1258  00001db4          	L89_LF2:
 1259  00001db4  8fc10004	lw	r1,4(r30)
 1260  00001db8  64220000	snei	r2,r1,#0
 1261  00001dbc  10400010	beqz	r2,L99_LF2
 1262  00001dc0  54000000	nop; delay slot nop
 1263  00001dc4  8fc10004	lw	r1,4(r30)
 1264  00001dc8  8fc20000	lw	r2,(r30)
 1265  00001dcc  ac220000	sw	(r1),r2
 1266  00001dd0          	L99_LF2:
 1267  00001dd0  8fc1fff4	lw	r1,-12(r30)
 1268  00001dd4  8fc2ffec	lw	r2,-20(r30)
 1269  00001dd8  00200035	movi2fp	f0,r1
 1270  00001ddc  00400835	movi2fp	f1,r2
 1271  00001de0  0401000e	mult	f0,f0,f1
 1272  00001de4  00000834	movfp2i	r1,f0
 1273  00001de8  afc1fff4	sw	-12(r30),r1
 1274  00001dec  8fc1fff4	lw	r1,-12(r30)
 1275  00001df0  08000004	j	L72_LF2
 1276  00001df4  54000000	nop; delay slot nop
 1277  00001df8          	L72_LF2:
 1278  00001df8  8fa20000	lw	r2,0(r29)
 1279  00001dfc  8fdffff8	lw	r31,-8(r30)
 1280  00001e00  001ee820	add	r29,r0,r30
 1281  00001e04  8fdefffc	lw	r30,-4(r30)
 1282  00001e08  4be00000	jr	r31
 1283  00001e0c  54000000	nop
 1284  00001e10          	.endproc _dstrtol
 1285  00001e10          	.align 2
 1286  00001e10          	.proc _bcopy
 1287  00001e10          	.global _bcopy
 1288  00001e10          	_bcopy:
 1289                      ;  Function 'bcopy'; 0 bytes of locals, 2 regs to save.
 1290  00001e10  afbefffc	sw	-4(r29),r30; push fp
 1291  00001e14  001df020	add	r30,r0,r29; fp = sp
 1292  00001e18  afbffff8	sw	-8(r29),r31; push ret addr
 1293  00001e1c  2fbd0010	subui	r29,r29,#16; alloc local storage
 1294  00001e20  afa20000	sw	0(r29),r2
 1295  00001e24  afa30004	sw	4(r29),r3
 1296  00001e28  54000000	nop
 1297  00001e2c          	L101_LF2:
 1298  00001e2c  8fc10008	lw	r1,8(r30)
 1299  00001e30  2022ffff	addi	r2,r1,#-1
 1300  00001e34  afc20008	sw	8(r30),r2
 1301  00001e38  6c210000	sgti	r1,r1,#0
 1302  00001e3c  1420000c	bnez	r1,L103_LF2
 1303  00001e40  54000000	nop; delay slot nop
 1304  00001e44  0800002c	j	L102_LF2
 1305  00001e48  54000000	nop; delay slot nop
 1306  00001e4c          	L103_LF2:
 1307  00001e4c  8fc10004	lw	r1,4(r30)
 1308  00001e50  20220001	addi	r2,r1,#1
 1309  00001e54  afc20004	sw	4(r30),r2
 1310  00001e58  8fc20000	lw	r2,(r30)
 1311  00001e5c  20430001	addi	r3,r2,#1
 1312  00001e60  afc30000	sw	(r30),r3
 1313  00001e64  80420000	lb	r2,(r2)
 1314  00001e68  a0220000	sb	(r1),r2
 1315  00001e6c  0bffffbc	j	L101_LF2
 1316  00001e70  54000000	nop; delay slot nop
 1317  00001e74          	L102_LF2:
 1318  00001e74          	L100_LF2:
 1319  00001e74  8fa20000	lw	r2,0(r29)
 1320  00001e78  8fa30004	lw	r3,4(r29)
 1321  00001e7c  8fdffff8	lw	r31,-8(r30)
 1322  00001e80  001ee820	add	r29,r0,r30
 1323  00001e84  8fdefffc	lw	r30,-4(r30)
 1324  00001e88  4be00000	jr	r31
 1325  00001e8c  54000000	nop
 1326  00001e90          	.endproc _bcopy
 1327  00001e90          	.align 2
 1328  00001e90          	.proc _bzero
 1329  00001e90          	.global _bzero
 1330  00001e90          	_bzero:
 1331                      ;  Function 'bzero'; 0 bytes of locals, 1 regs to save.
 1332  00001e90  afbefffc	sw	-4(r29),r30; push fp
 1333  00001e94  001df020	add	r30,r0,r29; fp = sp
 1334  00001e98  afbffff8	sw	-8(r29),r31; push ret addr
 1335  00001e9c  2fbd0010	subui	r29,r29,#16; alloc local storage
 1336  00001ea0  afa20000	sw	0(r29),r2
 1337  00001ea4  54000000	nop
 1338  00001ea8          	L105_LF2:
 1339  00001ea8  8fc10004	lw	r1,4(r30)
 1340  00001eac  2022ffff	addi	r2,r1,#-1
 1341  00001eb0  afc20004	sw	4(r30),r2
 1342  00001eb4  6c210000	sgti	r1,r1,#0
 1343  00001eb8  1420000c	bnez	r1,L107_LF2
 1344  00001ebc  54000000	nop; delay slot nop
 1345  00001ec0  08000020	j	L106_LF2
 1346  00001ec4  54000000	nop; delay slot nop
 1347  00001ec8          	L107_LF2:
 1348  00001ec8  8fc10000	lw	r1,(r30)
 1349  00001ecc  20220001	addi	r2,r1,#1
 1350  00001ed0  afc20000	sw	(r30),r2
 1351  00001ed4  20020000	addi	r2,r0,(#0x0)&0xff
 1352  00001ed8  a0220000	sb	(r1),r2
 1353  00001edc  0bffffc8	j	L105_LF2
 1354  00001ee0  54000000	nop; delay slot nop
 1355  00001ee4          	L106_LF2:
 1356  00001ee4          	L104_LF2:
 1357  00001ee4  8fa20000	lw	r2,0(r29)
 1358  00001ee8  8fdffff8	lw	r31,-8(r30)
 1359  00001eec  001ee820	add	r29,r0,r30
 1360  00001ef0  8fdefffc	lw	r30,-4(r30)
 1361  00001ef4  4be00000	jr	r31
 1362  00001ef8  54000000	nop
 1363  00001efc          	.endproc _bzero
 1364  00001efc          	.align 2
 1365  00001efc          	.proc _min
 1366  00001efc          	.global _min
 1367  00001efc          	_min:
 1368                      ;  Function 'min'; 0 bytes of locals, 2 regs to save.
 1369  00001efc  afbefffc	sw	-4(r29),r30; push fp
 1370  00001f00  001df020	add	r30,r0,r29; fp = sp
 1371  00001f04  afbffff8	sw	-8(r29),r31; push ret addr
 1372  00001f08  2fbd0010	subui	r29,r29,#16; alloc local storage
 1373  00001f0c  afa20000	sw	0(r29),r2
 1374  00001f10  afa30004	sw	4(r29),r3
 1375  00001f14  8fc10000	lw	r1,(r30)
 1376  00001f18  8fc20004	lw	r2,4(r30)
 1377  00001f1c  0022182c	sle	r3,r1,r2
 1378  00001f20  14600008	bnez	r3,L109_LF2
 1379  00001f24  54000000	nop; delay slot nop
 1380  00001f28  8fc10004	lw	r1,4(r30)
 1381  00001f2c          	L109_LF2:
 1382  00001f2c  08000004	j	L108_LF2
 1383  00001f30  54000000	nop; delay slot nop
 1384  00001f34          	L108_LF2:
 1385  00001f34  8fa20000	lw	r2,0(r29)
 1386  00001f38  8fa30004	lw	r3,4(r29)
 1387  00001f3c  8fdffff8	lw	r31,-8(r30)
 1388  00001f40  001ee820	add	r29,r0,r30
 1389  00001f44  8fdefffc	lw	r30,-4(r30)
 1390  00001f48  4be00000	jr	r31
 1391  00001f4c  54000000	nop
 1392  00001f50          	.endproc _min
 1393  00001f50          	.align 2
 1394  00001f50          	.proc _max
 1395  00001f50          	.global _max
 1396  00001f50          	_max:
 1397                      ;  Function 'max'; 0 bytes of locals, 2 regs to save.
 1398  00001f50  afbefffc	sw	-4(r29),r30; push fp
 1399  00001f54  001df020	add	r30,r0,r29; fp = sp
 1400  00001f58  afbffff8	sw	-8(r29),r31; push ret addr
 1401  00001f5c  2fbd0010	subui	r29,r29,#16; alloc local storage
 1402  00001f60  afa20000	sw	0(r29),r2
 1403  00001f64  afa30004	sw	4(r29),r3
 1404  00001f68  8fc10000	lw	r1,(r30)
 1405  00001f6c  8fc20004	lw	r2,4(r30)
 1406  00001f70  0022182d	sge	r3,r1,r2
 1407  00001f74  14600008	bnez	r3,L111_LF2
 1408  00001f78  54000000	nop; delay slot nop
 1409  00001f7c  8fc10004	lw	r1,4(r30)
 1410  00001f80          	L111_LF2:
 1411  00001f80  08000004	j	L110_LF2
 1412  00001f84  54000000	nop; delay slot nop
 1413  00001f88          	L110_LF2:
 1414  00001f88  8fa20000	lw	r2,0(r29)
 1415  00001f8c  8fa30004	lw	r3,4(r29)
 1416  00001f90  8fdffff8	lw	r31,-8(r30)
 1417  00001f94  001ee820	add	r29,r0,r30
 1418  00001f98  8fdefffc	lw	r30,-4(r30)
 1419  00001f9c  4be00000	jr	r31
 1420  00001fa0  54000000	nop
 1421  00001fa4          	.endproc _max
 1422                      ;;; Ethan L. Miller, 1999.  Released to the public domain
 1423                      ;;;
 1424                      ;;; Most of the traps are called in files from libtraps.
 1427  00001fa4          	.align 2
 1428  00001fa4          	.proc _exit
 1429  00001fa4          	.global _exit
 1430  00001fa4          	_exit:
 1431  00001fa4  44000300	trap	#0x300
 1432  00001fa8  4be00000	jr	r31
 1433  00001fac  54000000	nop
 1434  00001fb0          	.endproc _exit
 1436                      ; for the benefit of gcc.
 1437  00001fb0          	.proc ___main
 1438  00001fb0          	.global ___main
 1439  00001fb0          	___main:
 1440  00001fb0  4be00000	jr	r31
 1441  00001fb4  54000000	nop
 1442  00001fb8          	.endproc ___main
 1443  00001fb8          	.text
 1444  00001fb8          	.global _etext
 1445  00001fb8          	_etext:
 1446  00001fb8          	.align 3
 1447  00001fb8          	.data
 1448  00002133          	.global _edata
 1449  00002133          	_edata:
