 line   address	contents
    1                      ; Linked by DLX-LD.
    2                      ; MemSize 24576
    3                      ; Data size: 1346
    4                      ; Text size: 5912
    5                      ; Stack size: 8192
    6  00000000          	.text 0x1000
    7  00001000          	.data 0x3000
    8                      ; Compiled by GCC
    9  00003000          	.text
   10  00001000          	.align 2
   11  00001000          	.proc _isspace
   12  00001000          	.global _isspace
   13  00001000          	_isspace:
   14                      ;  Function 'isspace'; 0 bytes of locals, 1 regs to save.
   15  00001000  afbefffc	sw	-4(r29),r30; push fp
   16  00001004  001df020	add	r30,r0,r29; fp = sp
   17  00001008  afbffff8	sw	-8(r29),r31; push ret addr
   18  0000100c  2fbd0010	subui	r29,r29,#16; alloc local storage
   19  00001010  afa20000	sw	0(r29),r2
   20  00001014  83c20003	lb	r2,3(r30)
   21  00001018  201f0000	addi	r31,r0,#0
   22  0000101c  304100ff	andi	r1,r2,#0x00ff
   23  00001020  60210020	seqi	r1,r1,#32
   24  00001024  14200018	bnez	r1,L6_LF0
   25  00001028  54000000	nop; not filled.
   26  0000102c  2041fff7	addi	r1,r2,#-9
   27  00001030  302100ff	andi	r1,r1,#0x00ff
   28  00001034  70210001	sleui	r1,r1,#1
   29  00001038  10200008	beqz	r1,L5_LF0
   30  0000103c  54000000	nop; not filled.
   31  00001040          	L6_LF0:
   32  00001040  201f0001	addi	r31,r0,#1
   33  00001044          	L5_LF0:
   34  00001044  001f0820	add	r1,r0,r31
   35  00001048  8fa20000	lw	r2,0(r29)
   36  0000104c  8fdffff8	lw	r31,-8(r30)
   37  00001050  001ee820	add	r29,r0,r30
   38  00001054  8fdefffc	lw	r30,-4(r30)
   39  00001058  4be00000	jr	r31
   40  0000105c  54000000	nop
   41  00001060          	.endproc _isspace
   42  00001060          	.align 2
   43  00001060          	.proc _isxdigit
   44  00001060          	.global _isxdigit
   45  00001060          	_isxdigit:
   46                      ;  Function 'isxdigit'; 0 bytes of locals, 1 regs to save.
   47  00001060  afbefffc	sw	-4(r29),r30; push fp
   48  00001064  001df020	add	r30,r0,r29; fp = sp
   49  00001068  afbffff8	sw	-8(r29),r31; push ret addr
   50  0000106c  2fbd0010	subui	r29,r29,#16; alloc local storage
   51  00001070  afa20000	sw	0(r29),r2
   52  00001074  83df0003	lb	r31,3(r30)
   53  00001078  20020000	addi	r2,r0,#0
   54  0000107c  23e1ffd0	addi	r1,r31,#-48
   55  00001080  302100ff	andi	r1,r1,#0x00ff
   56  00001084  70210009	sleui	r1,r1,#9
   57  00001088  14200028	bnez	r1,L12_LF0
   58  0000108c  54000000	nop; not filled.
   59  00001090  23e1ff9f	addi	r1,r31,#-97
   60  00001094  302100ff	andi	r1,r1,#0x00ff
   61  00001098  70210005	sleui	r1,r1,#5
   62  0000109c  14200014	bnez	r1,L12_LF0
   63  000010a0  54000000	nop; not filled.
   64  000010a4  33e100ff	andi	r1,r31,#0x00ff
   65  000010a8  64210041	snei	r1,r1,#65
   66  000010ac  14200008	bnez	r1,L11_LF0
   67  000010b0  54000000	nop; not filled.
   68  000010b4          	L12_LF0:
   69  000010b4  20020001	addi	r2,r0,#1
   70  000010b8          	L11_LF0:
   71  000010b8  00020820	add	r1,r0,r2
   72  000010bc  8fa20000	lw	r2,0(r29)
   73  000010c0  8fdffff8	lw	r31,-8(r30)
   74  000010c4  001ee820	add	r29,r0,r30
   75  000010c8  8fdefffc	lw	r30,-4(r30)
   76  000010cc  4be00000	jr	r31
   77  000010d0  54000000	nop
   78  000010d4          	.endproc _isxdigit
   79  000010d4          	.data
   80  00003000          	.align 2
   81  00003000          	LC0_LF0:
   82  00003000  55736167	.ascii "Usage: %s <number of hello world processes to create> <number of simul"
   82  00003004  653a2025	
   82  00003008  73203c6e	
   82  0000300c  756d6265	
   82  00003010  72206f66	
   82  00003014  2068656c	
   82  00003018  6c6f2077	
   82  0000301c  6f726c64	
   82  00003020  2070726f	
   82  00003024  63657373	
   82  00003028  65732074	
   82  0000302c  6f206372	
   82  00003030  65617465	
   82  00003034  3e203c6e	
   82  00003038  756d6265	
   82  0000303c  72206f66	
   82  00003040  2073696d	
   82  00003044  756c    	
   83  00003046  74616e65	.ascii "taneous delay processes to create>\n\000"
   83  0000304a  6f757320	
   83  0000304e  64656c61	
   83  00003052  79207072	
   83  00003056  6f636573	
   83  0000305a  73657320	
   83  0000305e  746f2063	
   83  00003062  72656174	
   83  00003066  653e0a00	
   84  0000306a          	.align 2
   85  0000306c          	LC1_LF0:
   86  0000306c  0a2d2d2d	.ascii "\n--------------------------------------------------------------------"
   86  00003070  2d2d2d2d	
   86  00003074  2d2d2d2d	
   86  00003078  2d2d2d2d	
   86  0000307c  2d2d2d2d	
   86  00003080  2d2d2d2d	
   86  00003084  2d2d2d2d	
   86  00003088  2d2d2d2d	
   86  0000308c  2d2d2d2d	
   86  00003090  2d2d2d2d	
   86  00003094  2d2d2d2d	
   86  00003098  2d2d2d2d	
   86  0000309c  2d2d2d2d	
   86  000030a0  2d2d2d2d	
   86  000030a4  2d2d2d2d	
   86  000030a8  2d2d2d2d	
   86  000030ac  2d2d2d2d	
   86  000030b0  2d      	
   87  000030b1  2d2d2d2d	.ascii "-----------------\n\000"
   87  000030b5  2d2d2d2d	
   87  000030b9  2d2d2d2d	
   87  000030bd  2d2d2d2d	
   87  000030c1  2d0a00  	
   88  000030c4          	.align 2
   89  000030c4          	LC2_LF0:
   90  000030c4  6d616b65	.ascii "makeprocs (%d): TEST #1: Create a single hello_world process\n\000"
   90  000030c8  70726f63	
   90  000030cc  73202825	
   90  000030d0  64293a20	
   90  000030d4  54455354	
   90  000030d8  2023313a	
   90  000030dc  20437265	
   90  000030e0  61746520	
   90  000030e4  61207369	
   90  000030e8  6e676c65	
   90  000030ec  2068656c	
   90  000030f0  6c6f5f77	
   90  000030f4  6f726c64	
   90  000030f8  2070726f	
   90  000030fc  63657373	
   90  00003100  0a00    	
   91  00003102          	.align 2
   92  00003104          	LC3_LF0:
   93  00003104  6d616b65	.ascii "makeprocs (%d): Bad sem_create\n\000"
   93  00003108  70726f63	
   93  0000310c  73202825	
   93  00003110  64293a20	
   93  00003114  42616420	
   93  00003118  73656d5f	
   93  0000311c  63726561	
   93  00003120  74650a00	
   94  00003124          	.align 2
   95  00003124          	LC4_LF0:
   96  00003124  6d616b65	.ascii "makeprocs (%d): Creating hello_world process\n\000"
   96  00003128  70726f63	
   96  0000312c  73202825	
   96  00003130  64293a20	
   96  00003134  43726561	
   96  00003138  74696e67	
   96  0000313c  2068656c	
   96  00003140  6c6f5f77	
   96  00003144  6f726c64	
   96  00003148  2070726f	
   96  0000314c  63657373	
   96  00003150  0a00    	
   97  00003152          	.align 2
   98  00003154          	LC5_LF0:
   99  00003154  68656c6c	.ascii "hello_world.dlx.obj\000"
   99  00003158  6f5f776f	
   99  0000315c  726c642e	
   99  00003160  646c782e	
   99  00003164  6f626a00	
  100  00003168          	.align 2
  101  00003168          	LC6_LF0:
  102  00003168  42616420	.ascii "Bad semaphore s_procs_completed (%d) in %s\n\000"
  102  0000316c  73656d61	
  102  00003170  70686f72	
  102  00003174  6520735f	
  102  00003178  70726f63	
  102  0000317c  735f636f	
  102  00003180  6d706c65	
  102  00003184  74656420	
  102  00003188  28256429	
  102  0000318c  20696e20	
  102  00003190  25730a00	
  103  00003194          	.align 2
  104  00003194          	LC7_LF0:
  105  00003194  6d616b65	.ascii "makeprocs (%d): TEST #1 Complete!!\n\000"
  105  00003198  70726f63	
  105  0000319c  73202825	
  105  000031a0  64293a20	
  105  000031a4  54455354	
  105  000031a8  20233120	
  105  000031ac  436f6d70	
  105  000031b0  6c657465	
  105  000031b4  21210a00	
  106  000031b8          	.align 2
  107  000031b8          	LC8_LF0:
  108  000031b8  2d2d2d2d	.ascii "----------------------------------------------------------------------"
  108  000031bc  2d2d2d2d	
  108  000031c0  2d2d2d2d	
  108  000031c4  2d2d2d2d	
  108  000031c8  2d2d2d2d	
  108  000031cc  2d2d2d2d	
  108  000031d0  2d2d2d2d	
  108  000031d4  2d2d2d2d	
  108  000031d8  2d2d2d2d	
  108  000031dc  2d2d2d2d	
  108  000031e0  2d2d2d2d	
  108  000031e4  2d2d2d2d	
  108  000031e8  2d2d2d2d	
  108  000031ec  2d2d2d2d	
  108  000031f0  2d2d2d2d	
  108  000031f4  2d2d2d2d	
  108  000031f8  2d2d2d2d	
  108  000031fc  2d2d    	
  109  000031fe  2d2d2d2d	.ascii "---------------\n\n\000"
  109  00003202  2d2d2d2d	
  109  00003206  2d2d2d2d	
  109  0000320a  2d2d2d0a	
  109  0000320e  0a00    	
  110  00003210          	.align 2
  111  00003210          	LC9_LF0:
  112  00003210  2d2d2d2d	.ascii "----------------------------------------------------------------------"
  112  00003214  2d2d2d2d	
  112  00003218  2d2d2d2d	
  112  0000321c  2d2d2d2d	
  112  00003220  2d2d2d2d	
  112  00003224  2d2d2d2d	
  112  00003228  2d2d2d2d	
  112  0000322c  2d2d2d2d	
  112  00003230  2d2d2d2d	
  112  00003234  2d2d2d2d	
  112  00003238  2d2d2d2d	
  112  0000323c  2d2d2d2d	
  112  00003240  2d2d2d2d	
  112  00003244  2d2d2d2d	
  112  00003248  2d2d2d2d	
  112  0000324c  2d2d2d2d	
  112  00003250  2d2d2d2d	
  112  00003254  2d2d    	
  113  00003256  2d2d2d2d	.ascii "---------------\n\000"
  113  0000325a  2d2d2d2d	
  113  0000325e  2d2d2d2d	
  113  00003262  2d2d2d0a	
  113  00003266  00      	
  114  00003267          	.align 2
  115  00003268          	LC10_LF0:
  116  00003268  6d616b65	.ascii "makeprocs (%d): TEST #2: Create %d hello_world processes sequentially\n"
  116  0000326c  70726f63	
  116  00003270  73202825	
  116  00003274  64293a20	
  116  00003278  54455354	
  116  0000327c  2023323a	
  116  00003280  20437265	
  116  00003284  61746520	
  116  00003288  25642068	
  116  0000328c  656c6c6f	
  116  00003290  5f776f72	
  116  00003294  6c642070	
  116  00003298  726f6365	
  116  0000329c  73736573	
  116  000032a0  20736571	
  116  000032a4  75656e74	
  116  000032a8  69616c6c	
  116  000032ac  790a    	
  117  000032ae  00      	.ascii "\000"
  118  000032af          	.align 2
  119  000032b0          	LC11_LF0:
  120  000032b0  6d616b65	.ascii "makeprocs (%d): Creating %d hello_world processes in a row, but only o"
  120  000032b4  70726f63	
  120  000032b8  73202825	
  120  000032bc  64293a20	
  120  000032c0  43726561	
  120  000032c4  74696e67	
  120  000032c8  20256420	
  120  000032cc  68656c6c	
  120  000032d0  6f5f776f	
  120  000032d4  726c6420	
  120  000032d8  70726f63	
  120  000032dc  65737365	
  120  000032e0  7320696e	
  120  000032e4  20612072	
  120  000032e8  6f772c20	
  120  000032ec  62757420	
  120  000032f0  6f6e6c79	
  120  000032f4  206f    	
  121  000032f6  6e652072	.ascii "ne runs at a time\n\000"
  121  000032fa  756e7320	
  121  000032fe  61742061	
  121  00003302  2074696d	
  121  00003306  650a00  	
  122  00003309          	.align 2
  123  0000330c          	LC12_LF0:
  124  0000330c  6d616b65	.ascii "makeprocs (%d): Creating hello world #%d\n\000"
  124  00003310  70726f63	
  124  00003314  73202825	
  124  00003318  64293a20	
  124  0000331c  43726561	
  124  00003320  74696e67	
  124  00003324  2068656c	
  124  00003328  6c6f2077	
  124  0000332c  6f726c64	
  124  00003330  20232564	
  124  00003334  0a00    	
  125  00003336          	.align 2
  126  00003338          	LC13_LF0:
  127  00003338  6d616b65	.ascii "makeprocs (%d): TEST #2 Complete!!\n\000"
  127  0000333c  70726f63	
  127  00003340  73202825	
  127  00003344  64293a20	
  127  00003348  54455354	
  127  0000334c  20233220	
  127  00003350  436f6d70	
  127  00003354  6c657465	
  127  00003358  21210a00	
  128  0000335c          	.align 2
  129  0000335c          	LC14_LF0:
  130  0000335c  6d616b65	.ascii "makeprocs (%d): TEST #3: Create %d delay_prog processes simultaneously"
  130  00003360  70726f63	
  130  00003364  73202825	
  130  00003368  64293a20	
  130  0000336c  54455354	
  130  00003370  2023333a	
  130  00003374  20437265	
  130  00003378  61746520	
  130  0000337c  25642064	
  130  00003380  656c6179	
  130  00003384  5f70726f	
  130  00003388  67207072	
  130  0000338c  6f636573	
  130  00003390  73657320	
  130  00003394  73696d75	
  130  00003398  6c74616e	
  130  0000339c  656f7573	
  130  000033a0  6c79    	
  131  000033a2  0a00    	.ascii "\n\000"
  132  000033a4          	.align 2
  133  000033a4          	LC15_LF0:
  134  000033a4  6d616b65	.ascii "makeprocs (%d): Creating %d delay processes running simultaneously\n\000"
  134  000033a8  70726f63	
  134  000033ac  73202825	
  134  000033b0  64293a20	
  134  000033b4  43726561	
  134  000033b8  74696e67	
  134  000033bc  20256420	
  134  000033c0  64656c61	
  134  000033c4  79207072	
  134  000033c8  6f636573	
  134  000033cc  73657320	
  134  000033d0  72756e6e	
  134  000033d4  696e6720	
  134  000033d8  73696d75	
  134  000033dc  6c74616e	
  134  000033e0  656f7573	
  134  000033e4  6c790a00	
  135  000033e8          	.align 2
  136  000033e8          	LC16_LF0:
  137  000033e8  6d616b65	.ascii "makeprocs (%d): Creating delay program #%d\n\000"
  137  000033ec  70726f63	
  137  000033f0  73202825	
  137  000033f4  64293a20	
  137  000033f8  43726561	
  137  000033fc  74696e67	
  137  00003400  2064656c	
  137  00003404  61792070	
  137  00003408  726f6772	
  137  0000340c  616d2023	
  137  00003410  25640a00	
  138  00003414          	.align 2
  139  00003414          	LC17_LF0:
  140  00003414  64656c61	.ascii "delay_prog.dlx.obj\000"
  140  00003418  795f7072	
  140  0000341c  6f672e64	
  140  00003420  6c782e6f	
  140  00003424  626a00  	
  141  00003427          	.align 2
  142  00003428          	LC18_LF0:
  143  00003428  6d616b65	.ascii "makeprocs (%d): TEST #3 Complete!!\n\000"
  143  0000342c  70726f63	
  143  00003430  73202825	
  143  00003434  64293a20	
  143  00003438  54455354	
  143  0000343c  20233320	
  143  00003440  436f6d70	
  143  00003444  6c657465	
  143  00003448  21210a00	
  144  0000344c          	.align 2
  145  0000344c          	LC19_LF0:
  146  0000344c  6d616b65	.ascii "makeprocs (%d): TEST #4: Cause user stack to grow larger than 1 page\n"
  146  00003450  70726f63	
  146  00003454  73202825	
  146  00003458  64293a20	
  146  0000345c  54455354	
  146  00003460  2023343a	
  146  00003464  20436175	
  146  00003468  73652075	
  146  0000346c  73657220	
  146  00003470  73746163	
  146  00003474  6b20746f	
  146  00003478  2067726f	
  146  0000347c  77206c61	
  146  00003480  72676572	
  146  00003484  20746861	
  146  00003488  6e203120	
  146  0000348c  70616765	
  146  00003490  0a      	
  147  00003491  00      	.ascii "\000"
  148  00003492          	.align 2
  149  00003494          	LC20_LF0:
  150  00003494  6d616b65	.ascii "makeprocs (%d): Creating stack_grow process\n\000"
  150  00003498  70726f63	
  150  0000349c  73202825	
  150  000034a0  64293a20	
  150  000034a4  43726561	
  150  000034a8  74696e67	
  150  000034ac  20737461	
  150  000034b0  636b5f67	
  150  000034b4  726f7720	
  150  000034b8  70726f63	
  150  000034bc  6573730a	
  150  000034c0  00      	
  151  000034c1          	.align 2
  152  000034c4          	LC21_LF0:
  153  000034c4  73746163	.ascii "stack_grow.dlx.obj\000"
  153  000034c8  6b5f6772	
  153  000034cc  6f772e64	
  153  000034d0  6c782e6f	
  153  000034d4  626a00  	
  154  000034d7          	.align 2
  155  000034d8          	LC22_LF0:
  156  000034d8  6d616b65	.ascii "makeprocs (%d): TEST #4 Complete!!\n\000"
  156  000034dc  70726f63	
  156  000034e0  73202825	
  156  000034e4  64293a20	
  156  000034e8  54455354	
  156  000034ec  20233420	
  156  000034f0  436f6d70	
  156  000034f4  6c657465	
  156  000034f8  21210a00	
  157  000034fc          	.align 2
  158  000034fc          	LC23_LF0:
  159  000034fc  6d616b65	.ascii "makeprocs (%d): All other processes completed, exiting main process.\n"
  159  00003500  70726f63	
  159  00003504  73202825	
  159  00003508  64293a20	
  159  0000350c  416c6c20	
  159  00003510  6f746865	
  159  00003514  72207072	
  159  00003518  6f636573	
  159  0000351c  73657320	
  159  00003520  636f6d70	
  159  00003524  6c657465	
  159  00003528  642c2065	
  159  0000352c  78697469	
  159  00003530  6e67206d	
  159  00003534  61696e20	
  159  00003538  70726f63	
  159  0000353c  6573732e	
  159  00003540  0a      	
  160  00003541  00      	.ascii "\000"
  161  00003542          	.text
  162  000010d4          	.align 2
  163  000010d4          	.proc _main
  164  000010d4          	.global _main
  165  000010d4          	_main:
  166                      ;  Function 'main'; 16 bytes of locals, 0 regs to save.
  167  000010d4  afbefffc	sw	-4(r29),r30; push fp
  168  000010d8  001df020	add	r30,r0,r29; fp = sp
  169  000010dc  afbffff8	sw	-8(r29),r31; push ret addr
  170  000010e0  2fbd0018	subui	r29,r29,#24; alloc local storage
  171  000010e4  8fc20000	lw	r2,(r30)
  172  000010e8  8fc70004	lw	r7,4(r30)
  173  000010ec  0c001620	jal	___main
  174  000010f0  54000000	nop; not filled.
  175  000010f4  20050000	addi	r5,r0,#0
  176  000010f8  64410003	snei	r1,r2,#3
  177  000010fc  10200030	beqz	r1,L14_LF0
  178  00001100  54000000	nop; not filled.
  179  00001104  23bdfff8	addi	r29,r29,#-8
  180  00001108  3c080000	lhi	r8,((LC0_LF0)>>16)&0xffff
  181  0000110c  25083000	addui	r8,r8,(LC0_LF0)&0xffff
  182  00001110  afa80000	sw	(r29),r8
  183  00001114  8ce10000	lw	r1,(r7)
  184  00001118  afa10004	sw	4(r29),r1
  185  0000111c  0c000730	jal	_Printf
  186  00001120  54000000	nop; not filled.
  187  00001124  0c000830	jal	_Exit
  188  00001128  54000000	nop; not filled.
  189  0000112c  23bd0008	addi	r29,r29,#8
  190  00001130          	L14_LF0:
  191  00001130  23bdfff8	addi	r29,r29,#-8
  192  00001134  3c080000	lhi	r8,((LC1_LF0)>>16)&0xffff
  193  00001138  2508306c	addui	r8,r8,(LC1_LF0)&0xffff
  194  0000113c  afa80000	sw	(r29),r8
  195  00001140  0c00070c	jal	_Printf
  196  00001144  54000000	nop; not filled.
  197  00001148  0c000710	jal	_getpid
  198  0000114c  54000000	nop; not filled.
  199  00001150  3c080000	lhi	r8,((LC2_LF0)>>16)&0xffff
  200  00001154  250830c4	addui	r8,r8,(LC2_LF0)&0xffff
  201  00001158  afa80000	sw	(r29),r8
  202  0000115c  afa10004	sw	4(r29),r1
  203  00001160  0c0006ec	jal	_Printf
  204  00001164  54000000	nop; not filled.
  205  00001168  20080000	addi	r8,r0,#0
  206  0000116c  afa80000	sw	(r29),r8
  207  00001170  0c000718	jal	_sem_create
  208  00001174  54000000	nop; not filled.
  209  00001178  00011820	add	r3,r0,r1
  210  0000117c  23bd0008	addi	r29,r29,#8
  211  00001180  6061ffff	seqi	r1,r3,#-1
  212  00001184  10200034	beqz	r1,L15_LF0
  213  00001188  54000000	nop; not filled.
  214  0000118c  0c0006cc	jal	_getpid
  215  00001190  54000000	nop; not filled.
  216  00001194  23bdfff8	addi	r29,r29,#-8
  217  00001198  3c080000	lhi	r8,((LC3_LF0)>>16)&0xffff
  218  0000119c  25083104	addui	r8,r8,(LC3_LF0)&0xffff
  219  000011a0  afa80000	sw	(r29),r8
  220  000011a4  afa10004	sw	4(r29),r1
  221  000011a8  0c0006a4	jal	_Printf
  222  000011ac  54000000	nop; not filled.
  223  000011b0  0c0007a4	jal	_Exit
  224  000011b4  54000000	nop; not filled.
  225  000011b8  23bd0008	addi	r29,r29,#8
  226  000011bc          	L15_LF0:
  227  000011bc  23bdfff8	addi	r29,r29,#-8
  228  000011c0  afa30000	sw	(r29),r3
  229  000011c4  23c6ffe8	addi	r6,r30,#-24
  230  000011c8  afa60004	sw	4(r29),r6
  231  000011cc  0c000eb8	jal	_ditoa
  232  000011d0  54000000	nop; not filled.
  233  000011d4  0c000684	jal	_getpid
  234  000011d8  54000000	nop; not filled.
  235  000011dc  3c080000	lhi	r8,((LC4_LF0)>>16)&0xffff
  236  000011e0  25083124	addui	r8,r8,(LC4_LF0)&0xffff
  237  000011e4  afa80000	sw	(r29),r8
  238  000011e8  afa10004	sw	4(r29),r1
  239  000011ec  0c000660	jal	_Printf
  240  000011f0  54000000	nop; not filled.
  241  000011f4  23bdfff8	addi	r29,r29,#-8
  242  000011f8  3c080000	lhi	r8,((LC5_LF0)>>16)&0xffff
  243  000011fc  25083154	addui	r8,r8,(LC5_LF0)&0xffff
  244  00001200  afa80000	sw	(r29),r8
  245  00001204  afa60004	sw	4(r29),r6
  246  00001208  20080000	addi	r8,r0,#0
  247  0000120c  afa80008	sw	8(r29),r8
  248  00001210  0c000654	jal	_process_create
  249  00001214  54000000	nop; not filled.
  250  00001218  afa30000	sw	(r29),r3
  251  0000121c  0c000678	jal	_sem_wait
  252  00001220  54000000	nop; not filled.
  253  00001224  23bd0010	addi	r29,r29,#16
  254  00001228  64210001	snei	r1,r1,#1
  255  0000122c  10200034	beqz	r1,L16_LF0
  256  00001230  54000000	nop; not filled.
  257  00001234  23bdfff0	addi	r29,r29,#-16
  258  00001238  3c080000	lhi	r8,((LC6_LF0)>>16)&0xffff
  259  0000123c  25083168	addui	r8,r8,(LC6_LF0)&0xffff
  260  00001240  afa80000	sw	(r29),r8
  261  00001244  afa30004	sw	4(r29),r3
  262  00001248  8ce80000	lw	r8,(r7)
  263  0000124c  afa80008	sw	8(r29),r8
  264  00001250  0c0005fc	jal	_Printf
  265  00001254  54000000	nop; not filled.
  266  00001258  0c0006fc	jal	_Exit
  267  0000125c  54000000	nop; not filled.
  268  00001260  23bd0010	addi	r29,r29,#16
  269  00001264          	L16_LF0:
  270  00001264  0c0005f4	jal	_getpid
  271  00001268  54000000	nop; not filled.
  272  0000126c  23bdfff8	addi	r29,r29,#-8
  273  00001270  3c080000	lhi	r8,((LC7_LF0)>>16)&0xffff
  274  00001274  25083194	addui	r8,r8,(LC7_LF0)&0xffff
  275  00001278  afa80000	sw	(r29),r8
  276  0000127c  afa10004	sw	4(r29),r1
  277  00001280  0c0005cc	jal	_Printf
  278  00001284  54000000	nop; not filled.
  279  00001288  3c080000	lhi	r8,((LC8_LF0)>>16)&0xffff
  280  0000128c  250831b8	addui	r8,r8,(LC8_LF0)&0xffff
  281  00001290  afa80000	sw	(r29),r8
  282  00001294  0c0005b8	jal	_Printf
  283  00001298  54000000	nop; not filled.
  284  0000129c  3c080000	lhi	r8,((LC9_LF0)>>16)&0xffff
  285  000012a0  25083210	addui	r8,r8,(LC9_LF0)&0xffff
  286  000012a4  afa80000	sw	(r29),r8
  287  000012a8  0c0005a4	jal	_Printf
  288  000012ac  54000000	nop; not filled.
  289  000012b0  23bdfff8	addi	r29,r29,#-8
  290  000012b4  8ce80004	lw	r8,4(r7)
  291  000012b8  afa80000	sw	(r29),r8
  292  000012bc  20080000	addi	r8,r0,#0
  293  000012c0  afa80004	sw	4(r29),r8
  294  000012c4  2008000a	addi	r8,r0,#10
  295  000012c8  afa80008	sw	8(r29),r8
  296  000012cc  0c000f44	jal	_dstrtol
  297  000012d0  54000000	nop; not filled.
  298  000012d4  00012020	add	r4,r0,r1
  299  000012d8  0c000580	jal	_getpid
  300  000012dc  54000000	nop; not filled.
  301  000012e0  3c080000	lhi	r8,((LC10_LF0)>>16)&0xffff
  302  000012e4  25083268	addui	r8,r8,(LC10_LF0)&0xffff
  303  000012e8  afa80000	sw	(r29),r8
  304  000012ec  afa10004	sw	4(r29),r1
  305  000012f0  afa40008	sw	8(r29),r4
  306  000012f4  0c000558	jal	_Printf
  307  000012f8  54000000	nop; not filled.
  308  000012fc  20080000	addi	r8,r0,#0
  309  00001300  afa80000	sw	(r29),r8
  310  00001304  0c000584	jal	_sem_create
  311  00001308  54000000	nop; not filled.
  312  0000130c  00011820	add	r3,r0,r1
  313  00001310  23bd0010	addi	r29,r29,#16
  314  00001314  6061ffff	seqi	r1,r3,#-1
  315  00001318  10200034	beqz	r1,L17_LF0
  316  0000131c  54000000	nop; not filled.
  317  00001320  0c000538	jal	_getpid
  318  00001324  54000000	nop; not filled.
  319  00001328  23bdfff8	addi	r29,r29,#-8
  320  0000132c  3c080000	lhi	r8,((LC3_LF0)>>16)&0xffff
  321  00001330  25083104	addui	r8,r8,(LC3_LF0)&0xffff
  322  00001334  afa80000	sw	(r29),r8
  323  00001338  afa10004	sw	4(r29),r1
  324  0000133c  0c000510	jal	_Printf
  325  00001340  54000000	nop; not filled.
  326  00001344  0c000610	jal	_Exit
  327  00001348  54000000	nop; not filled.
  328  0000134c  23bd0008	addi	r29,r29,#8
  329  00001350          	L17_LF0:
  330  00001350  23bdfff8	addi	r29,r29,#-8
  331  00001354  afa30000	sw	(r29),r3
  332  00001358  afa60004	sw	4(r29),r6
  333  0000135c  0c000d28	jal	_ditoa
  334  00001360  54000000	nop; not filled.
  335  00001364  0c0004f4	jal	_getpid
  336  00001368  54000000	nop; not filled.
  337  0000136c  23bdfff8	addi	r29,r29,#-8
  338  00001370  3c080000	lhi	r8,((LC11_LF0)>>16)&0xffff
  339  00001374  250832b0	addui	r8,r8,(LC11_LF0)&0xffff
  340  00001378  afa80000	sw	(r29),r8
  341  0000137c  afa10004	sw	4(r29),r1
  342  00001380  afa40008	sw	8(r29),r4
  343  00001384  0c0004c8	jal	_Printf
  344  00001388  54000000	nop; not filled.
  345  0000138c  20020000	addi	r2,r0,#0
  346  00001390  23bd0010	addi	r29,r29,#16
  347  00001394  00a4082a	slt	r1,r5,r4
  348  00001398  102000ac	beqz	r1,L19_LF0
  349  0000139c  54000000	nop; not filled.
  350  000013a0  00062820	add	r5,r0,r6
  351  000013a4          	L21_LF0:
  352  000013a4  0c0004b4	jal	_getpid
  353  000013a8  54000000	nop; not filled.
  354  000013ac  23bdfff0	addi	r29,r29,#-16
  355  000013b0  3c080000	lhi	r8,((LC12_LF0)>>16)&0xffff
  356  000013b4  2508330c	addui	r8,r8,(LC12_LF0)&0xffff
  357  000013b8  afa80000	sw	(r29),r8
  358  000013bc  afa10004	sw	4(r29),r1
  359  000013c0  afa20008	sw	8(r29),r2
  360  000013c4  0c000488	jal	_Printf
  361  000013c8  54000000	nop; not filled.
  362  000013cc  3c080000	lhi	r8,((LC5_LF0)>>16)&0xffff
  363  000013d0  25083154	addui	r8,r8,(LC5_LF0)&0xffff
  364  000013d4  afa80000	sw	(r29),r8
  365  000013d8  afa50004	sw	4(r29),r5
  366  000013dc  20080000	addi	r8,r0,#0
  367  000013e0  afa80008	sw	8(r29),r8
  368  000013e4  0c000480	jal	_process_create
  369  000013e8  54000000	nop; not filled.
  370  000013ec  afa30000	sw	(r29),r3
  371  000013f0  0c0004a4	jal	_sem_wait
  372  000013f4  54000000	nop; not filled.
  373  000013f8  23bd0010	addi	r29,r29,#16
  374  000013fc  64210001	snei	r1,r1,#1
  375  00001400  10200034	beqz	r1,L20_LF0
  376  00001404  54000000	nop; not filled.
  377  00001408  23bdfff0	addi	r29,r29,#-16
  378  0000140c  3c080000	lhi	r8,((LC6_LF0)>>16)&0xffff
  379  00001410  25083168	addui	r8,r8,(LC6_LF0)&0xffff
  380  00001414  afa80000	sw	(r29),r8
  381  00001418  afa30004	sw	4(r29),r3
  382  0000141c  8ce80000	lw	r8,(r7)
  383  00001420  afa80008	sw	8(r29),r8
  384  00001424  0c000428	jal	_Printf
  385  00001428  54000000	nop; not filled.
  386  0000142c  0c000528	jal	_Exit
  387  00001430  54000000	nop; not filled.
  388  00001434  23bd0010	addi	r29,r29,#16
  389  00001438          	L20_LF0:
  390  00001438  20420001	addi	r2,r2,#1
  391  0000143c  0044082a	slt	r1,r2,r4
  392  00001440  1420ff60	bnez	r1,L21_LF0
  393  00001444  54000000	nop; not filled.
  394  00001448          	L19_LF0:
  395  00001448  0c000410	jal	_getpid
  396  0000144c  54000000	nop; not filled.
  397  00001450  23bdfff8	addi	r29,r29,#-8
  398  00001454  3c080000	lhi	r8,((LC13_LF0)>>16)&0xffff
  399  00001458  25083338	addui	r8,r8,(LC13_LF0)&0xffff
  400  0000145c  afa80000	sw	(r29),r8
  401  00001460  afa10004	sw	4(r29),r1
  402  00001464  0c0003e8	jal	_Printf
  403  00001468  54000000	nop; not filled.
  404  0000146c  3c080000	lhi	r8,((LC8_LF0)>>16)&0xffff
  405  00001470  250831b8	addui	r8,r8,(LC8_LF0)&0xffff
  406  00001474  afa80000	sw	(r29),r8
  407  00001478  0c0003d4	jal	_Printf
  408  0000147c  54000000	nop; not filled.
  409  00001480  3c020000	lhi	r2,((LC9_LF0)>>16)&0xffff
  410  00001484  24423210	addui	r2,r2,(LC9_LF0)&0xffff
  411  00001488  afa20000	sw	(r29),r2
  412  0000148c  0c0003c0	jal	_Printf
  413  00001490  54000000	nop; not filled.
  414  00001494  23bdfff8	addi	r29,r29,#-8
  415  00001498  8ce80008	lw	r8,8(r7)
  416  0000149c  afa80000	sw	(r29),r8
  417  000014a0  20080000	addi	r8,r0,#0
  418  000014a4  afa80004	sw	4(r29),r8
  419  000014a8  2008000a	addi	r8,r0,#10
  420  000014ac  afa80008	sw	8(r29),r8
  421  000014b0  0c000d60	jal	_dstrtol
  422  000014b4  54000000	nop; not filled.
  423  000014b8  00012820	add	r5,r0,r1
  424  000014bc  0c00039c	jal	_getpid
  425  000014c0  54000000	nop; not filled.
  426  000014c4  3c080000	lhi	r8,((LC14_LF0)>>16)&0xffff
  427  000014c8  2508335c	addui	r8,r8,(LC14_LF0)&0xffff
  428  000014cc  afa80000	sw	(r29),r8
  429  000014d0  afa10004	sw	4(r29),r1
  430  000014d4  afa50008	sw	8(r29),r5
  431  000014d8  0c000374	jal	_Printf
  432  000014dc  54000000	nop; not filled.
  433  000014e0  20010001	addi	r1,r0,#1
  434  000014e4  00250822	sub	r1,r1,r5
  435  000014e8  afa10000	sw	(r29),r1
  436  000014ec  0c00039c	jal	_sem_create
  437  000014f0  54000000	nop; not filled.
  438  000014f4  00011820	add	r3,r0,r1
  439  000014f8  23bd0010	addi	r29,r29,#16
  440  000014fc  6061ffff	seqi	r1,r3,#-1
  441  00001500  10200034	beqz	r1,L24_LF0
  442  00001504  54000000	nop; not filled.
  443  00001508  0c000350	jal	_getpid
  444  0000150c  54000000	nop; not filled.
  445  00001510  23bdfff8	addi	r29,r29,#-8
  446  00001514  3c080000	lhi	r8,((LC3_LF0)>>16)&0xffff
  447  00001518  25083104	addui	r8,r8,(LC3_LF0)&0xffff
  448  0000151c  afa80000	sw	(r29),r8
  449  00001520  afa10004	sw	4(r29),r1
  450  00001524  0c000328	jal	_Printf
  451  00001528  54000000	nop; not filled.
  452  0000152c  0c000428	jal	_Exit
  453  00001530  54000000	nop; not filled.
  454  00001534  23bd0008	addi	r29,r29,#8
  455  00001538          	L24_LF0:
  456  00001538  23bdfff8	addi	r29,r29,#-8
  457  0000153c  afa30000	sw	(r29),r3
  458  00001540  23c4ffe8	addi	r4,r30,#-24
  459  00001544  afa40004	sw	4(r29),r4
  460  00001548  0c000b3c	jal	_ditoa
  461  0000154c  54000000	nop; not filled.
  462  00001550  afa20000	sw	(r29),r2
  463  00001554  0c0002f8	jal	_Printf
  464  00001558  54000000	nop; not filled.
  465  0000155c  0c0002fc	jal	_getpid
  466  00001560  54000000	nop; not filled.
  467  00001564  23bdfff8	addi	r29,r29,#-8
  468  00001568  3c080000	lhi	r8,((LC15_LF0)>>16)&0xffff
  469  0000156c  250833a4	addui	r8,r8,(LC15_LF0)&0xffff
  470  00001570  afa80000	sw	(r29),r8
  471  00001574  afa10004	sw	4(r29),r1
  472  00001578  afa50008	sw	8(r29),r5
  473  0000157c  0c0002d0	jal	_Printf
  474  00001580  54000000	nop; not filled.
  475  00001584  20020000	addi	r2,r0,#0
  476  00001588  23bd0010	addi	r29,r29,#16
  477  0000158c  0045082a	slt	r1,r2,r5
  478  00001590  10200060	beqz	r1,L26_LF0
  479  00001594  54000000	nop; not filled.
  480  00001598          	L28_LF0:
  481  00001598  0c0002c0	jal	_getpid
  482  0000159c  54000000	nop; not filled.
  483  000015a0  23bdfff0	addi	r29,r29,#-16
  484  000015a4  3c080000	lhi	r8,((LC16_LF0)>>16)&0xffff
  485  000015a8  250833e8	addui	r8,r8,(LC16_LF0)&0xffff
  486  000015ac  afa80000	sw	(r29),r8
  487  000015b0  afa10004	sw	4(r29),r1
  488  000015b4  afa20008	sw	8(r29),r2
  489  000015b8  0c000294	jal	_Printf
  490  000015bc  54000000	nop; not filled.
  491  000015c0  3c080000	lhi	r8,((LC17_LF0)>>16)&0xffff
  492  000015c4  25083414	addui	r8,r8,(LC17_LF0)&0xffff
  493  000015c8  afa80000	sw	(r29),r8
  494  000015cc  afa40004	sw	4(r29),r4
  495  000015d0  20080000	addi	r8,r0,#0
  496  000015d4  afa80008	sw	8(r29),r8
  497  000015d8  0c00028c	jal	_process_create
  498  000015dc  54000000	nop; not filled.
  499  000015e0  23bd0010	addi	r29,r29,#16
  500  000015e4  20420001	addi	r2,r2,#1
  501  000015e8  0045082a	slt	r1,r2,r5
  502  000015ec  1420ffa8	bnez	r1,L28_LF0
  503  000015f0  54000000	nop; not filled.
  504  000015f4          	L26_LF0:
  505  000015f4  23bdfff8	addi	r29,r29,#-8
  506  000015f8  afa30000	sw	(r29),r3
  507  000015fc  0c000298	jal	_sem_wait
  508  00001600  54000000	nop; not filled.
  509  00001604  23bd0008	addi	r29,r29,#8
  510  00001608  64210001	snei	r1,r1,#1
  511  0000160c  10200034	beqz	r1,L30_LF0
  512  00001610  54000000	nop; not filled.
  513  00001614  23bdfff0	addi	r29,r29,#-16
  514  00001618  3c080000	lhi	r8,((LC6_LF0)>>16)&0xffff
  515  0000161c  25083168	addui	r8,r8,(LC6_LF0)&0xffff
  516  00001620  afa80000	sw	(r29),r8
  517  00001624  afa30004	sw	4(r29),r3
  518  00001628  8ce80000	lw	r8,(r7)
  519  0000162c  afa80008	sw	8(r29),r8
  520  00001630  0c00021c	jal	_Printf
  521  00001634  54000000	nop; not filled.
  522  00001638  0c00031c	jal	_Exit
  523  0000163c  54000000	nop; not filled.
  524  00001640  23bd0010	addi	r29,r29,#16
  525  00001644          	L30_LF0:
  526  00001644  0c000214	jal	_getpid
  527  00001648  54000000	nop; not filled.
  528  0000164c  23bdfff8	addi	r29,r29,#-8
  529  00001650  3c080000	lhi	r8,((LC18_LF0)>>16)&0xffff
  530  00001654  25083428	addui	r8,r8,(LC18_LF0)&0xffff
  531  00001658  afa80000	sw	(r29),r8
  532  0000165c  afa10004	sw	4(r29),r1
  533  00001660  0c0001ec	jal	_Printf
  534  00001664  54000000	nop; not filled.
  535  00001668  3c040000	lhi	r4,((LC8_LF0)>>16)&0xffff
  536  0000166c  248431b8	addui	r4,r4,(LC8_LF0)&0xffff
  537  00001670  afa40000	sw	(r29),r4
  538  00001674  0c0001d8	jal	_Printf
  539  00001678  54000000	nop; not filled.
  540  0000167c  3c080000	lhi	r8,((LC9_LF0)>>16)&0xffff
  541  00001680  25083210	addui	r8,r8,(LC9_LF0)&0xffff
  542  00001684  afa80000	sw	(r29),r8
  543  00001688  0c0001c4	jal	_Printf
  544  0000168c  54000000	nop; not filled.
  545  00001690  0c0001c8	jal	_getpid
  546  00001694  54000000	nop; not filled.
  547  00001698  3c080000	lhi	r8,((LC19_LF0)>>16)&0xffff
  548  0000169c  2508344c	addui	r8,r8,(LC19_LF0)&0xffff
  549  000016a0  afa80000	sw	(r29),r8
  550  000016a4  afa10004	sw	4(r29),r1
  551  000016a8  0c0001a4	jal	_Printf
  552  000016ac  54000000	nop; not filled.
  553  000016b0  20080000	addi	r8,r0,#0
  554  000016b4  afa80000	sw	(r29),r8
  555  000016b8  0c0001d0	jal	_sem_create
  556  000016bc  54000000	nop; not filled.
  557  000016c0  00011820	add	r3,r0,r1
  558  000016c4  23bd0008	addi	r29,r29,#8
  559  000016c8  6061ffff	seqi	r1,r3,#-1
  560  000016cc  10200034	beqz	r1,L31_LF0
  561  000016d0  54000000	nop; not filled.
  562  000016d4  0c000184	jal	_getpid
  563  000016d8  54000000	nop; not filled.
  564  000016dc  23bdfff8	addi	r29,r29,#-8
  565  000016e0  3c080000	lhi	r8,((LC3_LF0)>>16)&0xffff
  566  000016e4  25083104	addui	r8,r8,(LC3_LF0)&0xffff
  567  000016e8  afa80000	sw	(r29),r8
  568  000016ec  afa10004	sw	4(r29),r1
  569  000016f0  0c00015c	jal	_Printf
  570  000016f4  54000000	nop; not filled.
  571  000016f8  0c00025c	jal	_Exit
  572  000016fc  54000000	nop; not filled.
  573  00001700  23bd0008	addi	r29,r29,#8
  574  00001704          	L31_LF0:
  575  00001704  23bdfff8	addi	r29,r29,#-8
  576  00001708  afa30000	sw	(r29),r3
  577  0000170c  23c2ffe8	addi	r2,r30,#-24
  578  00001710  afa20004	sw	4(r29),r2
  579  00001714  0c000970	jal	_ditoa
  580  00001718  54000000	nop; not filled.
  581  0000171c  0c00013c	jal	_getpid
  582  00001720  54000000	nop; not filled.
  583  00001724  3c080000	lhi	r8,((LC20_LF0)>>16)&0xffff
  584  00001728  25083494	addui	r8,r8,(LC20_LF0)&0xffff
  585  0000172c  afa80000	sw	(r29),r8
  586  00001730  afa10004	sw	4(r29),r1
  587  00001734  0c000118	jal	_Printf
  588  00001738  54000000	nop; not filled.
  589  0000173c  23bdfff8	addi	r29,r29,#-8
  590  00001740  3c080000	lhi	r8,((LC21_LF0)>>16)&0xffff
  591  00001744  250834c4	addui	r8,r8,(LC21_LF0)&0xffff
  592  00001748  afa80000	sw	(r29),r8
  593  0000174c  afa20004	sw	4(r29),r2
  594  00001750  20080000	addi	r8,r0,#0
  595  00001754  afa80008	sw	8(r29),r8
  596  00001758  0c00010c	jal	_process_create
  597  0000175c  54000000	nop; not filled.
  598  00001760  afa30000	sw	(r29),r3
  599  00001764  0c000130	jal	_sem_wait
  600  00001768  54000000	nop; not filled.
  601  0000176c  23bd0010	addi	r29,r29,#16
  602  00001770  64210001	snei	r1,r1,#1
  603  00001774  10200034	beqz	r1,L32_LF0
  604  00001778  54000000	nop; not filled.
  605  0000177c  23bdfff0	addi	r29,r29,#-16
  606  00001780  3c080000	lhi	r8,((LC6_LF0)>>16)&0xffff
  607  00001784  25083168	addui	r8,r8,(LC6_LF0)&0xffff
  608  00001788  afa80000	sw	(r29),r8
  609  0000178c  afa30004	sw	4(r29),r3
  610  00001790  8ce70000	lw	r7,(r7)
  611  00001794  afa70008	sw	8(r29),r7
  612  00001798  0c0000b4	jal	_Printf
  613  0000179c  54000000	nop; not filled.
  614  000017a0  0c0001b4	jal	_Exit
  615  000017a4  54000000	nop; not filled.
  616  000017a8  23bd0010	addi	r29,r29,#16
  617  000017ac          	L32_LF0:
  618  000017ac  0c0000ac	jal	_getpid
  619  000017b0  54000000	nop; not filled.
  620  000017b4  23bdfff8	addi	r29,r29,#-8
  621  000017b8  3c080000	lhi	r8,((LC22_LF0)>>16)&0xffff
  622  000017bc  250834d8	addui	r8,r8,(LC22_LF0)&0xffff
  623  000017c0  afa80000	sw	(r29),r8
  624  000017c4  afa10004	sw	4(r29),r1
  625  000017c8  0c000084	jal	_Printf
  626  000017cc  54000000	nop; not filled.
  627  000017d0  afa40000	sw	(r29),r4
  628  000017d4  0c000078	jal	_Printf
  629  000017d8  54000000	nop; not filled.
  630  000017dc  0c00007c	jal	_getpid
  631  000017e0  54000000	nop; not filled.
  632  000017e4  3c080000	lhi	r8,((LC23_LF0)>>16)&0xffff
  633  000017e8  250834fc	addui	r8,r8,(LC23_LF0)&0xffff
  634  000017ec  afa80000	sw	(r29),r8
  635  000017f0  afa10004	sw	4(r29),r1
  636  000017f4  0c000058	jal	_Printf
  637  000017f8  54000000	nop; not filled.
  638  000017fc  23bd0008	addi	r29,r29,#8
  639  00001800  0c000f00	jal	_exit
  640  00001804  54000000	nop
  641  00001808          	.endproc _main
  642                      ;;;
  643                      ;;; Stub functions for DLX traps.
  644                      ;;;
  645                      ;;; Ethan L. Miller, 1999.  Released to the public domain.
  646                      ;;;
  647                      ;;; The traps such as Open and Close
  648                      ;;; (note the capital letters) are for use by user programs.  The traps
  649                      ;;; with names such as open and close (lower case) are for use by the OS.
  650                      ;;;
  653  00001808          	.align 2
  655                      ;;; The following are the traps to be used by user-level programs
  656                      ;;;
  658  00001808          	.align 2
  659  00001808          	.proc _Open
  660  00001808          	.global _Open
  661  00001808          	_Open:
  662                      ;;; Note that trap #0x213 actually causes a trap vector in the OS of
  663                      ;;; 0x1213.  The same is true for other user traps.  Thus, a user trap
  664                      ;;; with trap #0x240 will result in a trap vector of 0x1240 in the OS.
  665  00001808  44000213	trap	#0x213
  666  0000180c  4be00000	jr	r31
  667  00001810  54000000	nop
  668  00001814          	.endproc _Open
  670  00001814          	.proc _Close
  671  00001814          	.global _Close
  672  00001814          	_Close:
  673  00001814  44000214	trap	#0x214
  674  00001818  4be00000	jr	r31
  675  0000181c  54000000	nop
  676  00001820          	.endproc _Close
  678  00001820          	.proc _Read
  679  00001820          	.global _Read
  680  00001820          	_Read:
  681  00001820  44000210	trap	#0x210
  682  00001824  4be00000	jr	r31
  683  00001828  54000000	nop
  684  0000182c          	.endproc _Read
  686  0000182c          	.proc _Write
  687  0000182c          	.global _Write
  688  0000182c          	_Write:
  689  0000182c  44000211	trap	#0x211
  690  00001830  4be00000	jr	r31
  691  00001834  54000000	nop
  692  00001838          	.endproc _Write
  694  00001838          	.proc _Lseek
  695  00001838          	.global _Lseek
  696  00001838          	_Lseek:
  697  00001838  44000212	trap	#0x212
  698  0000183c  4be00000	jr	r31
  699  00001840  54000000	nop
  700  00001844          	.endproc _Lseek
  702  00001844          	.proc _Putchar
  703  00001844          	.global _Putchar
  704  00001844          	_Putchar:
  705  00001844  44000280	trap	#0x280
  706  00001848  4be00000	jr	r31
  707  0000184c  54000000	nop
  708  00001850          	.endproc _Putchar
  710  00001850          	.proc _Printf
  711  00001850          	.global _Printf
  712  00001850          	_Printf:
  713  00001850  44000201	trap	#0x201
  714  00001854  4be00000	jr	r31
  715  00001858  54000000	nop
  716  0000185c          	.endproc _Printf
  718  0000185c          	.proc _getpid
  719  0000185c          	.global _getpid
  720  0000185c          	_getpid:
  721  0000185c  44000431	trap	#0x431
  722  00001860  4be00000	jr	r31
  723  00001864  54000000	nop
  724  00001868          	.endproc _getpid
  726  00001868          	.proc _process_create
  727  00001868          	.global _process_create
  728  00001868          	_process_create:
  729  00001868  44000432	trap	#0x432
  730  0000186c  4be00000	jr	r31
  731  00001870  54000000	nop
  732  00001874          	.endproc _process_create
  734  00001874          	.proc _shmget
  735  00001874          	.global _shmget
  736  00001874          	_shmget:
  737  00001874  44000440	trap	#0x440
  738  00001878  4be00000	jr	r31
  739  0000187c  54000000	nop
  740  00001880          	.endproc _shmget
  742  00001880          	.proc _shmat
  743  00001880          	.global _shmat
  744  00001880          	_shmat:
  745  00001880  44000441	trap	#0x441
  746  00001884  4be00000	jr	r31
  747  00001888  54000000	nop
  748  0000188c          	.endproc _shmat
  750  0000188c          	.proc _sem_create
  751  0000188c          	.global _sem_create
  752  0000188c          	_sem_create:
  753  0000188c  44000450	trap	#0x450
  754  00001890  4be00000	jr	r31
  755  00001894  54000000	nop
  756  00001898          	.endproc _sem_create
  758  00001898          	.proc _sem_wait
  759  00001898          	.global _sem_wait
  760  00001898          	_sem_wait:
  761  00001898  44000451	trap	#0x451
  762  0000189c  4be00000	jr	r31
  763  000018a0  54000000	nop
  764  000018a4          	.endproc _sem_wait
  766  000018a4          	.proc _sem_signal
  767  000018a4          	.global _sem_signal
  768  000018a4          	_sem_signal:
  769  000018a4  44000452	trap	#0x452
  770  000018a8  4be00000	jr	r31
  771  000018ac  54000000	nop
  772  000018b0          	.endproc _sem_signal
  774  000018b0          	.proc _lock_create
  775  000018b0          	.global _lock_create
  776  000018b0          	_lock_create:
  777  000018b0  44000453	trap	#0x453
  778  000018b4  4be00000	jr	r31
  779  000018b8  54000000	nop
  780  000018bc          	.endproc _lock_create
  782  000018bc          	.proc _lock_acquire
  783  000018bc          	.global _lock_acquire
  784  000018bc          	_lock_acquire:
  785  000018bc  44000454	trap	#0x454
  786  000018c0  4be00000	jr	r31
  787  000018c4  54000000	nop
  788  000018c8          	.endproc _lock_acquire
  790  000018c8          	.proc _lock_release
  791  000018c8          	.global _lock_release
  792  000018c8          	_lock_release:
  793  000018c8  44000455	trap	#0x455
  794  000018cc  4be00000	jr	r31
  795  000018d0  54000000	nop
  796  000018d4          	.endproc _lock_release
  798  000018d4          	.proc _cond_create
  799  000018d4          	.global _cond_create
  800  000018d4          	_cond_create:
  801  000018d4  44000456	trap	#0x456
  802  000018d8  4be00000	jr	r31
  803  000018dc  54000000	nop
  804  000018e0          	.endproc _cond_create
  806  000018e0          	.proc _cond_wait
  807  000018e0          	.global _cond_wait
  808  000018e0          	_cond_wait:
  809  000018e0  44000457	trap	#0x457
  810  000018e4  4be00000	jr	r31
  811  000018e8  54000000	nop
  812  000018ec          	.endproc _cond_wait
  814  000018ec          	.proc _cond_signal
  815  000018ec          	.global _cond_signal
  816  000018ec          	_cond_signal:
  817  000018ec  44000458	trap	#0x458
  818  000018f0  4be00000	jr	r31
  819  000018f4  54000000	nop
  820  000018f8          	.endproc _cond_signal
  822  000018f8          	.proc _cond_broadcast
  823  000018f8          	.global _cond_broadcast
  824  000018f8          	_cond_broadcast:
  825  000018f8  44000459	trap	#0x459
  826  000018fc  4be00000	jr	r31
  827  00001900  54000000	nop
  828  00001904          	.endproc _cond_broadcast
  830  00001904          	.proc _mbox_create
  831  00001904          	.global _mbox_create
  832  00001904          	_mbox_create:
  833  00001904  44000460	trap	#0x460
  834  00001908  4be00000	jr	r31
  835  0000190c  54000000	nop
  836  00001910          	.endproc _mbox_create
  838  00001910          	.proc _mbox_open
  839  00001910          	.global _mbox_open
  840  00001910          	_mbox_open:
  841  00001910  44000461	trap	#0x461
  842  00001914  4be00000	jr	r31
  843  00001918  54000000	nop
  844  0000191c          	.endproc _mbox_open
  846  0000191c          	.proc _mbox_close
  847  0000191c          	.global _mbox_close
  848  0000191c          	_mbox_close:
  849  0000191c  44000462	trap	#0x462
  850  00001920  4be00000	jr	r31
  851  00001924  54000000	nop
  852  00001928          	.endproc _mbox_close
  854  00001928          	.proc _mbox_send
  855  00001928          	.global _mbox_send
  856  00001928          	_mbox_send:
  857  00001928  44000463	trap	#0x463
  858  0000192c  4be00000	jr	r31
  859  00001930  54000000	nop
  860  00001934          	.endproc _mbox_send
  862  00001934          	.proc _mbox_recv
  863  00001934          	.global _mbox_recv
  864  00001934          	_mbox_recv:
  865  00001934  44000464	trap	#0x464
  866  00001938  4be00000	jr	r31
  867  0000193c  54000000	nop
  868  00001940          	.endproc _mbox_recv
  870  00001940          	.proc _sleep
  871  00001940          	.global _sleep
  872  00001940          	_sleep:
  873  00001940  44000465	trap	#0x465
  874  00001944  4be00000	jr	r31
  875  00001948  54000000	nop
  876  0000194c          	.endproc _sleep
  878  0000194c          	.proc _yield
  879  0000194c          	.global _yield
  880  0000194c          	_yield:
  881  0000194c  44000466	trap	#0x466
  882  00001950  4be00000	jr	r31
  883  00001954  54000000	nop
  884  00001958          	.endproc _yield
  887  00001958          	.proc _Exit
  888  00001958          	.global _Exit
  889  00001958          	_Exit:
  890  00001958  44000500	trap	#0x500
  891  0000195c  4be00000	jr	r31
  892  00001960  54000000	nop
  893  00001964          	.endproc _Exit
  896  00001964          	.proc _malloc
  897  00001964          	.global _malloc
  898  00001964          	_malloc:
  899  00001964  44000467	trap	#0x467
  900  00001968  4be00000	jr	r31
  901  0000196c          	.endproc _malloc
  904  0000196c          	.proc _mfree
  905  0000196c          	.global _mfree
  906  0000196c          	_mfree:
  907  0000196c  44000468	trap	#0x468
  908  00001970  4be00000	jr	r31
  909  00001974          	.endproc _mfree
  910                      ; Compiled by GCC
  912  00001974          	.align 2
  913  00001974          	.proc _isspace
  914  00001974          	.global _isspace
  915  00001974          	_isspace:
  916                      ;  Function 'isspace'; 0 bytes of locals, 3 regs to save.
  917  00001974  afbefffc	sw	-4(r29),r30; push fp
  918  00001978  001df020	add	r30,r0,r29; fp = sp
  919  0000197c  afbffff8	sw	-8(r29),r31; push ret addr
  920  00001980  2fbd0018	subui	r29,r29,#24; alloc local storage
  921  00001984  afa20000	sw	0(r29),r2
  922  00001988  afa30004	sw	4(r29),r3
  923  0000198c  afa40008	sw	8(r29),r4
  924  00001990  83c20003	lb	r2,3(r30)
  925  00001994  20010000	addi	r1,r0,#0
  926  00001998  304300ff	andi	r3,r2,#0x00ff
  927  0000199c  60640020	seqi	r4,r3,#32
  928  000019a0  1480002c	bnez	r4,L3_LF2
  929  000019a4  54000000	nop; delay slot nop
  930  000019a8  304300ff	andi	r3,r2,#0x00ff
  931  000019ac  60640009	seqi	r4,r3,#9
  932  000019b0  1480001c	bnez	r4,L3_LF2
  933  000019b4  54000000	nop; delay slot nop
  934  000019b8  304300ff	andi	r3,r2,#0x00ff
  935  000019bc  6064000a	seqi	r4,r3,#10
  936  000019c0  1480000c	bnez	r4,L3_LF2
  937  000019c4  54000000	nop; delay slot nop
  938  000019c8  08000008	j	L2_LF2
  939  000019cc  54000000	nop; delay slot nop
  940  000019d0          	L3_LF2:
  941  000019d0  20010001	addi	r1,r0,#1
  942  000019d4          	L2_LF2:
  943  000019d4  08000004	j	L1_LF2
  944  000019d8  54000000	nop; delay slot nop
  945  000019dc          	L1_LF2:
  946  000019dc  8fa20000	lw	r2,0(r29)
  947  000019e0  8fa30004	lw	r3,4(r29)
  948  000019e4  8fa40008	lw	r4,8(r29)
  949  000019e8  8fdffff8	lw	r31,-8(r30)
  950  000019ec  001ee820	add	r29,r0,r30
  951  000019f0  8fdefffc	lw	r30,-4(r30)
  952  000019f4  4be00000	jr	r31
  953  000019f8  54000000	nop
  954  000019fc          	.endproc _isspace
  955  000019fc          	.align 2
  956  000019fc          	.proc _isxdigit
  957  000019fc          	.global _isxdigit
  958  000019fc          	_isxdigit:
  959                      ;  Function 'isxdigit'; 0 bytes of locals, 3 regs to save.
  960  000019fc  afbefffc	sw	-4(r29),r30; push fp
  961  00001a00  001df020	add	r30,r0,r29; fp = sp
  962  00001a04  afbffff8	sw	-8(r29),r31; push ret addr
  963  00001a08  2fbd0018	subui	r29,r29,#24; alloc local storage
  964  00001a0c  afa20000	sw	0(r29),r2
  965  00001a10  afa30004	sw	4(r29),r3
  966  00001a14  afa40008	sw	8(r29),r4
  967  00001a18  83c20003	lb	r2,3(r30)
  968  00001a1c  20010000	addi	r1,r0,#0
  969  00001a20  304300ff	andi	r3,r2,#0x00ff
  970  00001a24  6c64002f	sgtui	r4,r3,#47
  971  00001a28  1080001c	beqz	r4,L7_LF2
  972  00001a2c  54000000	nop; delay slot nop
  973  00001a30  304300ff	andi	r3,r2,#0x00ff
  974  00001a34  70640039	sleui	r4,r3,#57
  975  00001a38  1480005c	bnez	r4,L6_LF2
  976  00001a3c  54000000	nop; delay slot nop
  977  00001a40  08000004	j	L7_LF2
  978  00001a44  54000000	nop; delay slot nop
  979  00001a48          	L7_LF2:
  980  00001a48  304300ff	andi	r3,r2,#0x00ff
  981  00001a4c  6c640060	sgtui	r4,r3,#96
  982  00001a50  1080001c	beqz	r4,L8_LF2
  983  00001a54  54000000	nop; delay slot nop
  984  00001a58  304300ff	andi	r3,r2,#0x00ff
  985  00001a5c  70640066	sleui	r4,r3,#102
  986  00001a60  14800034	bnez	r4,L6_LF2
  987  00001a64  54000000	nop; delay slot nop
  988  00001a68  08000004	j	L8_LF2
  989  00001a6c  54000000	nop; delay slot nop
  990  00001a70          	L8_LF2:
  991  00001a70  304300ff	andi	r3,r2,#0x00ff
  992  00001a74  6c640040	sgtui	r4,r3,#64
  993  00001a78  10800020	beqz	r4,L5_LF2
  994  00001a7c  54000000	nop; delay slot nop
  995  00001a80  304300ff	andi	r3,r2,#0x00ff
  996  00001a84  70640041	sleui	r4,r3,#65
  997  00001a88  1480000c	bnez	r4,L6_LF2
  998  00001a8c  54000000	nop; delay slot nop
  999  00001a90  08000008	j	L5_LF2
 1000  00001a94  54000000	nop; delay slot nop
 1001  00001a98          	L6_LF2:
 1002  00001a98  20010001	addi	r1,r0,#1
 1003  00001a9c          	L5_LF2:
 1004  00001a9c  08000004	j	L4_LF2
 1005  00001aa0  54000000	nop; delay slot nop
 1006  00001aa4          	L4_LF2:
 1007  00001aa4  8fa20000	lw	r2,0(r29)
 1008  00001aa8  8fa30004	lw	r3,4(r29)
 1009  00001aac  8fa40008	lw	r4,8(r29)
 1010  00001ab0  8fdffff8	lw	r31,-8(r30)
 1011  00001ab4  001ee820	add	r29,r0,r30
 1012  00001ab8  8fdefffc	lw	r30,-4(r30)
 1013  00001abc  4be00000	jr	r31
 1014  00001ac0  54000000	nop
 1015  00001ac4          	.endproc _isxdigit
 1016  00001ac4          	.align 2
 1017  00001ac4          	.proc _dstrcpy
 1018  00001ac4          	.global _dstrcpy
 1019  00001ac4          	_dstrcpy:
 1020                      ;  Function 'dstrcpy'; 8 bytes of locals, 2 regs to save.
 1021  00001ac4  afbefffc	sw	-4(r29),r30; push fp
 1022  00001ac8  001df020	add	r30,r0,r29; fp = sp
 1023  00001acc  afbffff8	sw	-8(r29),r31; push ret addr
 1024  00001ad0  2fbd0018	subui	r29,r29,#24; alloc local storage
 1025  00001ad4  afa20000	sw	0(r29),r2
 1026  00001ad8  afa30004	sw	4(r29),r3
 1027  00001adc  8fc10000	lw	r1,(r30)
 1028  00001ae0  afc1fff4	sw	-12(r30),r1
 1029  00001ae4          	L10_LF2:
 1030  00001ae4  8fc10000	lw	r1,(r30)
 1031  00001ae8  20220001	addi	r2,r1,#1
 1032  00001aec  afc20000	sw	(r30),r2
 1033  00001af0  8fc20004	lw	r2,4(r30)
 1034  00001af4  20430001	addi	r3,r2,#1
 1035  00001af8  afc30004	sw	4(r30),r3
 1036  00001afc  80420000	lb	r2,(r2)
 1037  00001b00  a0220000	sb	(r1),r2
 1038  00001b04  a3c2fff3	sb	-13(r30),r2
 1039  00001b08          	L12_LF2:
 1040  00001b08  93c1fff3	lbu	r1,-13(r30)
 1041  00001b0c  64220000	snei	r2,r1,#0
 1042  00001b10  1440000c	bnez	r2,L13_LF2
 1043  00001b14  54000000	nop; delay slot nop
 1044  00001b18  0800000c	j	L11_LF2
 1045  00001b1c  54000000	nop; delay slot nop
 1046  00001b20          	L13_LF2:
 1047  00001b20  0bffffc0	j	L10_LF2
 1048  00001b24  54000000	nop; delay slot nop
 1049  00001b28          	L11_LF2:
 1050  00001b28  8fc1fff4	lw	r1,-12(r30)
 1051  00001b2c  08000004	j	L9_LF2
 1052  00001b30  54000000	nop; delay slot nop
 1053  00001b34          	L9_LF2:
 1054  00001b34  8fa20000	lw	r2,0(r29)
 1055  00001b38  8fa30004	lw	r3,4(r29)
 1056  00001b3c  8fdffff8	lw	r31,-8(r30)
 1057  00001b40  001ee820	add	r29,r0,r30
 1058  00001b44  8fdefffc	lw	r30,-4(r30)
 1059  00001b48  4be00000	jr	r31
 1060  00001b4c  54000000	nop
 1061  00001b50          	.endproc _dstrcpy
 1062  00001b50          	.align 2
 1063  00001b50          	.proc _dstrncpy
 1064  00001b50          	.global _dstrncpy
 1065  00001b50          	_dstrncpy:
 1066                      ;  Function 'dstrncpy'; 8 bytes of locals, 2 regs to save.
 1067  00001b50  afbefffc	sw	-4(r29),r30; push fp
 1068  00001b54  001df020	add	r30,r0,r29; fp = sp
 1069  00001b58  afbffff8	sw	-8(r29),r31; push ret addr
 1070  00001b5c  2fbd0018	subui	r29,r29,#24; alloc local storage
 1071  00001b60  afa20000	sw	0(r29),r2
 1072  00001b64  afa30004	sw	4(r29),r3
 1073  00001b68  8fc10000	lw	r1,(r30)
 1074  00001b6c  afc1fff4	sw	-12(r30),r1
 1075  00001b70          	L15_LF2:
 1076  00001b70  8fc10008	lw	r1,8(r30)
 1077  00001b74  2022ffff	addi	r2,r1,#-1
 1078  00001b78  afc20008	sw	8(r30),r2
 1079  00001b7c  70210000	slei	r1,r1,#0
 1080  00001b80  1020000c	beqz	r1,L18_LF2
 1081  00001b84  54000000	nop; delay slot nop
 1082  00001b88  08000048	j	L16_LF2
 1083  00001b8c  54000000	nop; delay slot nop
 1084  00001b90          	L18_LF2:
 1085  00001b90  8fc10000	lw	r1,(r30)
 1086  00001b94  20220001	addi	r2,r1,#1
 1087  00001b98  afc20000	sw	(r30),r2
 1088  00001b9c  8fc20004	lw	r2,4(r30)
 1089  00001ba0  20430001	addi	r3,r2,#1
 1090  00001ba4  afc30004	sw	4(r30),r3
 1091  00001ba8  80420000	lb	r2,(r2)
 1092  00001bac  a0220000	sb	(r1),r2
 1093  00001bb0  a3c2fff3	sb	-13(r30),r2
 1094  00001bb4          	L17_LF2:
 1095  00001bb4  93c1fff3	lbu	r1,-13(r30)
 1096  00001bb8  64220000	snei	r2,r1,#0
 1097  00001bbc  1440000c	bnez	r2,L19_LF2
 1098  00001bc0  54000000	nop; delay slot nop
 1099  00001bc4  0800000c	j	L16_LF2
 1100  00001bc8  54000000	nop; delay slot nop
 1101  00001bcc          	L19_LF2:
 1102  00001bcc  0bffffa0	j	L15_LF2
 1103  00001bd0  54000000	nop; delay slot nop
 1104  00001bd4          	L16_LF2:
 1105  00001bd4  8fc1fff4	lw	r1,-12(r30)
 1106  00001bd8  08000004	j	L14_LF2
 1107  00001bdc  54000000	nop; delay slot nop
 1108  00001be0          	L14_LF2:
 1109  00001be0  8fa20000	lw	r2,0(r29)
 1110  00001be4  8fa30004	lw	r3,4(r29)
 1111  00001be8  8fdffff8	lw	r31,-8(r30)
 1112  00001bec  001ee820	add	r29,r0,r30
 1113  00001bf0  8fdefffc	lw	r30,-4(r30)
 1114  00001bf4  4be00000	jr	r31
 1115  00001bf8  54000000	nop
 1116  00001bfc          	.endproc _dstrncpy
 1117  00001bfc          	.align 2
 1118  00001bfc          	.proc _dstrcat
 1119  00001bfc          	.global _dstrcat
 1120  00001bfc          	_dstrcat:
 1121                      ;  Function 'dstrcat'; 8 bytes of locals, 1 regs to save.
 1122  00001bfc  afbefffc	sw	-4(r29),r30; push fp
 1123  00001c00  001df020	add	r30,r0,r29; fp = sp
 1124  00001c04  afbffff8	sw	-8(r29),r31; push ret addr
 1125  00001c08  2fbd0018	subui	r29,r29,#24; alloc local storage
 1126  00001c0c  afa20000	sw	0(r29),r2
 1127  00001c10  8fc10000	lw	r1,(r30)
 1128  00001c14  afc1fff4	sw	-12(r30),r1
 1129  00001c18          	L21_LF2:
 1130  00001c18  8fc10000	lw	r1,(r30)
 1131  00001c1c  90220000	lbu	r2,(r1)
 1132  00001c20  64410000	snei	r1,r2,#0
 1133  00001c24  1420000c	bnez	r1,L23_LF2
 1134  00001c28  54000000	nop; delay slot nop
 1135  00001c2c  0800001c	j	L22_LF2
 1136  00001c30  54000000	nop; delay slot nop
 1137  00001c34          	L23_LF2:
 1138  00001c34  8fc20000	lw	r2,(r30)
 1139  00001c38  20410001	addi	r1,r2,#1
 1140  00001c3c  00011020	add	r2,r0,r1
 1141  00001c40  afc20000	sw	(r30),r2
 1142  00001c44  0bffffd0	j	L21_LF2
 1143  00001c48  54000000	nop; delay slot nop
 1144  00001c4c          	L22_LF2:
 1145  00001c4c  23bdfff8	addi	r29,r29,#-8
 1146  00001c50  001d0820	add	r1,r0,r29
 1147  00001c54  8fc20000	lw	r2,(r30)
 1148  00001c58  ac220000	sw	(r1),r2
 1149  00001c5c  8fc20004	lw	r2,4(r30)
 1150  00001c60  ac220004	sw	4(r1),r2
 1151  00001c64  0ffffe5c	jal	_dstrcpy
 1152  00001c68  54000000	nop; delay slot nop
 1153  00001c6c  23bd0008	addi	r29,r29,#8
 1154  00001c70  8fc1fff4	lw	r1,-12(r30)
 1155  00001c74  08000004	j	L20_LF2
 1156  00001c78  54000000	nop; delay slot nop
 1157  00001c7c          	L20_LF2:
 1158  00001c7c  8fa20000	lw	r2,0(r29)
 1159  00001c80  8fdffff8	lw	r31,-8(r30)
 1160  00001c84  001ee820	add	r29,r0,r30
 1161  00001c88  8fdefffc	lw	r30,-4(r30)
 1162  00001c8c  4be00000	jr	r31
 1163  00001c90  54000000	nop
 1164  00001c94          	.endproc _dstrcat
 1165  00001c94          	.align 2
 1166  00001c94          	.proc _dstrncmp
 1167  00001c94          	.global _dstrncmp
 1168  00001c94          	_dstrncmp:
 1169                      ;  Function 'dstrncmp'; 8 bytes of locals, 2 regs to save.
 1170  00001c94  afbefffc	sw	-4(r29),r30; push fp
 1171  00001c98  001df020	add	r30,r0,r29; fp = sp
 1172  00001c9c  afbffff8	sw	-8(r29),r31; push ret addr
 1173  00001ca0  2fbd0018	subui	r29,r29,#24; alloc local storage
 1174  00001ca4  afa20000	sw	0(r29),r2
 1175  00001ca8  afa30004	sw	4(r29),r3
 1176  00001cac  54000000	nop
 1177  00001cb0  20010000	addi	r1,r0,#0
 1178  00001cb4  afc1fff4	sw	-12(r30),r1
 1179  00001cb8          	L25_LF2:
 1180  00001cb8  8fc1fff4	lw	r1,-12(r30)
 1181  00001cbc  8fc20008	lw	r2,8(r30)
 1182  00001cc0  0022082a	slt	r1,r1,r2
 1183  00001cc4  1420000c	bnez	r1,L28_LF2
 1184  00001cc8  54000000	nop; delay slot nop
 1185  00001ccc  08000088	j	L26_LF2
 1186  00001cd0  54000000	nop; delay slot nop
 1187  00001cd4          	L28_LF2:
 1188  00001cd4  8fc10004	lw	r1,4(r30)
 1189  00001cd8  90220000	lbu	r2,(r1)
 1190  00001cdc  64410000	snei	r1,r2,#0
 1191  00001ce0  14200018	bnez	r1,L29_LF2
 1192  00001ce4  54000000	nop; delay slot nop
 1193  00001ce8  20010000	addi	r1,r0,#0
 1194  00001cec  080000d8	j	L24_LF2
 1195  00001cf0  54000000	nop; delay slot nop
 1196  00001cf4  08000028	j	L30_LF2
 1197  00001cf8  54000000	nop; delay slot nop
 1198  00001cfc          	L29_LF2:
 1199  00001cfc  8fc10000	lw	r1,(r30)
 1200  00001d00  8fc20004	lw	r2,4(r30)
 1201  00001d04  90210000	lbu	r1,(r1)
 1202  00001d08  90420000	lbu	r2,(r2)
 1203  00001d0c  00220829	sne	r1,r1,r2
 1204  00001d10  1020000c	beqz	r1,L30_LF2
 1205  00001d14  54000000	nop; delay slot nop
 1206  00001d18  0800003c	j	L26_LF2
 1207  00001d1c  54000000	nop; delay slot nop
 1208  00001d20          	L31_LF2:
 1209  00001d20          	L30_LF2:
 1210  00001d20  8fc20000	lw	r2,(r30)
 1211  00001d24  20410001	addi	r1,r2,#1
 1212  00001d28  00011020	add	r2,r0,r1
 1213  00001d2c  afc20000	sw	(r30),r2
 1214  00001d30  8fc20004	lw	r2,4(r30)
 1215  00001d34  20410001	addi	r1,r2,#1
 1216  00001d38  00011020	add	r2,r0,r1
 1217  00001d3c  afc20004	sw	4(r30),r2
 1218  00001d40          	L27_LF2:
 1219  00001d40  8fc2fff4	lw	r2,-12(r30)
 1220  00001d44  20410001	addi	r1,r2,#1
 1221  00001d48  00011020	add	r2,r0,r1
 1222  00001d4c  afc2fff4	sw	-12(r30),r2
 1223  00001d50  0bffff64	j	L25_LF2
 1224  00001d54  54000000	nop; delay slot nop
 1225  00001d58          	L26_LF2:
 1226  00001d58  8fc1fff4	lw	r1,-12(r30)
 1227  00001d5c  8fc20008	lw	r2,8(r30)
 1228  00001d60  00220828	seq	r1,r1,r2
 1229  00001d64  10200018	beqz	r1,L32_LF2
 1230  00001d68  54000000	nop; delay slot nop
 1231  00001d6c  20010000	addi	r1,r0,#0
 1232  00001d70  08000054	j	L24_LF2
 1233  00001d74  54000000	nop; delay slot nop
 1234  00001d78  0800004c	j	L33_LF2
 1235  00001d7c  54000000	nop; delay slot nop
 1236  00001d80          	L32_LF2:
 1237  00001d80  8fc20000	lw	r2,(r30)
 1238  00001d84  90410000	lbu	r1,(r2)
 1239  00001d88  8fc20004	lw	r2,4(r30)
 1240  00001d8c  90430000	lbu	r3,(r2)
 1241  00001d90  00230822	sub	r1,r1,r3
 1242  00001d94  74220000	sgei	r2,r1,#0
 1243  00001d98  10400020	beqz	r2,L34_LF2
 1244  00001d9c  54000000	nop; delay slot nop
 1245  00001da0  8fc10000	lw	r1,(r30)
 1246  00001da4  8fc20004	lw	r2,4(r30)
 1247  00001da8  90210000	lbu	r1,(r1)
 1248  00001dac  90420000	lbu	r2,(r2)
 1249  00001db0  00220829	sne	r1,r1,r2
 1250  00001db4  08000008	j	L35_LF2
 1251  00001db8  54000000	nop; delay slot nop
 1252  00001dbc          	L34_LF2:
 1253  00001dbc  2001ffff	addi	r1,r0,#-1
 1254  00001dc0          	L35_LF2:
 1255  00001dc0  08000004	j	L24_LF2
 1256  00001dc4  54000000	nop; delay slot nop
 1257  00001dc8          	L33_LF2:
 1258  00001dc8          	L24_LF2:
 1259  00001dc8  8fa20000	lw	r2,0(r29)
 1260  00001dcc  8fa30004	lw	r3,4(r29)
 1261  00001dd0  8fdffff8	lw	r31,-8(r30)
 1262  00001dd4  001ee820	add	r29,r0,r30
 1263  00001dd8  8fdefffc	lw	r30,-4(r30)
 1264  00001ddc  4be00000	jr	r31
 1265  00001de0  54000000	nop
 1266  00001de4          	.endproc _dstrncmp
 1267  00001de4          	.align 2
 1268  00001de4          	.proc _dstrlen
 1269  00001de4          	.global _dstrlen
 1270  00001de4          	_dstrlen:
 1271                      ;  Function 'dstrlen'; 8 bytes of locals, 1 regs to save.
 1272  00001de4  afbefffc	sw	-4(r29),r30; push fp
 1273  00001de8  001df020	add	r30,r0,r29; fp = sp
 1274  00001dec  afbffff8	sw	-8(r29),r31; push ret addr
 1275  00001df0  2fbd0018	subui	r29,r29,#24; alloc local storage
 1276  00001df4  afa20000	sw	0(r29),r2
 1277  00001df8  20010000	addi	r1,r0,#0
 1278  00001dfc  afc1fff4	sw	-12(r30),r1
 1279  00001e00          	L37_LF2:
 1280  00001e00  8fc10000	lw	r1,(r30)
 1281  00001e04  20220001	addi	r2,r1,#1
 1282  00001e08  afc20000	sw	(r30),r2
 1283  00001e0c  90210000	lbu	r1,(r1)
 1284  00001e10  64220000	snei	r2,r1,#0
 1285  00001e14  1440000c	bnez	r2,L39_LF2
 1286  00001e18  54000000	nop; delay slot nop
 1287  00001e1c  0800001c	j	L38_LF2
 1288  00001e20  54000000	nop; delay slot nop
 1289  00001e24          	L39_LF2:
 1290  00001e24  8fc2fff4	lw	r2,-12(r30)
 1291  00001e28  20410001	addi	r1,r2,#1
 1292  00001e2c  00011020	add	r2,r0,r1
 1293  00001e30  afc2fff4	sw	-12(r30),r2
 1294  00001e34  0bffffc8	j	L37_LF2
 1295  00001e38  54000000	nop; delay slot nop
 1296  00001e3c          	L38_LF2:
 1297  00001e3c  8fc1fff4	lw	r1,-12(r30)
 1298  00001e40  08000004	j	L36_LF2
 1299  00001e44  54000000	nop; delay slot nop
 1300  00001e48          	L36_LF2:
 1301  00001e48  8fa20000	lw	r2,0(r29)
 1302  00001e4c  8fdffff8	lw	r31,-8(r30)
 1303  00001e50  001ee820	add	r29,r0,r30
 1304  00001e54  8fdefffc	lw	r30,-4(r30)
 1305  00001e58  4be00000	jr	r31
 1306  00001e5c  54000000	nop
 1307  00001e60          	.endproc _dstrlen
 1308  00001e60          	.align 2
 1309  00001e60          	.proc _dstrstr
 1310  00001e60          	.global _dstrstr
 1311  00001e60          	_dstrstr:
 1312                      ;  Function 'dstrstr'; 8 bytes of locals, 1 regs to save.
 1313  00001e60  afbefffc	sw	-4(r29),r30; push fp
 1314  00001e64  001df020	add	r30,r0,r29; fp = sp
 1315  00001e68  afbffff8	sw	-8(r29),r31; push ret addr
 1316  00001e6c  2fbd0018	subui	r29,r29,#24; alloc local storage
 1317  00001e70  afa20000	sw	0(r29),r2
 1318  00001e74  23bdfff8	addi	r29,r29,#-8
 1319  00001e78  001d0820	add	r1,r0,r29
 1320  00001e7c  8fc20004	lw	r2,4(r30)
 1321  00001e80  ac220000	sw	(r1),r2
 1322  00001e84  0fffff5c	jal	_dstrlen
 1323  00001e88  54000000	nop; delay slot nop
 1324  00001e8c  23bd0008	addi	r29,r29,#8
 1325  00001e90  afc1fff4	sw	-12(r30),r1
 1326  00001e94          	L41_LF2:
 1327  00001e94  8fc10000	lw	r1,(r30)
 1328  00001e98  90220000	lbu	r2,(r1)
 1329  00001e9c  64410000	snei	r1,r2,#0
 1330  00001ea0  1420000c	bnez	r1,L43_LF2
 1331  00001ea4  54000000	nop; delay slot nop
 1332  00001ea8  08000060	j	L42_LF2
 1333  00001eac  54000000	nop; delay slot nop
 1334  00001eb0          	L43_LF2:
 1335  00001eb0  23bdfff0	addi	r29,r29,#-16
 1336  00001eb4  001d0820	add	r1,r0,r29
 1337  00001eb8  8fc20000	lw	r2,(r30)
 1338  00001ebc  ac220000	sw	(r1),r2
 1339  00001ec0  8fc20004	lw	r2,4(r30)
 1340  00001ec4  ac220004	sw	4(r1),r2
 1341  00001ec8  8fc2fff4	lw	r2,-12(r30)
 1342  00001ecc  ac220008	sw	8(r1),r2
 1343  00001ed0  0ffffdc0	jal	_dstrncmp
 1344  00001ed4  54000000	nop; delay slot nop
 1345  00001ed8  23bd0010	addi	r29,r29,#16
 1346  00001edc  64220000	snei	r2,r1,#0
 1347  00001ee0  14400010	bnez	r2,L44_LF2
 1348  00001ee4  54000000	nop; delay slot nop
 1349  00001ee8  8fc10000	lw	r1,(r30)
 1350  00001eec  08000028	j	L40_LF2
 1351  00001ef0  54000000	nop; delay slot nop
 1352  00001ef4          	L44_LF2:
 1353  00001ef4  8fc20000	lw	r2,(r30)
 1354  00001ef8  20410001	addi	r1,r2,#1
 1355  00001efc  00011020	add	r2,r0,r1
 1356  00001f00  afc20000	sw	(r30),r2
 1357  00001f04  0bffff8c	j	L41_LF2
 1358  00001f08  54000000	nop; delay slot nop
 1359  00001f0c          	L42_LF2:
 1360  00001f0c  20010000	addi	r1,r0,#0
 1361  00001f10  08000004	j	L40_LF2
 1362  00001f14  54000000	nop; delay slot nop
 1363  00001f18          	L40_LF2:
 1364  00001f18  8fa20000	lw	r2,0(r29)
 1365  00001f1c  8fdffff8	lw	r31,-8(r30)
 1366  00001f20  001ee820	add	r29,r0,r30
 1367  00001f24  8fdefffc	lw	r30,-4(r30)
 1368  00001f28  4be00000	jr	r31
 1369  00001f2c  54000000	nop
 1370  00001f30          	.endproc _dstrstr
 1371  00001f30          	.align 2
 1372  00001f30          	.proc _dmindex
 1373  00001f30          	.global _dmindex
 1374  00001f30          	_dmindex:
 1375                      ;  Function 'dmindex'; 8 bytes of locals, 1 regs to save.
 1376  00001f30  afbefffc	sw	-4(r29),r30; push fp
 1377  00001f34  001df020	add	r30,r0,r29; fp = sp
 1378  00001f38  afbffff8	sw	-8(r29),r31; push ret addr
 1379  00001f3c  2fbd0018	subui	r29,r29,#24; alloc local storage
 1380  00001f40  afa20000	sw	0(r29),r2
 1381  00001f44  54000000	nop
 1382  00001f48          	L46_LF2:
 1383  00001f48  8fc10000	lw	r1,(r30)
 1384  00001f4c  90220000	lbu	r2,(r1)
 1385  00001f50  64410000	snei	r1,r2,#0
 1386  00001f54  1420000c	bnez	r1,L48_LF2
 1387  00001f58  54000000	nop; delay slot nop
 1388  00001f5c  08000070	j	L47_LF2
 1389  00001f60  54000000	nop; delay slot nop
 1390  00001f64          	L48_LF2:
 1391  00001f64  8fc10004	lw	r1,4(r30)
 1392  00001f68  afc1fff4	sw	-12(r30),r1
 1393  00001f6c          	L49_LF2:
 1394  00001f6c  8fc1fff4	lw	r1,-12(r30)
 1395  00001f70  90220000	lbu	r2,(r1)
 1396  00001f74  64410000	snei	r1,r2,#0
 1397  00001f78  1420000c	bnez	r1,L52_LF2
 1398  00001f7c  54000000	nop; delay slot nop
 1399  00001f80  08000044	j	L50_LF2
 1400  00001f84  54000000	nop; delay slot nop
 1401  00001f88          	L52_LF2:
 1402  00001f88  8fc10000	lw	r1,(r30)
 1403  00001f8c  8fc2fff4	lw	r2,-12(r30)
 1404  00001f90  90210000	lbu	r1,(r1)
 1405  00001f94  90420000	lbu	r2,(r2)
 1406  00001f98  00220828	seq	r1,r1,r2
 1407  00001f9c  10200010	beqz	r1,L51_LF2
 1408  00001fa0  54000000	nop; delay slot nop
 1409  00001fa4  8fc10000	lw	r1,(r30)
 1410  00001fa8  08000030	j	L45_LF2
 1411  00001fac  54000000	nop; delay slot nop
 1412  00001fb0          	L53_LF2:
 1413  00001fb0          	L51_LF2:
 1414  00001fb0  8fc2fff4	lw	r2,-12(r30)
 1415  00001fb4  20410001	addi	r1,r2,#1
 1416  00001fb8  00011020	add	r2,r0,r1
 1417  00001fbc  afc2fff4	sw	-12(r30),r2
 1418  00001fc0  0bffffa8	j	L49_LF2
 1419  00001fc4  54000000	nop; delay slot nop
 1420  00001fc8          	L50_LF2:
 1421  00001fc8  0bffff7c	j	L46_LF2
 1422  00001fcc  54000000	nop; delay slot nop
 1423  00001fd0          	L47_LF2:
 1424  00001fd0  20010000	addi	r1,r0,#0
 1425  00001fd4  08000004	j	L45_LF2
 1426  00001fd8  54000000	nop; delay slot nop
 1427  00001fdc          	L45_LF2:
 1428  00001fdc  8fa20000	lw	r2,0(r29)
 1429  00001fe0  8fdffff8	lw	r31,-8(r30)
 1430  00001fe4  001ee820	add	r29,r0,r30
 1431  00001fe8  8fdefffc	lw	r30,-4(r30)
 1432  00001fec  4be00000	jr	r31
 1433  00001ff0  54000000	nop
 1434  00001ff4          	.endproc _dmindex
 1435  00001ff4          	.align 2
 1436  00001ff4          	.proc _dindex
 1437  00001ff4          	.global _dindex
 1438  00001ff4          	_dindex:
 1439                      ;  Function 'dindex'; 0 bytes of locals, 1 regs to save.
 1440  00001ff4  afbefffc	sw	-4(r29),r30; push fp
 1441  00001ff8  001df020	add	r30,r0,r29; fp = sp
 1442  00001ffc  afbffff8	sw	-8(r29),r31; push ret addr
 1443  00002000  2fbd0010	subui	r29,r29,#16; alloc local storage
 1444  00002004  afa20000	sw	0(r29),r2
 1445  00002008  54000000	nop
 1446  0000200c          	L55_LF2:
 1447  0000200c  8fc10000	lw	r1,(r30)
 1448  00002010  90220000	lbu	r2,(r1)
 1449  00002014  64410000	snei	r1,r2,#0
 1450  00002018  1420000c	bnez	r1,L57_LF2
 1451  0000201c  54000000	nop; delay slot nop
 1452  00002020  08000040	j	L56_LF2
 1453  00002024  54000000	nop; delay slot nop
 1454  00002028          	L57_LF2:
 1455  00002028  8fc10000	lw	r1,(r30)
 1456  0000202c  90220000	lbu	r2,(r1)
 1457  00002030  8fc10004	lw	r1,4(r30)
 1458  00002034  00411028	seq	r2,r2,r1
 1459  00002038  10400010	beqz	r2,L58_LF2
 1460  0000203c  54000000	nop; delay slot nop
 1461  00002040  8fc10000	lw	r1,(r30)
 1462  00002044  08000028	j	L54_LF2
 1463  00002048  54000000	nop; delay slot nop
 1464  0000204c          	L58_LF2:
 1465  0000204c  8fc20000	lw	r2,(r30)
 1466  00002050  20410001	addi	r1,r2,#1
 1467  00002054  00011020	add	r2,r0,r1
 1468  00002058  afc20000	sw	(r30),r2
 1469  0000205c  0bffffac	j	L55_LF2
 1470  00002060  54000000	nop; delay slot nop
 1471  00002064          	L56_LF2:
 1472  00002064  20010000	addi	r1,r0,#0
 1473  00002068  08000004	j	L54_LF2
 1474  0000206c  54000000	nop; delay slot nop
 1475  00002070          	L54_LF2:
 1476  00002070  8fa20000	lw	r2,0(r29)
 1477  00002074  8fdffff8	lw	r31,-8(r30)
 1478  00002078  001ee820	add	r29,r0,r30
 1479  0000207c  8fdefffc	lw	r30,-4(r30)
 1480  00002080  4be00000	jr	r31
 1481  00002084  54000000	nop
 1482  00002088          	.endproc _dindex
 1483  00002088          	.align 2
 1484  00002088          	.proc _ditoa
 1485  00002088          	.global _ditoa
 1486  00002088          	_ditoa:
 1487                      ;  Function 'ditoa'; 8 bytes of locals, 2 regs to save.
 1488  00002088  afbefffc	sw	-4(r29),r30; push fp
 1489  0000208c  001df020	add	r30,r0,r29; fp = sp
 1490  00002090  afbffff8	sw	-8(r29),r31; push ret addr
 1491  00002094  2fbd0018	subui	r29,r29,#24; alloc local storage
 1492  00002098  afa20000	sw	0(r29),r2
 1493  0000209c  afa30004	sw	4(r29),r3
 1494  000020a0  8fc10000	lw	r1,(r30)
 1495  000020a4  68220000	slti	r2,r1,#0
 1496  000020a8  1040002c	beqz	r2,L60_LF2
 1497  000020ac  54000000	nop; delay slot nop
 1498  000020b0  8fc10004	lw	r1,4(r30)
 1499  000020b4  20220001	addi	r2,r1,#1
 1500  000020b8  afc20004	sw	4(r30),r2
 1501  000020bc  2002002d	addi	r2,r0,(#0x2d)&0xff
 1502  000020c0  a0220000	sb	(r1),r2
 1503  000020c4  8fc10000	lw	r1,(r30)
 1504  000020c8  00011022	sub	r2,r0,r1
 1505  000020cc  afc20000	sw	(r30),r2
 1506  000020d0  08000118	j	L61_LF2
 1507  000020d4  54000000	nop; delay slot nop
 1508  000020d8          	L60_LF2:
 1509  000020d8  8fc10000	lw	r1,(r30)
 1510  000020dc  64220000	snei	r2,r1,#0
 1511  000020e0  14400020	bnez	r2,L62_LF2
 1512  000020e4  54000000	nop; delay slot nop
 1513  000020e8  8fc10004	lw	r1,4(r30)
 1514  000020ec  20220001	addi	r2,r1,#1
 1515  000020f0  afc20004	sw	4(r30),r2
 1516  000020f4  20020030	addi	r2,r0,(#0x30)&0xff
 1517  000020f8  a0220000	sb	(r1),r2
 1518  000020fc  080000ec	j	L61_LF2
 1519  00002100  54000000	nop; delay slot nop
 1520  00002104          	L62_LF2:
 1521  00002104  20010001	addi	r1,r0,#1
 1522  00002108  afc1fff4	sw	-12(r30),r1
 1523  0000210c          	L64_LF2:
 1524  0000210c  8fc1fff4	lw	r1,-12(r30)
 1525  00002110  8fc20000	lw	r2,(r30)
 1526  00002114  0022082c	sle	r1,r1,r2
 1527  00002118  1420000c	bnez	r1,L66_LF2
 1528  0000211c  54000000	nop; delay slot nop
 1529  00002120  08000024	j	L65_LF2
 1530  00002124  54000000	nop; delay slot nop
 1531  00002128          	L67_LF2:
 1532  00002128          	L66_LF2:
 1533  00002128  8fc1fff4	lw	r1,-12(r30)
 1534  0000212c  00011820	add	r3,r0,r1
 1535  00002130  50620002	slli	r2,r3,#0x2
 1536  00002134  00411020	add	r2,r2,r1
 1537  00002138  50410001	slli	r1,r2,#0x1
 1538  0000213c  afc1fff4	sw	-12(r30),r1
 1539  00002140  0bffffc8	j	L64_LF2
 1540  00002144  54000000	nop; delay slot nop
 1541  00002148          	L65_LF2:
 1542  00002148  54000000	nop
 1543  0000214c          	L68_LF2:
 1544  0000214c  8fc1fff4	lw	r1,-12(r30)
 1545  00002150  2002000a	addi	r2,r0,#10
 1546  00002154  00200035	movi2fp	f0,r1
 1547  00002158  00400835	movi2fp	f1,r2
 1548  0000215c  0401000f	div	f0,f0,f1
 1549  00002160  00000834	movfp2i	r1,f0
 1550  00002164  afc1fff4	sw	-12(r30),r1
 1551  00002168  8fc10004	lw	r1,4(r30)
 1552  0000216c  20220001	addi	r2,r1,#1
 1553  00002170  afc20004	sw	4(r30),r2
 1554  00002174  8fc20000	lw	r2,(r30)
 1555  00002178  8fc3fff4	lw	r3,-12(r30)
 1556  0000217c  00400035	movi2fp	f0,r2
 1557  00002180  00600835	movi2fp	f1,r3
 1558  00002184  0401000f	div	f0,f0,f1
 1559  00002188  00001034	movfp2i	r2,f0
 1560  0000218c  00021820	add	r3,r0,r2
 1561  00002190  20620030	addi	r2,r3,#48
 1562  00002194  a0220000	sb	(r1),r2
 1563  00002198  8fc10000	lw	r1,(r30)
 1564  0000219c  8fc3fff4	lw	r3,-12(r30)
 1565  000021a0  00200035	movi2fp	f0,r1
 1566  000021a4  00600835	movi2fp	f1,r3
 1567  000021a8  0401000f	div	f0,f0,f1
 1568  000021ac  00001034	movfp2i	r2,f0
 1569  000021b0  8fc3fff4	lw	r3,-12(r30)
 1570  000021b4  00400035	movi2fp	f0,r2
 1571  000021b8  00600835	movi2fp	f1,r3
 1572  000021bc  0401000e	mult	f0,f0,f1
 1573  000021c0  00001034	movfp2i	r2,f0
 1574  000021c4  00220822	sub	r1,r1,r2
 1575  000021c8  afc10000	sw	(r30),r1
 1576  000021cc          	L70_LF2:
 1577  000021cc  8fc1fff4	lw	r1,-12(r30)
 1578  000021d0  6c220001	sgti	r2,r1,#1
 1579  000021d4  1440000c	bnez	r2,L71_LF2
 1580  000021d8  54000000	nop; delay slot nop
 1581  000021dc  0800000c	j	L61_LF2
 1582  000021e0  54000000	nop; delay slot nop
 1583  000021e4          	L71_LF2:
 1584  000021e4  0bffff64	j	L68_LF2
 1585  000021e8  54000000	nop; delay slot nop
 1586  000021ec          	L69_LF2:
 1587  000021ec          	L63_LF2:
 1588  000021ec          	L61_LF2:
 1589  000021ec  8fc10004	lw	r1,4(r30)
 1590  000021f0  20020000	addi	r2,r0,(#0x0)&0xff
 1591  000021f4  a0220000	sb	(r1),r2
 1592  000021f8          	L59_LF2:
 1593  000021f8  8fa20000	lw	r2,0(r29)
 1594  000021fc  8fa30004	lw	r3,4(r29)
 1595  00002200  8fdffff8	lw	r31,-8(r30)
 1596  00002204  001ee820	add	r29,r0,r30
 1597  00002208  8fdefffc	lw	r30,-4(r30)
 1598  0000220c  4be00000	jr	r31
 1599  00002210  54000000	nop
 1600  00002214          	.endproc _ditoa
 1601  00002214          	.align 2
 1602  00002214          	.proc _dstrtol
 1603  00002214          	.global _dstrtol
 1604  00002214          	_dstrtol:
 1605                      ;  Function 'dstrtol'; 16 bytes of locals, 1 regs to save.
 1606  00002214  afbefffc	sw	-4(r29),r30; push fp
 1607  00002218  001df020	add	r30,r0,r29; fp = sp
 1608  0000221c  afbffff8	sw	-8(r29),r31; push ret addr
 1609  00002220  2fbd0020	subui	r29,r29,#32; alloc local storage
 1610  00002224  afa20000	sw	0(r29),r2
 1611  00002228  20010000	addi	r1,r0,#0
 1612  0000222c  afc1fff4	sw	-12(r30),r1
 1613  00002230          	L73_LF2:
 1614  00002230  8fc10000	lw	r1,(r30)
 1615  00002234  90220000	lbu	r2,(r1)
 1616  00002238  60410020	seqi	r1,r2,#32
 1617  0000223c  14200034	bnez	r1,L75_LF2
 1618  00002240  54000000	nop; delay slot nop
 1619  00002244  8fc10000	lw	r1,(r30)
 1620  00002248  90220000	lbu	r2,(r1)
 1621  0000224c  60410009	seqi	r1,r2,#9
 1622  00002250  14200020	bnez	r1,L75_LF2
 1623  00002254  54000000	nop; delay slot nop
 1624  00002258  8fc10000	lw	r1,(r30)
 1625  0000225c  90220000	lbu	r2,(r1)
 1626  00002260  6041000a	seqi	r1,r2,#10
 1627  00002264  1420000c	bnez	r1,L75_LF2
 1628  00002268  54000000	nop; delay slot nop
 1629  0000226c  0800001c	j	L74_LF2
 1630  00002270  54000000	nop; delay slot nop
 1631  00002274          	L75_LF2:
 1632  00002274  8fc20000	lw	r2,(r30)
 1633  00002278  20410001	addi	r1,r2,#1
 1634  0000227c  00011020	add	r2,r0,r1
 1635  00002280  afc20000	sw	(r30),r2
 1636  00002284  0bffffa8	j	L73_LF2
 1637  00002288  54000000	nop; delay slot nop
 1638  0000228c          	L74_LF2:
 1639  0000228c  8fc10004	lw	r1,4(r30)
 1640  00002290  64220000	snei	r2,r1,#0
 1641  00002294  10400010	beqz	r2,L76_LF2
 1642  00002298  54000000	nop; delay slot nop
 1643  0000229c  8fc10004	lw	r1,4(r30)
 1644  000022a0  8fc20000	lw	r2,(r30)
 1645  000022a4  ac220000	sw	(r1),r2
 1646  000022a8          	L76_LF2:
 1647  000022a8  8fc10000	lw	r1,(r30)
 1648  000022ac  90220000	lbu	r2,(r1)
 1649  000022b0  64410000	snei	r1,r2,#0
 1650  000022b4  14200010	bnez	r1,L77_LF2
 1651  000022b8  54000000	nop; delay slot nop
 1652  000022bc  8fc1fff4	lw	r1,-12(r30)
 1653  000022c0  08000294	j	L72_LF2
 1654  000022c4  54000000	nop; delay slot nop
 1655  000022c8          	L77_LF2:
 1656  000022c8  8fc10000	lw	r1,(r30)
 1657  000022cc  90220000	lbu	r2,(r1)
 1658  000022d0  6041002d	seqi	r1,r2,#45
 1659  000022d4  10200024	beqz	r1,L78_LF2
 1660  000022d8  54000000	nop; delay slot nop
 1661  000022dc  2001ffff	addi	r1,r0,#-1
 1662  000022e0  afc1ffec	sw	-20(r30),r1
 1663  000022e4  8fc20000	lw	r2,(r30)
 1664  000022e8  20410001	addi	r1,r2,#1
 1665  000022ec  00011020	add	r2,r0,r1
 1666  000022f0  afc20000	sw	(r30),r2
 1667  000022f4  0800000c	j	L79_LF2
 1668  000022f8  54000000	nop; delay slot nop
 1669  000022fc          	L78_LF2:
 1670  000022fc  20010001	addi	r1,r0,#1
 1671  00002300  afc1ffec	sw	-20(r30),r1
 1672  00002304          	L79_LF2:
 1673  00002304  8fc10008	lw	r1,8(r30)
 1674  00002308  64220000	snei	r2,r1,#0
 1675  0000230c  14400090	bnez	r2,L80_LF2
 1676  00002310  54000000	nop; delay slot nop
 1677  00002314  8fc10000	lw	r1,(r30)
 1678  00002318  90220000	lbu	r2,(r1)
 1679  0000231c  60410030	seqi	r1,r2,#48
 1680  00002320  10200074	beqz	r1,L81_LF2
 1681  00002324  54000000	nop; delay slot nop
 1682  00002328  8fc20000	lw	r2,(r30)
 1683  0000232c  20410001	addi	r1,r2,#1
 1684  00002330  00011020	add	r2,r0,r1
 1685  00002334  afc20000	sw	(r30),r2
 1686  00002338  8fc10000	lw	r1,(r30)
 1687  0000233c  90220000	lbu	r2,(r1)
 1688  00002340  60410078	seqi	r1,r2,#120
 1689  00002344  14200020	bnez	r1,L83_LF2
 1690  00002348  54000000	nop; delay slot nop
 1691  0000234c  8fc10000	lw	r1,(r30)
 1692  00002350  90220000	lbu	r2,(r1)
 1693  00002354  60410058	seqi	r1,r2,#88
 1694  00002358  1420000c	bnez	r1,L83_LF2
 1695  0000235c  54000000	nop; delay slot nop
 1696  00002360  08000024	j	L82_LF2
 1697  00002364  54000000	nop; delay slot nop
 1698  00002368          	L83_LF2:
 1699  00002368  20010010	addi	r1,r0,#16
 1700  0000236c  afc10008	sw	8(r30),r1
 1701  00002370  8fc20000	lw	r2,(r30)
 1702  00002374  20410001	addi	r1,r2,#1
 1703  00002378  00011020	add	r2,r0,r1
 1704  0000237c  afc20000	sw	(r30),r2
 1705  00002380  0800000c	j	L84_LF2
 1706  00002384  54000000	nop; delay slot nop
 1707  00002388          	L82_LF2:
 1708  00002388  20010008	addi	r1,r0,#8
 1709  0000238c  afc10008	sw	8(r30),r1
 1710  00002390          	L84_LF2:
 1711  00002390  0800000c	j	L80_LF2
 1712  00002394  54000000	nop; delay slot nop
 1713  00002398          	L81_LF2:
 1714  00002398  2001000a	addi	r1,r0,#10
 1715  0000239c  afc10008	sw	8(r30),r1
 1716  000023a0          	L85_LF2:
 1717  000023a0          	L80_LF2:
 1718  000023a0  8fc10008	lw	r1,8(r30)
 1719  000023a4  70220000	slei	r2,r1,#0
 1720  000023a8  1440001c	bnez	r2,L87_LF2
 1721  000023ac  54000000	nop; delay slot nop
 1722  000023b0  8fc10008	lw	r1,8(r30)
 1723  000023b4  6c220010	sgti	r2,r1,#16
 1724  000023b8  1440000c	bnez	r2,L87_LF2
 1725  000023bc  54000000	nop; delay slot nop
 1726  000023c0  08000010	j	L86_LF2
 1727  000023c4  54000000	nop; delay slot nop
 1728  000023c8          	L87_LF2:
 1729  000023c8  8fc1fff4	lw	r1,-12(r30)
 1730  000023cc  08000188	j	L72_LF2
 1731  000023d0  54000000	nop; delay slot nop
 1732  000023d4          	L86_LF2:
 1733  000023d4  54000000	nop
 1734  000023d8          	L88_LF2:
 1735  000023d8  8fc10000	lw	r1,(r30)
 1736  000023dc  90220000	lbu	r2,(r1)
 1737  000023e0  6c41002f	sgtui	r1,r2,#47
 1738  000023e4  10200030	beqz	r1,L91_LF2
 1739  000023e8  54000000	nop; delay slot nop
 1740  000023ec  8fc10000	lw	r1,(r30)
 1741  000023f0  90220000	lbu	r2,(r1)
 1742  000023f4  70410039	sleui	r1,r2,#57
 1743  000023f8  1020001c	beqz	r1,L91_LF2
 1744  000023fc  54000000	nop; delay slot nop
 1745  00002400  8fc10000	lw	r1,(r30)
 1746  00002404  90220000	lbu	r2,(r1)
 1747  00002408  2041ffd0	addi	r1,r2,#-48
 1748  0000240c  afc1fff0	sw	-16(r30),r1
 1749  00002410  0800008c	j	L92_LF2
 1750  00002414  54000000	nop; delay slot nop
 1751  00002418          	L91_LF2:
 1752  00002418  8fc10000	lw	r1,(r30)
 1753  0000241c  90220000	lbu	r2,(r1)
 1754  00002420  6c410060	sgtui	r1,r2,#96
 1755  00002424  10200030	beqz	r1,L93_LF2
 1756  00002428  54000000	nop; delay slot nop
 1757  0000242c  8fc10000	lw	r1,(r30)
 1758  00002430  90220000	lbu	r2,(r1)
 1759  00002434  7041007a	sleui	r1,r2,#122
 1760  00002438  1020001c	beqz	r1,L93_LF2
 1761  0000243c  54000000	nop; delay slot nop
 1762  00002440  8fc10000	lw	r1,(r30)
 1763  00002444  90220000	lbu	r2,(r1)
 1764  00002448  2041ffa9	addi	r1,r2,#-87
 1765  0000244c  afc1fff0	sw	-16(r30),r1
 1766  00002450  0800004c	j	L92_LF2
 1767  00002454  54000000	nop; delay slot nop
 1768  00002458          	L93_LF2:
 1769  00002458  8fc10000	lw	r1,(r30)
 1770  0000245c  90220000	lbu	r2,(r1)
 1771  00002460  6c410040	sgtui	r1,r2,#64
 1772  00002464  10200030	beqz	r1,L95_LF2
 1773  00002468  54000000	nop; delay slot nop
 1774  0000246c  8fc10000	lw	r1,(r30)
 1775  00002470  90220000	lbu	r2,(r1)
 1776  00002474  7041005a	sleui	r1,r2,#90
 1777  00002478  1020001c	beqz	r1,L95_LF2
 1778  0000247c  54000000	nop; delay slot nop
 1779  00002480  8fc10000	lw	r1,(r30)
 1780  00002484  90220000	lbu	r2,(r1)
 1781  00002488  2041ffc9	addi	r1,r2,#-55
 1782  0000248c  afc1fff0	sw	-16(r30),r1
 1783  00002490  0800000c	j	L92_LF2
 1784  00002494  54000000	nop; delay slot nop
 1785  00002498          	L95_LF2:
 1786  00002498  200103e8	addi	r1,r0,#1000
 1787  0000249c  afc1fff0	sw	-16(r30),r1
 1788  000024a0          	L96_LF2:
 1789  000024a0          	L94_LF2:
 1790  000024a0          	L92_LF2:
 1791  000024a0  8fc1fff0	lw	r1,-16(r30)
 1792  000024a4  8fc20008	lw	r2,8(r30)
 1793  000024a8  0022082a	slt	r1,r1,r2
 1794  000024ac  10200040	beqz	r1,L90_LF2
 1795  000024b0  54000000	nop; delay slot nop
 1796  000024b4  8fc1fff4	lw	r1,-12(r30)
 1797  000024b8  8fc20008	lw	r2,8(r30)
 1798  000024bc  00200035	movi2fp	f0,r1
 1799  000024c0  00400835	movi2fp	f1,r2
 1800  000024c4  0401000e	mult	f0,f0,f1
 1801  000024c8  00000834	movfp2i	r1,f0
 1802  000024cc  afc1fff4	sw	-12(r30),r1
 1803  000024d0  8fc1fff4	lw	r1,-12(r30)
 1804  000024d4  8fc2fff0	lw	r2,-16(r30)
 1805  000024d8  00220820	add	r1,r1,r2
 1806  000024dc  afc1fff4	sw	-12(r30),r1
 1807  000024e0  8fc20000	lw	r2,(r30)
 1808  000024e4  20410001	addi	r1,r2,#1
 1809  000024e8  00011020	add	r2,r0,r1
 1810  000024ec  afc20000	sw	(r30),r2
 1811  000024f0          	L97_LF2:
 1812  000024f0          	L90_LF2:
 1813  000024f0  8fc1fff0	lw	r1,-16(r30)
 1814  000024f4  8fc20008	lw	r2,8(r30)
 1815  000024f8  0022082a	slt	r1,r1,r2
 1816  000024fc  1420000c	bnez	r1,L98_LF2
 1817  00002500  54000000	nop; delay slot nop
 1818  00002504  0800000c	j	L89_LF2
 1819  00002508  54000000	nop; delay slot nop
 1820  0000250c          	L98_LF2:
 1821  0000250c  0bfffec8	j	L88_LF2
 1822  00002510  54000000	nop; delay slot nop
 1823  00002514          	L89_LF2:
 1824  00002514  8fc10004	lw	r1,4(r30)
 1825  00002518  64220000	snei	r2,r1,#0
 1826  0000251c  10400010	beqz	r2,L99_LF2
 1827  00002520  54000000	nop; delay slot nop
 1828  00002524  8fc10004	lw	r1,4(r30)
 1829  00002528  8fc20000	lw	r2,(r30)
 1830  0000252c  ac220000	sw	(r1),r2
 1831  00002530          	L99_LF2:
 1832  00002530  8fc1fff4	lw	r1,-12(r30)
 1833  00002534  8fc2ffec	lw	r2,-20(r30)
 1834  00002538  00200035	movi2fp	f0,r1
 1835  0000253c  00400835	movi2fp	f1,r2
 1836  00002540  0401000e	mult	f0,f0,f1
 1837  00002544  00000834	movfp2i	r1,f0
 1838  00002548  afc1fff4	sw	-12(r30),r1
 1839  0000254c  8fc1fff4	lw	r1,-12(r30)
 1840  00002550  08000004	j	L72_LF2
 1841  00002554  54000000	nop; delay slot nop
 1842  00002558          	L72_LF2:
 1843  00002558  8fa20000	lw	r2,0(r29)
 1844  0000255c  8fdffff8	lw	r31,-8(r30)
 1845  00002560  001ee820	add	r29,r0,r30
 1846  00002564  8fdefffc	lw	r30,-4(r30)
 1847  00002568  4be00000	jr	r31
 1848  0000256c  54000000	nop
 1849  00002570          	.endproc _dstrtol
 1850  00002570          	.align 2
 1851  00002570          	.proc _bcopy
 1852  00002570          	.global _bcopy
 1853  00002570          	_bcopy:
 1854                      ;  Function 'bcopy'; 0 bytes of locals, 2 regs to save.
 1855  00002570  afbefffc	sw	-4(r29),r30; push fp
 1856  00002574  001df020	add	r30,r0,r29; fp = sp
 1857  00002578  afbffff8	sw	-8(r29),r31; push ret addr
 1858  0000257c  2fbd0010	subui	r29,r29,#16; alloc local storage
 1859  00002580  afa20000	sw	0(r29),r2
 1860  00002584  afa30004	sw	4(r29),r3
 1861  00002588  54000000	nop
 1862  0000258c          	L101_LF2:
 1863  0000258c  8fc10008	lw	r1,8(r30)
 1864  00002590  2022ffff	addi	r2,r1,#-1
 1865  00002594  afc20008	sw	8(r30),r2
 1866  00002598  6c210000	sgti	r1,r1,#0
 1867  0000259c  1420000c	bnez	r1,L103_LF2
 1868  000025a0  54000000	nop; delay slot nop
 1869  000025a4  0800002c	j	L102_LF2
 1870  000025a8  54000000	nop; delay slot nop
 1871  000025ac          	L103_LF2:
 1872  000025ac  8fc10004	lw	r1,4(r30)
 1873  000025b0  20220001	addi	r2,r1,#1
 1874  000025b4  afc20004	sw	4(r30),r2
 1875  000025b8  8fc20000	lw	r2,(r30)
 1876  000025bc  20430001	addi	r3,r2,#1
 1877  000025c0  afc30000	sw	(r30),r3
 1878  000025c4  80420000	lb	r2,(r2)
 1879  000025c8  a0220000	sb	(r1),r2
 1880  000025cc  0bffffbc	j	L101_LF2
 1881  000025d0  54000000	nop; delay slot nop
 1882  000025d4          	L102_LF2:
 1883  000025d4          	L100_LF2:
 1884  000025d4  8fa20000	lw	r2,0(r29)
 1885  000025d8  8fa30004	lw	r3,4(r29)
 1886  000025dc  8fdffff8	lw	r31,-8(r30)
 1887  000025e0  001ee820	add	r29,r0,r30
 1888  000025e4  8fdefffc	lw	r30,-4(r30)
 1889  000025e8  4be00000	jr	r31
 1890  000025ec  54000000	nop
 1891  000025f0          	.endproc _bcopy
 1892  000025f0          	.align 2
 1893  000025f0          	.proc _bzero
 1894  000025f0          	.global _bzero
 1895  000025f0          	_bzero:
 1896                      ;  Function 'bzero'; 0 bytes of locals, 1 regs to save.
 1897  000025f0  afbefffc	sw	-4(r29),r30; push fp
 1898  000025f4  001df020	add	r30,r0,r29; fp = sp
 1899  000025f8  afbffff8	sw	-8(r29),r31; push ret addr
 1900  000025fc  2fbd0010	subui	r29,r29,#16; alloc local storage
 1901  00002600  afa20000	sw	0(r29),r2
 1902  00002604  54000000	nop
 1903  00002608          	L105_LF2:
 1904  00002608  8fc10004	lw	r1,4(r30)
 1905  0000260c  2022ffff	addi	r2,r1,#-1
 1906  00002610  afc20004	sw	4(r30),r2
 1907  00002614  6c210000	sgti	r1,r1,#0
 1908  00002618  1420000c	bnez	r1,L107_LF2
 1909  0000261c  54000000	nop; delay slot nop
 1910  00002620  08000020	j	L106_LF2
 1911  00002624  54000000	nop; delay slot nop
 1912  00002628          	L107_LF2:
 1913  00002628  8fc10000	lw	r1,(r30)
 1914  0000262c  20220001	addi	r2,r1,#1
 1915  00002630  afc20000	sw	(r30),r2
 1916  00002634  20020000	addi	r2,r0,(#0x0)&0xff
 1917  00002638  a0220000	sb	(r1),r2
 1918  0000263c  0bffffc8	j	L105_LF2
 1919  00002640  54000000	nop; delay slot nop
 1920  00002644          	L106_LF2:
 1921  00002644          	L104_LF2:
 1922  00002644  8fa20000	lw	r2,0(r29)
 1923  00002648  8fdffff8	lw	r31,-8(r30)
 1924  0000264c  001ee820	add	r29,r0,r30
 1925  00002650  8fdefffc	lw	r30,-4(r30)
 1926  00002654  4be00000	jr	r31
 1927  00002658  54000000	nop
 1928  0000265c          	.endproc _bzero
 1929  0000265c          	.align 2
 1930  0000265c          	.proc _min
 1931  0000265c          	.global _min
 1932  0000265c          	_min:
 1933                      ;  Function 'min'; 0 bytes of locals, 2 regs to save.
 1934  0000265c  afbefffc	sw	-4(r29),r30; push fp
 1935  00002660  001df020	add	r30,r0,r29; fp = sp
 1936  00002664  afbffff8	sw	-8(r29),r31; push ret addr
 1937  00002668  2fbd0010	subui	r29,r29,#16; alloc local storage
 1938  0000266c  afa20000	sw	0(r29),r2
 1939  00002670  afa30004	sw	4(r29),r3
 1940  00002674  8fc10000	lw	r1,(r30)
 1941  00002678  8fc20004	lw	r2,4(r30)
 1942  0000267c  0022182c	sle	r3,r1,r2
 1943  00002680  14600008	bnez	r3,L109_LF2
 1944  00002684  54000000	nop; delay slot nop
 1945  00002688  8fc10004	lw	r1,4(r30)
 1946  0000268c          	L109_LF2:
 1947  0000268c  08000004	j	L108_LF2
 1948  00002690  54000000	nop; delay slot nop
 1949  00002694          	L108_LF2:
 1950  00002694  8fa20000	lw	r2,0(r29)
 1951  00002698  8fa30004	lw	r3,4(r29)
 1952  0000269c  8fdffff8	lw	r31,-8(r30)
 1953  000026a0  001ee820	add	r29,r0,r30
 1954  000026a4  8fdefffc	lw	r30,-4(r30)
 1955  000026a8  4be00000	jr	r31
 1956  000026ac  54000000	nop
 1957  000026b0          	.endproc _min
 1958  000026b0          	.align 2
 1959  000026b0          	.proc _max
 1960  000026b0          	.global _max
 1961  000026b0          	_max:
 1962                      ;  Function 'max'; 0 bytes of locals, 2 regs to save.
 1963  000026b0  afbefffc	sw	-4(r29),r30; push fp
 1964  000026b4  001df020	add	r30,r0,r29; fp = sp
 1965  000026b8  afbffff8	sw	-8(r29),r31; push ret addr
 1966  000026bc  2fbd0010	subui	r29,r29,#16; alloc local storage
 1967  000026c0  afa20000	sw	0(r29),r2
 1968  000026c4  afa30004	sw	4(r29),r3
 1969  000026c8  8fc10000	lw	r1,(r30)
 1970  000026cc  8fc20004	lw	r2,4(r30)
 1971  000026d0  0022182d	sge	r3,r1,r2
 1972  000026d4  14600008	bnez	r3,L111_LF2
 1973  000026d8  54000000	nop; delay slot nop
 1974  000026dc  8fc10004	lw	r1,4(r30)
 1975  000026e0          	L111_LF2:
 1976  000026e0  08000004	j	L110_LF2
 1977  000026e4  54000000	nop; delay slot nop
 1978  000026e8          	L110_LF2:
 1979  000026e8  8fa20000	lw	r2,0(r29)
 1980  000026ec  8fa30004	lw	r3,4(r29)
 1981  000026f0  8fdffff8	lw	r31,-8(r30)
 1982  000026f4  001ee820	add	r29,r0,r30
 1983  000026f8  8fdefffc	lw	r30,-4(r30)
 1984  000026fc  4be00000	jr	r31
 1985  00002700  54000000	nop
 1986  00002704          	.endproc _max
 1987                      ;;; Ethan L. Miller, 1999.  Released to the public domain
 1988                      ;;;
 1989                      ;;; Most of the traps are called in files from libtraps.
 1992  00002704          	.align 2
 1993  00002704          	.proc _exit
 1994  00002704          	.global _exit
 1995  00002704          	_exit:
 1996  00002704  44000300	trap	#0x300
 1997  00002708  4be00000	jr	r31
 1998  0000270c  54000000	nop
 1999  00002710          	.endproc _exit
 2001                      ; for the benefit of gcc.
 2002  00002710          	.proc ___main
 2003  00002710          	.global ___main
 2004  00002710          	___main:
 2005  00002710  4be00000	jr	r31
 2006  00002714  54000000	nop
 2007  00002718          	.endproc ___main
 2008  00002718          	.text
 2009  00002718          	.global _etext
 2010  00002718          	_etext:
 2011  00002718          	.align 3
 2012  00002718          	.data
 2013  00003542          	.global _edata
 2014  00003542          	_edata:
