 line   address	contents
    1                      ; Linked by DLX-LD.
    2                      ; MemSize 24576
    3                      ; Data size: 1346
    4                      ; Text size: 5936
    5                      ; Stack size: 8192
    6  00000000          	.text 0x1000
    7  00001000          	.data 0x3000
    8                      ; Compiled by GCC
    9  00003000          	.text
   10  00001000          	.align 2
   11  00001000          	.proc _isspace
   12  00001000          	.global _isspace
   13  00001000          	_isspace:
   14                      ;  Function 'isspace'; 0 bytes of locals, 1 regs to save.
   15  00001000  afbefffc	sw	-4(r29),r30; push fp
   16  00001004  001df020	add	r30,r0,r29; fp = sp
   17  00001008  afbffff8	sw	-8(r29),r31; push ret addr
   18  0000100c  2fbd0010	subui	r29,r29,#16; alloc local storage
   19  00001010  afa20000	sw	0(r29),r2
   20  00001014  83c20003	lb	r2,3(r30)
   21  00001018  201f0000	addi	r31,r0,#0
   22  0000101c  304100ff	andi	r1,r2,#0x00ff
   23  00001020  60210020	seqi	r1,r1,#32
   24  00001024  14200018	bnez	r1,L6_LF0
   25  00001028  54000000	nop; not filled.
   26  0000102c  2041fff7	addi	r1,r2,#-9
   27  00001030  302100ff	andi	r1,r1,#0x00ff
   28  00001034  70210001	sleui	r1,r1,#1
   29  00001038  10200008	beqz	r1,L5_LF0
   30  0000103c  54000000	nop; not filled.
   31  00001040          	L6_LF0:
   32  00001040  201f0001	addi	r31,r0,#1
   33  00001044          	L5_LF0:
   34  00001044  001f0820	add	r1,r0,r31
   35  00001048  8fa20000	lw	r2,0(r29)
   36  0000104c  8fdffff8	lw	r31,-8(r30)
   37  00001050  001ee820	add	r29,r0,r30
   38  00001054  8fdefffc	lw	r30,-4(r30)
   39  00001058  4be00000	jr	r31
   40  0000105c  54000000	nop
   41  00001060          	.endproc _isspace
   42  00001060          	.align 2
   43  00001060          	.proc _isxdigit
   44  00001060          	.global _isxdigit
   45  00001060          	_isxdigit:
   46                      ;  Function 'isxdigit'; 0 bytes of locals, 1 regs to save.
   47  00001060  afbefffc	sw	-4(r29),r30; push fp
   48  00001064  001df020	add	r30,r0,r29; fp = sp
   49  00001068  afbffff8	sw	-8(r29),r31; push ret addr
   50  0000106c  2fbd0010	subui	r29,r29,#16; alloc local storage
   51  00001070  afa20000	sw	0(r29),r2
   52  00001074  83df0003	lb	r31,3(r30)
   53  00001078  20020000	addi	r2,r0,#0
   54  0000107c  23e1ffd0	addi	r1,r31,#-48
   55  00001080  302100ff	andi	r1,r1,#0x00ff
   56  00001084  70210009	sleui	r1,r1,#9
   57  00001088  14200028	bnez	r1,L12_LF0
   58  0000108c  54000000	nop; not filled.
   59  00001090  23e1ff9f	addi	r1,r31,#-97
   60  00001094  302100ff	andi	r1,r1,#0x00ff
   61  00001098  70210005	sleui	r1,r1,#5
   62  0000109c  14200014	bnez	r1,L12_LF0
   63  000010a0  54000000	nop; not filled.
   64  000010a4  33e100ff	andi	r1,r31,#0x00ff
   65  000010a8  64210041	snei	r1,r1,#65
   66  000010ac  14200008	bnez	r1,L11_LF0
   67  000010b0  54000000	nop; not filled.
   68  000010b4          	L12_LF0:
   69  000010b4  20020001	addi	r2,r0,#1
   70  000010b8          	L11_LF0:
   71  000010b8  00020820	add	r1,r0,r2
   72  000010bc  8fa20000	lw	r2,0(r29)
   73  000010c0  8fdffff8	lw	r31,-8(r30)
   74  000010c4  001ee820	add	r29,r0,r30
   75  000010c8  8fdefffc	lw	r30,-4(r30)
   76  000010cc  4be00000	jr	r31
   77  000010d0  54000000	nop
   78  000010d4          	.endproc _isxdigit
   79  000010d4          	.data
   80  00003000          	.align 2
   81  00003000          	LC0_LF0:
   82  00003000  55736167	.ascii "Usage: %s <number of hello world processes to create> <number of simul"
   82  00003004  653a2025	
   82  00003008  73203c6e	
   82  0000300c  756d6265	
   82  00003010  72206f66	
   82  00003014  2068656c	
   82  00003018  6c6f2077	
   82  0000301c  6f726c64	
   82  00003020  2070726f	
   82  00003024  63657373	
   82  00003028  65732074	
   82  0000302c  6f206372	
   82  00003030  65617465	
   82  00003034  3e203c6e	
   82  00003038  756d6265	
   82  0000303c  72206f66	
   82  00003040  2073696d	
   82  00003044  756c    	
   83  00003046  74616e65	.ascii "taneous delay processes to create>\n\000"
   83  0000304a  6f757320	
   83  0000304e  64656c61	
   83  00003052  79207072	
   83  00003056  6f636573	
   83  0000305a  73657320	
   83  0000305e  746f2063	
   83  00003062  72656174	
   83  00003066  653e0a00	
   84  0000306a          	.align 2
   85  0000306c          	LC1_LF0:
   86  0000306c  0a2d2d2d	.ascii "\n--------------------------------------------------------------------"
   86  00003070  2d2d2d2d	
   86  00003074  2d2d2d2d	
   86  00003078  2d2d2d2d	
   86  0000307c  2d2d2d2d	
   86  00003080  2d2d2d2d	
   86  00003084  2d2d2d2d	
   86  00003088  2d2d2d2d	
   86  0000308c  2d2d2d2d	
   86  00003090  2d2d2d2d	
   86  00003094  2d2d2d2d	
   86  00003098  2d2d2d2d	
   86  0000309c  2d2d2d2d	
   86  000030a0  2d2d2d2d	
   86  000030a4  2d2d2d2d	
   86  000030a8  2d2d2d2d	
   86  000030ac  2d2d2d2d	
   86  000030b0  2d      	
   87  000030b1  2d2d2d2d	.ascii "-----------------\n\000"
   87  000030b5  2d2d2d2d	
   87  000030b9  2d2d2d2d	
   87  000030bd  2d2d2d2d	
   87  000030c1  2d0a00  	
   88  000030c4          	.align 2
   89  000030c4          	LC2_LF0:
   90  000030c4  6d616b65	.ascii "makeprocs (%d): TEST #1: Create a single hello_world process\n\000"
   90  000030c8  70726f63	
   90  000030cc  73202825	
   90  000030d0  64293a20	
   90  000030d4  54455354	
   90  000030d8  2023313a	
   90  000030dc  20437265	
   90  000030e0  61746520	
   90  000030e4  61207369	
   90  000030e8  6e676c65	
   90  000030ec  2068656c	
   90  000030f0  6c6f5f77	
   90  000030f4  6f726c64	
   90  000030f8  2070726f	
   90  000030fc  63657373	
   90  00003100  0a00    	
   91  00003102          	.align 2
   92  00003104          	LC3_LF0:
   93  00003104  6d616b65	.ascii "makeprocs (%d): Bad sem_create\n\000"
   93  00003108  70726f63	
   93  0000310c  73202825	
   93  00003110  64293a20	
   93  00003114  42616420	
   93  00003118  73656d5f	
   93  0000311c  63726561	
   93  00003120  74650a00	
   94  00003124          	.align 2
   95  00003124          	LC4_LF0:
   96  00003124  6d616b65	.ascii "makeprocs (%d): Creating hello_world process\n\000"
   96  00003128  70726f63	
   96  0000312c  73202825	
   96  00003130  64293a20	
   96  00003134  43726561	
   96  00003138  74696e67	
   96  0000313c  2068656c	
   96  00003140  6c6f5f77	
   96  00003144  6f726c64	
   96  00003148  2070726f	
   96  0000314c  63657373	
   96  00003150  0a00    	
   97  00003152          	.align 2
   98  00003154          	LC5_LF0:
   99  00003154  68656c6c	.ascii "hello_world.dlx.obj\000"
   99  00003158  6f5f776f	
   99  0000315c  726c642e	
   99  00003160  646c782e	
   99  00003164  6f626a00	
  100  00003168          	.align 2
  101  00003168          	LC6_LF0:
  102  00003168  42616420	.ascii "Bad semaphore s_procs_completed (%d) in %s\n\000"
  102  0000316c  73656d61	
  102  00003170  70686f72	
  102  00003174  6520735f	
  102  00003178  70726f63	
  102  0000317c  735f636f	
  102  00003180  6d706c65	
  102  00003184  74656420	
  102  00003188  28256429	
  102  0000318c  20696e20	
  102  00003190  25730a00	
  103  00003194          	.align 2
  104  00003194          	LC7_LF0:
  105  00003194  6d616b65	.ascii "makeprocs (%d): TEST #1 Complete!!\n\000"
  105  00003198  70726f63	
  105  0000319c  73202825	
  105  000031a0  64293a20	
  105  000031a4  54455354	
  105  000031a8  20233120	
  105  000031ac  436f6d70	
  105  000031b0  6c657465	
  105  000031b4  21210a00	
  106  000031b8          	.align 2
  107  000031b8          	LC8_LF0:
  108  000031b8  2d2d2d2d	.ascii "----------------------------------------------------------------------"
  108  000031bc  2d2d2d2d	
  108  000031c0  2d2d2d2d	
  108  000031c4  2d2d2d2d	
  108  000031c8  2d2d2d2d	
  108  000031cc  2d2d2d2d	
  108  000031d0  2d2d2d2d	
  108  000031d4  2d2d2d2d	
  108  000031d8  2d2d2d2d	
  108  000031dc  2d2d2d2d	
  108  000031e0  2d2d2d2d	
  108  000031e4  2d2d2d2d	
  108  000031e8  2d2d2d2d	
  108  000031ec  2d2d2d2d	
  108  000031f0  2d2d2d2d	
  108  000031f4  2d2d2d2d	
  108  000031f8  2d2d2d2d	
  108  000031fc  2d2d    	
  109  000031fe  2d2d2d2d	.ascii "---------------\n\n\000"
  109  00003202  2d2d2d2d	
  109  00003206  2d2d2d2d	
  109  0000320a  2d2d2d0a	
  109  0000320e  0a00    	
  110  00003210          	.align 2
  111  00003210          	LC9_LF0:
  112  00003210  2d2d2d2d	.ascii "----------------------------------------------------------------------"
  112  00003214  2d2d2d2d	
  112  00003218  2d2d2d2d	
  112  0000321c  2d2d2d2d	
  112  00003220  2d2d2d2d	
  112  00003224  2d2d2d2d	
  112  00003228  2d2d2d2d	
  112  0000322c  2d2d2d2d	
  112  00003230  2d2d2d2d	
  112  00003234  2d2d2d2d	
  112  00003238  2d2d2d2d	
  112  0000323c  2d2d2d2d	
  112  00003240  2d2d2d2d	
  112  00003244  2d2d2d2d	
  112  00003248  2d2d2d2d	
  112  0000324c  2d2d2d2d	
  112  00003250  2d2d2d2d	
  112  00003254  2d2d    	
  113  00003256  2d2d2d2d	.ascii "---------------\n\000"
  113  0000325a  2d2d2d2d	
  113  0000325e  2d2d2d2d	
  113  00003262  2d2d2d0a	
  113  00003266  00      	
  114  00003267          	.align 2
  115  00003268          	LC10_LF0:
  116  00003268  6d616b65	.ascii "makeprocs (%d): TEST #2: Create %d hello_world processes sequentially\n"
  116  0000326c  70726f63	
  116  00003270  73202825	
  116  00003274  64293a20	
  116  00003278  54455354	
  116  0000327c  2023323a	
  116  00003280  20437265	
  116  00003284  61746520	
  116  00003288  25642068	
  116  0000328c  656c6c6f	
  116  00003290  5f776f72	
  116  00003294  6c642070	
  116  00003298  726f6365	
  116  0000329c  73736573	
  116  000032a0  20736571	
  116  000032a4  75656e74	
  116  000032a8  69616c6c	
  116  000032ac  790a    	
  117  000032ae  00      	.ascii "\000"
  118  000032af          	.align 2
  119  000032b0          	LC11_LF0:
  120  000032b0  6d616b65	.ascii "makeprocs (%d): Creating %d hello_world processes in a row, but only o"
  120  000032b4  70726f63	
  120  000032b8  73202825	
  120  000032bc  64293a20	
  120  000032c0  43726561	
  120  000032c4  74696e67	
  120  000032c8  20256420	
  120  000032cc  68656c6c	
  120  000032d0  6f5f776f	
  120  000032d4  726c6420	
  120  000032d8  70726f63	
  120  000032dc  65737365	
  120  000032e0  7320696e	
  120  000032e4  20612072	
  120  000032e8  6f772c20	
  120  000032ec  62757420	
  120  000032f0  6f6e6c79	
  120  000032f4  206f    	
  121  000032f6  6e652072	.ascii "ne runs at a time\n\000"
  121  000032fa  756e7320	
  121  000032fe  61742061	
  121  00003302  2074696d	
  121  00003306  650a00  	
  122  00003309          	.align 2
  123  0000330c          	LC12_LF0:
  124  0000330c  6d616b65	.ascii "makeprocs (%d): Creating hello world #%d\n\000"
  124  00003310  70726f63	
  124  00003314  73202825	
  124  00003318  64293a20	
  124  0000331c  43726561	
  124  00003320  74696e67	
  124  00003324  2068656c	
  124  00003328  6c6f2077	
  124  0000332c  6f726c64	
  124  00003330  20232564	
  124  00003334  0a00    	
  125  00003336          	.align 2
  126  00003338          	LC13_LF0:
  127  00003338  6d616b65	.ascii "makeprocs (%d): TEST #2 Complete!!\n\000"
  127  0000333c  70726f63	
  127  00003340  73202825	
  127  00003344  64293a20	
  127  00003348  54455354	
  127  0000334c  20233220	
  127  00003350  436f6d70	
  127  00003354  6c657465	
  127  00003358  21210a00	
  128  0000335c          	.align 2
  129  0000335c          	LC14_LF0:
  130  0000335c  6d616b65	.ascii "makeprocs (%d): TEST #3: Create %d delay_prog processes simultaneously"
  130  00003360  70726f63	
  130  00003364  73202825	
  130  00003368  64293a20	
  130  0000336c  54455354	
  130  00003370  2023333a	
  130  00003374  20437265	
  130  00003378  61746520	
  130  0000337c  25642064	
  130  00003380  656c6179	
  130  00003384  5f70726f	
  130  00003388  67207072	
  130  0000338c  6f636573	
  130  00003390  73657320	
  130  00003394  73696d75	
  130  00003398  6c74616e	
  130  0000339c  656f7573	
  130  000033a0  6c79    	
  131  000033a2  0a00    	.ascii "\n\000"
  132  000033a4          	.align 2
  133  000033a4          	LC15_LF0:
  134  000033a4  6d616b65	.ascii "makeprocs (%d): Creating %d delay processes running simultaneously\n\000"
  134  000033a8  70726f63	
  134  000033ac  73202825	
  134  000033b0  64293a20	
  134  000033b4  43726561	
  134  000033b8  74696e67	
  134  000033bc  20256420	
  134  000033c0  64656c61	
  134  000033c4  79207072	
  134  000033c8  6f636573	
  134  000033cc  73657320	
  134  000033d0  72756e6e	
  134  000033d4  696e6720	
  134  000033d8  73696d75	
  134  000033dc  6c74616e	
  134  000033e0  656f7573	
  134  000033e4  6c790a00	
  135  000033e8          	.align 2
  136  000033e8          	LC16_LF0:
  137  000033e8  6d616b65	.ascii "makeprocs (%d): Creating delay program #%d\n\000"
  137  000033ec  70726f63	
  137  000033f0  73202825	
  137  000033f4  64293a20	
  137  000033f8  43726561	
  137  000033fc  74696e67	
  137  00003400  2064656c	
  137  00003404  61792070	
  137  00003408  726f6772	
  137  0000340c  616d2023	
  137  00003410  25640a00	
  138  00003414          	.align 2
  139  00003414          	LC17_LF0:
  140  00003414  64656c61	.ascii "delay_prog.dlx.obj\000"
  140  00003418  795f7072	
  140  0000341c  6f672e64	
  140  00003420  6c782e6f	
  140  00003424  626a00  	
  141  00003427          	.align 2
  142  00003428          	LC18_LF0:
  143  00003428  6d616b65	.ascii "makeprocs (%d): TEST #3 Complete!!\n\000"
  143  0000342c  70726f63	
  143  00003430  73202825	
  143  00003434  64293a20	
  143  00003438  54455354	
  143  0000343c  20233320	
  143  00003440  436f6d70	
  143  00003444  6c657465	
  143  00003448  21210a00	
  144  0000344c          	.align 2
  145  0000344c          	LC19_LF0:
  146  0000344c  6d616b65	.ascii "makeprocs (%d): TEST #4: Cause user stack to grow larger than 1 page\n"
  146  00003450  70726f63	
  146  00003454  73202825	
  146  00003458  64293a20	
  146  0000345c  54455354	
  146  00003460  2023343a	
  146  00003464  20436175	
  146  00003468  73652075	
  146  0000346c  73657220	
  146  00003470  73746163	
  146  00003474  6b20746f	
  146  00003478  2067726f	
  146  0000347c  77206c61	
  146  00003480  72676572	
  146  00003484  20746861	
  146  00003488  6e203120	
  146  0000348c  70616765	
  146  00003490  0a      	
  147  00003491  00      	.ascii "\000"
  148  00003492          	.align 2
  149  00003494          	LC20_LF0:
  150  00003494  6d616b65	.ascii "makeprocs (%d): Creating stack_grow process\n\000"
  150  00003498  70726f63	
  150  0000349c  73202825	
  150  000034a0  64293a20	
  150  000034a4  43726561	
  150  000034a8  74696e67	
  150  000034ac  20737461	
  150  000034b0  636b5f67	
  150  000034b4  726f7720	
  150  000034b8  70726f63	
  150  000034bc  6573730a	
  150  000034c0  00      	
  151  000034c1          	.align 2
  152  000034c4          	LC21_LF0:
  153  000034c4  73746163	.ascii "stack_grow.dlx.obj\000"
  153  000034c8  6b5f6772	
  153  000034cc  6f772e64	
  153  000034d0  6c782e6f	
  153  000034d4  626a00  	
  154  000034d7          	.align 2
  155  000034d8          	LC22_LF0:
  156  000034d8  6d616b65	.ascii "makeprocs (%d): TEST #4 Complete!!\n\000"
  156  000034dc  70726f63	
  156  000034e0  73202825	
  156  000034e4  64293a20	
  156  000034e8  54455354	
  156  000034ec  20233420	
  156  000034f0  436f6d70	
  156  000034f4  6c657465	
  156  000034f8  21210a00	
  157  000034fc          	.align 2
  158  000034fc          	LC23_LF0:
  159  000034fc  6d616b65	.ascii "makeprocs (%d): All other processes completed, exiting main process.\n"
  159  00003500  70726f63	
  159  00003504  73202825	
  159  00003508  64293a20	
  159  0000350c  416c6c20	
  159  00003510  6f746865	
  159  00003514  72207072	
  159  00003518  6f636573	
  159  0000351c  73657320	
  159  00003520  636f6d70	
  159  00003524  6c657465	
  159  00003528  642c2065	
  159  0000352c  78697469	
  159  00003530  6e67206d	
  159  00003534  61696e20	
  159  00003538  70726f63	
  159  0000353c  6573732e	
  159  00003540  0a      	
  160  00003541  00      	.ascii "\000"
  161  00003542          	.text
  162  000010d4          	.align 2
  163  000010d4          	.proc _main
  164  000010d4          	.global _main
  165  000010d4          	_main:
  166                      ;  Function 'main'; 16 bytes of locals, 0 regs to save.
  167  000010d4  afbefffc	sw	-4(r29),r30; push fp
  168  000010d8  001df020	add	r30,r0,r29; fp = sp
  169  000010dc  afbffff8	sw	-8(r29),r31; push ret addr
  170  000010e0  2fbd0018	subui	r29,r29,#24; alloc local storage
  171  000010e4  8fc20000	lw	r2,(r30)
  172  000010e8  8fc70004	lw	r7,4(r30)
  173  000010ec  0c001638	jal	___main
  174  000010f0  54000000	nop; not filled.
  175  000010f4  20050000	addi	r5,r0,#0
  176  000010f8  64410003	snei	r1,r2,#3
  177  000010fc  10200030	beqz	r1,L14_LF0
  178  00001100  54000000	nop; not filled.
  179  00001104  23bdfff8	addi	r29,r29,#-8
  180  00001108  3c080000	lhi	r8,((LC0_LF0)>>16)&0xffff
  181  0000110c  25083000	addui	r8,r8,(LC0_LF0)&0xffff
  182  00001110  afa80000	sw	(r29),r8
  183  00001114  8ce10000	lw	r1,(r7)
  184  00001118  afa10004	sw	4(r29),r1
  185  0000111c  0c000730	jal	_Printf
  186  00001120  54000000	nop; not filled.
  187  00001124  0c000848	jal	_Exit
  188  00001128  54000000	nop; not filled.
  189  0000112c  23bd0008	addi	r29,r29,#8
  190  00001130          	L14_LF0:
  191  00001130  23bdfff8	addi	r29,r29,#-8
  192  00001134  3c080000	lhi	r8,((LC1_LF0)>>16)&0xffff
  193  00001138  2508306c	addui	r8,r8,(LC1_LF0)&0xffff
  194  0000113c  afa80000	sw	(r29),r8
  195  00001140  0c00070c	jal	_Printf
  196  00001144  54000000	nop; not filled.
  197  00001148  0c000710	jal	_getpid
  198  0000114c  54000000	nop; not filled.
  199  00001150  3c080000	lhi	r8,((LC2_LF0)>>16)&0xffff
  200  00001154  250830c4	addui	r8,r8,(LC2_LF0)&0xffff
  201  00001158  afa80000	sw	(r29),r8
  202  0000115c  afa10004	sw	4(r29),r1
  203  00001160  0c0006ec	jal	_Printf
  204  00001164  54000000	nop; not filled.
  205  00001168  20080000	addi	r8,r0,#0
  206  0000116c  afa80000	sw	(r29),r8
  207  00001170  0c000730	jal	_sem_create
  208  00001174  54000000	nop; not filled.
  209  00001178  00011820	add	r3,r0,r1
  210  0000117c  23bd0008	addi	r29,r29,#8
  211  00001180  6061ffff	seqi	r1,r3,#-1
  212  00001184  10200034	beqz	r1,L15_LF0
  213  00001188  54000000	nop; not filled.
  214  0000118c  0c0006cc	jal	_getpid
  215  00001190  54000000	nop; not filled.
  216  00001194  23bdfff8	addi	r29,r29,#-8
  217  00001198  3c080000	lhi	r8,((LC3_LF0)>>16)&0xffff
  218  0000119c  25083104	addui	r8,r8,(LC3_LF0)&0xffff
  219  000011a0  afa80000	sw	(r29),r8
  220  000011a4  afa10004	sw	4(r29),r1
  221  000011a8  0c0006a4	jal	_Printf
  222  000011ac  54000000	nop; not filled.
  223  000011b0  0c0007bc	jal	_Exit
  224  000011b4  54000000	nop; not filled.
  225  000011b8  23bd0008	addi	r29,r29,#8
  226  000011bc          	L15_LF0:
  227  000011bc  23bdfff8	addi	r29,r29,#-8
  228  000011c0  afa30000	sw	(r29),r3
  229  000011c4  23c6ffe8	addi	r6,r30,#-24
  230  000011c8  afa60004	sw	4(r29),r6
  231  000011cc  0c000ed0	jal	_ditoa
  232  000011d0  54000000	nop; not filled.
  233  000011d4  0c000684	jal	_getpid
  234  000011d8  54000000	nop; not filled.
  235  000011dc  3c080000	lhi	r8,((LC4_LF0)>>16)&0xffff
  236  000011e0  25083124	addui	r8,r8,(LC4_LF0)&0xffff
  237  000011e4  afa80000	sw	(r29),r8
  238  000011e8  afa10004	sw	4(r29),r1
  239  000011ec  0c000660	jal	_Printf
  240  000011f0  54000000	nop; not filled.
  241  000011f4  23bdfff8	addi	r29,r29,#-8
  242  000011f8  3c080000	lhi	r8,((LC5_LF0)>>16)&0xffff
  243  000011fc  25083154	addui	r8,r8,(LC5_LF0)&0xffff
  244  00001200  afa80000	sw	(r29),r8
  245  00001204  afa60004	sw	4(r29),r6
  246  00001208  20080000	addi	r8,r0,#0
  247  0000120c  afa80008	sw	8(r29),r8
  248  00001210  0c000654	jal	_process_create
  249  00001214  54000000	nop; not filled.
  250  00001218  afa30000	sw	(r29),r3
  251  0000121c  0c000690	jal	_sem_wait
  252  00001220  54000000	nop; not filled.
  253  00001224  23bd0010	addi	r29,r29,#16
  254  00001228  64210001	snei	r1,r1,#1
  255  0000122c  10200034	beqz	r1,L16_LF0
  256  00001230  54000000	nop; not filled.
  257  00001234  23bdfff0	addi	r29,r29,#-16
  258  00001238  3c080000	lhi	r8,((LC6_LF0)>>16)&0xffff
  259  0000123c  25083168	addui	r8,r8,(LC6_LF0)&0xffff
  260  00001240  afa80000	sw	(r29),r8
  261  00001244  afa30004	sw	4(r29),r3
  262  00001248  8ce80000	lw	r8,(r7)
  263  0000124c  afa80008	sw	8(r29),r8
  264  00001250  0c0005fc	jal	_Printf
  265  00001254  54000000	nop; not filled.
  266  00001258  0c000714	jal	_Exit
  267  0000125c  54000000	nop; not filled.
  268  00001260  23bd0010	addi	r29,r29,#16
  269  00001264          	L16_LF0:
  270  00001264  0c0005f4	jal	_getpid
  271  00001268  54000000	nop; not filled.
  272  0000126c  23bdfff8	addi	r29,r29,#-8
  273  00001270  3c080000	lhi	r8,((LC7_LF0)>>16)&0xffff
  274  00001274  25083194	addui	r8,r8,(LC7_LF0)&0xffff
  275  00001278  afa80000	sw	(r29),r8
  276  0000127c  afa10004	sw	4(r29),r1
  277  00001280  0c0005cc	jal	_Printf
  278  00001284  54000000	nop; not filled.
  279  00001288  3c080000	lhi	r8,((LC8_LF0)>>16)&0xffff
  280  0000128c  250831b8	addui	r8,r8,(LC8_LF0)&0xffff
  281  00001290  afa80000	sw	(r29),r8
  282  00001294  0c0005b8	jal	_Printf
  283  00001298  54000000	nop; not filled.
  284  0000129c  3c080000	lhi	r8,((LC9_LF0)>>16)&0xffff
  285  000012a0  25083210	addui	r8,r8,(LC9_LF0)&0xffff
  286  000012a4  afa80000	sw	(r29),r8
  287  000012a8  0c0005a4	jal	_Printf
  288  000012ac  54000000	nop; not filled.
  289  000012b0  23bdfff8	addi	r29,r29,#-8
  290  000012b4  8ce80004	lw	r8,4(r7)
  291  000012b8  afa80000	sw	(r29),r8
  292  000012bc  20080000	addi	r8,r0,#0
  293  000012c0  afa80004	sw	4(r29),r8
  294  000012c4  2008000a	addi	r8,r0,#10
  295  000012c8  afa80008	sw	8(r29),r8
  296  000012cc  0c000f5c	jal	_dstrtol
  297  000012d0  54000000	nop; not filled.
  298  000012d4  00012020	add	r4,r0,r1
  299  000012d8  0c000580	jal	_getpid
  300  000012dc  54000000	nop; not filled.
  301  000012e0  3c080000	lhi	r8,((LC10_LF0)>>16)&0xffff
  302  000012e4  25083268	addui	r8,r8,(LC10_LF0)&0xffff
  303  000012e8  afa80000	sw	(r29),r8
  304  000012ec  afa10004	sw	4(r29),r1
  305  000012f0  afa40008	sw	8(r29),r4
  306  000012f4  0c000558	jal	_Printf
  307  000012f8  54000000	nop; not filled.
  308  000012fc  20080000	addi	r8,r0,#0
  309  00001300  afa80000	sw	(r29),r8
  310  00001304  0c00059c	jal	_sem_create
  311  00001308  54000000	nop; not filled.
  312  0000130c  00011820	add	r3,r0,r1
  313  00001310  23bd0010	addi	r29,r29,#16
  314  00001314  6061ffff	seqi	r1,r3,#-1
  315  00001318  10200034	beqz	r1,L17_LF0
  316  0000131c  54000000	nop; not filled.
  317  00001320  0c000538	jal	_getpid
  318  00001324  54000000	nop; not filled.
  319  00001328  23bdfff8	addi	r29,r29,#-8
  320  0000132c  3c080000	lhi	r8,((LC3_LF0)>>16)&0xffff
  321  00001330  25083104	addui	r8,r8,(LC3_LF0)&0xffff
  322  00001334  afa80000	sw	(r29),r8
  323  00001338  afa10004	sw	4(r29),r1
  324  0000133c  0c000510	jal	_Printf
  325  00001340  54000000	nop; not filled.
  326  00001344  0c000628	jal	_Exit
  327  00001348  54000000	nop; not filled.
  328  0000134c  23bd0008	addi	r29,r29,#8
  329  00001350          	L17_LF0:
  330  00001350  23bdfff8	addi	r29,r29,#-8
  331  00001354  afa30000	sw	(r29),r3
  332  00001358  afa60004	sw	4(r29),r6
  333  0000135c  0c000d40	jal	_ditoa
  334  00001360  54000000	nop; not filled.
  335  00001364  0c0004f4	jal	_getpid
  336  00001368  54000000	nop; not filled.
  337  0000136c  23bdfff8	addi	r29,r29,#-8
  338  00001370  3c080000	lhi	r8,((LC11_LF0)>>16)&0xffff
  339  00001374  250832b0	addui	r8,r8,(LC11_LF0)&0xffff
  340  00001378  afa80000	sw	(r29),r8
  341  0000137c  afa10004	sw	4(r29),r1
  342  00001380  afa40008	sw	8(r29),r4
  343  00001384  0c0004c8	jal	_Printf
  344  00001388  54000000	nop; not filled.
  345  0000138c  20020000	addi	r2,r0,#0
  346  00001390  23bd0010	addi	r29,r29,#16
  347  00001394  00a4082a	slt	r1,r5,r4
  348  00001398  102000ac	beqz	r1,L19_LF0
  349  0000139c  54000000	nop; not filled.
  350  000013a0  00062820	add	r5,r0,r6
  351  000013a4          	L21_LF0:
  352  000013a4  0c0004b4	jal	_getpid
  353  000013a8  54000000	nop; not filled.
  354  000013ac  23bdfff0	addi	r29,r29,#-16
  355  000013b0  3c080000	lhi	r8,((LC12_LF0)>>16)&0xffff
  356  000013b4  2508330c	addui	r8,r8,(LC12_LF0)&0xffff
  357  000013b8  afa80000	sw	(r29),r8
  358  000013bc  afa10004	sw	4(r29),r1
  359  000013c0  afa20008	sw	8(r29),r2
  360  000013c4  0c000488	jal	_Printf
  361  000013c8  54000000	nop; not filled.
  362  000013cc  3c080000	lhi	r8,((LC5_LF0)>>16)&0xffff
  363  000013d0  25083154	addui	r8,r8,(LC5_LF0)&0xffff
  364  000013d4  afa80000	sw	(r29),r8
  365  000013d8  afa50004	sw	4(r29),r5
  366  000013dc  20080000	addi	r8,r0,#0
  367  000013e0  afa80008	sw	8(r29),r8
  368  000013e4  0c000480	jal	_process_create
  369  000013e8  54000000	nop; not filled.
  370  000013ec  afa30000	sw	(r29),r3
  371  000013f0  0c0004bc	jal	_sem_wait
  372  000013f4  54000000	nop; not filled.
  373  000013f8  23bd0010	addi	r29,r29,#16
  374  000013fc  64210001	snei	r1,r1,#1
  375  00001400  10200034	beqz	r1,L20_LF0
  376  00001404  54000000	nop; not filled.
  377  00001408  23bdfff0	addi	r29,r29,#-16
  378  0000140c  3c080000	lhi	r8,((LC6_LF0)>>16)&0xffff
  379  00001410  25083168	addui	r8,r8,(LC6_LF0)&0xffff
  380  00001414  afa80000	sw	(r29),r8
  381  00001418  afa30004	sw	4(r29),r3
  382  0000141c  8ce80000	lw	r8,(r7)
  383  00001420  afa80008	sw	8(r29),r8
  384  00001424  0c000428	jal	_Printf
  385  00001428  54000000	nop; not filled.
  386  0000142c  0c000540	jal	_Exit
  387  00001430  54000000	nop; not filled.
  388  00001434  23bd0010	addi	r29,r29,#16
  389  00001438          	L20_LF0:
  390  00001438  20420001	addi	r2,r2,#1
  391  0000143c  0044082a	slt	r1,r2,r4
  392  00001440  1420ff60	bnez	r1,L21_LF0
  393  00001444  54000000	nop; not filled.
  394  00001448          	L19_LF0:
  395  00001448  0c000410	jal	_getpid
  396  0000144c  54000000	nop; not filled.
  397  00001450  23bdfff8	addi	r29,r29,#-8
  398  00001454  3c080000	lhi	r8,((LC13_LF0)>>16)&0xffff
  399  00001458  25083338	addui	r8,r8,(LC13_LF0)&0xffff
  400  0000145c  afa80000	sw	(r29),r8
  401  00001460  afa10004	sw	4(r29),r1
  402  00001464  0c0003e8	jal	_Printf
  403  00001468  54000000	nop; not filled.
  404  0000146c  3c080000	lhi	r8,((LC8_LF0)>>16)&0xffff
  405  00001470  250831b8	addui	r8,r8,(LC8_LF0)&0xffff
  406  00001474  afa80000	sw	(r29),r8
  407  00001478  0c0003d4	jal	_Printf
  408  0000147c  54000000	nop; not filled.
  409  00001480  3c020000	lhi	r2,((LC9_LF0)>>16)&0xffff
  410  00001484  24423210	addui	r2,r2,(LC9_LF0)&0xffff
  411  00001488  afa20000	sw	(r29),r2
  412  0000148c  0c0003c0	jal	_Printf
  413  00001490  54000000	nop; not filled.
  414  00001494  23bdfff8	addi	r29,r29,#-8
  415  00001498  8ce80008	lw	r8,8(r7)
  416  0000149c  afa80000	sw	(r29),r8
  417  000014a0  20080000	addi	r8,r0,#0
  418  000014a4  afa80004	sw	4(r29),r8
  419  000014a8  2008000a	addi	r8,r0,#10
  420  000014ac  afa80008	sw	8(r29),r8
  421  000014b0  0c000d78	jal	_dstrtol
  422  000014b4  54000000	nop; not filled.
  423  000014b8  00012820	add	r5,r0,r1
  424  000014bc  0c00039c	jal	_getpid
  425  000014c0  54000000	nop; not filled.
  426  000014c4  3c080000	lhi	r8,((LC14_LF0)>>16)&0xffff
  427  000014c8  2508335c	addui	r8,r8,(LC14_LF0)&0xffff
  428  000014cc  afa80000	sw	(r29),r8
  429  000014d0  afa10004	sw	4(r29),r1
  430  000014d4  afa50008	sw	8(r29),r5
  431  000014d8  0c000374	jal	_Printf
  432  000014dc  54000000	nop; not filled.
  433  000014e0  20010001	addi	r1,r0,#1
  434  000014e4  00250822	sub	r1,r1,r5
  435  000014e8  afa10000	sw	(r29),r1
  436  000014ec  0c0003b4	jal	_sem_create
  437  000014f0  54000000	nop; not filled.
  438  000014f4  00011820	add	r3,r0,r1
  439  000014f8  23bd0010	addi	r29,r29,#16
  440  000014fc  6061ffff	seqi	r1,r3,#-1
  441  00001500  10200034	beqz	r1,L24_LF0
  442  00001504  54000000	nop; not filled.
  443  00001508  0c000350	jal	_getpid
  444  0000150c  54000000	nop; not filled.
  445  00001510  23bdfff8	addi	r29,r29,#-8
  446  00001514  3c080000	lhi	r8,((LC3_LF0)>>16)&0xffff
  447  00001518  25083104	addui	r8,r8,(LC3_LF0)&0xffff
  448  0000151c  afa80000	sw	(r29),r8
  449  00001520  afa10004	sw	4(r29),r1
  450  00001524  0c000328	jal	_Printf
  451  00001528  54000000	nop; not filled.
  452  0000152c  0c000440	jal	_Exit
  453  00001530  54000000	nop; not filled.
  454  00001534  23bd0008	addi	r29,r29,#8
  455  00001538          	L24_LF0:
  456  00001538  23bdfff8	addi	r29,r29,#-8
  457  0000153c  afa30000	sw	(r29),r3
  458  00001540  23c4ffe8	addi	r4,r30,#-24
  459  00001544  afa40004	sw	4(r29),r4
  460  00001548  0c000b54	jal	_ditoa
  461  0000154c  54000000	nop; not filled.
  462  00001550  afa20000	sw	(r29),r2
  463  00001554  0c0002f8	jal	_Printf
  464  00001558  54000000	nop; not filled.
  465  0000155c  0c0002fc	jal	_getpid
  466  00001560  54000000	nop; not filled.
  467  00001564  23bdfff8	addi	r29,r29,#-8
  468  00001568  3c080000	lhi	r8,((LC15_LF0)>>16)&0xffff
  469  0000156c  250833a4	addui	r8,r8,(LC15_LF0)&0xffff
  470  00001570  afa80000	sw	(r29),r8
  471  00001574  afa10004	sw	4(r29),r1
  472  00001578  afa50008	sw	8(r29),r5
  473  0000157c  0c0002d0	jal	_Printf
  474  00001580  54000000	nop; not filled.
  475  00001584  20020000	addi	r2,r0,#0
  476  00001588  23bd0010	addi	r29,r29,#16
  477  0000158c  0045082a	slt	r1,r2,r5
  478  00001590  10200060	beqz	r1,L26_LF0
  479  00001594  54000000	nop; not filled.
  480  00001598          	L28_LF0:
  481  00001598  0c0002c0	jal	_getpid
  482  0000159c  54000000	nop; not filled.
  483  000015a0  23bdfff0	addi	r29,r29,#-16
  484  000015a4  3c080000	lhi	r8,((LC16_LF0)>>16)&0xffff
  485  000015a8  250833e8	addui	r8,r8,(LC16_LF0)&0xffff
  486  000015ac  afa80000	sw	(r29),r8
  487  000015b0  afa10004	sw	4(r29),r1
  488  000015b4  afa20008	sw	8(r29),r2
  489  000015b8  0c000294	jal	_Printf
  490  000015bc  54000000	nop; not filled.
  491  000015c0  3c080000	lhi	r8,((LC17_LF0)>>16)&0xffff
  492  000015c4  25083414	addui	r8,r8,(LC17_LF0)&0xffff
  493  000015c8  afa80000	sw	(r29),r8
  494  000015cc  afa40004	sw	4(r29),r4
  495  000015d0  20080000	addi	r8,r0,#0
  496  000015d4  afa80008	sw	8(r29),r8
  497  000015d8  0c00028c	jal	_process_create
  498  000015dc  54000000	nop; not filled.
  499  000015e0  23bd0010	addi	r29,r29,#16
  500  000015e4  20420001	addi	r2,r2,#1
  501  000015e8  0045082a	slt	r1,r2,r5
  502  000015ec  1420ffa8	bnez	r1,L28_LF0
  503  000015f0  54000000	nop; not filled.
  504  000015f4          	L26_LF0:
  505  000015f4  23bdfff8	addi	r29,r29,#-8
  506  000015f8  afa30000	sw	(r29),r3
  507  000015fc  0c0002b0	jal	_sem_wait
  508  00001600  54000000	nop; not filled.
  509  00001604  23bd0008	addi	r29,r29,#8
  510  00001608  64210001	snei	r1,r1,#1
  511  0000160c  10200034	beqz	r1,L30_LF0
  512  00001610  54000000	nop; not filled.
  513  00001614  23bdfff0	addi	r29,r29,#-16
  514  00001618  3c080000	lhi	r8,((LC6_LF0)>>16)&0xffff
  515  0000161c  25083168	addui	r8,r8,(LC6_LF0)&0xffff
  516  00001620  afa80000	sw	(r29),r8
  517  00001624  afa30004	sw	4(r29),r3
  518  00001628  8ce80000	lw	r8,(r7)
  519  0000162c  afa80008	sw	8(r29),r8
  520  00001630  0c00021c	jal	_Printf
  521  00001634  54000000	nop; not filled.
  522  00001638  0c000334	jal	_Exit
  523  0000163c  54000000	nop; not filled.
  524  00001640  23bd0010	addi	r29,r29,#16
  525  00001644          	L30_LF0:
  526  00001644  0c000214	jal	_getpid
  527  00001648  54000000	nop; not filled.
  528  0000164c  23bdfff8	addi	r29,r29,#-8
  529  00001650  3c080000	lhi	r8,((LC18_LF0)>>16)&0xffff
  530  00001654  25083428	addui	r8,r8,(LC18_LF0)&0xffff
  531  00001658  afa80000	sw	(r29),r8
  532  0000165c  afa10004	sw	4(r29),r1
  533  00001660  0c0001ec	jal	_Printf
  534  00001664  54000000	nop; not filled.
  535  00001668  3c040000	lhi	r4,((LC8_LF0)>>16)&0xffff
  536  0000166c  248431b8	addui	r4,r4,(LC8_LF0)&0xffff
  537  00001670  afa40000	sw	(r29),r4
  538  00001674  0c0001d8	jal	_Printf
  539  00001678  54000000	nop; not filled.
  540  0000167c  3c080000	lhi	r8,((LC9_LF0)>>16)&0xffff
  541  00001680  25083210	addui	r8,r8,(LC9_LF0)&0xffff
  542  00001684  afa80000	sw	(r29),r8
  543  00001688  0c0001c4	jal	_Printf
  544  0000168c  54000000	nop; not filled.
  545  00001690  0c0001c8	jal	_getpid
  546  00001694  54000000	nop; not filled.
  547  00001698  3c080000	lhi	r8,((LC19_LF0)>>16)&0xffff
  548  0000169c  2508344c	addui	r8,r8,(LC19_LF0)&0xffff
  549  000016a0  afa80000	sw	(r29),r8
  550  000016a4  afa10004	sw	4(r29),r1
  551  000016a8  0c0001a4	jal	_Printf
  552  000016ac  54000000	nop; not filled.
  553  000016b0  20080000	addi	r8,r0,#0
  554  000016b4  afa80000	sw	(r29),r8
  555  000016b8  0c0001e8	jal	_sem_create
  556  000016bc  54000000	nop; not filled.
  557  000016c0  00011820	add	r3,r0,r1
  558  000016c4  23bd0008	addi	r29,r29,#8
  559  000016c8  6061ffff	seqi	r1,r3,#-1
  560  000016cc  10200034	beqz	r1,L31_LF0
  561  000016d0  54000000	nop; not filled.
  562  000016d4  0c000184	jal	_getpid
  563  000016d8  54000000	nop; not filled.
  564  000016dc  23bdfff8	addi	r29,r29,#-8
  565  000016e0  3c080000	lhi	r8,((LC3_LF0)>>16)&0xffff
  566  000016e4  25083104	addui	r8,r8,(LC3_LF0)&0xffff
  567  000016e8  afa80000	sw	(r29),r8
  568  000016ec  afa10004	sw	4(r29),r1
  569  000016f0  0c00015c	jal	_Printf
  570  000016f4  54000000	nop; not filled.
  571  000016f8  0c000274	jal	_Exit
  572  000016fc  54000000	nop; not filled.
  573  00001700  23bd0008	addi	r29,r29,#8
  574  00001704          	L31_LF0:
  575  00001704  23bdfff8	addi	r29,r29,#-8
  576  00001708  afa30000	sw	(r29),r3
  577  0000170c  23c2ffe8	addi	r2,r30,#-24
  578  00001710  afa20004	sw	4(r29),r2
  579  00001714  0c000988	jal	_ditoa
  580  00001718  54000000	nop; not filled.
  581  0000171c  0c00013c	jal	_getpid
  582  00001720  54000000	nop; not filled.
  583  00001724  3c080000	lhi	r8,((LC20_LF0)>>16)&0xffff
  584  00001728  25083494	addui	r8,r8,(LC20_LF0)&0xffff
  585  0000172c  afa80000	sw	(r29),r8
  586  00001730  afa10004	sw	4(r29),r1
  587  00001734  0c000118	jal	_Printf
  588  00001738  54000000	nop; not filled.
  589  0000173c  23bdfff8	addi	r29,r29,#-8
  590  00001740  3c080000	lhi	r8,((LC21_LF0)>>16)&0xffff
  591  00001744  250834c4	addui	r8,r8,(LC21_LF0)&0xffff
  592  00001748  afa80000	sw	(r29),r8
  593  0000174c  afa20004	sw	4(r29),r2
  594  00001750  20080000	addi	r8,r0,#0
  595  00001754  afa80008	sw	8(r29),r8
  596  00001758  0c00010c	jal	_process_create
  597  0000175c  54000000	nop; not filled.
  598  00001760  afa30000	sw	(r29),r3
  599  00001764  0c000148	jal	_sem_wait
  600  00001768  54000000	nop; not filled.
  601  0000176c  23bd0010	addi	r29,r29,#16
  602  00001770  64210001	snei	r1,r1,#1
  603  00001774  10200034	beqz	r1,L32_LF0
  604  00001778  54000000	nop; not filled.
  605  0000177c  23bdfff0	addi	r29,r29,#-16
  606  00001780  3c080000	lhi	r8,((LC6_LF0)>>16)&0xffff
  607  00001784  25083168	addui	r8,r8,(LC6_LF0)&0xffff
  608  00001788  afa80000	sw	(r29),r8
  609  0000178c  afa30004	sw	4(r29),r3
  610  00001790  8ce70000	lw	r7,(r7)
  611  00001794  afa70008	sw	8(r29),r7
  612  00001798  0c0000b4	jal	_Printf
  613  0000179c  54000000	nop; not filled.
  614  000017a0  0c0001cc	jal	_Exit
  615  000017a4  54000000	nop; not filled.
  616  000017a8  23bd0010	addi	r29,r29,#16
  617  000017ac          	L32_LF0:
  618  000017ac  0c0000ac	jal	_getpid
  619  000017b0  54000000	nop; not filled.
  620  000017b4  23bdfff8	addi	r29,r29,#-8
  621  000017b8  3c080000	lhi	r8,((LC22_LF0)>>16)&0xffff
  622  000017bc  250834d8	addui	r8,r8,(LC22_LF0)&0xffff
  623  000017c0  afa80000	sw	(r29),r8
  624  000017c4  afa10004	sw	4(r29),r1
  625  000017c8  0c000084	jal	_Printf
  626  000017cc  54000000	nop; not filled.
  627  000017d0  afa40000	sw	(r29),r4
  628  000017d4  0c000078	jal	_Printf
  629  000017d8  54000000	nop; not filled.
  630  000017dc  0c00007c	jal	_getpid
  631  000017e0  54000000	nop; not filled.
  632  000017e4  3c080000	lhi	r8,((LC23_LF0)>>16)&0xffff
  633  000017e8  250834fc	addui	r8,r8,(LC23_LF0)&0xffff
  634  000017ec  afa80000	sw	(r29),r8
  635  000017f0  afa10004	sw	4(r29),r1
  636  000017f4  0c000058	jal	_Printf
  637  000017f8  54000000	nop; not filled.
  638  000017fc  23bd0008	addi	r29,r29,#8
  639  00001800  0c000f18	jal	_exit
  640  00001804  54000000	nop
  641  00001808          	.endproc _main
  642                      ;;;
  643                      ;;; Stub functions for DLX traps.
  644                      ;;;
  645                      ;;; Ethan L. Miller, 1999.  Released to the public domain.
  646                      ;;;
  647                      ;;; The traps such as Open and Close
  648                      ;;; (note the capital letters) are for use by user programs.  The traps
  649                      ;;; with names such as open and close (lower case) are for use by the OS.
  650                      ;;;
  653  00001808          	.align 2
  655                      ;;; The following are the traps to be used by user-level programs
  656                      ;;;
  658  00001808          	.align 2
  659  00001808          	.proc _Open
  660  00001808          	.global _Open
  661  00001808          	_Open:
  662                      ;;; Note that trap #0x213 actually causes a trap vector in the OS of
  663                      ;;; 0x1213.  The same is true for other user traps.  Thus, a user trap
  664                      ;;; with trap #0x240 will result in a trap vector of 0x1240 in the OS.
  665  00001808  44000213	trap	#0x213
  666  0000180c  4be00000	jr	r31
  667  00001810  54000000	nop
  668  00001814          	.endproc _Open
  670  00001814          	.proc _Close
  671  00001814          	.global _Close
  672  00001814          	_Close:
  673  00001814  44000214	trap	#0x214
  674  00001818  4be00000	jr	r31
  675  0000181c  54000000	nop
  676  00001820          	.endproc _Close
  678  00001820          	.proc _Read
  679  00001820          	.global _Read
  680  00001820          	_Read:
  681  00001820  44000210	trap	#0x210
  682  00001824  4be00000	jr	r31
  683  00001828  54000000	nop
  684  0000182c          	.endproc _Read
  686  0000182c          	.proc _Write
  687  0000182c          	.global _Write
  688  0000182c          	_Write:
  689  0000182c  44000211	trap	#0x211
  690  00001830  4be00000	jr	r31
  691  00001834  54000000	nop
  692  00001838          	.endproc _Write
  694  00001838          	.proc _Lseek
  695  00001838          	.global _Lseek
  696  00001838          	_Lseek:
  697  00001838  44000212	trap	#0x212
  698  0000183c  4be00000	jr	r31
  699  00001840  54000000	nop
  700  00001844          	.endproc _Lseek
  702  00001844          	.proc _Putchar
  703  00001844          	.global _Putchar
  704  00001844          	_Putchar:
  705  00001844  44000280	trap	#0x280
  706  00001848  4be00000	jr	r31
  707  0000184c  54000000	nop
  708  00001850          	.endproc _Putchar
  710  00001850          	.proc _Printf
  711  00001850          	.global _Printf
  712  00001850          	_Printf:
  713  00001850  44000201	trap	#0x201
  714  00001854  4be00000	jr	r31
  715  00001858  54000000	nop
  716  0000185c          	.endproc _Printf
  718  0000185c          	.proc _getpid
  719  0000185c          	.global _getpid
  720  0000185c          	_getpid:
  721  0000185c  44000431	trap	#0x431
  722  00001860  4be00000	jr	r31
  723  00001864  54000000	nop
  724  00001868          	.endproc _getpid
  726  00001868          	.proc _process_create
  727  00001868          	.global _process_create
  728  00001868          	_process_create:
  729  00001868  44000432	trap	#0x432
  730  0000186c  4be00000	jr	r31
  731  00001870  54000000	nop
  732  00001874          	.endproc _process_create
  734  00001874          	.proc _shmget
  735  00001874          	.global _shmget
  736  00001874          	_shmget:
  737  00001874  44000440	trap	#0x440
  738  00001878  4be00000	jr	r31
  739  0000187c  54000000	nop
  740  00001880          	.endproc _shmget
  742  00001880          	.proc _shmat
  743  00001880          	.global _shmat
  744  00001880          	_shmat:
  745  00001880  44000441	trap	#0x441
  746  00001884  4be00000	jr	r31
  747  00001888  54000000	nop
  748  0000188c          	.endproc _shmat
  750  0000188c          	.proc _shmdt
  751  0000188c          	.global _shmdt
  752  0000188c          	_shmdt:
  753  0000188c  44000442	trap	#0x442
  754  00001890  4be00000	jr	r31
  755  00001894  54000000	nop
  756  00001898          	.endproc _shmdt
  758  00001898          	.proc _shmrm
  759  00001898          	.global _shmrm
  760  00001898          	_shmrm:
  761  00001898  44000443	trap	#0x443
  762  0000189c  4be00000	jr	r31
  763  000018a0  54000000	nop
  764  000018a4          	.endproc _shmrm
  766  000018a4          	.proc _sem_create
  767  000018a4          	.global _sem_create
  768  000018a4          	_sem_create:
  769  000018a4  44000450	trap	#0x450
  770  000018a8  4be00000	jr	r31
  771  000018ac  54000000	nop
  772  000018b0          	.endproc _sem_create
  774  000018b0          	.proc _sem_wait
  775  000018b0          	.global _sem_wait
  776  000018b0          	_sem_wait:
  777  000018b0  44000451	trap	#0x451
  778  000018b4  4be00000	jr	r31
  779  000018b8  54000000	nop
  780  000018bc          	.endproc _sem_wait
  782  000018bc          	.proc _sem_signal
  783  000018bc          	.global _sem_signal
  784  000018bc          	_sem_signal:
  785  000018bc  44000452	trap	#0x452
  786  000018c0  4be00000	jr	r31
  787  000018c4  54000000	nop
  788  000018c8          	.endproc _sem_signal
  790  000018c8          	.proc _lock_create
  791  000018c8          	.global _lock_create
  792  000018c8          	_lock_create:
  793  000018c8  44000453	trap	#0x453
  794  000018cc  4be00000	jr	r31
  795  000018d0  54000000	nop
  796  000018d4          	.endproc _lock_create
  798  000018d4          	.proc _lock_acquire
  799  000018d4          	.global _lock_acquire
  800  000018d4          	_lock_acquire:
  801  000018d4  44000454	trap	#0x454
  802  000018d8  4be00000	jr	r31
  803  000018dc  54000000	nop
  804  000018e0          	.endproc _lock_acquire
  806  000018e0          	.proc _lock_release
  807  000018e0          	.global _lock_release
  808  000018e0          	_lock_release:
  809  000018e0  44000455	trap	#0x455
  810  000018e4  4be00000	jr	r31
  811  000018e8  54000000	nop
  812  000018ec          	.endproc _lock_release
  814  000018ec          	.proc _cond_create
  815  000018ec          	.global _cond_create
  816  000018ec          	_cond_create:
  817  000018ec  44000456	trap	#0x456
  818  000018f0  4be00000	jr	r31
  819  000018f4  54000000	nop
  820  000018f8          	.endproc _cond_create
  822  000018f8          	.proc _cond_wait
  823  000018f8          	.global _cond_wait
  824  000018f8          	_cond_wait:
  825  000018f8  44000457	trap	#0x457
  826  000018fc  4be00000	jr	r31
  827  00001900  54000000	nop
  828  00001904          	.endproc _cond_wait
  830  00001904          	.proc _cond_signal
  831  00001904          	.global _cond_signal
  832  00001904          	_cond_signal:
  833  00001904  44000458	trap	#0x458
  834  00001908  4be00000	jr	r31
  835  0000190c  54000000	nop
  836  00001910          	.endproc _cond_signal
  838  00001910          	.proc _cond_broadcast
  839  00001910          	.global _cond_broadcast
  840  00001910          	_cond_broadcast:
  841  00001910  44000459	trap	#0x459
  842  00001914  4be00000	jr	r31
  843  00001918  54000000	nop
  844  0000191c          	.endproc _cond_broadcast
  846  0000191c          	.proc _mbox_create
  847  0000191c          	.global _mbox_create
  848  0000191c          	_mbox_create:
  849  0000191c  44000460	trap	#0x460
  850  00001920  4be00000	jr	r31
  851  00001924  54000000	nop
  852  00001928          	.endproc _mbox_create
  854  00001928          	.proc _mbox_open
  855  00001928          	.global _mbox_open
  856  00001928          	_mbox_open:
  857  00001928  44000461	trap	#0x461
  858  0000192c  4be00000	jr	r31
  859  00001930  54000000	nop
  860  00001934          	.endproc _mbox_open
  862  00001934          	.proc _mbox_close
  863  00001934          	.global _mbox_close
  864  00001934          	_mbox_close:
  865  00001934  44000462	trap	#0x462
  866  00001938  4be00000	jr	r31
  867  0000193c  54000000	nop
  868  00001940          	.endproc _mbox_close
  870  00001940          	.proc _mbox_send
  871  00001940          	.global _mbox_send
  872  00001940          	_mbox_send:
  873  00001940  44000463	trap	#0x463
  874  00001944  4be00000	jr	r31
  875  00001948  54000000	nop
  876  0000194c          	.endproc _mbox_send
  878  0000194c          	.proc _mbox_recv
  879  0000194c          	.global _mbox_recv
  880  0000194c          	_mbox_recv:
  881  0000194c  44000464	trap	#0x464
  882  00001950  4be00000	jr	r31
  883  00001954  54000000	nop
  884  00001958          	.endproc _mbox_recv
  886  00001958          	.proc _sleep
  887  00001958          	.global _sleep
  888  00001958          	_sleep:
  889  00001958  44000465	trap	#0x465
  890  0000195c  4be00000	jr	r31
  891  00001960  54000000	nop
  892  00001964          	.endproc _sleep
  894  00001964          	.proc _yield
  895  00001964          	.global _yield
  896  00001964          	_yield:
  897  00001964  44000466	trap	#0x466
  898  00001968  4be00000	jr	r31
  899  0000196c  54000000	nop
  900  00001970          	.endproc _yield
  903  00001970          	.proc _Exit
  904  00001970          	.global _Exit
  905  00001970          	_Exit:
  906  00001970  44000500	trap	#0x500
  907  00001974  4be00000	jr	r31
  908  00001978  54000000	nop
  909  0000197c          	.endproc _Exit
  912  0000197c          	.proc _malloc
  913  0000197c          	.global _malloc
  914  0000197c          	_malloc:
  915  0000197c  44000467	trap	#0x467
  916  00001980  4be00000	jr	r31
  917  00001984          	.endproc _malloc
  920  00001984          	.proc _mfree
  921  00001984          	.global _mfree
  922  00001984          	_mfree:
  923  00001984  44000468	trap	#0x468
  924  00001988  4be00000	jr	r31
  925  0000198c          	.endproc _mfree
  926                      ; Compiled by GCC
  928  0000198c          	.align 2
  929  0000198c          	.proc _isspace
  930  0000198c          	.global _isspace
  931  0000198c          	_isspace:
  932                      ;  Function 'isspace'; 0 bytes of locals, 3 regs to save.
  933  0000198c  afbefffc	sw	-4(r29),r30; push fp
  934  00001990  001df020	add	r30,r0,r29; fp = sp
  935  00001994  afbffff8	sw	-8(r29),r31; push ret addr
  936  00001998  2fbd0018	subui	r29,r29,#24; alloc local storage
  937  0000199c  afa20000	sw	0(r29),r2
  938  000019a0  afa30004	sw	4(r29),r3
  939  000019a4  afa40008	sw	8(r29),r4
  940  000019a8  83c20003	lb	r2,3(r30)
  941  000019ac  20010000	addi	r1,r0,#0
  942  000019b0  304300ff	andi	r3,r2,#0x00ff
  943  000019b4  60640020	seqi	r4,r3,#32
  944  000019b8  1480002c	bnez	r4,L3_LF2
  945  000019bc  54000000	nop; delay slot nop
  946  000019c0  304300ff	andi	r3,r2,#0x00ff
  947  000019c4  60640009	seqi	r4,r3,#9
  948  000019c8  1480001c	bnez	r4,L3_LF2
  949  000019cc  54000000	nop; delay slot nop
  950  000019d0  304300ff	andi	r3,r2,#0x00ff
  951  000019d4  6064000a	seqi	r4,r3,#10
  952  000019d8  1480000c	bnez	r4,L3_LF2
  953  000019dc  54000000	nop; delay slot nop
  954  000019e0  08000008	j	L2_LF2
  955  000019e4  54000000	nop; delay slot nop
  956  000019e8          	L3_LF2:
  957  000019e8  20010001	addi	r1,r0,#1
  958  000019ec          	L2_LF2:
  959  000019ec  08000004	j	L1_LF2
  960  000019f0  54000000	nop; delay slot nop
  961  000019f4          	L1_LF2:
  962  000019f4  8fa20000	lw	r2,0(r29)
  963  000019f8  8fa30004	lw	r3,4(r29)
  964  000019fc  8fa40008	lw	r4,8(r29)
  965  00001a00  8fdffff8	lw	r31,-8(r30)
  966  00001a04  001ee820	add	r29,r0,r30
  967  00001a08  8fdefffc	lw	r30,-4(r30)
  968  00001a0c  4be00000	jr	r31
  969  00001a10  54000000	nop
  970  00001a14          	.endproc _isspace
  971  00001a14          	.align 2
  972  00001a14          	.proc _isxdigit
  973  00001a14          	.global _isxdigit
  974  00001a14          	_isxdigit:
  975                      ;  Function 'isxdigit'; 0 bytes of locals, 3 regs to save.
  976  00001a14  afbefffc	sw	-4(r29),r30; push fp
  977  00001a18  001df020	add	r30,r0,r29; fp = sp
  978  00001a1c  afbffff8	sw	-8(r29),r31; push ret addr
  979  00001a20  2fbd0018	subui	r29,r29,#24; alloc local storage
  980  00001a24  afa20000	sw	0(r29),r2
  981  00001a28  afa30004	sw	4(r29),r3
  982  00001a2c  afa40008	sw	8(r29),r4
  983  00001a30  83c20003	lb	r2,3(r30)
  984  00001a34  20010000	addi	r1,r0,#0
  985  00001a38  304300ff	andi	r3,r2,#0x00ff
  986  00001a3c  6c64002f	sgtui	r4,r3,#47
  987  00001a40  1080001c	beqz	r4,L7_LF2
  988  00001a44  54000000	nop; delay slot nop
  989  00001a48  304300ff	andi	r3,r2,#0x00ff
  990  00001a4c  70640039	sleui	r4,r3,#57
  991  00001a50  1480005c	bnez	r4,L6_LF2
  992  00001a54  54000000	nop; delay slot nop
  993  00001a58  08000004	j	L7_LF2
  994  00001a5c  54000000	nop; delay slot nop
  995  00001a60          	L7_LF2:
  996  00001a60  304300ff	andi	r3,r2,#0x00ff
  997  00001a64  6c640060	sgtui	r4,r3,#96
  998  00001a68  1080001c	beqz	r4,L8_LF2
  999  00001a6c  54000000	nop; delay slot nop
 1000  00001a70  304300ff	andi	r3,r2,#0x00ff
 1001  00001a74  70640066	sleui	r4,r3,#102
 1002  00001a78  14800034	bnez	r4,L6_LF2
 1003  00001a7c  54000000	nop; delay slot nop
 1004  00001a80  08000004	j	L8_LF2
 1005  00001a84  54000000	nop; delay slot nop
 1006  00001a88          	L8_LF2:
 1007  00001a88  304300ff	andi	r3,r2,#0x00ff
 1008  00001a8c  6c640040	sgtui	r4,r3,#64
 1009  00001a90  10800020	beqz	r4,L5_LF2
 1010  00001a94  54000000	nop; delay slot nop
 1011  00001a98  304300ff	andi	r3,r2,#0x00ff
 1012  00001a9c  70640041	sleui	r4,r3,#65
 1013  00001aa0  1480000c	bnez	r4,L6_LF2
 1014  00001aa4  54000000	nop; delay slot nop
 1015  00001aa8  08000008	j	L5_LF2
 1016  00001aac  54000000	nop; delay slot nop
 1017  00001ab0          	L6_LF2:
 1018  00001ab0  20010001	addi	r1,r0,#1
 1019  00001ab4          	L5_LF2:
 1020  00001ab4  08000004	j	L4_LF2
 1021  00001ab8  54000000	nop; delay slot nop
 1022  00001abc          	L4_LF2:
 1023  00001abc  8fa20000	lw	r2,0(r29)
 1024  00001ac0  8fa30004	lw	r3,4(r29)
 1025  00001ac4  8fa40008	lw	r4,8(r29)
 1026  00001ac8  8fdffff8	lw	r31,-8(r30)
 1027  00001acc  001ee820	add	r29,r0,r30
 1028  00001ad0  8fdefffc	lw	r30,-4(r30)
 1029  00001ad4  4be00000	jr	r31
 1030  00001ad8  54000000	nop
 1031  00001adc          	.endproc _isxdigit
 1032  00001adc          	.align 2
 1033  00001adc          	.proc _dstrcpy
 1034  00001adc          	.global _dstrcpy
 1035  00001adc          	_dstrcpy:
 1036                      ;  Function 'dstrcpy'; 8 bytes of locals, 2 regs to save.
 1037  00001adc  afbefffc	sw	-4(r29),r30; push fp
 1038  00001ae0  001df020	add	r30,r0,r29; fp = sp
 1039  00001ae4  afbffff8	sw	-8(r29),r31; push ret addr
 1040  00001ae8  2fbd0018	subui	r29,r29,#24; alloc local storage
 1041  00001aec  afa20000	sw	0(r29),r2
 1042  00001af0  afa30004	sw	4(r29),r3
 1043  00001af4  8fc10000	lw	r1,(r30)
 1044  00001af8  afc1fff4	sw	-12(r30),r1
 1045  00001afc          	L10_LF2:
 1046  00001afc  8fc10000	lw	r1,(r30)
 1047  00001b00  20220001	addi	r2,r1,#1
 1048  00001b04  afc20000	sw	(r30),r2
 1049  00001b08  8fc20004	lw	r2,4(r30)
 1050  00001b0c  20430001	addi	r3,r2,#1
 1051  00001b10  afc30004	sw	4(r30),r3
 1052  00001b14  80420000	lb	r2,(r2)
 1053  00001b18  a0220000	sb	(r1),r2
 1054  00001b1c  a3c2fff3	sb	-13(r30),r2
 1055  00001b20          	L12_LF2:
 1056  00001b20  93c1fff3	lbu	r1,-13(r30)
 1057  00001b24  64220000	snei	r2,r1,#0
 1058  00001b28  1440000c	bnez	r2,L13_LF2
 1059  00001b2c  54000000	nop; delay slot nop
 1060  00001b30  0800000c	j	L11_LF2
 1061  00001b34  54000000	nop; delay slot nop
 1062  00001b38          	L13_LF2:
 1063  00001b38  0bffffc0	j	L10_LF2
 1064  00001b3c  54000000	nop; delay slot nop
 1065  00001b40          	L11_LF2:
 1066  00001b40  8fc1fff4	lw	r1,-12(r30)
 1067  00001b44  08000004	j	L9_LF2
 1068  00001b48  54000000	nop; delay slot nop
 1069  00001b4c          	L9_LF2:
 1070  00001b4c  8fa20000	lw	r2,0(r29)
 1071  00001b50  8fa30004	lw	r3,4(r29)
 1072  00001b54  8fdffff8	lw	r31,-8(r30)
 1073  00001b58  001ee820	add	r29,r0,r30
 1074  00001b5c  8fdefffc	lw	r30,-4(r30)
 1075  00001b60  4be00000	jr	r31
 1076  00001b64  54000000	nop
 1077  00001b68          	.endproc _dstrcpy
 1078  00001b68          	.align 2
 1079  00001b68          	.proc _dstrncpy
 1080  00001b68          	.global _dstrncpy
 1081  00001b68          	_dstrncpy:
 1082                      ;  Function 'dstrncpy'; 8 bytes of locals, 2 regs to save.
 1083  00001b68  afbefffc	sw	-4(r29),r30; push fp
 1084  00001b6c  001df020	add	r30,r0,r29; fp = sp
 1085  00001b70  afbffff8	sw	-8(r29),r31; push ret addr
 1086  00001b74  2fbd0018	subui	r29,r29,#24; alloc local storage
 1087  00001b78  afa20000	sw	0(r29),r2
 1088  00001b7c  afa30004	sw	4(r29),r3
 1089  00001b80  8fc10000	lw	r1,(r30)
 1090  00001b84  afc1fff4	sw	-12(r30),r1
 1091  00001b88          	L15_LF2:
 1092  00001b88  8fc10008	lw	r1,8(r30)
 1093  00001b8c  2022ffff	addi	r2,r1,#-1
 1094  00001b90  afc20008	sw	8(r30),r2
 1095  00001b94  70210000	slei	r1,r1,#0
 1096  00001b98  1020000c	beqz	r1,L18_LF2
 1097  00001b9c  54000000	nop; delay slot nop
 1098  00001ba0  08000048	j	L16_LF2
 1099  00001ba4  54000000	nop; delay slot nop
 1100  00001ba8          	L18_LF2:
 1101  00001ba8  8fc10000	lw	r1,(r30)
 1102  00001bac  20220001	addi	r2,r1,#1
 1103  00001bb0  afc20000	sw	(r30),r2
 1104  00001bb4  8fc20004	lw	r2,4(r30)
 1105  00001bb8  20430001	addi	r3,r2,#1
 1106  00001bbc  afc30004	sw	4(r30),r3
 1107  00001bc0  80420000	lb	r2,(r2)
 1108  00001bc4  a0220000	sb	(r1),r2
 1109  00001bc8  a3c2fff3	sb	-13(r30),r2
 1110  00001bcc          	L17_LF2:
 1111  00001bcc  93c1fff3	lbu	r1,-13(r30)
 1112  00001bd0  64220000	snei	r2,r1,#0
 1113  00001bd4  1440000c	bnez	r2,L19_LF2
 1114  00001bd8  54000000	nop; delay slot nop
 1115  00001bdc  0800000c	j	L16_LF2
 1116  00001be0  54000000	nop; delay slot nop
 1117  00001be4          	L19_LF2:
 1118  00001be4  0bffffa0	j	L15_LF2
 1119  00001be8  54000000	nop; delay slot nop
 1120  00001bec          	L16_LF2:
 1121  00001bec  8fc1fff4	lw	r1,-12(r30)
 1122  00001bf0  08000004	j	L14_LF2
 1123  00001bf4  54000000	nop; delay slot nop
 1124  00001bf8          	L14_LF2:
 1125  00001bf8  8fa20000	lw	r2,0(r29)
 1126  00001bfc  8fa30004	lw	r3,4(r29)
 1127  00001c00  8fdffff8	lw	r31,-8(r30)
 1128  00001c04  001ee820	add	r29,r0,r30
 1129  00001c08  8fdefffc	lw	r30,-4(r30)
 1130  00001c0c  4be00000	jr	r31
 1131  00001c10  54000000	nop
 1132  00001c14          	.endproc _dstrncpy
 1133  00001c14          	.align 2
 1134  00001c14          	.proc _dstrcat
 1135  00001c14          	.global _dstrcat
 1136  00001c14          	_dstrcat:
 1137                      ;  Function 'dstrcat'; 8 bytes of locals, 1 regs to save.
 1138  00001c14  afbefffc	sw	-4(r29),r30; push fp
 1139  00001c18  001df020	add	r30,r0,r29; fp = sp
 1140  00001c1c  afbffff8	sw	-8(r29),r31; push ret addr
 1141  00001c20  2fbd0018	subui	r29,r29,#24; alloc local storage
 1142  00001c24  afa20000	sw	0(r29),r2
 1143  00001c28  8fc10000	lw	r1,(r30)
 1144  00001c2c  afc1fff4	sw	-12(r30),r1
 1145  00001c30          	L21_LF2:
 1146  00001c30  8fc10000	lw	r1,(r30)
 1147  00001c34  90220000	lbu	r2,(r1)
 1148  00001c38  64410000	snei	r1,r2,#0
 1149  00001c3c  1420000c	bnez	r1,L23_LF2
 1150  00001c40  54000000	nop; delay slot nop
 1151  00001c44  0800001c	j	L22_LF2
 1152  00001c48  54000000	nop; delay slot nop
 1153  00001c4c          	L23_LF2:
 1154  00001c4c  8fc20000	lw	r2,(r30)
 1155  00001c50  20410001	addi	r1,r2,#1
 1156  00001c54  00011020	add	r2,r0,r1
 1157  00001c58  afc20000	sw	(r30),r2
 1158  00001c5c  0bffffd0	j	L21_LF2
 1159  00001c60  54000000	nop; delay slot nop
 1160  00001c64          	L22_LF2:
 1161  00001c64  23bdfff8	addi	r29,r29,#-8
 1162  00001c68  001d0820	add	r1,r0,r29
 1163  00001c6c  8fc20000	lw	r2,(r30)
 1164  00001c70  ac220000	sw	(r1),r2
 1165  00001c74  8fc20004	lw	r2,4(r30)
 1166  00001c78  ac220004	sw	4(r1),r2
 1167  00001c7c  0ffffe5c	jal	_dstrcpy
 1168  00001c80  54000000	nop; delay slot nop
 1169  00001c84  23bd0008	addi	r29,r29,#8
 1170  00001c88  8fc1fff4	lw	r1,-12(r30)
 1171  00001c8c  08000004	j	L20_LF2
 1172  00001c90  54000000	nop; delay slot nop
 1173  00001c94          	L20_LF2:
 1174  00001c94  8fa20000	lw	r2,0(r29)
 1175  00001c98  8fdffff8	lw	r31,-8(r30)
 1176  00001c9c  001ee820	add	r29,r0,r30
 1177  00001ca0  8fdefffc	lw	r30,-4(r30)
 1178  00001ca4  4be00000	jr	r31
 1179  00001ca8  54000000	nop
 1180  00001cac          	.endproc _dstrcat
 1181  00001cac          	.align 2
 1182  00001cac          	.proc _dstrncmp
 1183  00001cac          	.global _dstrncmp
 1184  00001cac          	_dstrncmp:
 1185                      ;  Function 'dstrncmp'; 8 bytes of locals, 2 regs to save.
 1186  00001cac  afbefffc	sw	-4(r29),r30; push fp
 1187  00001cb0  001df020	add	r30,r0,r29; fp = sp
 1188  00001cb4  afbffff8	sw	-8(r29),r31; push ret addr
 1189  00001cb8  2fbd0018	subui	r29,r29,#24; alloc local storage
 1190  00001cbc  afa20000	sw	0(r29),r2
 1191  00001cc0  afa30004	sw	4(r29),r3
 1192  00001cc4  54000000	nop
 1193  00001cc8  20010000	addi	r1,r0,#0
 1194  00001ccc  afc1fff4	sw	-12(r30),r1
 1195  00001cd0          	L25_LF2:
 1196  00001cd0  8fc1fff4	lw	r1,-12(r30)
 1197  00001cd4  8fc20008	lw	r2,8(r30)
 1198  00001cd8  0022082a	slt	r1,r1,r2
 1199  00001cdc  1420000c	bnez	r1,L28_LF2
 1200  00001ce0  54000000	nop; delay slot nop
 1201  00001ce4  08000088	j	L26_LF2
 1202  00001ce8  54000000	nop; delay slot nop
 1203  00001cec          	L28_LF2:
 1204  00001cec  8fc10004	lw	r1,4(r30)
 1205  00001cf0  90220000	lbu	r2,(r1)
 1206  00001cf4  64410000	snei	r1,r2,#0
 1207  00001cf8  14200018	bnez	r1,L29_LF2
 1208  00001cfc  54000000	nop; delay slot nop
 1209  00001d00  20010000	addi	r1,r0,#0
 1210  00001d04  080000d8	j	L24_LF2
 1211  00001d08  54000000	nop; delay slot nop
 1212  00001d0c  08000028	j	L30_LF2
 1213  00001d10  54000000	nop; delay slot nop
 1214  00001d14          	L29_LF2:
 1215  00001d14  8fc10000	lw	r1,(r30)
 1216  00001d18  8fc20004	lw	r2,4(r30)
 1217  00001d1c  90210000	lbu	r1,(r1)
 1218  00001d20  90420000	lbu	r2,(r2)
 1219  00001d24  00220829	sne	r1,r1,r2
 1220  00001d28  1020000c	beqz	r1,L30_LF2
 1221  00001d2c  54000000	nop; delay slot nop
 1222  00001d30  0800003c	j	L26_LF2
 1223  00001d34  54000000	nop; delay slot nop
 1224  00001d38          	L31_LF2:
 1225  00001d38          	L30_LF2:
 1226  00001d38  8fc20000	lw	r2,(r30)
 1227  00001d3c  20410001	addi	r1,r2,#1
 1228  00001d40  00011020	add	r2,r0,r1
 1229  00001d44  afc20000	sw	(r30),r2
 1230  00001d48  8fc20004	lw	r2,4(r30)
 1231  00001d4c  20410001	addi	r1,r2,#1
 1232  00001d50  00011020	add	r2,r0,r1
 1233  00001d54  afc20004	sw	4(r30),r2
 1234  00001d58          	L27_LF2:
 1235  00001d58  8fc2fff4	lw	r2,-12(r30)
 1236  00001d5c  20410001	addi	r1,r2,#1
 1237  00001d60  00011020	add	r2,r0,r1
 1238  00001d64  afc2fff4	sw	-12(r30),r2
 1239  00001d68  0bffff64	j	L25_LF2
 1240  00001d6c  54000000	nop; delay slot nop
 1241  00001d70          	L26_LF2:
 1242  00001d70  8fc1fff4	lw	r1,-12(r30)
 1243  00001d74  8fc20008	lw	r2,8(r30)
 1244  00001d78  00220828	seq	r1,r1,r2
 1245  00001d7c  10200018	beqz	r1,L32_LF2
 1246  00001d80  54000000	nop; delay slot nop
 1247  00001d84  20010000	addi	r1,r0,#0
 1248  00001d88  08000054	j	L24_LF2
 1249  00001d8c  54000000	nop; delay slot nop
 1250  00001d90  0800004c	j	L33_LF2
 1251  00001d94  54000000	nop; delay slot nop
 1252  00001d98          	L32_LF2:
 1253  00001d98  8fc20000	lw	r2,(r30)
 1254  00001d9c  90410000	lbu	r1,(r2)
 1255  00001da0  8fc20004	lw	r2,4(r30)
 1256  00001da4  90430000	lbu	r3,(r2)
 1257  00001da8  00230822	sub	r1,r1,r3
 1258  00001dac  74220000	sgei	r2,r1,#0
 1259  00001db0  10400020	beqz	r2,L34_LF2
 1260  00001db4  54000000	nop; delay slot nop
 1261  00001db8  8fc10000	lw	r1,(r30)
 1262  00001dbc  8fc20004	lw	r2,4(r30)
 1263  00001dc0  90210000	lbu	r1,(r1)
 1264  00001dc4  90420000	lbu	r2,(r2)
 1265  00001dc8  00220829	sne	r1,r1,r2
 1266  00001dcc  08000008	j	L35_LF2
 1267  00001dd0  54000000	nop; delay slot nop
 1268  00001dd4          	L34_LF2:
 1269  00001dd4  2001ffff	addi	r1,r0,#-1
 1270  00001dd8          	L35_LF2:
 1271  00001dd8  08000004	j	L24_LF2
 1272  00001ddc  54000000	nop; delay slot nop
 1273  00001de0          	L33_LF2:
 1274  00001de0          	L24_LF2:
 1275  00001de0  8fa20000	lw	r2,0(r29)
 1276  00001de4  8fa30004	lw	r3,4(r29)
 1277  00001de8  8fdffff8	lw	r31,-8(r30)
 1278  00001dec  001ee820	add	r29,r0,r30
 1279  00001df0  8fdefffc	lw	r30,-4(r30)
 1280  00001df4  4be00000	jr	r31
 1281  00001df8  54000000	nop
 1282  00001dfc          	.endproc _dstrncmp
 1283  00001dfc          	.align 2
 1284  00001dfc          	.proc _dstrlen
 1285  00001dfc          	.global _dstrlen
 1286  00001dfc          	_dstrlen:
 1287                      ;  Function 'dstrlen'; 8 bytes of locals, 1 regs to save.
 1288  00001dfc  afbefffc	sw	-4(r29),r30; push fp
 1289  00001e00  001df020	add	r30,r0,r29; fp = sp
 1290  00001e04  afbffff8	sw	-8(r29),r31; push ret addr
 1291  00001e08  2fbd0018	subui	r29,r29,#24; alloc local storage
 1292  00001e0c  afa20000	sw	0(r29),r2
 1293  00001e10  20010000	addi	r1,r0,#0
 1294  00001e14  afc1fff4	sw	-12(r30),r1
 1295  00001e18          	L37_LF2:
 1296  00001e18  8fc10000	lw	r1,(r30)
 1297  00001e1c  20220001	addi	r2,r1,#1
 1298  00001e20  afc20000	sw	(r30),r2
 1299  00001e24  90210000	lbu	r1,(r1)
 1300  00001e28  64220000	snei	r2,r1,#0
 1301  00001e2c  1440000c	bnez	r2,L39_LF2
 1302  00001e30  54000000	nop; delay slot nop
 1303  00001e34  0800001c	j	L38_LF2
 1304  00001e38  54000000	nop; delay slot nop
 1305  00001e3c          	L39_LF2:
 1306  00001e3c  8fc2fff4	lw	r2,-12(r30)
 1307  00001e40  20410001	addi	r1,r2,#1
 1308  00001e44  00011020	add	r2,r0,r1
 1309  00001e48  afc2fff4	sw	-12(r30),r2
 1310  00001e4c  0bffffc8	j	L37_LF2
 1311  00001e50  54000000	nop; delay slot nop
 1312  00001e54          	L38_LF2:
 1313  00001e54  8fc1fff4	lw	r1,-12(r30)
 1314  00001e58  08000004	j	L36_LF2
 1315  00001e5c  54000000	nop; delay slot nop
 1316  00001e60          	L36_LF2:
 1317  00001e60  8fa20000	lw	r2,0(r29)
 1318  00001e64  8fdffff8	lw	r31,-8(r30)
 1319  00001e68  001ee820	add	r29,r0,r30
 1320  00001e6c  8fdefffc	lw	r30,-4(r30)
 1321  00001e70  4be00000	jr	r31
 1322  00001e74  54000000	nop
 1323  00001e78          	.endproc _dstrlen
 1324  00001e78          	.align 2
 1325  00001e78          	.proc _dstrstr
 1326  00001e78          	.global _dstrstr
 1327  00001e78          	_dstrstr:
 1328                      ;  Function 'dstrstr'; 8 bytes of locals, 1 regs to save.
 1329  00001e78  afbefffc	sw	-4(r29),r30; push fp
 1330  00001e7c  001df020	add	r30,r0,r29; fp = sp
 1331  00001e80  afbffff8	sw	-8(r29),r31; push ret addr
 1332  00001e84  2fbd0018	subui	r29,r29,#24; alloc local storage
 1333  00001e88  afa20000	sw	0(r29),r2
 1334  00001e8c  23bdfff8	addi	r29,r29,#-8
 1335  00001e90  001d0820	add	r1,r0,r29
 1336  00001e94  8fc20004	lw	r2,4(r30)
 1337  00001e98  ac220000	sw	(r1),r2
 1338  00001e9c  0fffff5c	jal	_dstrlen
 1339  00001ea0  54000000	nop; delay slot nop
 1340  00001ea4  23bd0008	addi	r29,r29,#8
 1341  00001ea8  afc1fff4	sw	-12(r30),r1
 1342  00001eac          	L41_LF2:
 1343  00001eac  8fc10000	lw	r1,(r30)
 1344  00001eb0  90220000	lbu	r2,(r1)
 1345  00001eb4  64410000	snei	r1,r2,#0
 1346  00001eb8  1420000c	bnez	r1,L43_LF2
 1347  00001ebc  54000000	nop; delay slot nop
 1348  00001ec0  08000060	j	L42_LF2
 1349  00001ec4  54000000	nop; delay slot nop
 1350  00001ec8          	L43_LF2:
 1351  00001ec8  23bdfff0	addi	r29,r29,#-16
 1352  00001ecc  001d0820	add	r1,r0,r29
 1353  00001ed0  8fc20000	lw	r2,(r30)
 1354  00001ed4  ac220000	sw	(r1),r2
 1355  00001ed8  8fc20004	lw	r2,4(r30)
 1356  00001edc  ac220004	sw	4(r1),r2
 1357  00001ee0  8fc2fff4	lw	r2,-12(r30)
 1358  00001ee4  ac220008	sw	8(r1),r2
 1359  00001ee8  0ffffdc0	jal	_dstrncmp
 1360  00001eec  54000000	nop; delay slot nop
 1361  00001ef0  23bd0010	addi	r29,r29,#16
 1362  00001ef4  64220000	snei	r2,r1,#0
 1363  00001ef8  14400010	bnez	r2,L44_LF2
 1364  00001efc  54000000	nop; delay slot nop
 1365  00001f00  8fc10000	lw	r1,(r30)
 1366  00001f04  08000028	j	L40_LF2
 1367  00001f08  54000000	nop; delay slot nop
 1368  00001f0c          	L44_LF2:
 1369  00001f0c  8fc20000	lw	r2,(r30)
 1370  00001f10  20410001	addi	r1,r2,#1
 1371  00001f14  00011020	add	r2,r0,r1
 1372  00001f18  afc20000	sw	(r30),r2
 1373  00001f1c  0bffff8c	j	L41_LF2
 1374  00001f20  54000000	nop; delay slot nop
 1375  00001f24          	L42_LF2:
 1376  00001f24  20010000	addi	r1,r0,#0
 1377  00001f28  08000004	j	L40_LF2
 1378  00001f2c  54000000	nop; delay slot nop
 1379  00001f30          	L40_LF2:
 1380  00001f30  8fa20000	lw	r2,0(r29)
 1381  00001f34  8fdffff8	lw	r31,-8(r30)
 1382  00001f38  001ee820	add	r29,r0,r30
 1383  00001f3c  8fdefffc	lw	r30,-4(r30)
 1384  00001f40  4be00000	jr	r31
 1385  00001f44  54000000	nop
 1386  00001f48          	.endproc _dstrstr
 1387  00001f48          	.align 2
 1388  00001f48          	.proc _dmindex
 1389  00001f48          	.global _dmindex
 1390  00001f48          	_dmindex:
 1391                      ;  Function 'dmindex'; 8 bytes of locals, 1 regs to save.
 1392  00001f48  afbefffc	sw	-4(r29),r30; push fp
 1393  00001f4c  001df020	add	r30,r0,r29; fp = sp
 1394  00001f50  afbffff8	sw	-8(r29),r31; push ret addr
 1395  00001f54  2fbd0018	subui	r29,r29,#24; alloc local storage
 1396  00001f58  afa20000	sw	0(r29),r2
 1397  00001f5c  54000000	nop
 1398  00001f60          	L46_LF2:
 1399  00001f60  8fc10000	lw	r1,(r30)
 1400  00001f64  90220000	lbu	r2,(r1)
 1401  00001f68  64410000	snei	r1,r2,#0
 1402  00001f6c  1420000c	bnez	r1,L48_LF2
 1403  00001f70  54000000	nop; delay slot nop
 1404  00001f74  08000070	j	L47_LF2
 1405  00001f78  54000000	nop; delay slot nop
 1406  00001f7c          	L48_LF2:
 1407  00001f7c  8fc10004	lw	r1,4(r30)
 1408  00001f80  afc1fff4	sw	-12(r30),r1
 1409  00001f84          	L49_LF2:
 1410  00001f84  8fc1fff4	lw	r1,-12(r30)
 1411  00001f88  90220000	lbu	r2,(r1)
 1412  00001f8c  64410000	snei	r1,r2,#0
 1413  00001f90  1420000c	bnez	r1,L52_LF2
 1414  00001f94  54000000	nop; delay slot nop
 1415  00001f98  08000044	j	L50_LF2
 1416  00001f9c  54000000	nop; delay slot nop
 1417  00001fa0          	L52_LF2:
 1418  00001fa0  8fc10000	lw	r1,(r30)
 1419  00001fa4  8fc2fff4	lw	r2,-12(r30)
 1420  00001fa8  90210000	lbu	r1,(r1)
 1421  00001fac  90420000	lbu	r2,(r2)
 1422  00001fb0  00220828	seq	r1,r1,r2
 1423  00001fb4  10200010	beqz	r1,L51_LF2
 1424  00001fb8  54000000	nop; delay slot nop
 1425  00001fbc  8fc10000	lw	r1,(r30)
 1426  00001fc0  08000030	j	L45_LF2
 1427  00001fc4  54000000	nop; delay slot nop
 1428  00001fc8          	L53_LF2:
 1429  00001fc8          	L51_LF2:
 1430  00001fc8  8fc2fff4	lw	r2,-12(r30)
 1431  00001fcc  20410001	addi	r1,r2,#1
 1432  00001fd0  00011020	add	r2,r0,r1
 1433  00001fd4  afc2fff4	sw	-12(r30),r2
 1434  00001fd8  0bffffa8	j	L49_LF2
 1435  00001fdc  54000000	nop; delay slot nop
 1436  00001fe0          	L50_LF2:
 1437  00001fe0  0bffff7c	j	L46_LF2
 1438  00001fe4  54000000	nop; delay slot nop
 1439  00001fe8          	L47_LF2:
 1440  00001fe8  20010000	addi	r1,r0,#0
 1441  00001fec  08000004	j	L45_LF2
 1442  00001ff0  54000000	nop; delay slot nop
 1443  00001ff4          	L45_LF2:
 1444  00001ff4  8fa20000	lw	r2,0(r29)
 1445  00001ff8  8fdffff8	lw	r31,-8(r30)
 1446  00001ffc  001ee820	add	r29,r0,r30
 1447  00002000  8fdefffc	lw	r30,-4(r30)
 1448  00002004  4be00000	jr	r31
 1449  00002008  54000000	nop
 1450  0000200c          	.endproc _dmindex
 1451  0000200c          	.align 2
 1452  0000200c          	.proc _dindex
 1453  0000200c          	.global _dindex
 1454  0000200c          	_dindex:
 1455                      ;  Function 'dindex'; 0 bytes of locals, 1 regs to save.
 1456  0000200c  afbefffc	sw	-4(r29),r30; push fp
 1457  00002010  001df020	add	r30,r0,r29; fp = sp
 1458  00002014  afbffff8	sw	-8(r29),r31; push ret addr
 1459  00002018  2fbd0010	subui	r29,r29,#16; alloc local storage
 1460  0000201c  afa20000	sw	0(r29),r2
 1461  00002020  54000000	nop
 1462  00002024          	L55_LF2:
 1463  00002024  8fc10000	lw	r1,(r30)
 1464  00002028  90220000	lbu	r2,(r1)
 1465  0000202c  64410000	snei	r1,r2,#0
 1466  00002030  1420000c	bnez	r1,L57_LF2
 1467  00002034  54000000	nop; delay slot nop
 1468  00002038  08000040	j	L56_LF2
 1469  0000203c  54000000	nop; delay slot nop
 1470  00002040          	L57_LF2:
 1471  00002040  8fc10000	lw	r1,(r30)
 1472  00002044  90220000	lbu	r2,(r1)
 1473  00002048  8fc10004	lw	r1,4(r30)
 1474  0000204c  00411028	seq	r2,r2,r1
 1475  00002050  10400010	beqz	r2,L58_LF2
 1476  00002054  54000000	nop; delay slot nop
 1477  00002058  8fc10000	lw	r1,(r30)
 1478  0000205c  08000028	j	L54_LF2
 1479  00002060  54000000	nop; delay slot nop
 1480  00002064          	L58_LF2:
 1481  00002064  8fc20000	lw	r2,(r30)
 1482  00002068  20410001	addi	r1,r2,#1
 1483  0000206c  00011020	add	r2,r0,r1
 1484  00002070  afc20000	sw	(r30),r2
 1485  00002074  0bffffac	j	L55_LF2
 1486  00002078  54000000	nop; delay slot nop
 1487  0000207c          	L56_LF2:
 1488  0000207c  20010000	addi	r1,r0,#0
 1489  00002080  08000004	j	L54_LF2
 1490  00002084  54000000	nop; delay slot nop
 1491  00002088          	L54_LF2:
 1492  00002088  8fa20000	lw	r2,0(r29)
 1493  0000208c  8fdffff8	lw	r31,-8(r30)
 1494  00002090  001ee820	add	r29,r0,r30
 1495  00002094  8fdefffc	lw	r30,-4(r30)
 1496  00002098  4be00000	jr	r31
 1497  0000209c  54000000	nop
 1498  000020a0          	.endproc _dindex
 1499  000020a0          	.align 2
 1500  000020a0          	.proc _ditoa
 1501  000020a0          	.global _ditoa
 1502  000020a0          	_ditoa:
 1503                      ;  Function 'ditoa'; 8 bytes of locals, 2 regs to save.
 1504  000020a0  afbefffc	sw	-4(r29),r30; push fp
 1505  000020a4  001df020	add	r30,r0,r29; fp = sp
 1506  000020a8  afbffff8	sw	-8(r29),r31; push ret addr
 1507  000020ac  2fbd0018	subui	r29,r29,#24; alloc local storage
 1508  000020b0  afa20000	sw	0(r29),r2
 1509  000020b4  afa30004	sw	4(r29),r3
 1510  000020b8  8fc10000	lw	r1,(r30)
 1511  000020bc  68220000	slti	r2,r1,#0
 1512  000020c0  1040002c	beqz	r2,L60_LF2
 1513  000020c4  54000000	nop; delay slot nop
 1514  000020c8  8fc10004	lw	r1,4(r30)
 1515  000020cc  20220001	addi	r2,r1,#1
 1516  000020d0  afc20004	sw	4(r30),r2
 1517  000020d4  2002002d	addi	r2,r0,(#0x2d)&0xff
 1518  000020d8  a0220000	sb	(r1),r2
 1519  000020dc  8fc10000	lw	r1,(r30)
 1520  000020e0  00011022	sub	r2,r0,r1
 1521  000020e4  afc20000	sw	(r30),r2
 1522  000020e8  08000118	j	L61_LF2
 1523  000020ec  54000000	nop; delay slot nop
 1524  000020f0          	L60_LF2:
 1525  000020f0  8fc10000	lw	r1,(r30)
 1526  000020f4  64220000	snei	r2,r1,#0
 1527  000020f8  14400020	bnez	r2,L62_LF2
 1528  000020fc  54000000	nop; delay slot nop
 1529  00002100  8fc10004	lw	r1,4(r30)
 1530  00002104  20220001	addi	r2,r1,#1
 1531  00002108  afc20004	sw	4(r30),r2
 1532  0000210c  20020030	addi	r2,r0,(#0x30)&0xff
 1533  00002110  a0220000	sb	(r1),r2
 1534  00002114  080000ec	j	L61_LF2
 1535  00002118  54000000	nop; delay slot nop
 1536  0000211c          	L62_LF2:
 1537  0000211c  20010001	addi	r1,r0,#1
 1538  00002120  afc1fff4	sw	-12(r30),r1
 1539  00002124          	L64_LF2:
 1540  00002124  8fc1fff4	lw	r1,-12(r30)
 1541  00002128  8fc20000	lw	r2,(r30)
 1542  0000212c  0022082c	sle	r1,r1,r2
 1543  00002130  1420000c	bnez	r1,L66_LF2
 1544  00002134  54000000	nop; delay slot nop
 1545  00002138  08000024	j	L65_LF2
 1546  0000213c  54000000	nop; delay slot nop
 1547  00002140          	L67_LF2:
 1548  00002140          	L66_LF2:
 1549  00002140  8fc1fff4	lw	r1,-12(r30)
 1550  00002144  00011820	add	r3,r0,r1
 1551  00002148  50620002	slli	r2,r3,#0x2
 1552  0000214c  00411020	add	r2,r2,r1
 1553  00002150  50410001	slli	r1,r2,#0x1
 1554  00002154  afc1fff4	sw	-12(r30),r1
 1555  00002158  0bffffc8	j	L64_LF2
 1556  0000215c  54000000	nop; delay slot nop
 1557  00002160          	L65_LF2:
 1558  00002160  54000000	nop
 1559  00002164          	L68_LF2:
 1560  00002164  8fc1fff4	lw	r1,-12(r30)
 1561  00002168  2002000a	addi	r2,r0,#10
 1562  0000216c  00200035	movi2fp	f0,r1
 1563  00002170  00400835	movi2fp	f1,r2
 1564  00002174  0401000f	div	f0,f0,f1
 1565  00002178  00000834	movfp2i	r1,f0
 1566  0000217c  afc1fff4	sw	-12(r30),r1
 1567  00002180  8fc10004	lw	r1,4(r30)
 1568  00002184  20220001	addi	r2,r1,#1
 1569  00002188  afc20004	sw	4(r30),r2
 1570  0000218c  8fc20000	lw	r2,(r30)
 1571  00002190  8fc3fff4	lw	r3,-12(r30)
 1572  00002194  00400035	movi2fp	f0,r2
 1573  00002198  00600835	movi2fp	f1,r3
 1574  0000219c  0401000f	div	f0,f0,f1
 1575  000021a0  00001034	movfp2i	r2,f0
 1576  000021a4  00021820	add	r3,r0,r2
 1577  000021a8  20620030	addi	r2,r3,#48
 1578  000021ac  a0220000	sb	(r1),r2
 1579  000021b0  8fc10000	lw	r1,(r30)
 1580  000021b4  8fc3fff4	lw	r3,-12(r30)
 1581  000021b8  00200035	movi2fp	f0,r1
 1582  000021bc  00600835	movi2fp	f1,r3
 1583  000021c0  0401000f	div	f0,f0,f1
 1584  000021c4  00001034	movfp2i	r2,f0
 1585  000021c8  8fc3fff4	lw	r3,-12(r30)
 1586  000021cc  00400035	movi2fp	f0,r2
 1587  000021d0  00600835	movi2fp	f1,r3
 1588  000021d4  0401000e	mult	f0,f0,f1
 1589  000021d8  00001034	movfp2i	r2,f0
 1590  000021dc  00220822	sub	r1,r1,r2
 1591  000021e0  afc10000	sw	(r30),r1
 1592  000021e4          	L70_LF2:
 1593  000021e4  8fc1fff4	lw	r1,-12(r30)
 1594  000021e8  6c220001	sgti	r2,r1,#1
 1595  000021ec  1440000c	bnez	r2,L71_LF2
 1596  000021f0  54000000	nop; delay slot nop
 1597  000021f4  0800000c	j	L61_LF2
 1598  000021f8  54000000	nop; delay slot nop
 1599  000021fc          	L71_LF2:
 1600  000021fc  0bffff64	j	L68_LF2
 1601  00002200  54000000	nop; delay slot nop
 1602  00002204          	L69_LF2:
 1603  00002204          	L63_LF2:
 1604  00002204          	L61_LF2:
 1605  00002204  8fc10004	lw	r1,4(r30)
 1606  00002208  20020000	addi	r2,r0,(#0x0)&0xff
 1607  0000220c  a0220000	sb	(r1),r2
 1608  00002210          	L59_LF2:
 1609  00002210  8fa20000	lw	r2,0(r29)
 1610  00002214  8fa30004	lw	r3,4(r29)
 1611  00002218  8fdffff8	lw	r31,-8(r30)
 1612  0000221c  001ee820	add	r29,r0,r30
 1613  00002220  8fdefffc	lw	r30,-4(r30)
 1614  00002224  4be00000	jr	r31
 1615  00002228  54000000	nop
 1616  0000222c          	.endproc _ditoa
 1617  0000222c          	.align 2
 1618  0000222c          	.proc _dstrtol
 1619  0000222c          	.global _dstrtol
 1620  0000222c          	_dstrtol:
 1621                      ;  Function 'dstrtol'; 16 bytes of locals, 1 regs to save.
 1622  0000222c  afbefffc	sw	-4(r29),r30; push fp
 1623  00002230  001df020	add	r30,r0,r29; fp = sp
 1624  00002234  afbffff8	sw	-8(r29),r31; push ret addr
 1625  00002238  2fbd0020	subui	r29,r29,#32; alloc local storage
 1626  0000223c  afa20000	sw	0(r29),r2
 1627  00002240  20010000	addi	r1,r0,#0
 1628  00002244  afc1fff4	sw	-12(r30),r1
 1629  00002248          	L73_LF2:
 1630  00002248  8fc10000	lw	r1,(r30)
 1631  0000224c  90220000	lbu	r2,(r1)
 1632  00002250  60410020	seqi	r1,r2,#32
 1633  00002254  14200034	bnez	r1,L75_LF2
 1634  00002258  54000000	nop; delay slot nop
 1635  0000225c  8fc10000	lw	r1,(r30)
 1636  00002260  90220000	lbu	r2,(r1)
 1637  00002264  60410009	seqi	r1,r2,#9
 1638  00002268  14200020	bnez	r1,L75_LF2
 1639  0000226c  54000000	nop; delay slot nop
 1640  00002270  8fc10000	lw	r1,(r30)
 1641  00002274  90220000	lbu	r2,(r1)
 1642  00002278  6041000a	seqi	r1,r2,#10
 1643  0000227c  1420000c	bnez	r1,L75_LF2
 1644  00002280  54000000	nop; delay slot nop
 1645  00002284  0800001c	j	L74_LF2
 1646  00002288  54000000	nop; delay slot nop
 1647  0000228c          	L75_LF2:
 1648  0000228c  8fc20000	lw	r2,(r30)
 1649  00002290  20410001	addi	r1,r2,#1
 1650  00002294  00011020	add	r2,r0,r1
 1651  00002298  afc20000	sw	(r30),r2
 1652  0000229c  0bffffa8	j	L73_LF2
 1653  000022a0  54000000	nop; delay slot nop
 1654  000022a4          	L74_LF2:
 1655  000022a4  8fc10004	lw	r1,4(r30)
 1656  000022a8  64220000	snei	r2,r1,#0
 1657  000022ac  10400010	beqz	r2,L76_LF2
 1658  000022b0  54000000	nop; delay slot nop
 1659  000022b4  8fc10004	lw	r1,4(r30)
 1660  000022b8  8fc20000	lw	r2,(r30)
 1661  000022bc  ac220000	sw	(r1),r2
 1662  000022c0          	L76_LF2:
 1663  000022c0  8fc10000	lw	r1,(r30)
 1664  000022c4  90220000	lbu	r2,(r1)
 1665  000022c8  64410000	snei	r1,r2,#0
 1666  000022cc  14200010	bnez	r1,L77_LF2
 1667  000022d0  54000000	nop; delay slot nop
 1668  000022d4  8fc1fff4	lw	r1,-12(r30)
 1669  000022d8  08000294	j	L72_LF2
 1670  000022dc  54000000	nop; delay slot nop
 1671  000022e0          	L77_LF2:
 1672  000022e0  8fc10000	lw	r1,(r30)
 1673  000022e4  90220000	lbu	r2,(r1)
 1674  000022e8  6041002d	seqi	r1,r2,#45
 1675  000022ec  10200024	beqz	r1,L78_LF2
 1676  000022f0  54000000	nop; delay slot nop
 1677  000022f4  2001ffff	addi	r1,r0,#-1
 1678  000022f8  afc1ffec	sw	-20(r30),r1
 1679  000022fc  8fc20000	lw	r2,(r30)
 1680  00002300  20410001	addi	r1,r2,#1
 1681  00002304  00011020	add	r2,r0,r1
 1682  00002308  afc20000	sw	(r30),r2
 1683  0000230c  0800000c	j	L79_LF2
 1684  00002310  54000000	nop; delay slot nop
 1685  00002314          	L78_LF2:
 1686  00002314  20010001	addi	r1,r0,#1
 1687  00002318  afc1ffec	sw	-20(r30),r1
 1688  0000231c          	L79_LF2:
 1689  0000231c  8fc10008	lw	r1,8(r30)
 1690  00002320  64220000	snei	r2,r1,#0
 1691  00002324  14400090	bnez	r2,L80_LF2
 1692  00002328  54000000	nop; delay slot nop
 1693  0000232c  8fc10000	lw	r1,(r30)
 1694  00002330  90220000	lbu	r2,(r1)
 1695  00002334  60410030	seqi	r1,r2,#48
 1696  00002338  10200074	beqz	r1,L81_LF2
 1697  0000233c  54000000	nop; delay slot nop
 1698  00002340  8fc20000	lw	r2,(r30)
 1699  00002344  20410001	addi	r1,r2,#1
 1700  00002348  00011020	add	r2,r0,r1
 1701  0000234c  afc20000	sw	(r30),r2
 1702  00002350  8fc10000	lw	r1,(r30)
 1703  00002354  90220000	lbu	r2,(r1)
 1704  00002358  60410078	seqi	r1,r2,#120
 1705  0000235c  14200020	bnez	r1,L83_LF2
 1706  00002360  54000000	nop; delay slot nop
 1707  00002364  8fc10000	lw	r1,(r30)
 1708  00002368  90220000	lbu	r2,(r1)
 1709  0000236c  60410058	seqi	r1,r2,#88
 1710  00002370  1420000c	bnez	r1,L83_LF2
 1711  00002374  54000000	nop; delay slot nop
 1712  00002378  08000024	j	L82_LF2
 1713  0000237c  54000000	nop; delay slot nop
 1714  00002380          	L83_LF2:
 1715  00002380  20010010	addi	r1,r0,#16
 1716  00002384  afc10008	sw	8(r30),r1
 1717  00002388  8fc20000	lw	r2,(r30)
 1718  0000238c  20410001	addi	r1,r2,#1
 1719  00002390  00011020	add	r2,r0,r1
 1720  00002394  afc20000	sw	(r30),r2
 1721  00002398  0800000c	j	L84_LF2
 1722  0000239c  54000000	nop; delay slot nop
 1723  000023a0          	L82_LF2:
 1724  000023a0  20010008	addi	r1,r0,#8
 1725  000023a4  afc10008	sw	8(r30),r1
 1726  000023a8          	L84_LF2:
 1727  000023a8  0800000c	j	L80_LF2
 1728  000023ac  54000000	nop; delay slot nop
 1729  000023b0          	L81_LF2:
 1730  000023b0  2001000a	addi	r1,r0,#10
 1731  000023b4  afc10008	sw	8(r30),r1
 1732  000023b8          	L85_LF2:
 1733  000023b8          	L80_LF2:
 1734  000023b8  8fc10008	lw	r1,8(r30)
 1735  000023bc  70220000	slei	r2,r1,#0
 1736  000023c0  1440001c	bnez	r2,L87_LF2
 1737  000023c4  54000000	nop; delay slot nop
 1738  000023c8  8fc10008	lw	r1,8(r30)
 1739  000023cc  6c220010	sgti	r2,r1,#16
 1740  000023d0  1440000c	bnez	r2,L87_LF2
 1741  000023d4  54000000	nop; delay slot nop
 1742  000023d8  08000010	j	L86_LF2
 1743  000023dc  54000000	nop; delay slot nop
 1744  000023e0          	L87_LF2:
 1745  000023e0  8fc1fff4	lw	r1,-12(r30)
 1746  000023e4  08000188	j	L72_LF2
 1747  000023e8  54000000	nop; delay slot nop
 1748  000023ec          	L86_LF2:
 1749  000023ec  54000000	nop
 1750  000023f0          	L88_LF2:
 1751  000023f0  8fc10000	lw	r1,(r30)
 1752  000023f4  90220000	lbu	r2,(r1)
 1753  000023f8  6c41002f	sgtui	r1,r2,#47
 1754  000023fc  10200030	beqz	r1,L91_LF2
 1755  00002400  54000000	nop; delay slot nop
 1756  00002404  8fc10000	lw	r1,(r30)
 1757  00002408  90220000	lbu	r2,(r1)
 1758  0000240c  70410039	sleui	r1,r2,#57
 1759  00002410  1020001c	beqz	r1,L91_LF2
 1760  00002414  54000000	nop; delay slot nop
 1761  00002418  8fc10000	lw	r1,(r30)
 1762  0000241c  90220000	lbu	r2,(r1)
 1763  00002420  2041ffd0	addi	r1,r2,#-48
 1764  00002424  afc1fff0	sw	-16(r30),r1
 1765  00002428  0800008c	j	L92_LF2
 1766  0000242c  54000000	nop; delay slot nop
 1767  00002430          	L91_LF2:
 1768  00002430  8fc10000	lw	r1,(r30)
 1769  00002434  90220000	lbu	r2,(r1)
 1770  00002438  6c410060	sgtui	r1,r2,#96
 1771  0000243c  10200030	beqz	r1,L93_LF2
 1772  00002440  54000000	nop; delay slot nop
 1773  00002444  8fc10000	lw	r1,(r30)
 1774  00002448  90220000	lbu	r2,(r1)
 1775  0000244c  7041007a	sleui	r1,r2,#122
 1776  00002450  1020001c	beqz	r1,L93_LF2
 1777  00002454  54000000	nop; delay slot nop
 1778  00002458  8fc10000	lw	r1,(r30)
 1779  0000245c  90220000	lbu	r2,(r1)
 1780  00002460  2041ffa9	addi	r1,r2,#-87
 1781  00002464  afc1fff0	sw	-16(r30),r1
 1782  00002468  0800004c	j	L92_LF2
 1783  0000246c  54000000	nop; delay slot nop
 1784  00002470          	L93_LF2:
 1785  00002470  8fc10000	lw	r1,(r30)
 1786  00002474  90220000	lbu	r2,(r1)
 1787  00002478  6c410040	sgtui	r1,r2,#64
 1788  0000247c  10200030	beqz	r1,L95_LF2
 1789  00002480  54000000	nop; delay slot nop
 1790  00002484  8fc10000	lw	r1,(r30)
 1791  00002488  90220000	lbu	r2,(r1)
 1792  0000248c  7041005a	sleui	r1,r2,#90
 1793  00002490  1020001c	beqz	r1,L95_LF2
 1794  00002494  54000000	nop; delay slot nop
 1795  00002498  8fc10000	lw	r1,(r30)
 1796  0000249c  90220000	lbu	r2,(r1)
 1797  000024a0  2041ffc9	addi	r1,r2,#-55
 1798  000024a4  afc1fff0	sw	-16(r30),r1
 1799  000024a8  0800000c	j	L92_LF2
 1800  000024ac  54000000	nop; delay slot nop
 1801  000024b0          	L95_LF2:
 1802  000024b0  200103e8	addi	r1,r0,#1000
 1803  000024b4  afc1fff0	sw	-16(r30),r1
 1804  000024b8          	L96_LF2:
 1805  000024b8          	L94_LF2:
 1806  000024b8          	L92_LF2:
 1807  000024b8  8fc1fff0	lw	r1,-16(r30)
 1808  000024bc  8fc20008	lw	r2,8(r30)
 1809  000024c0  0022082a	slt	r1,r1,r2
 1810  000024c4  10200040	beqz	r1,L90_LF2
 1811  000024c8  54000000	nop; delay slot nop
 1812  000024cc  8fc1fff4	lw	r1,-12(r30)
 1813  000024d0  8fc20008	lw	r2,8(r30)
 1814  000024d4  00200035	movi2fp	f0,r1
 1815  000024d8  00400835	movi2fp	f1,r2
 1816  000024dc  0401000e	mult	f0,f0,f1
 1817  000024e0  00000834	movfp2i	r1,f0
 1818  000024e4  afc1fff4	sw	-12(r30),r1
 1819  000024e8  8fc1fff4	lw	r1,-12(r30)
 1820  000024ec  8fc2fff0	lw	r2,-16(r30)
 1821  000024f0  00220820	add	r1,r1,r2
 1822  000024f4  afc1fff4	sw	-12(r30),r1
 1823  000024f8  8fc20000	lw	r2,(r30)
 1824  000024fc  20410001	addi	r1,r2,#1
 1825  00002500  00011020	add	r2,r0,r1
 1826  00002504  afc20000	sw	(r30),r2
 1827  00002508          	L97_LF2:
 1828  00002508          	L90_LF2:
 1829  00002508  8fc1fff0	lw	r1,-16(r30)
 1830  0000250c  8fc20008	lw	r2,8(r30)
 1831  00002510  0022082a	slt	r1,r1,r2
 1832  00002514  1420000c	bnez	r1,L98_LF2
 1833  00002518  54000000	nop; delay slot nop
 1834  0000251c  0800000c	j	L89_LF2
 1835  00002520  54000000	nop; delay slot nop
 1836  00002524          	L98_LF2:
 1837  00002524  0bfffec8	j	L88_LF2
 1838  00002528  54000000	nop; delay slot nop
 1839  0000252c          	L89_LF2:
 1840  0000252c  8fc10004	lw	r1,4(r30)
 1841  00002530  64220000	snei	r2,r1,#0
 1842  00002534  10400010	beqz	r2,L99_LF2
 1843  00002538  54000000	nop; delay slot nop
 1844  0000253c  8fc10004	lw	r1,4(r30)
 1845  00002540  8fc20000	lw	r2,(r30)
 1846  00002544  ac220000	sw	(r1),r2
 1847  00002548          	L99_LF2:
 1848  00002548  8fc1fff4	lw	r1,-12(r30)
 1849  0000254c  8fc2ffec	lw	r2,-20(r30)
 1850  00002550  00200035	movi2fp	f0,r1
 1851  00002554  00400835	movi2fp	f1,r2
 1852  00002558  0401000e	mult	f0,f0,f1
 1853  0000255c  00000834	movfp2i	r1,f0
 1854  00002560  afc1fff4	sw	-12(r30),r1
 1855  00002564  8fc1fff4	lw	r1,-12(r30)
 1856  00002568  08000004	j	L72_LF2
 1857  0000256c  54000000	nop; delay slot nop
 1858  00002570          	L72_LF2:
 1859  00002570  8fa20000	lw	r2,0(r29)
 1860  00002574  8fdffff8	lw	r31,-8(r30)
 1861  00002578  001ee820	add	r29,r0,r30
 1862  0000257c  8fdefffc	lw	r30,-4(r30)
 1863  00002580  4be00000	jr	r31
 1864  00002584  54000000	nop
 1865  00002588          	.endproc _dstrtol
 1866  00002588          	.align 2
 1867  00002588          	.proc _bcopy
 1868  00002588          	.global _bcopy
 1869  00002588          	_bcopy:
 1870                      ;  Function 'bcopy'; 0 bytes of locals, 2 regs to save.
 1871  00002588  afbefffc	sw	-4(r29),r30; push fp
 1872  0000258c  001df020	add	r30,r0,r29; fp = sp
 1873  00002590  afbffff8	sw	-8(r29),r31; push ret addr
 1874  00002594  2fbd0010	subui	r29,r29,#16; alloc local storage
 1875  00002598  afa20000	sw	0(r29),r2
 1876  0000259c  afa30004	sw	4(r29),r3
 1877  000025a0  54000000	nop
 1878  000025a4          	L101_LF2:
 1879  000025a4  8fc10008	lw	r1,8(r30)
 1880  000025a8  2022ffff	addi	r2,r1,#-1
 1881  000025ac  afc20008	sw	8(r30),r2
 1882  000025b0  6c210000	sgti	r1,r1,#0
 1883  000025b4  1420000c	bnez	r1,L103_LF2
 1884  000025b8  54000000	nop; delay slot nop
 1885  000025bc  0800002c	j	L102_LF2
 1886  000025c0  54000000	nop; delay slot nop
 1887  000025c4          	L103_LF2:
 1888  000025c4  8fc10004	lw	r1,4(r30)
 1889  000025c8  20220001	addi	r2,r1,#1
 1890  000025cc  afc20004	sw	4(r30),r2
 1891  000025d0  8fc20000	lw	r2,(r30)
 1892  000025d4  20430001	addi	r3,r2,#1
 1893  000025d8  afc30000	sw	(r30),r3
 1894  000025dc  80420000	lb	r2,(r2)
 1895  000025e0  a0220000	sb	(r1),r2
 1896  000025e4  0bffffbc	j	L101_LF2
 1897  000025e8  54000000	nop; delay slot nop
 1898  000025ec          	L102_LF2:
 1899  000025ec          	L100_LF2:
 1900  000025ec  8fa20000	lw	r2,0(r29)
 1901  000025f0  8fa30004	lw	r3,4(r29)
 1902  000025f4  8fdffff8	lw	r31,-8(r30)
 1903  000025f8  001ee820	add	r29,r0,r30
 1904  000025fc  8fdefffc	lw	r30,-4(r30)
 1905  00002600  4be00000	jr	r31
 1906  00002604  54000000	nop
 1907  00002608          	.endproc _bcopy
 1908  00002608          	.align 2
 1909  00002608          	.proc _bzero
 1910  00002608          	.global _bzero
 1911  00002608          	_bzero:
 1912                      ;  Function 'bzero'; 0 bytes of locals, 1 regs to save.
 1913  00002608  afbefffc	sw	-4(r29),r30; push fp
 1914  0000260c  001df020	add	r30,r0,r29; fp = sp
 1915  00002610  afbffff8	sw	-8(r29),r31; push ret addr
 1916  00002614  2fbd0010	subui	r29,r29,#16; alloc local storage
 1917  00002618  afa20000	sw	0(r29),r2
 1918  0000261c  54000000	nop
 1919  00002620          	L105_LF2:
 1920  00002620  8fc10004	lw	r1,4(r30)
 1921  00002624  2022ffff	addi	r2,r1,#-1
 1922  00002628  afc20004	sw	4(r30),r2
 1923  0000262c  6c210000	sgti	r1,r1,#0
 1924  00002630  1420000c	bnez	r1,L107_LF2
 1925  00002634  54000000	nop; delay slot nop
 1926  00002638  08000020	j	L106_LF2
 1927  0000263c  54000000	nop; delay slot nop
 1928  00002640          	L107_LF2:
 1929  00002640  8fc10000	lw	r1,(r30)
 1930  00002644  20220001	addi	r2,r1,#1
 1931  00002648  afc20000	sw	(r30),r2
 1932  0000264c  20020000	addi	r2,r0,(#0x0)&0xff
 1933  00002650  a0220000	sb	(r1),r2
 1934  00002654  0bffffc8	j	L105_LF2
 1935  00002658  54000000	nop; delay slot nop
 1936  0000265c          	L106_LF2:
 1937  0000265c          	L104_LF2:
 1938  0000265c  8fa20000	lw	r2,0(r29)
 1939  00002660  8fdffff8	lw	r31,-8(r30)
 1940  00002664  001ee820	add	r29,r0,r30
 1941  00002668  8fdefffc	lw	r30,-4(r30)
 1942  0000266c  4be00000	jr	r31
 1943  00002670  54000000	nop
 1944  00002674          	.endproc _bzero
 1945  00002674          	.align 2
 1946  00002674          	.proc _min
 1947  00002674          	.global _min
 1948  00002674          	_min:
 1949                      ;  Function 'min'; 0 bytes of locals, 2 regs to save.
 1950  00002674  afbefffc	sw	-4(r29),r30; push fp
 1951  00002678  001df020	add	r30,r0,r29; fp = sp
 1952  0000267c  afbffff8	sw	-8(r29),r31; push ret addr
 1953  00002680  2fbd0010	subui	r29,r29,#16; alloc local storage
 1954  00002684  afa20000	sw	0(r29),r2
 1955  00002688  afa30004	sw	4(r29),r3
 1956  0000268c  8fc10000	lw	r1,(r30)
 1957  00002690  8fc20004	lw	r2,4(r30)
 1958  00002694  0022182c	sle	r3,r1,r2
 1959  00002698  14600008	bnez	r3,L109_LF2
 1960  0000269c  54000000	nop; delay slot nop
 1961  000026a0  8fc10004	lw	r1,4(r30)
 1962  000026a4          	L109_LF2:
 1963  000026a4  08000004	j	L108_LF2
 1964  000026a8  54000000	nop; delay slot nop
 1965  000026ac          	L108_LF2:
 1966  000026ac  8fa20000	lw	r2,0(r29)
 1967  000026b0  8fa30004	lw	r3,4(r29)
 1968  000026b4  8fdffff8	lw	r31,-8(r30)
 1969  000026b8  001ee820	add	r29,r0,r30
 1970  000026bc  8fdefffc	lw	r30,-4(r30)
 1971  000026c0  4be00000	jr	r31
 1972  000026c4  54000000	nop
 1973  000026c8          	.endproc _min
 1974  000026c8          	.align 2
 1975  000026c8          	.proc _max
 1976  000026c8          	.global _max
 1977  000026c8          	_max:
 1978                      ;  Function 'max'; 0 bytes of locals, 2 regs to save.
 1979  000026c8  afbefffc	sw	-4(r29),r30; push fp
 1980  000026cc  001df020	add	r30,r0,r29; fp = sp
 1981  000026d0  afbffff8	sw	-8(r29),r31; push ret addr
 1982  000026d4  2fbd0010	subui	r29,r29,#16; alloc local storage
 1983  000026d8  afa20000	sw	0(r29),r2
 1984  000026dc  afa30004	sw	4(r29),r3
 1985  000026e0  8fc10000	lw	r1,(r30)
 1986  000026e4  8fc20004	lw	r2,4(r30)
 1987  000026e8  0022182d	sge	r3,r1,r2
 1988  000026ec  14600008	bnez	r3,L111_LF2
 1989  000026f0  54000000	nop; delay slot nop
 1990  000026f4  8fc10004	lw	r1,4(r30)
 1991  000026f8          	L111_LF2:
 1992  000026f8  08000004	j	L110_LF2
 1993  000026fc  54000000	nop; delay slot nop
 1994  00002700          	L110_LF2:
 1995  00002700  8fa20000	lw	r2,0(r29)
 1996  00002704  8fa30004	lw	r3,4(r29)
 1997  00002708  8fdffff8	lw	r31,-8(r30)
 1998  0000270c  001ee820	add	r29,r0,r30
 1999  00002710  8fdefffc	lw	r30,-4(r30)
 2000  00002714  4be00000	jr	r31
 2001  00002718  54000000	nop
 2002  0000271c          	.endproc _max
 2003                      ;;; Ethan L. Miller, 1999.  Released to the public domain
 2004                      ;;;
 2005                      ;;; Most of the traps are called in files from libtraps.
 2008  0000271c          	.align 2
 2009  0000271c          	.proc _exit
 2010  0000271c          	.global _exit
 2011  0000271c          	_exit:
 2012  0000271c  44000300	trap	#0x300
 2013  00002720  4be00000	jr	r31
 2014  00002724  54000000	nop
 2015  00002728          	.endproc _exit
 2017                      ; for the benefit of gcc.
 2018  00002728          	.proc ___main
 2019  00002728          	.global ___main
 2020  00002728          	___main:
 2021  00002728  4be00000	jr	r31
 2022  0000272c  54000000	nop
 2023  00002730          	.endproc ___main
 2024  00002730          	.text
 2025  00002730          	.global _etext
 2026  00002730          	_etext:
 2027  00002730          	.align 3
 2028  00002730          	.data
 2029  00003542          	.global _edata
 2030  00003542          	_edata:
